[2024-02-14T02:07:24.201+0000] {taskinstance.py:1956} INFO - Dependencies all met for dep_context=non-requeueable deps ti=<TaskInstance: deverlop_model.StartJob scheduled__2024-01-01T01:45:00+00:00 [queued]>
[2024-02-14T02:07:24.216+0000] {taskinstance.py:1956} INFO - Dependencies all met for dep_context=requeueable deps ti=<TaskInstance: deverlop_model.StartJob scheduled__2024-01-01T01:45:00+00:00 [queued]>
[2024-02-14T02:07:24.217+0000] {taskinstance.py:2170} INFO - Starting attempt 1 of 1
[2024-02-14T02:07:24.237+0000] {taskinstance.py:2191} INFO - Executing <Task(BashOperator): StartJob> on 2024-01-01 01:45:00+00:00
[2024-02-14T02:07:24.248+0000] {standard_task_runner.py:60} INFO - Started process 454 to run task
[2024-02-14T02:07:24.251+0000] {standard_task_runner.py:87} INFO - Running: ['***', 'tasks', 'run', 'deverlop_model', 'StartJob', 'scheduled__2024-01-01T01:45:00+00:00', '--job-id', '47', '--raw', '--subdir', 'DAGS_FOLDER/task.py', '--cfg-path', '/tmp/tmplvwigsws']
[2024-02-14T02:07:24.254+0000] {standard_task_runner.py:88} INFO - Job 47: Subtask StartJob
[2024-02-14T02:07:24.318+0000] {task_command.py:423} INFO - Running <TaskInstance: deverlop_model.StartJob scheduled__2024-01-01T01:45:00+00:00 [running]> on host 6e2ff7d2ffd0
[2024-02-14T02:07:24.448+0000] {taskinstance.py:2480} INFO - Exporting env vars: AIRFLOW_CTX_DAG_OWNER='rtn' AIRFLOW_CTX_DAG_ID='deverlop_model' AIRFLOW_CTX_TASK_ID='StartJob' AIRFLOW_CTX_EXECUTION_DATE='2024-01-01T01:45:00+00:00' AIRFLOW_CTX_TRY_NUMBER='1' AIRFLOW_CTX_DAG_RUN_ID='scheduled__2024-01-01T01:45:00+00:00'
[2024-02-14T02:07:24.451+0000] {subprocess.py:63} INFO - Tmp dir root location: /tmp
[2024-02-14T02:07:24.456+0000] {subprocess.py:75} INFO - Running command: ['/usr/bin/bash', '-c', 'echo StartJob']
[2024-02-14T02:07:24.478+0000] {subprocess.py:86} INFO - Output:
[2024-02-14T02:07:24.480+0000] {subprocess.py:93} INFO - StartJob
[2024-02-14T02:07:24.481+0000] {subprocess.py:97} INFO - Command exited with return code 0
[2024-02-14T02:07:24.526+0000] {taskinstance.py:1138} INFO - Marking task as SUCCESS. dag_id=deverlop_model, task_id=StartJob, execution_date=20240101T014500, start_date=20240214T020724, end_date=20240214T020724
[2024-02-14T02:07:24.585+0000] {local_task_job_runner.py:234} INFO - Task exited with return code 0
[2024-02-14T02:07:24.622+0000] {taskinstance.py:3280} INFO - 1 downstream tasks scheduled from follow-on schedule check
[2024-02-14T03:56:14.938+0000] {taskinstance.py:1956} INFO - Dependencies all met for dep_context=non-requeueable deps ti=<TaskInstance: deverlop_model.StartJob scheduled__2024-01-01T01:45:00+00:00 [queued]>
[2024-02-14T03:56:14.954+0000] {taskinstance.py:1956} INFO - Dependencies all met for dep_context=requeueable deps ti=<TaskInstance: deverlop_model.StartJob scheduled__2024-01-01T01:45:00+00:00 [queued]>
[2024-02-14T03:56:14.955+0000] {taskinstance.py:2170} INFO - Starting attempt 1 of 1
[2024-02-14T03:56:14.983+0000] {taskinstance.py:2191} INFO - Executing <Task(BashOperator): StartJob> on 2024-01-01 01:45:00+00:00
[2024-02-14T03:56:14.999+0000] {standard_task_runner.py:60} INFO - Started process 3652 to run task
[2024-02-14T03:56:15.004+0000] {standard_task_runner.py:87} INFO - Running: ['***', 'tasks', 'run', 'deverlop_model', 'StartJob', 'scheduled__2024-01-01T01:45:00+00:00', '--job-id', '484', '--raw', '--subdir', 'DAGS_FOLDER/task.py', '--cfg-path', '/tmp/tmpz0agwg3j']
[2024-02-14T03:56:15.008+0000] {standard_task_runner.py:88} INFO - Job 484: Subtask StartJob
[2024-02-14T03:56:15.096+0000] {task_command.py:423} INFO - Running <TaskInstance: deverlop_model.StartJob scheduled__2024-01-01T01:45:00+00:00 [running]> on host 6e2ff7d2ffd0
[2024-02-14T03:56:15.245+0000] {taskinstance.py:2480} INFO - Exporting env vars: AIRFLOW_CTX_DAG_OWNER='***' AIRFLOW_CTX_DAG_ID='deverlop_model' AIRFLOW_CTX_TASK_ID='StartJob' AIRFLOW_CTX_EXECUTION_DATE='2024-01-01T01:45:00+00:00' AIRFLOW_CTX_TRY_NUMBER='1' AIRFLOW_CTX_DAG_RUN_ID='scheduled__2024-01-01T01:45:00+00:00'
[2024-02-14T03:56:15.249+0000] {subprocess.py:63} INFO - Tmp dir root location: /tmp
[2024-02-14T03:56:15.250+0000] {subprocess.py:75} INFO - Running command: ['/usr/bin/bash', '-c', "\n            echo StartJob && \n            if [ ! -e '/opt/***/dags/data/2024-02-14' ]; then\n                mkdir /opt/***/dags/data/2024-02-14 \n            fi && \n            if [ ! -e '/opt/***/dags/data/2024-02-14/data' ]; then\n                mkdir /opt/***/dags/data/2024-02-14/data\n            fi && \n            if [ ! -e '/opt/***/dags/data/2024-02-14/model' ]; then\n                mkdir /opt/***/dags/data/2024-02-14/model\n            fi\n        "]
[2024-02-14T03:56:15.302+0000] {subprocess.py:86} INFO - Output:
[2024-02-14T03:56:15.304+0000] {subprocess.py:93} INFO - StartJob
[2024-02-14T03:56:15.309+0000] {subprocess.py:97} INFO - Command exited with return code 0
[2024-02-14T03:56:15.354+0000] {taskinstance.py:1138} INFO - Marking task as SUCCESS. dag_id=deverlop_model, task_id=StartJob, execution_date=20240101T014500, start_date=20240214T035614, end_date=20240214T035615
[2024-02-14T03:56:15.421+0000] {local_task_job_runner.py:234} INFO - Task exited with return code 0
[2024-02-14T03:56:15.463+0000] {taskinstance.py:3280} INFO - 1 downstream tasks scheduled from follow-on schedule check
