[2024-02-13T16:45:46.978+0000] {taskinstance.py:1956} INFO - Dependencies all met for dep_context=non-requeueable deps ti=<TaskInstance: deverlop_model.Start_job scheduled__2022-01-01T00:05:00+00:00 [queued]>
[2024-02-13T16:45:46.998+0000] {taskinstance.py:1956} INFO - Dependencies all met for dep_context=requeueable deps ti=<TaskInstance: deverlop_model.Start_job scheduled__2022-01-01T00:05:00+00:00 [queued]>
[2024-02-13T16:45:46.999+0000] {taskinstance.py:2170} INFO - Starting attempt 1 of 1
[2024-02-13T16:45:47.026+0000] {taskinstance.py:2191} INFO - Executing <Task(BashOperator): Start_job> on 2022-01-01 00:05:00+00:00
[2024-02-13T16:45:47.042+0000] {standard_task_runner.py:60} INFO - Started process 591 to run task
[2024-02-13T16:45:47.064+0000] {standard_task_runner.py:87} INFO - Running: ['***', 'tasks', 'run', 'deverlop_model', 'Start_job', 'scheduled__2022-01-01T00:05:00+00:00', '--job-id', '25', '--raw', '--subdir', 'DAGS_FOLDER/task.py', '--cfg-path', '/tmp/tmp6bmlxc2q']
[2024-02-13T16:45:47.074+0000] {standard_task_runner.py:88} INFO - Job 25: Subtask Start_job
[2024-02-13T16:45:47.195+0000] {task_command.py:423} INFO - Running <TaskInstance: deverlop_model.Start_job scheduled__2022-01-01T00:05:00+00:00 [running]> on host a5e5e25b3882
[2024-02-13T16:45:47.409+0000] {taskinstance.py:2480} INFO - Exporting env vars: AIRFLOW_CTX_DAG_OWNER='rtn' AIRFLOW_CTX_DAG_ID='deverlop_model' AIRFLOW_CTX_TASK_ID='Start_job' AIRFLOW_CTX_EXECUTION_DATE='2022-01-01T00:05:00+00:00' AIRFLOW_CTX_TRY_NUMBER='1' AIRFLOW_CTX_DAG_RUN_ID='scheduled__2022-01-01T00:05:00+00:00'
[2024-02-13T16:45:47.414+0000] {subprocess.py:63} INFO - Tmp dir root location: /tmp
[2024-02-13T16:45:47.416+0000] {subprocess.py:75} INFO - Running command: ['/usr/bin/bash', '-c', 'echo START JOBS']
[2024-02-13T16:45:47.451+0000] {subprocess.py:86} INFO - Output:
[2024-02-13T16:45:47.454+0000] {subprocess.py:93} INFO - START JOBS
[2024-02-13T16:45:47.455+0000] {subprocess.py:97} INFO - Command exited with return code 0
[2024-02-13T16:45:47.510+0000] {taskinstance.py:1138} INFO - Marking task as SUCCESS. dag_id=deverlop_model, task_id=Start_job, execution_date=20220101T000500, start_date=20240213T164546, end_date=20240213T164547
[2024-02-13T16:45:47.558+0000] {local_task_job_runner.py:234} INFO - Task exited with return code 0
[2024-02-13T16:45:47.802+0000] {taskinstance.py:3280} INFO - 0 downstream tasks scheduled from follow-on schedule check
[2024-02-13T16:47:26.955+0000] {taskinstance.py:1956} INFO - Dependencies all met for dep_context=non-requeueable deps ti=<TaskInstance: deverlop_model.Start_job scheduled__2022-01-01T00:05:00+00:00 [queued]>
[2024-02-13T16:47:26.970+0000] {taskinstance.py:1956} INFO - Dependencies all met for dep_context=requeueable deps ti=<TaskInstance: deverlop_model.Start_job scheduled__2022-01-01T00:05:00+00:00 [queued]>
[2024-02-13T16:47:26.971+0000] {taskinstance.py:2170} INFO - Starting attempt 1 of 1
[2024-02-13T16:47:26.995+0000] {taskinstance.py:2191} INFO - Executing <Task(BashOperator): Start_job> on 2022-01-01 00:05:00+00:00
[2024-02-13T16:47:27.007+0000] {standard_task_runner.py:60} INFO - Started process 730 to run task
[2024-02-13T16:47:27.015+0000] {standard_task_runner.py:87} INFO - Running: ['***', 'tasks', 'run', 'deverlop_model', 'Start_job', 'scheduled__2022-01-01T00:05:00+00:00', '--job-id', '57', '--raw', '--subdir', 'DAGS_FOLDER/task.py', '--cfg-path', '/tmp/tmp83e6nj0m']
[2024-02-13T16:47:27.025+0000] {standard_task_runner.py:88} INFO - Job 57: Subtask Start_job
[2024-02-13T16:47:27.119+0000] {task_command.py:423} INFO - Running <TaskInstance: deverlop_model.Start_job scheduled__2022-01-01T00:05:00+00:00 [running]> on host a5e5e25b3882
[2024-02-13T16:47:27.309+0000] {taskinstance.py:2480} INFO - Exporting env vars: AIRFLOW_CTX_DAG_OWNER='rtn' AIRFLOW_CTX_DAG_ID='deverlop_model' AIRFLOW_CTX_TASK_ID='Start_job' AIRFLOW_CTX_EXECUTION_DATE='2022-01-01T00:05:00+00:00' AIRFLOW_CTX_TRY_NUMBER='1' AIRFLOW_CTX_DAG_RUN_ID='scheduled__2022-01-01T00:05:00+00:00'
[2024-02-13T16:47:27.315+0000] {subprocess.py:63} INFO - Tmp dir root location: /tmp
[2024-02-13T16:47:27.317+0000] {subprocess.py:75} INFO - Running command: ['/usr/bin/bash', '-c', 'echo START JOBS']
[2024-02-13T16:47:27.356+0000] {subprocess.py:86} INFO - Output:
[2024-02-13T16:47:27.359+0000] {subprocess.py:93} INFO - START JOBS
[2024-02-13T16:47:27.361+0000] {subprocess.py:97} INFO - Command exited with return code 0
[2024-02-13T16:47:27.461+0000] {taskinstance.py:1138} INFO - Marking task as SUCCESS. dag_id=deverlop_model, task_id=Start_job, execution_date=20220101T000500, start_date=20240213T164726, end_date=20240213T164727
[2024-02-13T16:47:27.522+0000] {local_task_job_runner.py:234} INFO - Task exited with return code 0
[2024-02-13T16:47:27.775+0000] {taskinstance.py:3280} INFO - 0 downstream tasks scheduled from follow-on schedule check
