[2024-02-13T15:54:10.051+0000] {taskinstance.py:1956} INFO - Dependencies all met for dep_context=non-requeueable deps ti=<TaskInstance: deverlop_model.data_sets scheduled__2024-02-13T15:52:00+00:00 [queued]>
[2024-02-13T15:54:10.058+0000] {taskinstance.py:1956} INFO - Dependencies all met for dep_context=requeueable deps ti=<TaskInstance: deverlop_model.data_sets scheduled__2024-02-13T15:52:00+00:00 [queued]>
[2024-02-13T15:54:10.059+0000] {taskinstance.py:2170} INFO - Starting attempt 1 of 1
[2024-02-13T15:54:10.070+0000] {taskinstance.py:2191} INFO - Executing <Task(DockerOperator): data_sets> on 2024-02-13 15:52:00+00:00
[2024-02-13T15:54:10.076+0000] {standard_task_runner.py:60} INFO - Started process 85 to run task
[2024-02-13T15:54:10.079+0000] {standard_task_runner.py:87} INFO - Running: ['***', 'tasks', 'run', 'deverlop_model', 'data_sets', 'scheduled__2024-02-13T15:52:00+00:00', '--job-id', '6', '--raw', '--subdir', 'DAGS_FOLDER/task.py', '--cfg-path', '/tmp/tmp9fxotyl0']
[2024-02-13T15:54:10.081+0000] {standard_task_runner.py:88} INFO - Job 6: Subtask data_sets
[2024-02-13T15:54:10.125+0000] {task_command.py:423} INFO - Running <TaskInstance: deverlop_model.data_sets scheduled__2024-02-13T15:52:00+00:00 [running]> on host 7edd0060ffcb
[2024-02-13T15:54:10.193+0000] {taskinstance.py:2480} INFO - Exporting env vars: AIRFLOW_CTX_DAG_OWNER='rtn' AIRFLOW_CTX_DAG_ID='deverlop_model' AIRFLOW_CTX_TASK_ID='data_sets' AIRFLOW_CTX_EXECUTION_DATE='2024-02-13T15:52:00+00:00' AIRFLOW_CTX_TRY_NUMBER='1' AIRFLOW_CTX_DAG_RUN_ID='scheduled__2024-02-13T15:52:00+00:00'
[2024-02-13T15:54:10.224+0000] {docker.py:486} INFO - Pulling docker image python:3.8
[2024-02-13T15:54:15.904+0000] {docker.py:500} INFO - 3.8: Pulling from library/python
[2024-02-13T15:54:17.115+0000] {docker.py:500} INFO - 7bb465c29149: Pulling fs layer
[2024-02-13T15:54:17.116+0000] {docker.py:500} INFO - 2b9b41aaa3c5: Pulling fs layer
[2024-02-13T15:54:17.116+0000] {docker.py:500} INFO - 49b40be4436e: Pulling fs layer
[2024-02-13T15:54:17.117+0000] {docker.py:500} INFO - c558fac597f8: Pulling fs layer
[2024-02-13T15:54:17.118+0000] {docker.py:500} INFO - 11402150a57e: Pulling fs layer
[2024-02-13T15:54:17.118+0000] {docker.py:500} INFO - 4532b04ec8f7: Pulling fs layer
[2024-02-13T15:54:17.119+0000] {docker.py:500} INFO - 4df0efb76c10: Pulling fs layer
[2024-02-13T15:54:17.120+0000] {docker.py:500} INFO - 951fd003e72c: Pulling fs layer
[2024-02-13T15:54:17.121+0000] {docker.py:500} INFO - 11402150a57e: Waiting
[2024-02-13T15:54:17.121+0000] {docker.py:500} INFO - 4532b04ec8f7: Waiting
[2024-02-13T15:54:17.122+0000] {docker.py:500} INFO - 4df0efb76c10: Waiting
[2024-02-13T15:54:17.122+0000] {docker.py:500} INFO - c558fac597f8: Waiting
[2024-02-13T15:54:17.123+0000] {docker.py:500} INFO - 951fd003e72c: Waiting
[2024-02-13T15:54:19.443+0000] {docker.py:500} INFO - 2b9b41aaa3c5: Downloading
[2024-02-13T15:54:20.132+0000] {docker.py:500} INFO - 7bb465c29149: Downloading
[2024-02-13T15:54:21.523+0000] {docker.py:500} INFO - 49b40be4436e: Downloading
[2024-02-13T15:55:29.807+0000] {docker.py:500} INFO - 2b9b41aaa3c5: Verifying Checksum
[2024-02-13T15:55:29.808+0000] {docker.py:500} INFO - 2b9b41aaa3c5: Download complete
[2024-02-13T15:55:36.993+0000] {docker.py:500} INFO - c558fac597f8: Downloading
[2024-02-13T15:56:35.535+0000] {docker.py:500} INFO - 49b40be4436e: Verifying Checksum
[2024-02-13T15:56:35.537+0000] {docker.py:500} INFO - 49b40be4436e: Download complete
[2024-02-13T15:56:40.234+0000] {docker.py:500} INFO - 11402150a57e: Downloading
[2024-02-13T15:56:59.908+0000] {docker.py:500} INFO - 11402150a57e: Verifying Checksum
[2024-02-13T15:56:59.909+0000] {docker.py:500} INFO - 11402150a57e: Download complete
[2024-02-13T15:57:09.461+0000] {docker.py:500} INFO - 4532b04ec8f7: Downloading
