[2024-02-14T03:32:51.554+0000] {taskinstance.py:1956} INFO - Dependencies all met for dep_context=non-requeueable deps ti=<TaskInstance: deverlop_model.StartJob scheduled__2024-02-01T00:30:00+00:00 [queued]>
[2024-02-14T03:32:51.594+0000] {taskinstance.py:1956} INFO - Dependencies all met for dep_context=requeueable deps ti=<TaskInstance: deverlop_model.StartJob scheduled__2024-02-01T00:30:00+00:00 [queued]>
[2024-02-14T03:32:51.603+0000] {taskinstance.py:2170} INFO - Starting attempt 1 of 1
[2024-02-14T03:32:51.700+0000] {taskinstance.py:2191} INFO - Executing <Task(BashOperator): StartJob> on 2024-02-01 00:30:00+00:00
[2024-02-14T03:32:51.724+0000] {standard_task_runner.py:60} INFO - Started process 2336 to run task
[2024-02-14T03:32:51.764+0000] {standard_task_runner.py:87} INFO - Running: ['***', 'tasks', 'run', 'deverlop_model', 'StartJob', 'scheduled__2024-02-01T00:30:00+00:00', '--job-id', '209', '--raw', '--subdir', 'DAGS_FOLDER/task.py', '--cfg-path', '/tmp/tmp6lnao461']
[2024-02-14T03:32:51.770+0000] {standard_task_runner.py:88} INFO - Job 209: Subtask StartJob
[2024-02-14T03:32:52.084+0000] {task_command.py:423} INFO - Running <TaskInstance: deverlop_model.StartJob scheduled__2024-02-01T00:30:00+00:00 [running]> on host 6e2ff7d2ffd0
[2024-02-14T03:32:52.362+0000] {taskinstance.py:2480} INFO - Exporting env vars: AIRFLOW_CTX_DAG_OWNER='rtn' AIRFLOW_CTX_DAG_ID='deverlop_model' AIRFLOW_CTX_TASK_ID='StartJob' AIRFLOW_CTX_EXECUTION_DATE='2024-02-01T00:30:00+00:00' AIRFLOW_CTX_TRY_NUMBER='1' AIRFLOW_CTX_DAG_RUN_ID='scheduled__2024-02-01T00:30:00+00:00'
[2024-02-14T03:32:52.370+0000] {subprocess.py:63} INFO - Tmp dir root location: /tmp
[2024-02-14T03:32:52.386+0000] {subprocess.py:75} INFO - Running command: ['/usr/bin/bash', '-c', "\n            echo StartJob && \n            if [ ! -e '/opt/***/dags/data/2024-02-14' ]; then\n                mkdir /opt/***/dags/data/2024-02-14 \n            fi && \n            if [ ! -e '/opt/***/dags/data/2024-02-14/data' ]; then\n                mkdir /opt/***/dags/data/2024-02-14/data\n            fi && \n            if [ ! -e '/opt/***/dags/data/2024-02-14/model' ]; then\n                mkdir /opt/***/dags/data/2024-02-14/model\n            fi\n        "]
[2024-02-14T03:32:52.437+0000] {subprocess.py:86} INFO - Output:
[2024-02-14T03:32:52.442+0000] {subprocess.py:93} INFO - StartJob
[2024-02-14T03:32:52.467+0000] {subprocess.py:97} INFO - Command exited with return code 0
[2024-02-14T03:32:52.600+0000] {taskinstance.py:1138} INFO - Marking task as SUCCESS. dag_id=deverlop_model, task_id=StartJob, execution_date=20240201T003000, start_date=20240214T033251, end_date=20240214T033252
[2024-02-14T03:32:52.720+0000] {local_task_job_runner.py:234} INFO - Task exited with return code 0
[2024-02-14T03:32:52.858+0000] {taskinstance.py:3280} INFO - 1 downstream tasks scheduled from follow-on schedule check
[2024-02-14T03:34:20.689+0000] {taskinstance.py:1956} INFO - Dependencies all met for dep_context=non-requeueable deps ti=<TaskInstance: deverlop_model.StartJob scheduled__2024-02-01T00:30:00+00:00 [queued]>
[2024-02-14T03:34:20.704+0000] {taskinstance.py:1956} INFO - Dependencies all met for dep_context=requeueable deps ti=<TaskInstance: deverlop_model.StartJob scheduled__2024-02-01T00:30:00+00:00 [queued]>
[2024-02-14T03:34:20.705+0000] {taskinstance.py:2170} INFO - Starting attempt 1 of 1
[2024-02-14T03:34:20.727+0000] {taskinstance.py:2191} INFO - Executing <Task(BashOperator): StartJob> on 2024-02-01 00:30:00+00:00
[2024-02-14T03:34:20.740+0000] {standard_task_runner.py:60} INFO - Started process 2436 to run task
[2024-02-14T03:34:20.753+0000] {standard_task_runner.py:87} INFO - Running: ['***', 'tasks', 'run', 'deverlop_model', 'StartJob', 'scheduled__2024-02-01T00:30:00+00:00', '--job-id', '230', '--raw', '--subdir', 'DAGS_FOLDER/task.py', '--cfg-path', '/tmp/tmpec01n_ar']
[2024-02-14T03:34:20.757+0000] {standard_task_runner.py:88} INFO - Job 230: Subtask StartJob
[2024-02-14T03:34:20.869+0000] {task_command.py:423} INFO - Running <TaskInstance: deverlop_model.StartJob scheduled__2024-02-01T00:30:00+00:00 [running]> on host 6e2ff7d2ffd0
[2024-02-14T03:34:21.050+0000] {taskinstance.py:2480} INFO - Exporting env vars: AIRFLOW_CTX_DAG_OWNER='rtn' AIRFLOW_CTX_DAG_ID='deverlop_model' AIRFLOW_CTX_TASK_ID='StartJob' AIRFLOW_CTX_EXECUTION_DATE='2024-02-01T00:30:00+00:00' AIRFLOW_CTX_TRY_NUMBER='1' AIRFLOW_CTX_DAG_RUN_ID='scheduled__2024-02-01T00:30:00+00:00'
[2024-02-14T03:34:21.056+0000] {subprocess.py:63} INFO - Tmp dir root location: /tmp
[2024-02-14T03:34:21.058+0000] {subprocess.py:75} INFO - Running command: ['/usr/bin/bash', '-c', "\n            echo StartJob && \n            if [ ! -e '/opt/***/dags/data/2024-02-14' ]; then\n                mkdir /opt/***/dags/data/2024-02-14 \n            fi && \n            if [ ! -e '/opt/***/dags/data/2024-02-14/data' ]; then\n                mkdir /opt/***/dags/data/2024-02-14/data\n            fi && \n            if [ ! -e '/opt/***/dags/data/2024-02-14/model' ]; then\n                mkdir /opt/***/dags/data/2024-02-14/model\n            fi\n        "]
[2024-02-14T03:34:21.092+0000] {subprocess.py:86} INFO - Output:
[2024-02-14T03:34:21.096+0000] {subprocess.py:93} INFO - StartJob
[2024-02-14T03:34:21.099+0000] {subprocess.py:97} INFO - Command exited with return code 0
[2024-02-14T03:34:21.149+0000] {taskinstance.py:1138} INFO - Marking task as SUCCESS. dag_id=deverlop_model, task_id=StartJob, execution_date=20240201T003000, start_date=20240214T033420, end_date=20240214T033421
[2024-02-14T03:34:21.222+0000] {local_task_job_runner.py:234} INFO - Task exited with return code 0
[2024-02-14T03:34:21.450+0000] {taskinstance.py:3280} INFO - 0 downstream tasks scheduled from follow-on schedule check
[2024-02-14T03:37:59.039+0000] {taskinstance.py:1956} INFO - Dependencies all met for dep_context=non-requeueable deps ti=<TaskInstance: deverlop_model.StartJob scheduled__2024-02-01T00:30:00+00:00 [queued]>
[2024-02-14T03:37:59.052+0000] {taskinstance.py:1956} INFO - Dependencies all met for dep_context=requeueable deps ti=<TaskInstance: deverlop_model.StartJob scheduled__2024-02-01T00:30:00+00:00 [queued]>
[2024-02-14T03:37:59.055+0000] {taskinstance.py:2170} INFO - Starting attempt 1 of 1
[2024-02-14T03:37:59.084+0000] {taskinstance.py:2191} INFO - Executing <Task(BashOperator): StartJob> on 2024-02-01 00:30:00+00:00
[2024-02-14T03:37:59.098+0000] {standard_task_runner.py:60} INFO - Started process 2762 to run task
[2024-02-14T03:37:59.120+0000] {standard_task_runner.py:87} INFO - Running: ['***', 'tasks', 'run', 'deverlop_model', 'StartJob', 'scheduled__2024-02-01T00:30:00+00:00', '--job-id', '307', '--raw', '--subdir', 'DAGS_FOLDER/task.py', '--cfg-path', '/tmp/tmpsuhz_eg6']
[2024-02-14T03:37:59.125+0000] {standard_task_runner.py:88} INFO - Job 307: Subtask StartJob
[2024-02-14T03:37:59.216+0000] {task_command.py:423} INFO - Running <TaskInstance: deverlop_model.StartJob scheduled__2024-02-01T00:30:00+00:00 [running]> on host 6e2ff7d2ffd0
[2024-02-14T03:37:59.353+0000] {taskinstance.py:2480} INFO - Exporting env vars: AIRFLOW_CTX_DAG_OWNER='rtn' AIRFLOW_CTX_DAG_ID='deverlop_model' AIRFLOW_CTX_TASK_ID='StartJob' AIRFLOW_CTX_EXECUTION_DATE='2024-02-01T00:30:00+00:00' AIRFLOW_CTX_TRY_NUMBER='1' AIRFLOW_CTX_DAG_RUN_ID='scheduled__2024-02-01T00:30:00+00:00'
[2024-02-14T03:37:59.359+0000] {subprocess.py:63} INFO - Tmp dir root location: /tmp
[2024-02-14T03:37:59.363+0000] {subprocess.py:75} INFO - Running command: ['/usr/bin/bash', '-c', "\n            echo StartJob && \n            if [ ! -e '/opt/***/dags/data/2024-02-14' ]; then\n                mkdir /opt/***/dags/data/2024-02-14 \n            fi && \n            if [ ! -e '/opt/***/dags/data/2024-02-14/data' ]; then\n                mkdir /opt/***/dags/data/2024-02-14/data\n            fi && \n            if [ ! -e '/opt/***/dags/data/2024-02-14/model' ]; then\n                mkdir /opt/***/dags/data/2024-02-14/model\n            fi\n        "]
[2024-02-14T03:37:59.414+0000] {subprocess.py:86} INFO - Output:
[2024-02-14T03:37:59.416+0000] {subprocess.py:93} INFO - StartJob
[2024-02-14T03:37:59.426+0000] {subprocess.py:97} INFO - Command exited with return code 0
[2024-02-14T03:37:59.500+0000] {taskinstance.py:1138} INFO - Marking task as SUCCESS. dag_id=deverlop_model, task_id=StartJob, execution_date=20240201T003000, start_date=20240214T033759, end_date=20240214T033759
[2024-02-14T03:37:59.610+0000] {local_task_job_runner.py:234} INFO - Task exited with return code 0
[2024-02-14T03:37:59.659+0000] {taskinstance.py:3280} INFO - 1 downstream tasks scheduled from follow-on schedule check
[2024-02-14T03:39:24.447+0000] {taskinstance.py:1956} INFO - Dependencies all met for dep_context=non-requeueable deps ti=<TaskInstance: deverlop_model.StartJob scheduled__2024-02-01T00:30:00+00:00 [queued]>
[2024-02-14T03:39:24.482+0000] {taskinstance.py:1956} INFO - Dependencies all met for dep_context=requeueable deps ti=<TaskInstance: deverlop_model.StartJob scheduled__2024-02-01T00:30:00+00:00 [queued]>
[2024-02-14T03:39:24.488+0000] {taskinstance.py:2170} INFO - Starting attempt 1 of 1
[2024-02-14T03:39:24.601+0000] {taskinstance.py:2191} INFO - Executing <Task(BashOperator): StartJob> on 2024-02-01 00:30:00+00:00
[2024-02-14T03:39:24.628+0000] {standard_task_runner.py:60} INFO - Started process 2966 to run task
[2024-02-14T03:39:24.644+0000] {standard_task_runner.py:87} INFO - Running: ['***', 'tasks', 'run', 'deverlop_model', 'StartJob', 'scheduled__2024-02-01T00:30:00+00:00', '--job-id', '360', '--raw', '--subdir', 'DAGS_FOLDER/task.py', '--cfg-path', '/tmp/tmphhpsjj5p']
[2024-02-14T03:39:24.650+0000] {standard_task_runner.py:88} INFO - Job 360: Subtask StartJob
[2024-02-14T03:39:24.749+0000] {task_command.py:423} INFO - Running <TaskInstance: deverlop_model.StartJob scheduled__2024-02-01T00:30:00+00:00 [running]> on host 6e2ff7d2ffd0
[2024-02-14T03:39:24.878+0000] {taskinstance.py:2480} INFO - Exporting env vars: AIRFLOW_CTX_DAG_OWNER='rtn' AIRFLOW_CTX_DAG_ID='deverlop_model' AIRFLOW_CTX_TASK_ID='StartJob' AIRFLOW_CTX_EXECUTION_DATE='2024-02-01T00:30:00+00:00' AIRFLOW_CTX_TRY_NUMBER='1' AIRFLOW_CTX_DAG_RUN_ID='scheduled__2024-02-01T00:30:00+00:00'
[2024-02-14T03:39:24.883+0000] {subprocess.py:63} INFO - Tmp dir root location: /tmp
[2024-02-14T03:39:24.889+0000] {subprocess.py:75} INFO - Running command: ['/usr/bin/bash', '-c', "\n            echo StartJob && \n            if [ ! -e '/opt/***/dags/data/2024-02-14' ]; then\n                mkdir /opt/***/dags/data/2024-02-14 \n            fi && \n            if [ ! -e '/opt/***/dags/data/2024-02-14/data' ]; then\n                mkdir /opt/***/dags/data/2024-02-14/data\n            fi && \n            if [ ! -e '/opt/***/dags/data/2024-02-14/model' ]; then\n                mkdir /opt/***/dags/data/2024-02-14/model\n            fi\n        "]
[2024-02-14T03:39:24.912+0000] {subprocess.py:86} INFO - Output:
[2024-02-14T03:39:24.915+0000] {subprocess.py:93} INFO - StartJob
[2024-02-14T03:39:24.925+0000] {subprocess.py:97} INFO - Command exited with return code 0
[2024-02-14T03:39:24.977+0000] {taskinstance.py:1138} INFO - Marking task as SUCCESS. dag_id=deverlop_model, task_id=StartJob, execution_date=20240201T003000, start_date=20240214T033924, end_date=20240214T033924
[2024-02-14T03:39:25.027+0000] {local_task_job_runner.py:234} INFO - Task exited with return code 0
[2024-02-14T03:39:25.076+0000] {taskinstance.py:3280} INFO - 1 downstream tasks scheduled from follow-on schedule check
[2024-02-14T04:09:30.841+0000] {taskinstance.py:1956} INFO - Dependencies all met for dep_context=non-requeueable deps ti=<TaskInstance: deverlop_model.StartJob scheduled__2024-02-01T00:30:00+00:00 [queued]>
[2024-02-14T04:09:30.857+0000] {taskinstance.py:1956} INFO - Dependencies all met for dep_context=requeueable deps ti=<TaskInstance: deverlop_model.StartJob scheduled__2024-02-01T00:30:00+00:00 [queued]>
[2024-02-14T04:09:30.858+0000] {taskinstance.py:2170} INFO - Starting attempt 1 of 1
[2024-02-14T04:09:30.882+0000] {taskinstance.py:2191} INFO - Executing <Task(BashOperator): StartJob> on 2024-02-01 00:30:00+00:00
[2024-02-14T04:09:30.906+0000] {standard_task_runner.py:60} INFO - Started process 4062 to run task
[2024-02-14T04:09:30.913+0000] {standard_task_runner.py:87} INFO - Running: ['***', 'tasks', 'run', 'deverlop_model', 'StartJob', 'scheduled__2024-02-01T00:30:00+00:00', '--job-id', '540', '--raw', '--subdir', 'DAGS_FOLDER/task.py', '--cfg-path', '/tmp/tmpf6x81_pa']
[2024-02-14T04:09:30.917+0000] {standard_task_runner.py:88} INFO - Job 540: Subtask StartJob
[2024-02-14T04:09:30.997+0000] {task_command.py:423} INFO - Running <TaskInstance: deverlop_model.StartJob scheduled__2024-02-01T00:30:00+00:00 [running]> on host 6e2ff7d2ffd0
[2024-02-14T04:09:31.127+0000] {taskinstance.py:2480} INFO - Exporting env vars: AIRFLOW_CTX_DAG_OWNER='rtn' AIRFLOW_CTX_DAG_ID='deverlop_model' AIRFLOW_CTX_TASK_ID='StartJob' AIRFLOW_CTX_EXECUTION_DATE='2024-02-01T00:30:00+00:00' AIRFLOW_CTX_TRY_NUMBER='1' AIRFLOW_CTX_DAG_RUN_ID='scheduled__2024-02-01T00:30:00+00:00'
[2024-02-14T04:09:31.132+0000] {subprocess.py:63} INFO - Tmp dir root location: /tmp
[2024-02-14T04:09:31.137+0000] {subprocess.py:75} INFO - Running command: ['/usr/bin/bash', '-c', "\n            echo StartJob && \n            if [ ! -e '/opt/***/dags/data/2024-02-14' ]; then\n                mkdir /opt/***/dags/data/2024-02-14 \n            fi && \n            if [ ! -e '/opt/***/dags/data/2024-02-14/data' ]; then\n                mkdir /opt/***/dags/data/2024-02-14/data\n            fi && \n            if [ ! -e '/opt/***/dags/data/2024-02-14/model' ]; then\n                mkdir /opt/***/dags/data/2024-02-14/model\n            fi\n        "]
[2024-02-14T04:09:31.174+0000] {subprocess.py:86} INFO - Output:
[2024-02-14T04:09:31.178+0000] {subprocess.py:93} INFO - StartJob
[2024-02-14T04:09:31.209+0000] {subprocess.py:97} INFO - Command exited with return code 0
[2024-02-14T04:09:31.313+0000] {taskinstance.py:1138} INFO - Marking task as SUCCESS. dag_id=deverlop_model, task_id=StartJob, execution_date=20240201T003000, start_date=20240214T040930, end_date=20240214T040931
[2024-02-14T04:09:31.414+0000] {local_task_job_runner.py:234} INFO - Task exited with return code 0
[2024-02-14T04:09:31.484+0000] {taskinstance.py:3280} INFO - 1 downstream tasks scheduled from follow-on schedule check
[2024-02-14T04:14:27.585+0000] {taskinstance.py:1956} INFO - Dependencies all met for dep_context=non-requeueable deps ti=<TaskInstance: deverlop_model.StartJob scheduled__2024-02-01T00:30:00+00:00 [queued]>
[2024-02-14T04:14:27.602+0000] {taskinstance.py:1956} INFO - Dependencies all met for dep_context=requeueable deps ti=<TaskInstance: deverlop_model.StartJob scheduled__2024-02-01T00:30:00+00:00 [queued]>
[2024-02-14T04:14:27.603+0000] {taskinstance.py:2170} INFO - Starting attempt 1 of 1
[2024-02-14T04:14:27.626+0000] {taskinstance.py:2191} INFO - Executing <Task(BashOperator): StartJob> on 2024-02-01 00:30:00+00:00
[2024-02-14T04:14:27.637+0000] {standard_task_runner.py:60} INFO - Started process 4224 to run task
[2024-02-14T04:14:27.642+0000] {standard_task_runner.py:87} INFO - Running: ['***', 'tasks', 'run', 'deverlop_model', 'StartJob', 'scheduled__2024-02-01T00:30:00+00:00', '--job-id', '566', '--raw', '--subdir', 'DAGS_FOLDER/task.py', '--cfg-path', '/tmp/tmpw423qc4b']
[2024-02-14T04:14:27.646+0000] {standard_task_runner.py:88} INFO - Job 566: Subtask StartJob
[2024-02-14T04:14:27.717+0000] {task_command.py:423} INFO - Running <TaskInstance: deverlop_model.StartJob scheduled__2024-02-01T00:30:00+00:00 [running]> on host 6e2ff7d2ffd0
[2024-02-14T04:14:27.825+0000] {taskinstance.py:2480} INFO - Exporting env vars: AIRFLOW_CTX_DAG_OWNER='rtn' AIRFLOW_CTX_DAG_ID='deverlop_model' AIRFLOW_CTX_TASK_ID='StartJob' AIRFLOW_CTX_EXECUTION_DATE='2024-02-01T00:30:00+00:00' AIRFLOW_CTX_TRY_NUMBER='1' AIRFLOW_CTX_DAG_RUN_ID='scheduled__2024-02-01T00:30:00+00:00'
[2024-02-14T04:14:27.828+0000] {subprocess.py:63} INFO - Tmp dir root location: /tmp
[2024-02-14T04:14:27.831+0000] {subprocess.py:75} INFO - Running command: ['/usr/bin/bash', '-c', "\n            echo StartJob && \n            if [ ! -e '/opt/***/dags/data/2024-02-14' ]; then\n                mkdir /opt/***/dags/data/2024-02-14 \n            fi && \n            if [ ! -e '/opt/***/dags/data/2024-02-14/data' ]; then\n                mkdir /opt/***/dags/data/2024-02-14/data\n            fi && \n            if [ ! -e '/opt/***/dags/data/2024-02-14/model' ]; then\n                mkdir /opt/***/dags/data/2024-02-14/model\n            fi\n        "]
[2024-02-14T04:14:27.850+0000] {subprocess.py:86} INFO - Output:
[2024-02-14T04:14:27.853+0000] {subprocess.py:93} INFO - StartJob
[2024-02-14T04:14:27.857+0000] {subprocess.py:97} INFO - Command exited with return code 0
[2024-02-14T04:14:27.887+0000] {taskinstance.py:1138} INFO - Marking task as SUCCESS. dag_id=deverlop_model, task_id=StartJob, execution_date=20240201T003000, start_date=20240214T041427, end_date=20240214T041427
[2024-02-14T04:14:27.935+0000] {local_task_job_runner.py:234} INFO - Task exited with return code 0
[2024-02-14T04:14:27.968+0000] {taskinstance.py:3280} INFO - 1 downstream tasks scheduled from follow-on schedule check
