[2024-02-13T04:10:11.480+0000] {taskinstance.py:1956} INFO - Dependencies all met for dep_context=non-requeueable deps ti=<TaskInstance: deverlop_model.data_sets manual__2024-02-13T04:10:08.591691+00:00 [queued]>
[2024-02-13T04:10:11.490+0000] {taskinstance.py:1956} INFO - Dependencies all met for dep_context=requeueable deps ti=<TaskInstance: deverlop_model.data_sets manual__2024-02-13T04:10:08.591691+00:00 [queued]>
[2024-02-13T04:10:11.491+0000] {taskinstance.py:2170} INFO - Starting attempt 1 of 1
[2024-02-13T04:10:11.505+0000] {taskinstance.py:2191} INFO - Executing <Task(DockerOperator): data_sets> on 2024-02-13 04:10:08.591691+00:00
[2024-02-13T04:10:11.511+0000] {standard_task_runner.py:60} INFO - Started process 74 to run task
[2024-02-13T04:10:11.514+0000] {standard_task_runner.py:87} INFO - Running: ['***', 'tasks', 'run', 'deverlop_model', 'data_sets', 'manual__2024-02-13T04:10:08.591691+00:00', '--job-id', '3', '--raw', '--subdir', 'DAGS_FOLDER/task.py', '--cfg-path', '/tmp/tmp_5k969gb']
[2024-02-13T04:10:11.516+0000] {standard_task_runner.py:88} INFO - Job 3: Subtask data_sets
[2024-02-13T04:10:11.567+0000] {task_command.py:423} INFO - Running <TaskInstance: deverlop_model.data_sets manual__2024-02-13T04:10:08.591691+00:00 [running]> on host 4304a8584294
[2024-02-13T04:10:11.643+0000] {taskinstance.py:2480} INFO - Exporting env vars: AIRFLOW_CTX_DAG_OWNER='rtn' AIRFLOW_CTX_DAG_ID='deverlop_model' AIRFLOW_CTX_TASK_ID='data_sets' AIRFLOW_CTX_EXECUTION_DATE='2024-02-13T04:10:08.591691+00:00' AIRFLOW_CTX_TRY_NUMBER='1' AIRFLOW_CTX_DAG_RUN_ID='manual__2024-02-13T04:10:08.591691+00:00'
[2024-02-13T04:10:11.666+0000] {docker.py:486} INFO - Pulling docker image python:3.8
[2024-02-13T04:10:14.958+0000] {docker.py:500} INFO - 3.8: Pulling from library/python
[2024-02-13T04:10:15.857+0000] {docker.py:500} INFO - 6a299ae9cfd9: Pulling fs layer
[2024-02-13T04:10:15.860+0000] {docker.py:500} INFO - e08e8703b2fb: Pulling fs layer
[2024-02-13T04:10:15.861+0000] {docker.py:500} INFO - 68e92d11b04e: Pulling fs layer
[2024-02-13T04:10:15.862+0000] {docker.py:500} INFO - 5b9fe7fef9be: Pulling fs layer
[2024-02-13T04:10:15.862+0000] {docker.py:500} INFO - 09864a904dd0: Pulling fs layer
[2024-02-13T04:10:15.863+0000] {docker.py:500} INFO - a1422769d5be: Pulling fs layer
[2024-02-13T04:10:15.864+0000] {docker.py:500} INFO - fad1ae7101cd: Pulling fs layer
[2024-02-13T04:10:15.864+0000] {docker.py:500} INFO - 96467e04897d: Pulling fs layer
[2024-02-13T04:10:15.865+0000] {docker.py:500} INFO - 09864a904dd0: Waiting
[2024-02-13T04:10:15.865+0000] {docker.py:500} INFO - a1422769d5be: Waiting
[2024-02-13T04:10:15.866+0000] {docker.py:500} INFO - fad1ae7101cd: Waiting
[2024-02-13T04:10:15.866+0000] {docker.py:500} INFO - 96467e04897d: Waiting
[2024-02-13T04:10:15.867+0000] {docker.py:500} INFO - 5b9fe7fef9be: Waiting
[2024-02-13T04:10:16.763+0000] {docker.py:500} INFO - 6a299ae9cfd9: Downloading
[2024-02-13T04:10:16.891+0000] {docker.py:500} INFO - e08e8703b2fb: Downloading
[2024-02-13T04:10:16.909+0000] {docker.py:500} INFO - 68e92d11b04e: Downloading
[2024-02-13T04:10:19.342+0000] {docker.py:500} INFO - e08e8703b2fb: Verifying Checksum
[2024-02-13T04:10:19.344+0000] {docker.py:500} INFO - e08e8703b2fb: Download complete
[2024-02-13T04:10:20.652+0000] {docker.py:500} INFO - 68e92d11b04e: Verifying Checksum
[2024-02-13T04:10:20.654+0000] {docker.py:500} INFO - 68e92d11b04e: Download complete
[2024-02-13T04:10:20.764+0000] {docker.py:500} INFO - 5b9fe7fef9be: Downloading
[2024-02-13T04:10:22.112+0000] {docker.py:500} INFO - 09864a904dd0: Downloading
[2024-02-13T04:10:23.036+0000] {docker.py:500} INFO - 09864a904dd0: Verifying Checksum
[2024-02-13T04:10:24.298+0000] {docker.py:500} INFO - a1422769d5be: Downloading
[2024-02-13T04:10:26.622+0000] {docker.py:500} INFO - a1422769d5be: Verifying Checksum
[2024-02-13T04:10:26.623+0000] {docker.py:500} INFO - a1422769d5be: Download complete
[2024-02-13T04:10:27.849+0000] {docker.py:500} INFO - fad1ae7101cd: Downloading
[2024-02-13T04:10:27.850+0000] {docker.py:500} INFO - fad1ae7101cd: Verifying Checksum
[2024-02-13T04:10:27.851+0000] {docker.py:500} INFO - fad1ae7101cd: Download complete
[2024-02-13T04:10:29.113+0000] {docker.py:500} INFO - 5b9fe7fef9be: Download complete
[2024-02-13T04:10:29.130+0000] {docker.py:500} INFO - 96467e04897d: Downloading
[2024-02-13T04:10:29.263+0000] {docker.py:500} INFO - 96467e04897d: Download complete
[2024-02-13T04:10:30.036+0000] {docker.py:500} INFO - 6a299ae9cfd9: Download complete
[2024-02-13T04:10:30.099+0000] {docker.py:500} INFO - 6a299ae9cfd9: Extracting
[2024-02-13T04:10:32.816+0000] {docker.py:500} INFO - 6a299ae9cfd9: Pull complete
[2024-02-13T04:10:32.865+0000] {docker.py:500} INFO - e08e8703b2fb: Extracting
[2024-02-13T04:10:33.594+0000] {docker.py:500} INFO - e08e8703b2fb: Pull complete
[2024-02-13T04:10:33.639+0000] {docker.py:500} INFO - 68e92d11b04e: Extracting
[2024-02-13T04:10:36.690+0000] {docker.py:500} INFO - 68e92d11b04e: Pull complete
[2024-02-13T04:10:36.767+0000] {docker.py:500} INFO - 5b9fe7fef9be: Extracting
[2024-02-13T04:10:44.156+0000] {docker.py:500} INFO - 5b9fe7fef9be: Pull complete
[2024-02-13T04:10:44.161+0000] {docker.py:500} INFO - 09864a904dd0: Extracting
[2024-02-13T04:10:44.482+0000] {docker.py:500} INFO - 09864a904dd0: Pull complete
[2024-02-13T04:10:44.496+0000] {docker.py:500} INFO - a1422769d5be: Extracting
[2024-02-13T04:10:45.309+0000] {docker.py:500} INFO - a1422769d5be: Pull complete
[2024-02-13T04:10:45.364+0000] {docker.py:500} INFO - fad1ae7101cd: Extracting
[2024-02-13T04:10:45.396+0000] {docker.py:500} INFO - fad1ae7101cd: Pull complete
[2024-02-13T04:10:45.400+0000] {docker.py:500} INFO - 96467e04897d: Extracting
[2024-02-13T04:10:45.723+0000] {docker.py:500} INFO - 96467e04897d: Pull complete
[2024-02-13T04:10:45.740+0000] {docker.py:495} INFO - Digest: sha256:afc3b723caef31e03dfa343e8bcdeee8ad4fd11e2672eb3365e5fd59fafa3c09
[2024-02-13T04:10:45.744+0000] {docker.py:495} INFO - Status: Downloaded newer image for python:3.8
[2024-02-13T04:10:45.749+0000] {docker.py:359} INFO - Starting docker container from image python:3.8
[2024-02-13T04:10:47.740+0000] {docker.py:429} INFO - WARNING: Running pip as the 'root' user can result in broken permissions and conflicting behaviour with the system package manager. It is recommended to use a virtual environment instead: https://pip.pypa.io/warnings/venv
[2024-02-13T04:10:47.910+0000] {docker.py:429} INFO - [notice] A new release of pip is available: 23.0.1 -> 24.0
[notice] To update, run: pip install --upgrade pip
[2024-02-13T04:10:53.034+0000] {docker.py:429} INFO - READ DATA :  HELLO WORLD  timestamp :  2024-02-13 04:10:53.030704
[2024-02-13T04:10:53.387+0000] {taskinstance.py:1138} INFO - Marking task as SUCCESS. dag_id=deverlop_model, task_id=data_sets, execution_date=20240213T041008, start_date=20240213T041011, end_date=20240213T041053
[2024-02-13T04:10:53.441+0000] {local_task_job_runner.py:234} INFO - Task exited with return code 0
[2024-02-13T04:10:53.458+0000] {taskinstance.py:3280} INFO - 1 downstream tasks scheduled from follow-on schedule check
