[2024-02-12T14:49:20.763+0000] {taskinstance.py:1956} INFO - Dependencies all met for dep_context=non-requeueable deps ti=<TaskInstance: deverlop_model.data_sets manual__2024-02-12T14:49:18.943900+00:00 [queued]>
[2024-02-12T14:49:20.770+0000] {taskinstance.py:1956} INFO - Dependencies all met for dep_context=requeueable deps ti=<TaskInstance: deverlop_model.data_sets manual__2024-02-12T14:49:18.943900+00:00 [queued]>
[2024-02-12T14:49:20.770+0000] {taskinstance.py:2170} INFO - Starting attempt 1 of 1
[2024-02-12T14:49:20.783+0000] {taskinstance.py:2191} INFO - Executing <Task(DockerOperator): data_sets> on 2024-02-12 14:49:18.943900+00:00
[2024-02-12T14:49:20.789+0000] {standard_task_runner.py:60} INFO - Started process 1034 to run task
[2024-02-12T14:49:20.792+0000] {standard_task_runner.py:87} INFO - Running: ['***', 'tasks', 'run', 'deverlop_model', 'data_sets', 'manual__2024-02-12T14:49:18.943900+00:00', '--job-id', '41', '--raw', '--subdir', 'DAGS_FOLDER/task.py', '--cfg-path', '/tmp/tmp8soo8151']
[2024-02-12T14:49:20.794+0000] {standard_task_runner.py:88} INFO - Job 41: Subtask data_sets
[2024-02-12T14:49:20.834+0000] {task_command.py:423} INFO - Running <TaskInstance: deverlop_model.data_sets manual__2024-02-12T14:49:18.943900+00:00 [running]> on host 5fc906926aab
[2024-02-12T14:49:20.898+0000] {taskinstance.py:2480} INFO - Exporting env vars: AIRFLOW_CTX_DAG_OWNER='rtn' AIRFLOW_CTX_DAG_ID='deverlop_model' AIRFLOW_CTX_TASK_ID='data_sets' AIRFLOW_CTX_EXECUTION_DATE='2024-02-12T14:49:18.943900+00:00' AIRFLOW_CTX_TRY_NUMBER='1' AIRFLOW_CTX_DAG_RUN_ID='manual__2024-02-12T14:49:18.943900+00:00'
[2024-02-12T14:49:20.913+0000] {docker.py:359} INFO - Starting docker container from image python:3.8
[2024-02-12T14:49:20.921+0000] {taskinstance.py:2698} ERROR - Task failed with exception
Traceback (most recent call last):
  File "/home/airflow/.local/lib/python3.8/site-packages/docker/api/client.py", line 265, in _raise_for_status
    response.raise_for_status()
  File "/home/airflow/.local/lib/python3.8/site-packages/requests/models.py", line 1021, in raise_for_status
    raise HTTPError(http_error_msg, response=self)
requests.exceptions.HTTPError: 400 Client Error: Bad Request for url: http+docker://localhost/v1.43/containers/create?name=data_sets

The above exception was the direct cause of the following exception:

Traceback (most recent call last):
  File "/home/airflow/.local/lib/python3.8/site-packages/airflow/models/taskinstance.py", line 433, in _execute_task
    result = execute_callable(context=context, **execute_callable_kwargs)
  File "/home/airflow/.local/lib/python3.8/site-packages/airflow/providers/docker/operators/docker.py", line 502, in execute
    return self._run_image()
  File "/home/airflow/.local/lib/python3.8/site-packages/airflow/providers/docker/operators/docker.py", line 364, in _run_image
    return self._run_image_with_mounts([*self.mounts, tmp_mount], add_tmp_variable=True)
  File "/home/airflow/.local/lib/python3.8/site-packages/airflow/providers/docker/operators/docker.py", line 391, in _run_image_with_mounts
    self.container = self.cli.create_container(
  File "/home/airflow/.local/lib/python3.8/site-packages/docker/api/container.py", line 439, in create_container
    return self.create_container_from_config(config, name, platform)
  File "/home/airflow/.local/lib/python3.8/site-packages/docker/api/container.py", line 456, in create_container_from_config
    return self._result(res, True)
  File "/home/airflow/.local/lib/python3.8/site-packages/docker/api/client.py", line 271, in _result
    self._raise_for_status(response)
  File "/home/airflow/.local/lib/python3.8/site-packages/docker/api/client.py", line 267, in _raise_for_status
    raise create_api_error_from_http_exception(e) from e
  File "/home/airflow/.local/lib/python3.8/site-packages/docker/errors.py", line 39, in create_api_error_from_http_exception
    raise cls(e, response=response, explanation=explanation) from e
docker.errors.APIError: 400 Client Error for http+docker://localhost/v1.43/containers/create?name=data_sets: Bad Request ("invalid mount config for type "bind": bind source path does not exist: /airflow_base/dags/data/tmp/")
[2024-02-12T14:49:20.928+0000] {taskinstance.py:1138} INFO - Marking task as FAILED. dag_id=deverlop_model, task_id=data_sets, execution_date=20240212T144918, start_date=20240212T144920, end_date=20240212T144920
[2024-02-12T14:49:20.940+0000] {standard_task_runner.py:107} ERROR - Failed to execute job 41 for task data_sets (400 Client Error for http+docker://localhost/v1.43/containers/create?name=data_sets: Bad Request ("invalid mount config for type "bind": bind source path does not exist: /airflow_base/dags/data/tmp/"); 1034)
[2024-02-12T14:49:20.964+0000] {local_task_job_runner.py:234} INFO - Task exited with return code 1
[2024-02-12T14:49:20.982+0000] {taskinstance.py:3280} INFO - 0 downstream tasks scheduled from follow-on schedule check
