[2024-02-14T02:07:23.523+0000] {taskinstance.py:1956} INFO - Dependencies all met for dep_context=non-requeueable deps ti=<TaskInstance: deverlop_model.StartJob scheduled__2024-01-01T01:30:00+00:00 [queued]>
[2024-02-14T02:07:23.534+0000] {taskinstance.py:1956} INFO - Dependencies all met for dep_context=requeueable deps ti=<TaskInstance: deverlop_model.StartJob scheduled__2024-01-01T01:30:00+00:00 [queued]>
[2024-02-14T02:07:23.535+0000] {taskinstance.py:2170} INFO - Starting attempt 1 of 1
[2024-02-14T02:07:23.638+0000] {taskinstance.py:2191} INFO - Executing <Task(BashOperator): StartJob> on 2024-01-01 01:30:00+00:00
[2024-02-14T02:07:23.648+0000] {standard_task_runner.py:60} INFO - Started process 443 to run task
[2024-02-14T02:07:23.651+0000] {standard_task_runner.py:87} INFO - Running: ['***', 'tasks', 'run', 'deverlop_model', 'StartJob', 'scheduled__2024-01-01T01:30:00+00:00', '--job-id', '44', '--raw', '--subdir', 'DAGS_FOLDER/task.py', '--cfg-path', '/tmp/tmplpvqx9n6']
[2024-02-14T02:07:23.655+0000] {standard_task_runner.py:88} INFO - Job 44: Subtask StartJob
[2024-02-14T02:07:23.726+0000] {task_command.py:423} INFO - Running <TaskInstance: deverlop_model.StartJob scheduled__2024-01-01T01:30:00+00:00 [running]> on host 6e2ff7d2ffd0
[2024-02-14T02:07:23.827+0000] {taskinstance.py:2480} INFO - Exporting env vars: AIRFLOW_CTX_DAG_OWNER='rtn' AIRFLOW_CTX_DAG_ID='deverlop_model' AIRFLOW_CTX_TASK_ID='StartJob' AIRFLOW_CTX_EXECUTION_DATE='2024-01-01T01:30:00+00:00' AIRFLOW_CTX_TRY_NUMBER='1' AIRFLOW_CTX_DAG_RUN_ID='scheduled__2024-01-01T01:30:00+00:00'
[2024-02-14T02:07:23.830+0000] {subprocess.py:63} INFO - Tmp dir root location: /tmp
[2024-02-14T02:07:23.832+0000] {subprocess.py:75} INFO - Running command: ['/usr/bin/bash', '-c', 'echo StartJob']
[2024-02-14T02:07:23.848+0000] {subprocess.py:86} INFO - Output:
[2024-02-14T02:07:23.850+0000] {subprocess.py:93} INFO - StartJob
[2024-02-14T02:07:23.850+0000] {subprocess.py:97} INFO - Command exited with return code 0
[2024-02-14T02:07:23.880+0000] {taskinstance.py:1138} INFO - Marking task as SUCCESS. dag_id=deverlop_model, task_id=StartJob, execution_date=20240101T013000, start_date=20240214T020723, end_date=20240214T020723
[2024-02-14T02:07:23.915+0000] {local_task_job_runner.py:234} INFO - Task exited with return code 0
[2024-02-14T02:07:23.948+0000] {taskinstance.py:3280} INFO - 1 downstream tasks scheduled from follow-on schedule check
[2024-02-14T03:56:14.031+0000] {taskinstance.py:1956} INFO - Dependencies all met for dep_context=non-requeueable deps ti=<TaskInstance: deverlop_model.StartJob scheduled__2024-01-01T01:30:00+00:00 [queued]>
[2024-02-14T03:56:14.043+0000] {taskinstance.py:1956} INFO - Dependencies all met for dep_context=requeueable deps ti=<TaskInstance: deverlop_model.StartJob scheduled__2024-01-01T01:30:00+00:00 [queued]>
[2024-02-14T03:56:14.044+0000] {taskinstance.py:2170} INFO - Starting attempt 1 of 1
[2024-02-14T03:56:14.065+0000] {taskinstance.py:2191} INFO - Executing <Task(BashOperator): StartJob> on 2024-01-01 01:30:00+00:00
[2024-02-14T03:56:14.075+0000] {standard_task_runner.py:60} INFO - Started process 3639 to run task
[2024-02-14T03:56:14.079+0000] {standard_task_runner.py:87} INFO - Running: ['***', 'tasks', 'run', 'deverlop_model', 'StartJob', 'scheduled__2024-01-01T01:30:00+00:00', '--job-id', '479', '--raw', '--subdir', 'DAGS_FOLDER/task.py', '--cfg-path', '/tmp/tmph5lvf037']
[2024-02-14T03:56:14.082+0000] {standard_task_runner.py:88} INFO - Job 479: Subtask StartJob
[2024-02-14T03:56:14.158+0000] {task_command.py:423} INFO - Running <TaskInstance: deverlop_model.StartJob scheduled__2024-01-01T01:30:00+00:00 [running]> on host 6e2ff7d2ffd0
[2024-02-14T03:56:14.291+0000] {taskinstance.py:2480} INFO - Exporting env vars: AIRFLOW_CTX_DAG_OWNER='***' AIRFLOW_CTX_DAG_ID='deverlop_model' AIRFLOW_CTX_TASK_ID='StartJob' AIRFLOW_CTX_EXECUTION_DATE='2024-01-01T01:30:00+00:00' AIRFLOW_CTX_TRY_NUMBER='1' AIRFLOW_CTX_DAG_RUN_ID='scheduled__2024-01-01T01:30:00+00:00'
[2024-02-14T03:56:14.294+0000] {subprocess.py:63} INFO - Tmp dir root location: /tmp
[2024-02-14T03:56:14.357+0000] {subprocess.py:75} INFO - Running command: ['/usr/bin/bash', '-c', "\n            echo StartJob && \n            if [ ! -e '/opt/***/dags/data/2024-02-14' ]; then\n                mkdir /opt/***/dags/data/2024-02-14 \n            fi && \n            if [ ! -e '/opt/***/dags/data/2024-02-14/data' ]; then\n                mkdir /opt/***/dags/data/2024-02-14/data\n            fi && \n            if [ ! -e '/opt/***/dags/data/2024-02-14/model' ]; then\n                mkdir /opt/***/dags/data/2024-02-14/model\n            fi\n        "]
[2024-02-14T03:56:14.382+0000] {subprocess.py:86} INFO - Output:
[2024-02-14T03:56:14.383+0000] {subprocess.py:93} INFO - StartJob
[2024-02-14T03:56:14.389+0000] {subprocess.py:97} INFO - Command exited with return code 0
[2024-02-14T03:56:14.487+0000] {taskinstance.py:1138} INFO - Marking task as SUCCESS. dag_id=deverlop_model, task_id=StartJob, execution_date=20240101T013000, start_date=20240214T035614, end_date=20240214T035614
[2024-02-14T03:56:14.546+0000] {local_task_job_runner.py:234} INFO - Task exited with return code 0
[2024-02-14T03:56:14.583+0000] {taskinstance.py:3280} INFO - 1 downstream tasks scheduled from follow-on schedule check
