[2024-02-13T16:45:47.234+0000] {taskinstance.py:1956} INFO - Dependencies all met for dep_context=non-requeueable deps ti=<TaskInstance: deverlop_model.Start_job scheduled__2022-01-01T00:10:00+00:00 [queued]>
[2024-02-13T16:45:47.255+0000] {taskinstance.py:1956} INFO - Dependencies all met for dep_context=requeueable deps ti=<TaskInstance: deverlop_model.Start_job scheduled__2022-01-01T00:10:00+00:00 [queued]>
[2024-02-13T16:45:47.256+0000] {taskinstance.py:2170} INFO - Starting attempt 1 of 1
[2024-02-13T16:45:47.371+0000] {taskinstance.py:2191} INFO - Executing <Task(BashOperator): Start_job> on 2022-01-01 00:10:00+00:00
[2024-02-13T16:45:47.388+0000] {standard_task_runner.py:60} INFO - Started process 594 to run task
[2024-02-13T16:45:47.402+0000] {standard_task_runner.py:87} INFO - Running: ['***', 'tasks', 'run', 'deverlop_model', 'Start_job', 'scheduled__2022-01-01T00:10:00+00:00', '--job-id', '26', '--raw', '--subdir', 'DAGS_FOLDER/task.py', '--cfg-path', '/tmp/tmptz5aogbv']
[2024-02-13T16:45:47.407+0000] {standard_task_runner.py:88} INFO - Job 26: Subtask Start_job
[2024-02-13T16:45:47.563+0000] {task_command.py:423} INFO - Running <TaskInstance: deverlop_model.Start_job scheduled__2022-01-01T00:10:00+00:00 [running]> on host a5e5e25b3882
[2024-02-13T16:45:47.886+0000] {taskinstance.py:2480} INFO - Exporting env vars: AIRFLOW_CTX_DAG_OWNER='rtn' AIRFLOW_CTX_DAG_ID='deverlop_model' AIRFLOW_CTX_TASK_ID='Start_job' AIRFLOW_CTX_EXECUTION_DATE='2022-01-01T00:10:00+00:00' AIRFLOW_CTX_TRY_NUMBER='1' AIRFLOW_CTX_DAG_RUN_ID='scheduled__2022-01-01T00:10:00+00:00'
[2024-02-13T16:45:47.899+0000] {subprocess.py:63} INFO - Tmp dir root location: /tmp
[2024-02-13T16:45:47.904+0000] {subprocess.py:75} INFO - Running command: ['/usr/bin/bash', '-c', 'echo START JOBS']
[2024-02-13T16:45:47.964+0000] {subprocess.py:86} INFO - Output:
[2024-02-13T16:45:47.973+0000] {subprocess.py:93} INFO - START JOBS
[2024-02-13T16:45:47.975+0000] {subprocess.py:97} INFO - Command exited with return code 0
[2024-02-13T16:45:48.041+0000] {taskinstance.py:1138} INFO - Marking task as SUCCESS. dag_id=deverlop_model, task_id=Start_job, execution_date=20220101T001000, start_date=20240213T164547, end_date=20240213T164548
[2024-02-13T16:45:48.135+0000] {local_task_job_runner.py:234} INFO - Task exited with return code 0
[2024-02-13T16:45:48.218+0000] {taskinstance.py:3280} INFO - 1 downstream tasks scheduled from follow-on schedule check
[2024-02-13T16:47:27.125+0000] {taskinstance.py:1956} INFO - Dependencies all met for dep_context=non-requeueable deps ti=<TaskInstance: deverlop_model.Start_job scheduled__2022-01-01T00:10:00+00:00 [queued]>
[2024-02-13T16:47:27.151+0000] {taskinstance.py:1956} INFO - Dependencies all met for dep_context=requeueable deps ti=<TaskInstance: deverlop_model.Start_job scheduled__2022-01-01T00:10:00+00:00 [queued]>
[2024-02-13T16:47:27.162+0000] {taskinstance.py:2170} INFO - Starting attempt 1 of 1
[2024-02-13T16:47:27.368+0000] {taskinstance.py:2191} INFO - Executing <Task(BashOperator): Start_job> on 2022-01-01 00:10:00+00:00
[2024-02-13T16:47:27.379+0000] {standard_task_runner.py:60} INFO - Started process 735 to run task
[2024-02-13T16:47:27.392+0000] {standard_task_runner.py:87} INFO - Running: ['***', 'tasks', 'run', 'deverlop_model', 'Start_job', 'scheduled__2022-01-01T00:10:00+00:00', '--job-id', '58', '--raw', '--subdir', 'DAGS_FOLDER/task.py', '--cfg-path', '/tmp/tmpraddsfxq']
[2024-02-13T16:47:27.402+0000] {standard_task_runner.py:88} INFO - Job 58: Subtask Start_job
[2024-02-13T16:47:27.538+0000] {task_command.py:423} INFO - Running <TaskInstance: deverlop_model.Start_job scheduled__2022-01-01T00:10:00+00:00 [running]> on host a5e5e25b3882
[2024-02-13T16:47:27.683+0000] {taskinstance.py:2480} INFO - Exporting env vars: AIRFLOW_CTX_DAG_OWNER='rtn' AIRFLOW_CTX_DAG_ID='deverlop_model' AIRFLOW_CTX_TASK_ID='Start_job' AIRFLOW_CTX_EXECUTION_DATE='2022-01-01T00:10:00+00:00' AIRFLOW_CTX_TRY_NUMBER='1' AIRFLOW_CTX_DAG_RUN_ID='scheduled__2022-01-01T00:10:00+00:00'
[2024-02-13T16:47:27.687+0000] {subprocess.py:63} INFO - Tmp dir root location: /tmp
[2024-02-13T16:47:27.690+0000] {subprocess.py:75} INFO - Running command: ['/usr/bin/bash', '-c', 'echo START JOBS']
[2024-02-13T16:47:27.710+0000] {subprocess.py:86} INFO - Output:
[2024-02-13T16:47:27.713+0000] {subprocess.py:93} INFO - START JOBS
[2024-02-13T16:47:27.717+0000] {subprocess.py:97} INFO - Command exited with return code 0
[2024-02-13T16:47:27.772+0000] {taskinstance.py:1138} INFO - Marking task as SUCCESS. dag_id=deverlop_model, task_id=Start_job, execution_date=20220101T001000, start_date=20240213T164727, end_date=20240213T164727
[2024-02-13T16:47:27.822+0000] {local_task_job_runner.py:234} INFO - Task exited with return code 0
[2024-02-13T16:47:27.927+0000] {taskinstance.py:3280} INFO - 1 downstream tasks scheduled from follow-on schedule check
