[2024-02-13T08:23:04.535+0000] {taskinstance.py:1956} INFO - Dependencies all met for dep_context=non-requeueable deps ti=<TaskInstance: deverlop_model.data_sets manual__2024-02-13T08:23:01.699514+00:00 [queued]>
[2024-02-13T08:23:04.543+0000] {taskinstance.py:1956} INFO - Dependencies all met for dep_context=requeueable deps ti=<TaskInstance: deverlop_model.data_sets manual__2024-02-13T08:23:01.699514+00:00 [queued]>
[2024-02-13T08:23:04.543+0000] {taskinstance.py:2170} INFO - Starting attempt 1 of 1
[2024-02-13T08:23:04.558+0000] {taskinstance.py:2191} INFO - Executing <Task(DockerOperator): data_sets> on 2024-02-13 08:23:01.699514+00:00
[2024-02-13T08:23:04.566+0000] {standard_task_runner.py:60} INFO - Started process 162 to run task
[2024-02-13T08:23:04.569+0000] {standard_task_runner.py:87} INFO - Running: ['***', 'tasks', 'run', 'deverlop_model', 'data_sets', 'manual__2024-02-13T08:23:01.699514+00:00', '--job-id', '3', '--raw', '--subdir', 'DAGS_FOLDER/task.py', '--cfg-path', '/tmp/tmp27cxo0tu']
[2024-02-13T08:23:04.571+0000] {standard_task_runner.py:88} INFO - Job 3: Subtask data_sets
[2024-02-13T08:23:04.614+0000] {task_command.py:423} INFO - Running <TaskInstance: deverlop_model.data_sets manual__2024-02-13T08:23:01.699514+00:00 [running]> on host cd7e09605de3
[2024-02-13T08:23:04.683+0000] {taskinstance.py:2480} INFO - Exporting env vars: AIRFLOW_CTX_DAG_OWNER='rtn' AIRFLOW_CTX_DAG_ID='deverlop_model' AIRFLOW_CTX_TASK_ID='data_sets' AIRFLOW_CTX_EXECUTION_DATE='2024-02-13T08:23:01.699514+00:00' AIRFLOW_CTX_TRY_NUMBER='1' AIRFLOW_CTX_DAG_RUN_ID='manual__2024-02-13T08:23:01.699514+00:00'
[2024-02-13T08:23:04.705+0000] {docker.py:486} INFO - Pulling docker image python:3.8
[2024-02-13T08:23:08.343+0000] {docker.py:500} INFO - 3.8: Pulling from library/python
[2024-02-13T08:23:09.148+0000] {docker.py:500} INFO - 6a299ae9cfd9: Pulling fs layer
[2024-02-13T08:23:09.149+0000] {docker.py:500} INFO - e08e8703b2fb: Pulling fs layer
[2024-02-13T08:23:09.150+0000] {docker.py:500} INFO - 68e92d11b04e: Pulling fs layer
[2024-02-13T08:23:09.151+0000] {docker.py:500} INFO - 5b9fe7fef9be: Pulling fs layer
[2024-02-13T08:23:09.152+0000] {docker.py:500} INFO - 09864a904dd0: Pulling fs layer
[2024-02-13T08:23:09.152+0000] {docker.py:500} INFO - a1422769d5be: Pulling fs layer
[2024-02-13T08:23:09.153+0000] {docker.py:500} INFO - fad1ae7101cd: Pulling fs layer
[2024-02-13T08:23:09.153+0000] {docker.py:500} INFO - 96467e04897d: Pulling fs layer
[2024-02-13T08:23:09.154+0000] {docker.py:500} INFO - 09864a904dd0: Waiting
[2024-02-13T08:23:09.154+0000] {docker.py:500} INFO - a1422769d5be: Waiting
[2024-02-13T08:23:09.155+0000] {docker.py:500} INFO - fad1ae7101cd: Waiting
[2024-02-13T08:23:09.155+0000] {docker.py:500} INFO - 96467e04897d: Waiting
[2024-02-13T08:23:09.156+0000] {docker.py:500} INFO - 5b9fe7fef9be: Waiting
[2024-02-13T08:23:10.862+0000] {docker.py:500} INFO - e08e8703b2fb: Downloading
[2024-02-13T08:23:10.871+0000] {docker.py:500} INFO - 6a299ae9cfd9: Downloading
[2024-02-13T08:23:11.078+0000] {docker.py:500} INFO - 68e92d11b04e: Downloading
[2024-02-13T08:23:14.309+0000] {docker.py:500} INFO - 68e92d11b04e: Verifying Checksum
[2024-02-13T08:23:14.310+0000] {docker.py:500} INFO - 68e92d11b04e: Download complete
[2024-02-13T08:23:15.222+0000] {docker.py:500} INFO - e08e8703b2fb: Verifying Checksum
[2024-02-13T08:23:15.223+0000] {docker.py:500} INFO - e08e8703b2fb: Download complete
[2024-02-13T08:23:15.468+0000] {docker.py:500} INFO - 5b9fe7fef9be: Downloading
[2024-02-13T08:23:16.360+0000] {docker.py:500} INFO - 09864a904dd0: Downloading
[2024-02-13T08:23:17.711+0000] {docker.py:500} INFO - 09864a904dd0: Verifying Checksum
[2024-02-13T08:23:17.712+0000] {docker.py:500} INFO - 09864a904dd0: Download complete
[2024-02-13T08:23:17.856+0000] {docker.py:500} INFO - 6a299ae9cfd9: Verifying Checksum
[2024-02-13T08:23:17.858+0000] {docker.py:500} INFO - 6a299ae9cfd9: Download complete
[2024-02-13T08:23:17.939+0000] {docker.py:500} INFO - 6a299ae9cfd9: Extracting
[2024-02-13T08:23:18.911+0000] {docker.py:500} INFO - fad1ae7101cd: Downloading
[2024-02-13T08:23:18.912+0000] {docker.py:500} INFO - fad1ae7101cd: Download complete
[2024-02-13T08:23:19.056+0000] {docker.py:500} INFO - a1422769d5be: Downloading
[2024-02-13T08:23:20.951+0000] {docker.py:500} INFO - 6a299ae9cfd9: Pull complete
[2024-02-13T08:23:21.010+0000] {docker.py:500} INFO - e08e8703b2fb: Extracting
[2024-02-13T08:23:21.128+0000] {docker.py:500} INFO - a1422769d5be: Verifying Checksum
[2024-02-13T08:23:21.129+0000] {docker.py:500} INFO - a1422769d5be: Download complete
[2024-02-13T08:23:21.790+0000] {docker.py:500} INFO - e08e8703b2fb: Pull complete
[2024-02-13T08:23:21.827+0000] {docker.py:500} INFO - 68e92d11b04e: Extracting
[2024-02-13T08:23:21.992+0000] {docker.py:500} INFO - 96467e04897d: Downloading
[2024-02-13T08:23:22.412+0000] {docker.py:500} INFO - 96467e04897d: Verifying Checksum
[2024-02-13T08:23:22.413+0000] {docker.py:500} INFO - 96467e04897d: Download complete
[2024-02-13T08:23:24.230+0000] {docker.py:500} INFO - 5b9fe7fef9be: Verifying Checksum
[2024-02-13T08:23:24.231+0000] {docker.py:500} INFO - 5b9fe7fef9be: Download complete
[2024-02-13T08:23:25.335+0000] {docker.py:500} INFO - 68e92d11b04e: Pull complete
[2024-02-13T08:23:25.423+0000] {docker.py:500} INFO - 5b9fe7fef9be: Extracting
[2024-02-13T08:23:33.096+0000] {docker.py:500} INFO - 5b9fe7fef9be: Pull complete
[2024-02-13T08:23:33.102+0000] {docker.py:500} INFO - 09864a904dd0: Extracting
[2024-02-13T08:23:33.425+0000] {docker.py:500} INFO - 09864a904dd0: Pull complete
[2024-02-13T08:23:33.441+0000] {docker.py:500} INFO - a1422769d5be: Extracting
[2024-02-13T08:23:34.147+0000] {docker.py:500} INFO - a1422769d5be: Pull complete
[2024-02-13T08:23:34.151+0000] {docker.py:500} INFO - fad1ae7101cd: Extracting
[2024-02-13T08:23:34.169+0000] {docker.py:500} INFO - fad1ae7101cd: Pull complete
[2024-02-13T08:23:34.175+0000] {docker.py:500} INFO - 96467e04897d: Extracting
[2024-02-13T08:23:34.432+0000] {docker.py:500} INFO - 96467e04897d: Pull complete
[2024-02-13T08:23:34.447+0000] {docker.py:495} INFO - Digest: sha256:afc3b723caef31e03dfa343e8bcdeee8ad4fd11e2672eb3365e5fd59fafa3c09
[2024-02-13T08:23:34.452+0000] {docker.py:495} INFO - Status: Downloaded newer image for python:3.8
[2024-02-13T08:23:34.455+0000] {docker.py:359} INFO - Starting docker container from image python:3.8
[2024-02-13T08:23:36.338+0000] {docker.py:429} INFO - WARNING: Running pip as the 'root' user can result in broken permissions and conflicting behaviour with the system package manager. It is recommended to use a virtual environment instead: https://pip.pypa.io/warnings/venv
[2024-02-13T08:23:36.497+0000] {docker.py:429} INFO - [notice] A new release of pip is available: 23.0.1 -> 24.0
[notice] To update, run: pip install --upgrade pip
[2024-02-13T08:23:41.590+0000] {docker.py:429} INFO - READ DATA :  HELLO WORLD  timestamp :  2024-02-13 08:23:41.587548
[2024-02-13T08:23:41.913+0000] {taskinstance.py:1138} INFO - Marking task as SUCCESS. dag_id=deverlop_model, task_id=data_sets, execution_date=20240213T082301, start_date=20240213T082304, end_date=20240213T082341
[2024-02-13T08:23:41.956+0000] {local_task_job_runner.py:234} INFO - Task exited with return code 0
[2024-02-13T08:23:41.971+0000] {taskinstance.py:3280} INFO - 1 downstream tasks scheduled from follow-on schedule check
