[2024-02-14T02:07:00.983+0000] {taskinstance.py:1956} INFO - Dependencies all met for dep_context=non-requeueable deps ti=<TaskInstance: deverlop_model.StartJob scheduled__2024-01-01T00:20:00+00:00 [queued]>
[2024-02-14T02:07:01.014+0000] {taskinstance.py:1956} INFO - Dependencies all met for dep_context=requeueable deps ti=<TaskInstance: deverlop_model.StartJob scheduled__2024-01-01T00:20:00+00:00 [queued]>
[2024-02-14T02:07:01.025+0000] {taskinstance.py:2170} INFO - Starting attempt 1 of 1
[2024-02-14T02:07:01.137+0000] {taskinstance.py:2191} INFO - Executing <Task(BashOperator): StartJob> on 2024-01-01 00:20:00+00:00
[2024-02-14T02:07:01.158+0000] {standard_task_runner.py:60} INFO - Started process 333 to run task
[2024-02-14T02:07:01.189+0000] {standard_task_runner.py:87} INFO - Running: ['***', 'tasks', 'run', 'deverlop_model', 'StartJob', 'scheduled__2024-01-01T00:20:00+00:00', '--job-id', '11', '--raw', '--subdir', 'DAGS_FOLDER/task.py', '--cfg-path', '/tmp/tmpqwn71zyn']
[2024-02-14T02:07:01.207+0000] {standard_task_runner.py:88} INFO - Job 11: Subtask StartJob
[2024-02-14T02:07:01.549+0000] {task_command.py:423} INFO - Running <TaskInstance: deverlop_model.StartJob scheduled__2024-01-01T00:20:00+00:00 [running]> on host 6e2ff7d2ffd0
[2024-02-14T02:07:02.292+0000] {taskinstance.py:2480} INFO - Exporting env vars: AIRFLOW_CTX_DAG_OWNER='rtn' AIRFLOW_CTX_DAG_ID='deverlop_model' AIRFLOW_CTX_TASK_ID='StartJob' AIRFLOW_CTX_EXECUTION_DATE='2024-01-01T00:20:00+00:00' AIRFLOW_CTX_TRY_NUMBER='1' AIRFLOW_CTX_DAG_RUN_ID='scheduled__2024-01-01T00:20:00+00:00'
[2024-02-14T02:07:02.303+0000] {subprocess.py:63} INFO - Tmp dir root location: /tmp
[2024-02-14T02:07:02.349+0000] {subprocess.py:75} INFO - Running command: ['/usr/bin/bash', '-c', 'echo StartJob']
[2024-02-14T02:07:02.436+0000] {subprocess.py:86} INFO - Output:
[2024-02-14T02:07:02.438+0000] {subprocess.py:93} INFO - StartJob
[2024-02-14T02:07:02.439+0000] {subprocess.py:97} INFO - Command exited with return code 0
[2024-02-14T02:07:02.537+0000] {taskinstance.py:1138} INFO - Marking task as SUCCESS. dag_id=deverlop_model, task_id=StartJob, execution_date=20240101T002000, start_date=20240214T020700, end_date=20240214T020702
[2024-02-14T02:07:02.664+0000] {local_task_job_runner.py:234} INFO - Task exited with return code 0
[2024-02-14T02:07:02.732+0000] {taskinstance.py:3280} INFO - 1 downstream tasks scheduled from follow-on schedule check
[2024-02-14T03:53:45.085+0000] {taskinstance.py:1956} INFO - Dependencies all met for dep_context=non-requeueable deps ti=<TaskInstance: deverlop_model.StartJob scheduled__2024-01-01T00:20:00+00:00 [queued]>
[2024-02-14T03:53:45.104+0000] {taskinstance.py:1956} INFO - Dependencies all met for dep_context=requeueable deps ti=<TaskInstance: deverlop_model.StartJob scheduled__2024-01-01T00:20:00+00:00 [queued]>
[2024-02-14T03:53:45.106+0000] {taskinstance.py:2170} INFO - Starting attempt 1 of 1
[2024-02-14T03:53:45.166+0000] {taskinstance.py:2191} INFO - Executing <Task(BashOperator): StartJob> on 2024-01-01 00:20:00+00:00
[2024-02-14T03:53:45.183+0000] {standard_task_runner.py:60} INFO - Started process 3406 to run task
[2024-02-14T03:53:45.194+0000] {standard_task_runner.py:87} INFO - Running: ['***', 'tasks', 'run', 'deverlop_model', 'StartJob', 'scheduled__2024-01-01T00:20:00+00:00', '--job-id', '425', '--raw', '--subdir', 'DAGS_FOLDER/task.py', '--cfg-path', '/tmp/tmppk1ljp40']
[2024-02-14T03:53:45.199+0000] {standard_task_runner.py:88} INFO - Job 425: Subtask StartJob
[2024-02-14T03:53:45.501+0000] {task_command.py:423} INFO - Running <TaskInstance: deverlop_model.StartJob scheduled__2024-01-01T00:20:00+00:00 [running]> on host 6e2ff7d2ffd0
[2024-02-14T03:53:45.693+0000] {taskinstance.py:2480} INFO - Exporting env vars: AIRFLOW_CTX_DAG_OWNER='rtn' AIRFLOW_CTX_DAG_ID='deverlop_model' AIRFLOW_CTX_TASK_ID='StartJob' AIRFLOW_CTX_EXECUTION_DATE='2024-01-01T00:20:00+00:00' AIRFLOW_CTX_TRY_NUMBER='1' AIRFLOW_CTX_DAG_RUN_ID='scheduled__2024-01-01T00:20:00+00:00'
[2024-02-14T03:53:45.699+0000] {subprocess.py:63} INFO - Tmp dir root location: /tmp
[2024-02-14T03:53:45.706+0000] {subprocess.py:75} INFO - Running command: ['/usr/bin/bash', '-c', "\n            echo StartJob && \n            if [ ! -e '/opt/***/dags/data/2024-02-14' ]; then\n                mkdir /opt/***/dags/data/2024-02-14 \n            fi && \n            if [ ! -e '/opt/***/dags/data/2024-02-14/data' ]; then\n                mkdir /opt/***/dags/data/2024-02-14/data\n            fi && \n            if [ ! -e '/opt/***/dags/data/2024-02-14/model' ]; then\n                mkdir /opt/***/dags/data/2024-02-14/model\n            fi\n        "]
[2024-02-14T03:53:45.732+0000] {subprocess.py:86} INFO - Output:
[2024-02-14T03:53:45.746+0000] {subprocess.py:93} INFO - StartJob
[2024-02-14T03:53:45.755+0000] {subprocess.py:97} INFO - Command exited with return code 0
[2024-02-14T03:53:45.800+0000] {taskinstance.py:1138} INFO - Marking task as SUCCESS. dag_id=deverlop_model, task_id=StartJob, execution_date=20240101T002000, start_date=20240214T035345, end_date=20240214T035345
[2024-02-14T03:53:45.838+0000] {local_task_job_runner.py:234} INFO - Task exited with return code 0
[2024-02-14T03:53:46.127+0000] {taskinstance.py:3280} INFO - 0 downstream tasks scheduled from follow-on schedule check
[2024-02-14T03:55:59.331+0000] {taskinstance.py:1956} INFO - Dependencies all met for dep_context=non-requeueable deps ti=<TaskInstance: deverlop_model.StartJob scheduled__2024-01-01T00:20:00+00:00 [queued]>
[2024-02-14T03:55:59.343+0000] {taskinstance.py:1956} INFO - Dependencies all met for dep_context=requeueable deps ti=<TaskInstance: deverlop_model.StartJob scheduled__2024-01-01T00:20:00+00:00 [queued]>
[2024-02-14T03:55:59.344+0000] {taskinstance.py:2170} INFO - Starting attempt 1 of 1
[2024-02-14T03:55:59.369+0000] {taskinstance.py:2191} INFO - Executing <Task(BashOperator): StartJob> on 2024-01-01 00:20:00+00:00
[2024-02-14T03:55:59.382+0000] {standard_task_runner.py:60} INFO - Started process 3522 to run task
[2024-02-14T03:55:59.393+0000] {standard_task_runner.py:87} INFO - Running: ['***', 'tasks', 'run', 'deverlop_model', 'StartJob', 'scheduled__2024-01-01T00:20:00+00:00', '--job-id', '448', '--raw', '--subdir', 'DAGS_FOLDER/task.py', '--cfg-path', '/tmp/tmpp58s6w3m']
[2024-02-14T03:55:59.397+0000] {standard_task_runner.py:88} INFO - Job 448: Subtask StartJob
[2024-02-14T03:55:59.485+0000] {task_command.py:423} INFO - Running <TaskInstance: deverlop_model.StartJob scheduled__2024-01-01T00:20:00+00:00 [running]> on host 6e2ff7d2ffd0
[2024-02-14T03:55:59.607+0000] {taskinstance.py:2480} INFO - Exporting env vars: AIRFLOW_CTX_DAG_OWNER='***' AIRFLOW_CTX_DAG_ID='deverlop_model' AIRFLOW_CTX_TASK_ID='StartJob' AIRFLOW_CTX_EXECUTION_DATE='2024-01-01T00:20:00+00:00' AIRFLOW_CTX_TRY_NUMBER='1' AIRFLOW_CTX_DAG_RUN_ID='scheduled__2024-01-01T00:20:00+00:00'
[2024-02-14T03:55:59.612+0000] {subprocess.py:63} INFO - Tmp dir root location: /tmp
[2024-02-14T03:55:59.615+0000] {subprocess.py:75} INFO - Running command: ['/usr/bin/bash', '-c', "\n            echo StartJob && \n            if [ ! -e '/opt/***/dags/data/2024-02-14' ]; then\n                mkdir /opt/***/dags/data/2024-02-14 \n            fi && \n            if [ ! -e '/opt/***/dags/data/2024-02-14/data' ]; then\n                mkdir /opt/***/dags/data/2024-02-14/data\n            fi && \n            if [ ! -e '/opt/***/dags/data/2024-02-14/model' ]; then\n                mkdir /opt/***/dags/data/2024-02-14/model\n            fi\n        "]
[2024-02-14T03:55:59.639+0000] {subprocess.py:86} INFO - Output:
[2024-02-14T03:55:59.641+0000] {subprocess.py:93} INFO - StartJob
[2024-02-14T03:55:59.656+0000] {subprocess.py:97} INFO - Command exited with return code 0
[2024-02-14T03:55:59.709+0000] {taskinstance.py:1138} INFO - Marking task as SUCCESS. dag_id=deverlop_model, task_id=StartJob, execution_date=20240101T002000, start_date=20240214T035559, end_date=20240214T035559
[2024-02-14T03:55:59.762+0000] {local_task_job_runner.py:234} INFO - Task exited with return code 0
[2024-02-14T03:55:59.797+0000] {taskinstance.py:3280} INFO - 1 downstream tasks scheduled from follow-on schedule check
[2024-02-14T04:00:39.333+0000] {taskinstance.py:1956} INFO - Dependencies all met for dep_context=non-requeueable deps ti=<TaskInstance: deverlop_model.StartJob scheduled__2024-01-01T00:20:00+00:00 [queued]>
[2024-02-14T04:00:39.349+0000] {taskinstance.py:1956} INFO - Dependencies all met for dep_context=requeueable deps ti=<TaskInstance: deverlop_model.StartJob scheduled__2024-01-01T00:20:00+00:00 [queued]>
[2024-02-14T04:00:39.351+0000] {taskinstance.py:2170} INFO - Starting attempt 1 of 1
[2024-02-14T04:00:39.386+0000] {taskinstance.py:2191} INFO - Executing <Task(BashOperator): StartJob> on 2024-01-01 00:20:00+00:00
[2024-02-14T04:00:39.402+0000] {standard_task_runner.py:60} INFO - Started process 3823 to run task
[2024-02-14T04:00:39.408+0000] {standard_task_runner.py:87} INFO - Running: ['***', 'tasks', 'run', 'deverlop_model', 'StartJob', 'scheduled__2024-01-01T00:20:00+00:00', '--job-id', '513', '--raw', '--subdir', 'DAGS_FOLDER/task.py', '--cfg-path', '/tmp/tmpos8gj7go']
[2024-02-14T04:00:39.415+0000] {standard_task_runner.py:88} INFO - Job 513: Subtask StartJob
[2024-02-14T04:00:39.501+0000] {task_command.py:423} INFO - Running <TaskInstance: deverlop_model.StartJob scheduled__2024-01-01T00:20:00+00:00 [running]> on host 6e2ff7d2ffd0
[2024-02-14T04:00:39.609+0000] {taskinstance.py:2480} INFO - Exporting env vars: AIRFLOW_CTX_DAG_OWNER='***' AIRFLOW_CTX_DAG_ID='deverlop_model' AIRFLOW_CTX_TASK_ID='StartJob' AIRFLOW_CTX_EXECUTION_DATE='2024-01-01T00:20:00+00:00' AIRFLOW_CTX_TRY_NUMBER='1' AIRFLOW_CTX_DAG_RUN_ID='scheduled__2024-01-01T00:20:00+00:00'
[2024-02-14T04:00:39.612+0000] {subprocess.py:63} INFO - Tmp dir root location: /tmp
[2024-02-14T04:00:39.614+0000] {subprocess.py:75} INFO - Running command: ['/usr/bin/bash', '-c', "\n            echo StartJob && \n            if [ ! -e '/opt/***/dags/data/2024-02-14' ]; then\n                mkdir /opt/***/dags/data/2024-02-14 \n            fi && \n            if [ ! -e '/opt/***/dags/data/2024-02-14/data' ]; then\n                mkdir /opt/***/dags/data/2024-02-14/data\n            fi && \n            if [ ! -e '/opt/***/dags/data/2024-02-14/model' ]; then\n                mkdir /opt/***/dags/data/2024-02-14/model\n            fi\n        "]
[2024-02-14T04:00:39.636+0000] {subprocess.py:86} INFO - Output:
[2024-02-14T04:00:39.638+0000] {subprocess.py:93} INFO - StartJob
[2024-02-14T04:00:39.643+0000] {subprocess.py:97} INFO - Command exited with return code 0
[2024-02-14T04:00:39.676+0000] {taskinstance.py:1138} INFO - Marking task as SUCCESS. dag_id=deverlop_model, task_id=StartJob, execution_date=20240101T002000, start_date=20240214T040039, end_date=20240214T040039
[2024-02-14T04:00:39.710+0000] {local_task_job_runner.py:234} INFO - Task exited with return code 0
[2024-02-14T04:00:39.748+0000] {taskinstance.py:3280} INFO - 1 downstream tasks scheduled from follow-on schedule check
