[2024-02-14T03:32:57.542+0000] {taskinstance.py:1956} INFO - Dependencies all met for dep_context=non-requeueable deps ti=<TaskInstance: deverlop_model.StartJob scheduled__2024-02-01T01:10:00+00:00 [queued]>
[2024-02-14T03:32:57.554+0000] {taskinstance.py:1956} INFO - Dependencies all met for dep_context=requeueable deps ti=<TaskInstance: deverlop_model.StartJob scheduled__2024-02-01T01:10:00+00:00 [queued]>
[2024-02-14T03:32:57.555+0000] {taskinstance.py:2170} INFO - Starting attempt 1 of 1
[2024-02-14T03:32:57.575+0000] {taskinstance.py:2191} INFO - Executing <Task(BashOperator): StartJob> on 2024-02-01 01:10:00+00:00
[2024-02-14T03:32:57.590+0000] {standard_task_runner.py:60} INFO - Started process 2371 to run task
[2024-02-14T03:32:57.594+0000] {standard_task_runner.py:87} INFO - Running: ['***', 'tasks', 'run', 'deverlop_model', 'StartJob', 'scheduled__2024-02-01T01:10:00+00:00', '--job-id', '222', '--raw', '--subdir', 'DAGS_FOLDER/task.py', '--cfg-path', '/tmp/tmp29om5ss9']
[2024-02-14T03:32:57.598+0000] {standard_task_runner.py:88} INFO - Job 222: Subtask StartJob
[2024-02-14T03:32:57.663+0000] {task_command.py:423} INFO - Running <TaskInstance: deverlop_model.StartJob scheduled__2024-02-01T01:10:00+00:00 [running]> on host 6e2ff7d2ffd0
[2024-02-14T03:32:57.782+0000] {taskinstance.py:2480} INFO - Exporting env vars: AIRFLOW_CTX_DAG_OWNER='rtn' AIRFLOW_CTX_DAG_ID='deverlop_model' AIRFLOW_CTX_TASK_ID='StartJob' AIRFLOW_CTX_EXECUTION_DATE='2024-02-01T01:10:00+00:00' AIRFLOW_CTX_TRY_NUMBER='1' AIRFLOW_CTX_DAG_RUN_ID='scheduled__2024-02-01T01:10:00+00:00'
[2024-02-14T03:32:57.787+0000] {subprocess.py:63} INFO - Tmp dir root location: /tmp
[2024-02-14T03:32:57.789+0000] {subprocess.py:75} INFO - Running command: ['/usr/bin/bash', '-c', "\n            echo StartJob && \n            if [ ! -e '/opt/***/dags/data/2024-02-14' ]; then\n                mkdir /opt/***/dags/data/2024-02-14 \n            fi && \n            if [ ! -e '/opt/***/dags/data/2024-02-14/data' ]; then\n                mkdir /opt/***/dags/data/2024-02-14/data\n            fi && \n            if [ ! -e '/opt/***/dags/data/2024-02-14/model' ]; then\n                mkdir /opt/***/dags/data/2024-02-14/model\n            fi\n        "]
[2024-02-14T03:32:57.829+0000] {subprocess.py:86} INFO - Output:
[2024-02-14T03:32:57.831+0000] {subprocess.py:93} INFO - StartJob
[2024-02-14T03:32:57.834+0000] {subprocess.py:97} INFO - Command exited with return code 0
[2024-02-14T03:32:57.870+0000] {taskinstance.py:1138} INFO - Marking task as SUCCESS. dag_id=deverlop_model, task_id=StartJob, execution_date=20240201T011000, start_date=20240214T033257, end_date=20240214T033257
[2024-02-14T03:32:57.929+0000] {local_task_job_runner.py:234} INFO - Task exited with return code 0
[2024-02-14T03:32:57.961+0000] {taskinstance.py:3280} INFO - 1 downstream tasks scheduled from follow-on schedule check
[2024-02-14T03:34:26.637+0000] {taskinstance.py:1956} INFO - Dependencies all met for dep_context=non-requeueable deps ti=<TaskInstance: deverlop_model.StartJob scheduled__2024-02-01T01:10:00+00:00 [queued]>
[2024-02-14T03:34:26.650+0000] {taskinstance.py:1956} INFO - Dependencies all met for dep_context=requeueable deps ti=<TaskInstance: deverlop_model.StartJob scheduled__2024-02-01T01:10:00+00:00 [queued]>
[2024-02-14T03:34:26.651+0000] {taskinstance.py:2170} INFO - Starting attempt 1 of 1
[2024-02-14T03:34:26.668+0000] {taskinstance.py:2191} INFO - Executing <Task(BashOperator): StartJob> on 2024-02-01 01:10:00+00:00
[2024-02-14T03:34:26.678+0000] {standard_task_runner.py:60} INFO - Started process 2488 to run task
[2024-02-14T03:34:26.682+0000] {standard_task_runner.py:87} INFO - Running: ['***', 'tasks', 'run', 'deverlop_model', 'StartJob', 'scheduled__2024-02-01T01:10:00+00:00', '--job-id', '246', '--raw', '--subdir', 'DAGS_FOLDER/task.py', '--cfg-path', '/tmp/tmp1l6uyokv']
[2024-02-14T03:34:26.685+0000] {standard_task_runner.py:88} INFO - Job 246: Subtask StartJob
[2024-02-14T03:34:26.750+0000] {task_command.py:423} INFO - Running <TaskInstance: deverlop_model.StartJob scheduled__2024-02-01T01:10:00+00:00 [running]> on host 6e2ff7d2ffd0
[2024-02-14T03:34:26.867+0000] {taskinstance.py:2480} INFO - Exporting env vars: AIRFLOW_CTX_DAG_OWNER='rtn' AIRFLOW_CTX_DAG_ID='deverlop_model' AIRFLOW_CTX_TASK_ID='StartJob' AIRFLOW_CTX_EXECUTION_DATE='2024-02-01T01:10:00+00:00' AIRFLOW_CTX_TRY_NUMBER='1' AIRFLOW_CTX_DAG_RUN_ID='scheduled__2024-02-01T01:10:00+00:00'
[2024-02-14T03:34:26.870+0000] {subprocess.py:63} INFO - Tmp dir root location: /tmp
[2024-02-14T03:34:26.872+0000] {subprocess.py:75} INFO - Running command: ['/usr/bin/bash', '-c', "\n            echo StartJob && \n            if [ ! -e '/opt/***/dags/data/2024-02-14' ]; then\n                mkdir /opt/***/dags/data/2024-02-14 \n            fi && \n            if [ ! -e '/opt/***/dags/data/2024-02-14/data' ]; then\n                mkdir /opt/***/dags/data/2024-02-14/data\n            fi && \n            if [ ! -e '/opt/***/dags/data/2024-02-14/model' ]; then\n                mkdir /opt/***/dags/data/2024-02-14/model\n            fi\n        "]
[2024-02-14T03:34:26.900+0000] {subprocess.py:86} INFO - Output:
[2024-02-14T03:34:26.902+0000] {subprocess.py:93} INFO - StartJob
[2024-02-14T03:34:26.908+0000] {subprocess.py:97} INFO - Command exited with return code 0
[2024-02-14T03:34:26.943+0000] {taskinstance.py:1138} INFO - Marking task as SUCCESS. dag_id=deverlop_model, task_id=StartJob, execution_date=20240201T011000, start_date=20240214T033426, end_date=20240214T033426
[2024-02-14T03:34:27.016+0000] {local_task_job_runner.py:234} INFO - Task exited with return code 0
[2024-02-14T03:34:27.046+0000] {taskinstance.py:3280} INFO - 1 downstream tasks scheduled from follow-on schedule check
[2024-02-14T03:38:04.198+0000] {taskinstance.py:1956} INFO - Dependencies all met for dep_context=non-requeueable deps ti=<TaskInstance: deverlop_model.StartJob scheduled__2024-02-01T01:10:00+00:00 [queued]>
[2024-02-14T03:38:04.246+0000] {taskinstance.py:1956} INFO - Dependencies all met for dep_context=requeueable deps ti=<TaskInstance: deverlop_model.StartJob scheduled__2024-02-01T01:10:00+00:00 [queued]>
[2024-02-14T03:38:04.247+0000] {taskinstance.py:2170} INFO - Starting attempt 1 of 1
[2024-02-14T03:38:04.284+0000] {taskinstance.py:2191} INFO - Executing <Task(BashOperator): StartJob> on 2024-02-01 01:10:00+00:00
[2024-02-14T03:38:04.299+0000] {standard_task_runner.py:60} INFO - Started process 2821 to run task
[2024-02-14T03:38:04.303+0000] {standard_task_runner.py:87} INFO - Running: ['***', 'tasks', 'run', 'deverlop_model', 'StartJob', 'scheduled__2024-02-01T01:10:00+00:00', '--job-id', '326', '--raw', '--subdir', 'DAGS_FOLDER/task.py', '--cfg-path', '/tmp/tmpcdixn6se']
[2024-02-14T03:38:04.309+0000] {standard_task_runner.py:88} INFO - Job 326: Subtask StartJob
[2024-02-14T03:38:04.484+0000] {task_command.py:423} INFO - Running <TaskInstance: deverlop_model.StartJob scheduled__2024-02-01T01:10:00+00:00 [running]> on host 6e2ff7d2ffd0
[2024-02-14T03:38:04.626+0000] {taskinstance.py:2480} INFO - Exporting env vars: AIRFLOW_CTX_DAG_OWNER='rtn' AIRFLOW_CTX_DAG_ID='deverlop_model' AIRFLOW_CTX_TASK_ID='StartJob' AIRFLOW_CTX_EXECUTION_DATE='2024-02-01T01:10:00+00:00' AIRFLOW_CTX_TRY_NUMBER='1' AIRFLOW_CTX_DAG_RUN_ID='scheduled__2024-02-01T01:10:00+00:00'
[2024-02-14T03:38:04.629+0000] {subprocess.py:63} INFO - Tmp dir root location: /tmp
[2024-02-14T03:38:04.632+0000] {subprocess.py:75} INFO - Running command: ['/usr/bin/bash', '-c', "\n            echo StartJob && \n            if [ ! -e '/opt/***/dags/data/2024-02-14' ]; then\n                mkdir /opt/***/dags/data/2024-02-14 \n            fi && \n            if [ ! -e '/opt/***/dags/data/2024-02-14/data' ]; then\n                mkdir /opt/***/dags/data/2024-02-14/data\n            fi && \n            if [ ! -e '/opt/***/dags/data/2024-02-14/model' ]; then\n                mkdir /opt/***/dags/data/2024-02-14/model\n            fi\n        "]
[2024-02-14T03:38:04.657+0000] {subprocess.py:86} INFO - Output:
[2024-02-14T03:38:04.659+0000] {subprocess.py:93} INFO - StartJob
[2024-02-14T03:38:04.661+0000] {subprocess.py:97} INFO - Command exited with return code 0
[2024-02-14T03:38:04.698+0000] {taskinstance.py:1138} INFO - Marking task as SUCCESS. dag_id=deverlop_model, task_id=StartJob, execution_date=20240201T011000, start_date=20240214T033804, end_date=20240214T033804
[2024-02-14T03:38:04.761+0000] {local_task_job_runner.py:234} INFO - Task exited with return code 0
[2024-02-14T03:38:04.792+0000] {taskinstance.py:3280} INFO - 1 downstream tasks scheduled from follow-on schedule check
[2024-02-14T03:39:29.234+0000] {taskinstance.py:1956} INFO - Dependencies all met for dep_context=non-requeueable deps ti=<TaskInstance: deverlop_model.StartJob scheduled__2024-02-01T01:10:00+00:00 [queued]>
[2024-02-14T03:39:29.251+0000] {taskinstance.py:1956} INFO - Dependencies all met for dep_context=requeueable deps ti=<TaskInstance: deverlop_model.StartJob scheduled__2024-02-01T01:10:00+00:00 [queued]>
[2024-02-14T03:39:29.252+0000] {taskinstance.py:2170} INFO - Starting attempt 1 of 1
[2024-02-14T03:39:29.276+0000] {taskinstance.py:2191} INFO - Executing <Task(BashOperator): StartJob> on 2024-02-01 01:10:00+00:00
[2024-02-14T03:39:29.290+0000] {standard_task_runner.py:60} INFO - Started process 3023 to run task
[2024-02-14T03:39:29.294+0000] {standard_task_runner.py:87} INFO - Running: ['***', 'tasks', 'run', 'deverlop_model', 'StartJob', 'scheduled__2024-02-01T01:10:00+00:00', '--job-id', '378', '--raw', '--subdir', 'DAGS_FOLDER/task.py', '--cfg-path', '/tmp/tmpskklsq5e']
[2024-02-14T03:39:29.297+0000] {standard_task_runner.py:88} INFO - Job 378: Subtask StartJob
[2024-02-14T03:39:29.378+0000] {task_command.py:423} INFO - Running <TaskInstance: deverlop_model.StartJob scheduled__2024-02-01T01:10:00+00:00 [running]> on host 6e2ff7d2ffd0
[2024-02-14T03:39:29.485+0000] {taskinstance.py:2480} INFO - Exporting env vars: AIRFLOW_CTX_DAG_OWNER='rtn' AIRFLOW_CTX_DAG_ID='deverlop_model' AIRFLOW_CTX_TASK_ID='StartJob' AIRFLOW_CTX_EXECUTION_DATE='2024-02-01T01:10:00+00:00' AIRFLOW_CTX_TRY_NUMBER='1' AIRFLOW_CTX_DAG_RUN_ID='scheduled__2024-02-01T01:10:00+00:00'
[2024-02-14T03:39:29.488+0000] {subprocess.py:63} INFO - Tmp dir root location: /tmp
[2024-02-14T03:39:29.491+0000] {subprocess.py:75} INFO - Running command: ['/usr/bin/bash', '-c', "\n            echo StartJob && \n            if [ ! -e '/opt/***/dags/data/2024-02-14' ]; then\n                mkdir /opt/***/dags/data/2024-02-14 \n            fi && \n            if [ ! -e '/opt/***/dags/data/2024-02-14/data' ]; then\n                mkdir /opt/***/dags/data/2024-02-14/data\n            fi && \n            if [ ! -e '/opt/***/dags/data/2024-02-14/model' ]; then\n                mkdir /opt/***/dags/data/2024-02-14/model\n            fi\n        "]
[2024-02-14T03:39:29.513+0000] {subprocess.py:86} INFO - Output:
[2024-02-14T03:39:29.516+0000] {subprocess.py:93} INFO - StartJob
[2024-02-14T03:39:29.520+0000] {subprocess.py:97} INFO - Command exited with return code 0
[2024-02-14T03:39:29.559+0000] {taskinstance.py:1138} INFO - Marking task as SUCCESS. dag_id=deverlop_model, task_id=StartJob, execution_date=20240201T011000, start_date=20240214T033929, end_date=20240214T033929
[2024-02-14T03:39:29.628+0000] {local_task_job_runner.py:234} INFO - Task exited with return code 0
[2024-02-14T03:39:29.796+0000] {taskinstance.py:3280} INFO - 0 downstream tasks scheduled from follow-on schedule check
