[2024-02-14T02:06:57.992+0000] {taskinstance.py:1956} INFO - Dependencies all met for dep_context=non-requeueable deps ti=<TaskInstance: deverlop_model.StartJob scheduled__2024-01-01T00:00:00+00:00 [queued]>
[2024-02-14T02:06:58.012+0000] {taskinstance.py:1956} INFO - Dependencies all met for dep_context=requeueable deps ti=<TaskInstance: deverlop_model.StartJob scheduled__2024-01-01T00:00:00+00:00 [queued]>
[2024-02-14T02:06:58.013+0000] {taskinstance.py:2170} INFO - Starting attempt 1 of 1
[2024-02-14T02:06:58.044+0000] {taskinstance.py:2191} INFO - Executing <Task(BashOperator): StartJob> on 2024-01-01 00:00:00+00:00
[2024-02-14T02:06:58.057+0000] {standard_task_runner.py:60} INFO - Started process 309 to run task
[2024-02-14T02:06:58.108+0000] {standard_task_runner.py:87} INFO - Running: ['***', 'tasks', 'run', 'deverlop_model', 'StartJob', 'scheduled__2024-01-01T00:00:00+00:00', '--job-id', '9', '--raw', '--subdir', 'DAGS_FOLDER/task.py', '--cfg-path', '/tmp/tmp7a317es9']
[2024-02-14T02:06:58.113+0000] {standard_task_runner.py:88} INFO - Job 9: Subtask StartJob
[2024-02-14T02:06:58.290+0000] {task_command.py:423} INFO - Running <TaskInstance: deverlop_model.StartJob scheduled__2024-01-01T00:00:00+00:00 [running]> on host 6e2ff7d2ffd0
[2024-02-14T02:06:58.509+0000] {taskinstance.py:2480} INFO - Exporting env vars: AIRFLOW_CTX_DAG_OWNER='rtn' AIRFLOW_CTX_DAG_ID='deverlop_model' AIRFLOW_CTX_TASK_ID='StartJob' AIRFLOW_CTX_EXECUTION_DATE='2024-01-01T00:00:00+00:00' AIRFLOW_CTX_TRY_NUMBER='1' AIRFLOW_CTX_DAG_RUN_ID='scheduled__2024-01-01T00:00:00+00:00'
[2024-02-14T02:06:58.519+0000] {subprocess.py:63} INFO - Tmp dir root location: /tmp
[2024-02-14T02:06:58.522+0000] {subprocess.py:75} INFO - Running command: ['/usr/bin/bash', '-c', 'echo StartJob']
[2024-02-14T02:06:58.554+0000] {subprocess.py:86} INFO - Output:
[2024-02-14T02:06:58.556+0000] {subprocess.py:93} INFO - StartJob
[2024-02-14T02:06:58.560+0000] {subprocess.py:97} INFO - Command exited with return code 0
[2024-02-14T02:06:58.649+0000] {taskinstance.py:1138} INFO - Marking task as SUCCESS. dag_id=deverlop_model, task_id=StartJob, execution_date=20240101T000000, start_date=20240214T020657, end_date=20240214T020658
[2024-02-14T02:06:58.728+0000] {local_task_job_runner.py:234} INFO - Task exited with return code 0
[2024-02-14T02:06:58.817+0000] {taskinstance.py:3280} INFO - 1 downstream tasks scheduled from follow-on schedule check
[2024-02-14T03:53:42.974+0000] {taskinstance.py:1956} INFO - Dependencies all met for dep_context=non-requeueable deps ti=<TaskInstance: deverlop_model.StartJob scheduled__2024-01-01T00:00:00+00:00 [queued]>
[2024-02-14T03:53:42.989+0000] {taskinstance.py:1956} INFO - Dependencies all met for dep_context=requeueable deps ti=<TaskInstance: deverlop_model.StartJob scheduled__2024-01-01T00:00:00+00:00 [queued]>
[2024-02-14T03:53:42.990+0000] {taskinstance.py:2170} INFO - Starting attempt 1 of 1
[2024-02-14T03:53:43.137+0000] {taskinstance.py:2191} INFO - Executing <Task(BashOperator): StartJob> on 2024-01-01 00:00:00+00:00
[2024-02-14T03:53:43.158+0000] {standard_task_runner.py:60} INFO - Started process 3391 to run task
[2024-02-14T03:53:43.160+0000] {standard_task_runner.py:87} INFO - Running: ['***', 'tasks', 'run', 'deverlop_model', 'StartJob', 'scheduled__2024-01-01T00:00:00+00:00', '--job-id', '421', '--raw', '--subdir', 'DAGS_FOLDER/task.py', '--cfg-path', '/tmp/tmpmc4yy_ed']
[2024-02-14T03:53:43.177+0000] {standard_task_runner.py:88} INFO - Job 421: Subtask StartJob
[2024-02-14T03:53:43.313+0000] {task_command.py:423} INFO - Running <TaskInstance: deverlop_model.StartJob scheduled__2024-01-01T00:00:00+00:00 [running]> on host 6e2ff7d2ffd0
[2024-02-14T03:53:43.486+0000] {taskinstance.py:2480} INFO - Exporting env vars: AIRFLOW_CTX_DAG_OWNER='rtn' AIRFLOW_CTX_DAG_ID='deverlop_model' AIRFLOW_CTX_TASK_ID='StartJob' AIRFLOW_CTX_EXECUTION_DATE='2024-01-01T00:00:00+00:00' AIRFLOW_CTX_TRY_NUMBER='1' AIRFLOW_CTX_DAG_RUN_ID='scheduled__2024-01-01T00:00:00+00:00'
[2024-02-14T03:53:43.499+0000] {subprocess.py:63} INFO - Tmp dir root location: /tmp
[2024-02-14T03:53:43.515+0000] {subprocess.py:75} INFO - Running command: ['/usr/bin/bash', '-c', "\n            echo StartJob && \n            if [ ! -e '/opt/***/dags/data/2024-02-14' ]; then\n                mkdir /opt/***/dags/data/2024-02-14 \n            fi && \n            if [ ! -e '/opt/***/dags/data/2024-02-14/data' ]; then\n                mkdir /opt/***/dags/data/2024-02-14/data\n            fi && \n            if [ ! -e '/opt/***/dags/data/2024-02-14/model' ]; then\n                mkdir /opt/***/dags/data/2024-02-14/model\n            fi\n        "]
[2024-02-14T03:53:43.577+0000] {subprocess.py:86} INFO - Output:
[2024-02-14T03:53:43.580+0000] {subprocess.py:93} INFO - StartJob
[2024-02-14T03:53:43.601+0000] {subprocess.py:97} INFO - Command exited with return code 0
[2024-02-14T03:53:43.667+0000] {taskinstance.py:1138} INFO - Marking task as SUCCESS. dag_id=deverlop_model, task_id=StartJob, execution_date=20240101T000000, start_date=20240214T035342, end_date=20240214T035343
[2024-02-14T03:53:43.800+0000] {local_task_job_runner.py:234} INFO - Task exited with return code 0
[2024-02-14T03:53:44.160+0000] {taskinstance.py:3280} INFO - 0 downstream tasks scheduled from follow-on schedule check
[2024-02-14T03:55:58.550+0000] {taskinstance.py:1956} INFO - Dependencies all met for dep_context=non-requeueable deps ti=<TaskInstance: deverlop_model.StartJob scheduled__2024-01-01T00:00:00+00:00 [queued]>
[2024-02-14T03:55:58.563+0000] {taskinstance.py:1956} INFO - Dependencies all met for dep_context=requeueable deps ti=<TaskInstance: deverlop_model.StartJob scheduled__2024-01-01T00:00:00+00:00 [queued]>
[2024-02-14T03:55:58.564+0000] {taskinstance.py:2170} INFO - Starting attempt 1 of 1
[2024-02-14T03:55:58.586+0000] {taskinstance.py:2191} INFO - Executing <Task(BashOperator): StartJob> on 2024-01-01 00:00:00+00:00
[2024-02-14T03:55:58.598+0000] {standard_task_runner.py:60} INFO - Started process 3509 to run task
[2024-02-14T03:55:58.603+0000] {standard_task_runner.py:87} INFO - Running: ['***', 'tasks', 'run', 'deverlop_model', 'StartJob', 'scheduled__2024-01-01T00:00:00+00:00', '--job-id', '444', '--raw', '--subdir', 'DAGS_FOLDER/task.py', '--cfg-path', '/tmp/tmpco5sv3fn']
[2024-02-14T03:55:58.607+0000] {standard_task_runner.py:88} INFO - Job 444: Subtask StartJob
[2024-02-14T03:55:58.686+0000] {task_command.py:423} INFO - Running <TaskInstance: deverlop_model.StartJob scheduled__2024-01-01T00:00:00+00:00 [running]> on host 6e2ff7d2ffd0
[2024-02-14T03:55:58.802+0000] {taskinstance.py:2480} INFO - Exporting env vars: AIRFLOW_CTX_DAG_OWNER='***' AIRFLOW_CTX_DAG_ID='deverlop_model' AIRFLOW_CTX_TASK_ID='StartJob' AIRFLOW_CTX_EXECUTION_DATE='2024-01-01T00:00:00+00:00' AIRFLOW_CTX_TRY_NUMBER='1' AIRFLOW_CTX_DAG_RUN_ID='scheduled__2024-01-01T00:00:00+00:00'
[2024-02-14T03:55:58.806+0000] {subprocess.py:63} INFO - Tmp dir root location: /tmp
[2024-02-14T03:55:58.808+0000] {subprocess.py:75} INFO - Running command: ['/usr/bin/bash', '-c', "\n            echo StartJob && \n            if [ ! -e '/opt/***/dags/data/2024-02-14' ]; then\n                mkdir /opt/***/dags/data/2024-02-14 \n            fi && \n            if [ ! -e '/opt/***/dags/data/2024-02-14/data' ]; then\n                mkdir /opt/***/dags/data/2024-02-14/data\n            fi && \n            if [ ! -e '/opt/***/dags/data/2024-02-14/model' ]; then\n                mkdir /opt/***/dags/data/2024-02-14/model\n            fi\n        "]
[2024-02-14T03:55:58.834+0000] {subprocess.py:86} INFO - Output:
[2024-02-14T03:55:58.837+0000] {subprocess.py:93} INFO - StartJob
[2024-02-14T03:55:58.843+0000] {subprocess.py:97} INFO - Command exited with return code 0
[2024-02-14T03:55:58.891+0000] {taskinstance.py:1138} INFO - Marking task as SUCCESS. dag_id=deverlop_model, task_id=StartJob, execution_date=20240101T000000, start_date=20240214T035558, end_date=20240214T035558
[2024-02-14T03:55:58.939+0000] {local_task_job_runner.py:234} INFO - Task exited with return code 0
[2024-02-14T03:55:59.178+0000] {taskinstance.py:3280} INFO - 0 downstream tasks scheduled from follow-on schedule check
[2024-02-14T04:00:38.448+0000] {taskinstance.py:1956} INFO - Dependencies all met for dep_context=non-requeueable deps ti=<TaskInstance: deverlop_model.StartJob scheduled__2024-01-01T00:00:00+00:00 [queued]>
[2024-02-14T04:00:38.466+0000] {taskinstance.py:1956} INFO - Dependencies all met for dep_context=requeueable deps ti=<TaskInstance: deverlop_model.StartJob scheduled__2024-01-01T00:00:00+00:00 [queued]>
[2024-02-14T04:00:38.467+0000] {taskinstance.py:2170} INFO - Starting attempt 1 of 1
[2024-02-14T04:00:38.503+0000] {taskinstance.py:2191} INFO - Executing <Task(BashOperator): StartJob> on 2024-01-01 00:00:00+00:00
[2024-02-14T04:00:38.513+0000] {standard_task_runner.py:60} INFO - Started process 3807 to run task
[2024-02-14T04:00:38.518+0000] {standard_task_runner.py:87} INFO - Running: ['***', 'tasks', 'run', 'deverlop_model', 'StartJob', 'scheduled__2024-01-01T00:00:00+00:00', '--job-id', '509', '--raw', '--subdir', 'DAGS_FOLDER/task.py', '--cfg-path', '/tmp/tmpc734zi5p']
[2024-02-14T04:00:38.524+0000] {standard_task_runner.py:88} INFO - Job 509: Subtask StartJob
[2024-02-14T04:00:38.625+0000] {task_command.py:423} INFO - Running <TaskInstance: deverlop_model.StartJob scheduled__2024-01-01T00:00:00+00:00 [running]> on host 6e2ff7d2ffd0
[2024-02-14T04:00:38.742+0000] {taskinstance.py:2480} INFO - Exporting env vars: AIRFLOW_CTX_DAG_OWNER='***' AIRFLOW_CTX_DAG_ID='deverlop_model' AIRFLOW_CTX_TASK_ID='StartJob' AIRFLOW_CTX_EXECUTION_DATE='2024-01-01T00:00:00+00:00' AIRFLOW_CTX_TRY_NUMBER='1' AIRFLOW_CTX_DAG_RUN_ID='scheduled__2024-01-01T00:00:00+00:00'
[2024-02-14T04:00:38.747+0000] {subprocess.py:63} INFO - Tmp dir root location: /tmp
[2024-02-14T04:00:38.750+0000] {subprocess.py:75} INFO - Running command: ['/usr/bin/bash', '-c', "\n            echo StartJob && \n            if [ ! -e '/opt/***/dags/data/2024-02-14' ]; then\n                mkdir /opt/***/dags/data/2024-02-14 \n            fi && \n            if [ ! -e '/opt/***/dags/data/2024-02-14/data' ]; then\n                mkdir /opt/***/dags/data/2024-02-14/data\n            fi && \n            if [ ! -e '/opt/***/dags/data/2024-02-14/model' ]; then\n                mkdir /opt/***/dags/data/2024-02-14/model\n            fi\n        "]
[2024-02-14T04:00:38.778+0000] {subprocess.py:86} INFO - Output:
[2024-02-14T04:00:38.783+0000] {subprocess.py:93} INFO - StartJob
[2024-02-14T04:00:38.791+0000] {subprocess.py:97} INFO - Command exited with return code 0
[2024-02-14T04:00:38.833+0000] {taskinstance.py:1138} INFO - Marking task as SUCCESS. dag_id=deverlop_model, task_id=StartJob, execution_date=20240101T000000, start_date=20240214T040038, end_date=20240214T040038
[2024-02-14T04:00:38.900+0000] {local_task_job_runner.py:234} INFO - Task exited with return code 0
[2024-02-14T04:00:38.937+0000] {taskinstance.py:3280} INFO - 0 downstream tasks scheduled from follow-on schedule check
