[2024-02-14T03:32:49.811+0000] {taskinstance.py:1956} INFO - Dependencies all met for dep_context=non-requeueable deps ti=<TaskInstance: deverlop_model.StartJob scheduled__2024-02-01T00:15:00+00:00 [queued]>
[2024-02-14T03:32:49.877+0000] {taskinstance.py:1956} INFO - Dependencies all met for dep_context=requeueable deps ti=<TaskInstance: deverlop_model.StartJob scheduled__2024-02-01T00:15:00+00:00 [queued]>
[2024-02-14T03:32:49.878+0000] {taskinstance.py:2170} INFO - Starting attempt 1 of 1
[2024-02-14T03:32:49.935+0000] {taskinstance.py:2191} INFO - Executing <Task(BashOperator): StartJob> on 2024-02-01 00:15:00+00:00
[2024-02-14T03:32:49.955+0000] {standard_task_runner.py:60} INFO - Started process 2322 to run task
[2024-02-14T03:32:50.017+0000] {standard_task_runner.py:87} INFO - Running: ['***', 'tasks', 'run', 'deverlop_model', 'StartJob', 'scheduled__2024-02-01T00:15:00+00:00', '--job-id', '205', '--raw', '--subdir', 'DAGS_FOLDER/task.py', '--cfg-path', '/tmp/tmpx6xz7ely']
[2024-02-14T03:32:50.030+0000] {standard_task_runner.py:88} INFO - Job 205: Subtask StartJob
[2024-02-14T03:32:50.301+0000] {task_command.py:423} INFO - Running <TaskInstance: deverlop_model.StartJob scheduled__2024-02-01T00:15:00+00:00 [running]> on host 6e2ff7d2ffd0
[2024-02-14T03:32:50.613+0000] {taskinstance.py:2480} INFO - Exporting env vars: AIRFLOW_CTX_DAG_OWNER='rtn' AIRFLOW_CTX_DAG_ID='deverlop_model' AIRFLOW_CTX_TASK_ID='StartJob' AIRFLOW_CTX_EXECUTION_DATE='2024-02-01T00:15:00+00:00' AIRFLOW_CTX_TRY_NUMBER='1' AIRFLOW_CTX_DAG_RUN_ID='scheduled__2024-02-01T00:15:00+00:00'
[2024-02-14T03:32:50.630+0000] {subprocess.py:63} INFO - Tmp dir root location: /tmp
[2024-02-14T03:32:50.650+0000] {subprocess.py:75} INFO - Running command: ['/usr/bin/bash', '-c', "\n            echo StartJob && \n            if [ ! -e '/opt/***/dags/data/2024-02-14' ]; then\n                mkdir /opt/***/dags/data/2024-02-14 \n            fi && \n            if [ ! -e '/opt/***/dags/data/2024-02-14/data' ]; then\n                mkdir /opt/***/dags/data/2024-02-14/data\n            fi && \n            if [ ! -e '/opt/***/dags/data/2024-02-14/model' ]; then\n                mkdir /opt/***/dags/data/2024-02-14/model\n            fi\n        "]
[2024-02-14T03:32:50.699+0000] {subprocess.py:86} INFO - Output:
[2024-02-14T03:32:50.721+0000] {subprocess.py:93} INFO - StartJob
[2024-02-14T03:32:50.724+0000] {subprocess.py:97} INFO - Command exited with return code 0
[2024-02-14T03:32:50.907+0000] {taskinstance.py:1138} INFO - Marking task as SUCCESS. dag_id=deverlop_model, task_id=StartJob, execution_date=20240201T001500, start_date=20240214T033249, end_date=20240214T033250
[2024-02-14T03:32:50.994+0000] {local_task_job_runner.py:234} INFO - Task exited with return code 0
[2024-02-14T03:32:51.092+0000] {taskinstance.py:3280} INFO - 1 downstream tasks scheduled from follow-on schedule check
[2024-02-14T03:34:19.819+0000] {taskinstance.py:1956} INFO - Dependencies all met for dep_context=non-requeueable deps ti=<TaskInstance: deverlop_model.StartJob scheduled__2024-02-01T00:15:00+00:00 [queued]>
[2024-02-14T03:34:19.833+0000] {taskinstance.py:1956} INFO - Dependencies all met for dep_context=requeueable deps ti=<TaskInstance: deverlop_model.StartJob scheduled__2024-02-01T00:15:00+00:00 [queued]>
[2024-02-14T03:34:19.834+0000] {taskinstance.py:2170} INFO - Starting attempt 1 of 1
[2024-02-14T03:34:19.853+0000] {taskinstance.py:2191} INFO - Executing <Task(BashOperator): StartJob> on 2024-02-01 00:15:00+00:00
[2024-02-14T03:34:19.863+0000] {standard_task_runner.py:60} INFO - Started process 2420 to run task
[2024-02-14T03:34:19.870+0000] {standard_task_runner.py:87} INFO - Running: ['***', 'tasks', 'run', 'deverlop_model', 'StartJob', 'scheduled__2024-02-01T00:15:00+00:00', '--job-id', '227', '--raw', '--subdir', 'DAGS_FOLDER/task.py', '--cfg-path', '/tmp/tmpvhoyj_jx']
[2024-02-14T03:34:19.874+0000] {standard_task_runner.py:88} INFO - Job 227: Subtask StartJob
[2024-02-14T03:34:19.948+0000] {task_command.py:423} INFO - Running <TaskInstance: deverlop_model.StartJob scheduled__2024-02-01T00:15:00+00:00 [running]> on host 6e2ff7d2ffd0
[2024-02-14T03:34:20.062+0000] {taskinstance.py:2480} INFO - Exporting env vars: AIRFLOW_CTX_DAG_OWNER='rtn' AIRFLOW_CTX_DAG_ID='deverlop_model' AIRFLOW_CTX_TASK_ID='StartJob' AIRFLOW_CTX_EXECUTION_DATE='2024-02-01T00:15:00+00:00' AIRFLOW_CTX_TRY_NUMBER='1' AIRFLOW_CTX_DAG_RUN_ID='scheduled__2024-02-01T00:15:00+00:00'
[2024-02-14T03:34:20.067+0000] {subprocess.py:63} INFO - Tmp dir root location: /tmp
[2024-02-14T03:34:20.068+0000] {subprocess.py:75} INFO - Running command: ['/usr/bin/bash', '-c', "\n            echo StartJob && \n            if [ ! -e '/opt/***/dags/data/2024-02-14' ]; then\n                mkdir /opt/***/dags/data/2024-02-14 \n            fi && \n            if [ ! -e '/opt/***/dags/data/2024-02-14/data' ]; then\n                mkdir /opt/***/dags/data/2024-02-14/data\n            fi && \n            if [ ! -e '/opt/***/dags/data/2024-02-14/model' ]; then\n                mkdir /opt/***/dags/data/2024-02-14/model\n            fi\n        "]
[2024-02-14T03:34:20.089+0000] {subprocess.py:86} INFO - Output:
[2024-02-14T03:34:20.091+0000] {subprocess.py:93} INFO - StartJob
[2024-02-14T03:34:20.098+0000] {subprocess.py:97} INFO - Command exited with return code 0
[2024-02-14T03:34:20.129+0000] {taskinstance.py:1138} INFO - Marking task as SUCCESS. dag_id=deverlop_model, task_id=StartJob, execution_date=20240201T001500, start_date=20240214T033419, end_date=20240214T033420
[2024-02-14T03:34:20.163+0000] {local_task_job_runner.py:234} INFO - Task exited with return code 0
[2024-02-14T03:34:20.196+0000] {taskinstance.py:3280} INFO - 0 downstream tasks scheduled from follow-on schedule check
[2024-02-14T03:37:58.151+0000] {taskinstance.py:1956} INFO - Dependencies all met for dep_context=non-requeueable deps ti=<TaskInstance: deverlop_model.StartJob scheduled__2024-02-01T00:15:00+00:00 [queued]>
[2024-02-14T03:37:58.166+0000] {taskinstance.py:1956} INFO - Dependencies all met for dep_context=requeueable deps ti=<TaskInstance: deverlop_model.StartJob scheduled__2024-02-01T00:15:00+00:00 [queued]>
[2024-02-14T03:37:58.168+0000] {taskinstance.py:2170} INFO - Starting attempt 1 of 1
[2024-02-14T03:37:58.199+0000] {taskinstance.py:2191} INFO - Executing <Task(BashOperator): StartJob> on 2024-02-01 00:15:00+00:00
[2024-02-14T03:37:58.217+0000] {standard_task_runner.py:60} INFO - Started process 2745 to run task
[2024-02-14T03:37:58.227+0000] {standard_task_runner.py:87} INFO - Running: ['***', 'tasks', 'run', 'deverlop_model', 'StartJob', 'scheduled__2024-02-01T00:15:00+00:00', '--job-id', '304', '--raw', '--subdir', 'DAGS_FOLDER/task.py', '--cfg-path', '/tmp/tmpon46soia']
[2024-02-14T03:37:58.236+0000] {standard_task_runner.py:88} INFO - Job 304: Subtask StartJob
[2024-02-14T03:37:58.372+0000] {task_command.py:423} INFO - Running <TaskInstance: deverlop_model.StartJob scheduled__2024-02-01T00:15:00+00:00 [running]> on host 6e2ff7d2ffd0
[2024-02-14T03:37:58.531+0000] {taskinstance.py:2480} INFO - Exporting env vars: AIRFLOW_CTX_DAG_OWNER='rtn' AIRFLOW_CTX_DAG_ID='deverlop_model' AIRFLOW_CTX_TASK_ID='StartJob' AIRFLOW_CTX_EXECUTION_DATE='2024-02-01T00:15:00+00:00' AIRFLOW_CTX_TRY_NUMBER='1' AIRFLOW_CTX_DAG_RUN_ID='scheduled__2024-02-01T00:15:00+00:00'
[2024-02-14T03:37:58.535+0000] {subprocess.py:63} INFO - Tmp dir root location: /tmp
[2024-02-14T03:37:58.545+0000] {subprocess.py:75} INFO - Running command: ['/usr/bin/bash', '-c', "\n            echo StartJob && \n            if [ ! -e '/opt/***/dags/data/2024-02-14' ]; then\n                mkdir /opt/***/dags/data/2024-02-14 \n            fi && \n            if [ ! -e '/opt/***/dags/data/2024-02-14/data' ]; then\n                mkdir /opt/***/dags/data/2024-02-14/data\n            fi && \n            if [ ! -e '/opt/***/dags/data/2024-02-14/model' ]; then\n                mkdir /opt/***/dags/data/2024-02-14/model\n            fi\n        "]
[2024-02-14T03:37:58.576+0000] {subprocess.py:86} INFO - Output:
[2024-02-14T03:37:58.581+0000] {subprocess.py:93} INFO - StartJob
[2024-02-14T03:37:58.591+0000] {subprocess.py:97} INFO - Command exited with return code 0
[2024-02-14T03:37:58.638+0000] {taskinstance.py:1138} INFO - Marking task as SUCCESS. dag_id=deverlop_model, task_id=StartJob, execution_date=20240201T001500, start_date=20240214T033758, end_date=20240214T033758
[2024-02-14T03:37:58.681+0000] {local_task_job_runner.py:234} INFO - Task exited with return code 0
[2024-02-14T03:37:58.797+0000] {taskinstance.py:3280} INFO - 0 downstream tasks scheduled from follow-on schedule check
[2024-02-14T03:39:23.499+0000] {taskinstance.py:1956} INFO - Dependencies all met for dep_context=non-requeueable deps ti=<TaskInstance: deverlop_model.StartJob scheduled__2024-02-01T00:15:00+00:00 [queued]>
[2024-02-14T03:39:23.510+0000] {taskinstance.py:1956} INFO - Dependencies all met for dep_context=requeueable deps ti=<TaskInstance: deverlop_model.StartJob scheduled__2024-02-01T00:15:00+00:00 [queued]>
[2024-02-14T03:39:23.511+0000] {taskinstance.py:2170} INFO - Starting attempt 1 of 1
[2024-02-14T03:39:23.528+0000] {taskinstance.py:2191} INFO - Executing <Task(BashOperator): StartJob> on 2024-02-01 00:15:00+00:00
[2024-02-14T03:39:23.536+0000] {standard_task_runner.py:60} INFO - Started process 2950 to run task
[2024-02-14T03:39:23.540+0000] {standard_task_runner.py:87} INFO - Running: ['***', 'tasks', 'run', 'deverlop_model', 'StartJob', 'scheduled__2024-02-01T00:15:00+00:00', '--job-id', '357', '--raw', '--subdir', 'DAGS_FOLDER/task.py', '--cfg-path', '/tmp/tmp_4ezkh36']
[2024-02-14T03:39:23.543+0000] {standard_task_runner.py:88} INFO - Job 357: Subtask StartJob
[2024-02-14T03:39:23.605+0000] {task_command.py:423} INFO - Running <TaskInstance: deverlop_model.StartJob scheduled__2024-02-01T00:15:00+00:00 [running]> on host 6e2ff7d2ffd0
[2024-02-14T03:39:23.727+0000] {taskinstance.py:2480} INFO - Exporting env vars: AIRFLOW_CTX_DAG_OWNER='rtn' AIRFLOW_CTX_DAG_ID='deverlop_model' AIRFLOW_CTX_TASK_ID='StartJob' AIRFLOW_CTX_EXECUTION_DATE='2024-02-01T00:15:00+00:00' AIRFLOW_CTX_TRY_NUMBER='1' AIRFLOW_CTX_DAG_RUN_ID='scheduled__2024-02-01T00:15:00+00:00'
[2024-02-14T03:39:23.730+0000] {subprocess.py:63} INFO - Tmp dir root location: /tmp
[2024-02-14T03:39:23.733+0000] {subprocess.py:75} INFO - Running command: ['/usr/bin/bash', '-c', "\n            echo StartJob && \n            if [ ! -e '/opt/***/dags/data/2024-02-14' ]; then\n                mkdir /opt/***/dags/data/2024-02-14 \n            fi && \n            if [ ! -e '/opt/***/dags/data/2024-02-14/data' ]; then\n                mkdir /opt/***/dags/data/2024-02-14/data\n            fi && \n            if [ ! -e '/opt/***/dags/data/2024-02-14/model' ]; then\n                mkdir /opt/***/dags/data/2024-02-14/model\n            fi\n        "]
[2024-02-14T03:39:23.756+0000] {subprocess.py:86} INFO - Output:
[2024-02-14T03:39:23.757+0000] {subprocess.py:93} INFO - StartJob
[2024-02-14T03:39:23.762+0000] {subprocess.py:97} INFO - Command exited with return code 0
[2024-02-14T03:39:23.803+0000] {taskinstance.py:1138} INFO - Marking task as SUCCESS. dag_id=deverlop_model, task_id=StartJob, execution_date=20240201T001500, start_date=20240214T033923, end_date=20240214T033923
[2024-02-14T03:39:23.834+0000] {local_task_job_runner.py:234} INFO - Task exited with return code 0
[2024-02-14T03:39:24.064+0000] {taskinstance.py:3280} INFO - 0 downstream tasks scheduled from follow-on schedule check
[2024-02-14T04:09:29.994+0000] {taskinstance.py:1956} INFO - Dependencies all met for dep_context=non-requeueable deps ti=<TaskInstance: deverlop_model.StartJob scheduled__2024-02-01T00:15:00+00:00 [queued]>
[2024-02-14T04:09:30.007+0000] {taskinstance.py:1956} INFO - Dependencies all met for dep_context=requeueable deps ti=<TaskInstance: deverlop_model.StartJob scheduled__2024-02-01T00:15:00+00:00 [queued]>
[2024-02-14T04:09:30.008+0000] {taskinstance.py:2170} INFO - Starting attempt 1 of 1
[2024-02-14T04:09:30.025+0000] {taskinstance.py:2191} INFO - Executing <Task(BashOperator): StartJob> on 2024-02-01 00:15:00+00:00
[2024-02-14T04:09:30.035+0000] {standard_task_runner.py:60} INFO - Started process 4045 to run task
[2024-02-14T04:09:30.038+0000] {standard_task_runner.py:87} INFO - Running: ['***', 'tasks', 'run', 'deverlop_model', 'StartJob', 'scheduled__2024-02-01T00:15:00+00:00', '--job-id', '537', '--raw', '--subdir', 'DAGS_FOLDER/task.py', '--cfg-path', '/tmp/tmp4nn8308f']
[2024-02-14T04:09:30.041+0000] {standard_task_runner.py:88} INFO - Job 537: Subtask StartJob
[2024-02-14T04:09:30.105+0000] {task_command.py:423} INFO - Running <TaskInstance: deverlop_model.StartJob scheduled__2024-02-01T00:15:00+00:00 [running]> on host 6e2ff7d2ffd0
[2024-02-14T04:09:30.272+0000] {taskinstance.py:2480} INFO - Exporting env vars: AIRFLOW_CTX_DAG_OWNER='rtn' AIRFLOW_CTX_DAG_ID='deverlop_model' AIRFLOW_CTX_TASK_ID='StartJob' AIRFLOW_CTX_EXECUTION_DATE='2024-02-01T00:15:00+00:00' AIRFLOW_CTX_TRY_NUMBER='1' AIRFLOW_CTX_DAG_RUN_ID='scheduled__2024-02-01T00:15:00+00:00'
[2024-02-14T04:09:30.276+0000] {subprocess.py:63} INFO - Tmp dir root location: /tmp
[2024-02-14T04:09:30.278+0000] {subprocess.py:75} INFO - Running command: ['/usr/bin/bash', '-c', "\n            echo StartJob && \n            if [ ! -e '/opt/***/dags/data/2024-02-14' ]; then\n                mkdir /opt/***/dags/data/2024-02-14 \n            fi && \n            if [ ! -e '/opt/***/dags/data/2024-02-14/data' ]; then\n                mkdir /opt/***/dags/data/2024-02-14/data\n            fi && \n            if [ ! -e '/opt/***/dags/data/2024-02-14/model' ]; then\n                mkdir /opt/***/dags/data/2024-02-14/model\n            fi\n        "]
[2024-02-14T04:09:30.304+0000] {subprocess.py:86} INFO - Output:
[2024-02-14T04:09:30.307+0000] {subprocess.py:93} INFO - StartJob
[2024-02-14T04:09:30.315+0000] {subprocess.py:97} INFO - Command exited with return code 0
[2024-02-14T04:09:30.353+0000] {taskinstance.py:1138} INFO - Marking task as SUCCESS. dag_id=deverlop_model, task_id=StartJob, execution_date=20240201T001500, start_date=20240214T040929, end_date=20240214T040930
[2024-02-14T04:09:30.414+0000] {local_task_job_runner.py:234} INFO - Task exited with return code 0
[2024-02-14T04:09:30.609+0000] {taskinstance.py:3280} INFO - 0 downstream tasks scheduled from follow-on schedule check
[2024-02-14T04:14:26.810+0000] {taskinstance.py:1956} INFO - Dependencies all met for dep_context=non-requeueable deps ti=<TaskInstance: deverlop_model.StartJob scheduled__2024-02-01T00:15:00+00:00 [queued]>
[2024-02-14T04:14:26.821+0000] {taskinstance.py:1956} INFO - Dependencies all met for dep_context=requeueable deps ti=<TaskInstance: deverlop_model.StartJob scheduled__2024-02-01T00:15:00+00:00 [queued]>
[2024-02-14T04:14:26.822+0000] {taskinstance.py:2170} INFO - Starting attempt 1 of 1
[2024-02-14T04:14:26.838+0000] {taskinstance.py:2191} INFO - Executing <Task(BashOperator): StartJob> on 2024-02-01 00:15:00+00:00
[2024-02-14T04:14:26.847+0000] {standard_task_runner.py:60} INFO - Started process 4211 to run task
[2024-02-14T04:14:26.850+0000] {standard_task_runner.py:87} INFO - Running: ['***', 'tasks', 'run', 'deverlop_model', 'StartJob', 'scheduled__2024-02-01T00:15:00+00:00', '--job-id', '563', '--raw', '--subdir', 'DAGS_FOLDER/task.py', '--cfg-path', '/tmp/tmpzo9jh7va']
[2024-02-14T04:14:26.855+0000] {standard_task_runner.py:88} INFO - Job 563: Subtask StartJob
[2024-02-14T04:14:26.918+0000] {task_command.py:423} INFO - Running <TaskInstance: deverlop_model.StartJob scheduled__2024-02-01T00:15:00+00:00 [running]> on host 6e2ff7d2ffd0
[2024-02-14T04:14:27.025+0000] {taskinstance.py:2480} INFO - Exporting env vars: AIRFLOW_CTX_DAG_OWNER='rtn' AIRFLOW_CTX_DAG_ID='deverlop_model' AIRFLOW_CTX_TASK_ID='StartJob' AIRFLOW_CTX_EXECUTION_DATE='2024-02-01T00:15:00+00:00' AIRFLOW_CTX_TRY_NUMBER='1' AIRFLOW_CTX_DAG_RUN_ID='scheduled__2024-02-01T00:15:00+00:00'
[2024-02-14T04:14:27.028+0000] {subprocess.py:63} INFO - Tmp dir root location: /tmp
[2024-02-14T04:14:27.029+0000] {subprocess.py:75} INFO - Running command: ['/usr/bin/bash', '-c', "\n            echo StartJob && \n            if [ ! -e '/opt/***/dags/data/2024-02-14' ]; then\n                mkdir /opt/***/dags/data/2024-02-14 \n            fi && \n            if [ ! -e '/opt/***/dags/data/2024-02-14/data' ]; then\n                mkdir /opt/***/dags/data/2024-02-14/data\n            fi && \n            if [ ! -e '/opt/***/dags/data/2024-02-14/model' ]; then\n                mkdir /opt/***/dags/data/2024-02-14/model\n            fi\n        "]
[2024-02-14T04:14:27.048+0000] {subprocess.py:86} INFO - Output:
[2024-02-14T04:14:27.050+0000] {subprocess.py:93} INFO - StartJob
[2024-02-14T04:14:27.055+0000] {subprocess.py:97} INFO - Command exited with return code 0
[2024-02-14T04:14:27.083+0000] {taskinstance.py:1138} INFO - Marking task as SUCCESS. dag_id=deverlop_model, task_id=StartJob, execution_date=20240201T001500, start_date=20240214T041426, end_date=20240214T041427
[2024-02-14T04:14:27.144+0000] {local_task_job_runner.py:234} INFO - Task exited with return code 0
[2024-02-14T04:14:27.380+0000] {taskinstance.py:3280} INFO - 0 downstream tasks scheduled from follow-on schedule check
