[2024-02-14T02:07:06.157+0000] {taskinstance.py:1956} INFO - Dependencies all met for dep_context=non-requeueable deps ti=<TaskInstance: deverlop_model.StartJob scheduled__2024-01-01T00:50:00+00:00 [queued]>
[2024-02-14T02:07:06.180+0000] {taskinstance.py:1956} INFO - Dependencies all met for dep_context=requeueable deps ti=<TaskInstance: deverlop_model.StartJob scheduled__2024-01-01T00:50:00+00:00 [queued]>
[2024-02-14T02:07:06.181+0000] {taskinstance.py:2170} INFO - Starting attempt 1 of 1
[2024-02-14T02:07:06.247+0000] {taskinstance.py:2191} INFO - Executing <Task(BashOperator): StartJob> on 2024-01-01 00:50:00+00:00
[2024-02-14T02:07:06.296+0000] {standard_task_runner.py:60} INFO - Started process 367 to run task
[2024-02-14T02:07:06.315+0000] {standard_task_runner.py:87} INFO - Running: ['***', 'tasks', 'run', 'deverlop_model', 'StartJob', 'scheduled__2024-01-01T00:50:00+00:00', '--job-id', '19', '--raw', '--subdir', 'DAGS_FOLDER/task.py', '--cfg-path', '/tmp/tmp7qmvoo3b']
[2024-02-14T02:07:06.339+0000] {standard_task_runner.py:88} INFO - Job 19: Subtask StartJob
[2024-02-14T02:07:06.568+0000] {task_command.py:423} INFO - Running <TaskInstance: deverlop_model.StartJob scheduled__2024-01-01T00:50:00+00:00 [running]> on host 6e2ff7d2ffd0
[2024-02-14T02:07:07.025+0000] {taskinstance.py:2480} INFO - Exporting env vars: AIRFLOW_CTX_DAG_OWNER='rtn' AIRFLOW_CTX_DAG_ID='deverlop_model' AIRFLOW_CTX_TASK_ID='StartJob' AIRFLOW_CTX_EXECUTION_DATE='2024-01-01T00:50:00+00:00' AIRFLOW_CTX_TRY_NUMBER='1' AIRFLOW_CTX_DAG_RUN_ID='scheduled__2024-01-01T00:50:00+00:00'
[2024-02-14T02:07:07.037+0000] {subprocess.py:63} INFO - Tmp dir root location: /tmp
[2024-02-14T02:07:07.063+0000] {subprocess.py:75} INFO - Running command: ['/usr/bin/bash', '-c', 'echo StartJob']
[2024-02-14T02:07:07.112+0000] {subprocess.py:86} INFO - Output:
[2024-02-14T02:07:07.115+0000] {subprocess.py:93} INFO - StartJob
[2024-02-14T02:07:07.116+0000] {subprocess.py:97} INFO - Command exited with return code 0
[2024-02-14T02:07:07.223+0000] {taskinstance.py:1138} INFO - Marking task as SUCCESS. dag_id=deverlop_model, task_id=StartJob, execution_date=20240101T005000, start_date=20240214T020706, end_date=20240214T020707
[2024-02-14T02:07:07.294+0000] {local_task_job_runner.py:234} INFO - Task exited with return code 0
[2024-02-14T02:07:07.526+0000] {taskinstance.py:3280} INFO - 1 downstream tasks scheduled from follow-on schedule check
[2024-02-14T03:53:47.848+0000] {taskinstance.py:1956} INFO - Dependencies all met for dep_context=non-requeueable deps ti=<TaskInstance: deverlop_model.StartJob scheduled__2024-01-01T00:50:00+00:00 [queued]>
[2024-02-14T03:53:47.879+0000] {taskinstance.py:1956} INFO - Dependencies all met for dep_context=requeueable deps ti=<TaskInstance: deverlop_model.StartJob scheduled__2024-01-01T00:50:00+00:00 [queued]>
[2024-02-14T03:53:47.883+0000] {taskinstance.py:2170} INFO - Starting attempt 1 of 1
[2024-02-14T03:53:47.944+0000] {taskinstance.py:2191} INFO - Executing <Task(BashOperator): StartJob> on 2024-01-01 00:50:00+00:00
[2024-02-14T03:53:47.965+0000] {standard_task_runner.py:60} INFO - Started process 3438 to run task
[2024-02-14T03:53:47.983+0000] {standard_task_runner.py:87} INFO - Running: ['***', 'tasks', 'run', 'deverlop_model', 'StartJob', 'scheduled__2024-01-01T00:50:00+00:00', '--job-id', '431', '--raw', '--subdir', 'DAGS_FOLDER/task.py', '--cfg-path', '/tmp/tmpkhvzl6ew']
[2024-02-14T03:53:48.000+0000] {standard_task_runner.py:88} INFO - Job 431: Subtask StartJob
[2024-02-14T03:53:48.139+0000] {task_command.py:423} INFO - Running <TaskInstance: deverlop_model.StartJob scheduled__2024-01-01T00:50:00+00:00 [running]> on host 6e2ff7d2ffd0
[2024-02-14T03:53:48.349+0000] {taskinstance.py:2480} INFO - Exporting env vars: AIRFLOW_CTX_DAG_OWNER='rtn' AIRFLOW_CTX_DAG_ID='deverlop_model' AIRFLOW_CTX_TASK_ID='StartJob' AIRFLOW_CTX_EXECUTION_DATE='2024-01-01T00:50:00+00:00' AIRFLOW_CTX_TRY_NUMBER='1' AIRFLOW_CTX_DAG_RUN_ID='scheduled__2024-01-01T00:50:00+00:00'
[2024-02-14T03:53:48.359+0000] {subprocess.py:63} INFO - Tmp dir root location: /tmp
[2024-02-14T03:53:48.364+0000] {subprocess.py:75} INFO - Running command: ['/usr/bin/bash', '-c', "\n            echo StartJob && \n            if [ ! -e '/opt/***/dags/data/2024-02-14' ]; then\n                mkdir /opt/***/dags/data/2024-02-14 \n            fi && \n            if [ ! -e '/opt/***/dags/data/2024-02-14/data' ]; then\n                mkdir /opt/***/dags/data/2024-02-14/data\n            fi && \n            if [ ! -e '/opt/***/dags/data/2024-02-14/model' ]; then\n                mkdir /opt/***/dags/data/2024-02-14/model\n            fi\n        "]
[2024-02-14T03:53:48.446+0000] {subprocess.py:86} INFO - Output:
[2024-02-14T03:53:48.449+0000] {subprocess.py:93} INFO - StartJob
[2024-02-14T03:53:48.487+0000] {subprocess.py:97} INFO - Command exited with return code 0
[2024-02-14T03:53:48.639+0000] {taskinstance.py:1138} INFO - Marking task as SUCCESS. dag_id=deverlop_model, task_id=StartJob, execution_date=20240101T005000, start_date=20240214T035347, end_date=20240214T035348
[2024-02-14T03:53:48.755+0000] {local_task_job_runner.py:234} INFO - Task exited with return code 0
[2024-02-14T03:53:48.841+0000] {taskinstance.py:3280} INFO - 1 downstream tasks scheduled from follow-on schedule check
[2024-02-14T03:56:01.182+0000] {taskinstance.py:1956} INFO - Dependencies all met for dep_context=non-requeueable deps ti=<TaskInstance: deverlop_model.StartJob scheduled__2024-01-01T00:50:00+00:00 [queued]>
[2024-02-14T03:56:01.215+0000] {taskinstance.py:1956} INFO - Dependencies all met for dep_context=requeueable deps ti=<TaskInstance: deverlop_model.StartJob scheduled__2024-01-01T00:50:00+00:00 [queued]>
[2024-02-14T03:56:01.216+0000] {taskinstance.py:2170} INFO - Starting attempt 1 of 1
[2024-02-14T03:56:01.257+0000] {taskinstance.py:2191} INFO - Executing <Task(BashOperator): StartJob> on 2024-01-01 00:50:00+00:00
[2024-02-14T03:56:01.269+0000] {standard_task_runner.py:60} INFO - Started process 3553 to run task
[2024-02-14T03:56:01.293+0000] {standard_task_runner.py:87} INFO - Running: ['***', 'tasks', 'run', 'deverlop_model', 'StartJob', 'scheduled__2024-01-01T00:50:00+00:00', '--job-id', '454', '--raw', '--subdir', 'DAGS_FOLDER/task.py', '--cfg-path', '/tmp/tmp45hg1j28']
[2024-02-14T03:56:01.303+0000] {standard_task_runner.py:88} INFO - Job 454: Subtask StartJob
[2024-02-14T03:56:01.479+0000] {task_command.py:423} INFO - Running <TaskInstance: deverlop_model.StartJob scheduled__2024-01-01T00:50:00+00:00 [running]> on host 6e2ff7d2ffd0
[2024-02-14T03:56:01.656+0000] {taskinstance.py:2480} INFO - Exporting env vars: AIRFLOW_CTX_DAG_OWNER='***' AIRFLOW_CTX_DAG_ID='deverlop_model' AIRFLOW_CTX_TASK_ID='StartJob' AIRFLOW_CTX_EXECUTION_DATE='2024-01-01T00:50:00+00:00' AIRFLOW_CTX_TRY_NUMBER='1' AIRFLOW_CTX_DAG_RUN_ID='scheduled__2024-01-01T00:50:00+00:00'
[2024-02-14T03:56:01.660+0000] {subprocess.py:63} INFO - Tmp dir root location: /tmp
[2024-02-14T03:56:01.673+0000] {subprocess.py:75} INFO - Running command: ['/usr/bin/bash', '-c', "\n            echo StartJob && \n            if [ ! -e '/opt/***/dags/data/2024-02-14' ]; then\n                mkdir /opt/***/dags/data/2024-02-14 \n            fi && \n            if [ ! -e '/opt/***/dags/data/2024-02-14/data' ]; then\n                mkdir /opt/***/dags/data/2024-02-14/data\n            fi && \n            if [ ! -e '/opt/***/dags/data/2024-02-14/model' ]; then\n                mkdir /opt/***/dags/data/2024-02-14/model\n            fi\n        "]
[2024-02-14T03:56:01.718+0000] {subprocess.py:86} INFO - Output:
[2024-02-14T03:56:01.724+0000] {subprocess.py:93} INFO - StartJob
[2024-02-14T03:56:01.743+0000] {subprocess.py:97} INFO - Command exited with return code 0
[2024-02-14T03:56:01.816+0000] {taskinstance.py:1138} INFO - Marking task as SUCCESS. dag_id=deverlop_model, task_id=StartJob, execution_date=20240101T005000, start_date=20240214T035601, end_date=20240214T035601
[2024-02-14T03:56:01.894+0000] {local_task_job_runner.py:234} INFO - Task exited with return code 0
[2024-02-14T03:56:01.937+0000] {taskinstance.py:3280} INFO - 1 downstream tasks scheduled from follow-on schedule check
[2024-02-14T04:00:41.194+0000] {taskinstance.py:1956} INFO - Dependencies all met for dep_context=non-requeueable deps ti=<TaskInstance: deverlop_model.StartJob scheduled__2024-01-01T00:50:00+00:00 [queued]>
[2024-02-14T04:00:41.211+0000] {taskinstance.py:1956} INFO - Dependencies all met for dep_context=requeueable deps ti=<TaskInstance: deverlop_model.StartJob scheduled__2024-01-01T00:50:00+00:00 [queued]>
[2024-02-14T04:00:41.212+0000] {taskinstance.py:2170} INFO - Starting attempt 1 of 1
[2024-02-14T04:00:41.234+0000] {taskinstance.py:2191} INFO - Executing <Task(BashOperator): StartJob> on 2024-01-01 00:50:00+00:00
[2024-02-14T04:00:41.251+0000] {standard_task_runner.py:60} INFO - Started process 3851 to run task
[2024-02-14T04:00:41.261+0000] {standard_task_runner.py:87} INFO - Running: ['***', 'tasks', 'run', 'deverlop_model', 'StartJob', 'scheduled__2024-01-01T00:50:00+00:00', '--job-id', '521', '--raw', '--subdir', 'DAGS_FOLDER/task.py', '--cfg-path', '/tmp/tmp7uwknty1']
[2024-02-14T04:00:41.265+0000] {standard_task_runner.py:88} INFO - Job 521: Subtask StartJob
[2024-02-14T04:00:41.379+0000] {task_command.py:423} INFO - Running <TaskInstance: deverlop_model.StartJob scheduled__2024-01-01T00:50:00+00:00 [running]> on host 6e2ff7d2ffd0
[2024-02-14T04:00:41.508+0000] {taskinstance.py:2480} INFO - Exporting env vars: AIRFLOW_CTX_DAG_OWNER='***' AIRFLOW_CTX_DAG_ID='deverlop_model' AIRFLOW_CTX_TASK_ID='StartJob' AIRFLOW_CTX_EXECUTION_DATE='2024-01-01T00:50:00+00:00' AIRFLOW_CTX_TRY_NUMBER='1' AIRFLOW_CTX_DAG_RUN_ID='scheduled__2024-01-01T00:50:00+00:00'
[2024-02-14T04:00:41.513+0000] {subprocess.py:63} INFO - Tmp dir root location: /tmp
[2024-02-14T04:00:41.517+0000] {subprocess.py:75} INFO - Running command: ['/usr/bin/bash', '-c', "\n            echo StartJob && \n            if [ ! -e '/opt/***/dags/data/2024-02-14' ]; then\n                mkdir /opt/***/dags/data/2024-02-14 \n            fi && \n            if [ ! -e '/opt/***/dags/data/2024-02-14/data' ]; then\n                mkdir /opt/***/dags/data/2024-02-14/data\n            fi && \n            if [ ! -e '/opt/***/dags/data/2024-02-14/model' ]; then\n                mkdir /opt/***/dags/data/2024-02-14/model\n            fi\n        "]
[2024-02-14T04:00:41.546+0000] {subprocess.py:86} INFO - Output:
[2024-02-14T04:00:41.548+0000] {subprocess.py:93} INFO - StartJob
[2024-02-14T04:00:41.552+0000] {subprocess.py:97} INFO - Command exited with return code 0
[2024-02-14T04:00:41.594+0000] {taskinstance.py:1138} INFO - Marking task as SUCCESS. dag_id=deverlop_model, task_id=StartJob, execution_date=20240101T005000, start_date=20240214T040041, end_date=20240214T040041
[2024-02-14T04:00:41.635+0000] {local_task_job_runner.py:234} INFO - Task exited with return code 0
[2024-02-14T04:00:41.672+0000] {taskinstance.py:3280} INFO - 1 downstream tasks scheduled from follow-on schedule check
