[2024-02-14T04:11:27.090+0000] {taskinstance.py:1956} INFO - Dependencies all met for dep_context=non-requeueable deps ti=<TaskInstance: deverlop_model.StartJob scheduled__2024-02-14T04:05:00+00:00 [queued]>
[2024-02-14T04:11:27.100+0000] {taskinstance.py:1956} INFO - Dependencies all met for dep_context=requeueable deps ti=<TaskInstance: deverlop_model.StartJob scheduled__2024-02-14T04:05:00+00:00 [queued]>
[2024-02-14T04:11:27.101+0000] {taskinstance.py:2170} INFO - Starting attempt 1 of 1
[2024-02-14T04:11:27.115+0000] {taskinstance.py:2191} INFO - Executing <Task(BashOperator): StartJob> on 2024-02-14 04:05:00+00:00
[2024-02-14T04:11:27.123+0000] {standard_task_runner.py:60} INFO - Started process 4120 to run task
[2024-02-14T04:11:27.126+0000] {standard_task_runner.py:87} INFO - Running: ['***', 'tasks', 'run', 'deverlop_model', 'StartJob', 'scheduled__2024-02-14T04:05:00+00:00', '--job-id', '553', '--raw', '--subdir', 'DAGS_FOLDER/task.py', '--cfg-path', '/tmp/tmpxtrzk3er']
[2024-02-14T04:11:27.130+0000] {standard_task_runner.py:88} INFO - Job 553: Subtask StartJob
[2024-02-14T04:11:27.187+0000] {task_command.py:423} INFO - Running <TaskInstance: deverlop_model.StartJob scheduled__2024-02-14T04:05:00+00:00 [running]> on host 6e2ff7d2ffd0
[2024-02-14T04:11:27.269+0000] {taskinstance.py:2480} INFO - Exporting env vars: AIRFLOW_CTX_DAG_OWNER='***' AIRFLOW_CTX_DAG_ID='deverlop_model' AIRFLOW_CTX_TASK_ID='StartJob' AIRFLOW_CTX_EXECUTION_DATE='2024-02-14T04:05:00+00:00' AIRFLOW_CTX_TRY_NUMBER='1' AIRFLOW_CTX_DAG_RUN_ID='scheduled__2024-02-14T04:05:00+00:00'
[2024-02-14T04:11:27.271+0000] {subprocess.py:63} INFO - Tmp dir root location: /tmp
[2024-02-14T04:11:27.273+0000] {subprocess.py:75} INFO - Running command: ['/usr/bin/bash', '-c', "\n            echo StartJob && \n            if [ ! -e '/opt/***/dags/data/2024-02-14' ]; then\n                mkdir /opt/***/dags/data/2024-02-14 \n            fi && \n            if [ ! -e '/opt/***/dags/data/2024-02-14/data' ]; then\n                mkdir /opt/***/dags/data/2024-02-14/data\n            fi && \n            if [ ! -e '/opt/***/dags/data/2024-02-14/model' ]; then\n                mkdir /opt/***/dags/data/2024-02-14/model\n            fi\n        "]
[2024-02-14T04:11:27.289+0000] {subprocess.py:86} INFO - Output:
[2024-02-14T04:11:27.290+0000] {subprocess.py:93} INFO - StartJob
[2024-02-14T04:11:27.295+0000] {subprocess.py:97} INFO - Command exited with return code 0
[2024-02-14T04:11:27.321+0000] {taskinstance.py:1138} INFO - Marking task as SUCCESS. dag_id=deverlop_model, task_id=StartJob, execution_date=20240214T040500, start_date=20240214T041127, end_date=20240214T041127
[2024-02-14T04:11:27.380+0000] {local_task_job_runner.py:234} INFO - Task exited with return code 0
[2024-02-14T04:11:27.399+0000] {taskinstance.py:3280} INFO - 1 downstream tasks scheduled from follow-on schedule check
[2024-02-14T04:13:26.340+0000] {taskinstance.py:1956} INFO - Dependencies all met for dep_context=non-requeueable deps ti=<TaskInstance: deverlop_model.StartJob scheduled__2024-02-14T04:05:00+00:00 [queued]>
[2024-02-14T04:13:26.347+0000] {taskinstance.py:1956} INFO - Dependencies all met for dep_context=requeueable deps ti=<TaskInstance: deverlop_model.StartJob scheduled__2024-02-14T04:05:00+00:00 [queued]>
[2024-02-14T04:13:26.348+0000] {taskinstance.py:2170} INFO - Starting attempt 1 of 1
[2024-02-14T04:13:26.359+0000] {taskinstance.py:2191} INFO - Executing <Task(BashOperator): StartJob> on 2024-02-14 04:05:00+00:00
[2024-02-14T04:13:26.366+0000] {standard_task_runner.py:60} INFO - Started process 4159 to run task
[2024-02-14T04:13:26.369+0000] {standard_task_runner.py:87} INFO - Running: ['***', 'tasks', 'run', 'deverlop_model', 'StartJob', 'scheduled__2024-02-14T04:05:00+00:00', '--job-id', '555', '--raw', '--subdir', 'DAGS_FOLDER/task.py', '--cfg-path', '/tmp/tmpi0fheukq']
[2024-02-14T04:13:26.372+0000] {standard_task_runner.py:88} INFO - Job 555: Subtask StartJob
[2024-02-14T04:13:26.419+0000] {task_command.py:423} INFO - Running <TaskInstance: deverlop_model.StartJob scheduled__2024-02-14T04:05:00+00:00 [running]> on host 6e2ff7d2ffd0
[2024-02-14T04:13:26.484+0000] {taskinstance.py:2480} INFO - Exporting env vars: AIRFLOW_CTX_DAG_OWNER='rtn' AIRFLOW_CTX_DAG_ID='deverlop_model' AIRFLOW_CTX_TASK_ID='StartJob' AIRFLOW_CTX_EXECUTION_DATE='2024-02-14T04:05:00+00:00' AIRFLOW_CTX_TRY_NUMBER='1' AIRFLOW_CTX_DAG_RUN_ID='scheduled__2024-02-14T04:05:00+00:00'
[2024-02-14T04:13:26.487+0000] {subprocess.py:63} INFO - Tmp dir root location: /tmp
[2024-02-14T04:13:26.488+0000] {subprocess.py:75} INFO - Running command: ['/usr/bin/bash', '-c', "\n            echo StartJob && \n            if [ ! -e '/opt/***/dags/data/2024-02-14' ]; then\n                mkdir /opt/***/dags/data/2024-02-14 \n            fi && \n            if [ ! -e '/opt/***/dags/data/2024-02-14/data' ]; then\n                mkdir /opt/***/dags/data/2024-02-14/data\n            fi && \n            if [ ! -e '/opt/***/dags/data/2024-02-14/model' ]; then\n                mkdir /opt/***/dags/data/2024-02-14/model\n            fi\n        "]
[2024-02-14T04:13:26.502+0000] {subprocess.py:86} INFO - Output:
[2024-02-14T04:13:26.503+0000] {subprocess.py:93} INFO - StartJob
[2024-02-14T04:13:26.507+0000] {subprocess.py:97} INFO - Command exited with return code 0
[2024-02-14T04:13:26.528+0000] {taskinstance.py:1138} INFO - Marking task as SUCCESS. dag_id=deverlop_model, task_id=StartJob, execution_date=20240214T040500, start_date=20240214T041326, end_date=20240214T041326
[2024-02-14T04:13:26.582+0000] {local_task_job_runner.py:234} INFO - Task exited with return code 0
[2024-02-14T04:13:26.608+0000] {taskinstance.py:3280} INFO - 1 downstream tasks scheduled from follow-on schedule check
