[2024-02-13T16:45:53.938+0000] {taskinstance.py:1956} INFO - Dependencies all met for dep_context=non-requeueable deps ti=<TaskInstance: deverlop_model.Start_job scheduled__2022-01-01T00:50:00+00:00 [queued]>
[2024-02-13T16:45:53.965+0000] {taskinstance.py:1956} INFO - Dependencies all met for dep_context=requeueable deps ti=<TaskInstance: deverlop_model.Start_job scheduled__2022-01-01T00:50:00+00:00 [queued]>
[2024-02-13T16:45:53.969+0000] {taskinstance.py:2170} INFO - Starting attempt 1 of 1
[2024-02-13T16:45:54.005+0000] {taskinstance.py:2191} INFO - Executing <Task(BashOperator): Start_job> on 2022-01-01 00:50:00+00:00
[2024-02-13T16:45:54.020+0000] {standard_task_runner.py:60} INFO - Started process 624 to run task
[2024-02-13T16:45:54.029+0000] {standard_task_runner.py:87} INFO - Running: ['***', 'tasks', 'run', 'deverlop_model', 'Start_job', 'scheduled__2022-01-01T00:50:00+00:00', '--job-id', '31', '--raw', '--subdir', 'DAGS_FOLDER/task.py', '--cfg-path', '/tmp/tmpzxfteudz']
[2024-02-13T16:45:54.054+0000] {standard_task_runner.py:88} INFO - Job 31: Subtask Start_job
[2024-02-13T16:45:54.350+0000] {task_command.py:423} INFO - Running <TaskInstance: deverlop_model.Start_job scheduled__2022-01-01T00:50:00+00:00 [running]> on host a5e5e25b3882
[2024-02-13T16:45:54.815+0000] {taskinstance.py:2480} INFO - Exporting env vars: AIRFLOW_CTX_DAG_OWNER='rtn' AIRFLOW_CTX_DAG_ID='deverlop_model' AIRFLOW_CTX_TASK_ID='Start_job' AIRFLOW_CTX_EXECUTION_DATE='2022-01-01T00:50:00+00:00' AIRFLOW_CTX_TRY_NUMBER='1' AIRFLOW_CTX_DAG_RUN_ID='scheduled__2022-01-01T00:50:00+00:00'
[2024-02-13T16:45:54.819+0000] {subprocess.py:63} INFO - Tmp dir root location: /tmp
[2024-02-13T16:45:54.835+0000] {subprocess.py:75} INFO - Running command: ['/usr/bin/bash', '-c', 'echo START JOBS']
[2024-02-13T16:45:54.919+0000] {subprocess.py:86} INFO - Output:
[2024-02-13T16:45:54.922+0000] {subprocess.py:93} INFO - START JOBS
[2024-02-13T16:45:54.929+0000] {subprocess.py:97} INFO - Command exited with return code 0
[2024-02-13T16:45:55.028+0000] {taskinstance.py:1138} INFO - Marking task as SUCCESS. dag_id=deverlop_model, task_id=Start_job, execution_date=20220101T005000, start_date=20240213T164553, end_date=20240213T164555
[2024-02-13T16:45:55.138+0000] {local_task_job_runner.py:234} INFO - Task exited with return code 0
[2024-02-13T16:45:55.246+0000] {taskinstance.py:3280} INFO - 1 downstream tasks scheduled from follow-on schedule check
[2024-02-13T16:47:29.333+0000] {taskinstance.py:1956} INFO - Dependencies all met for dep_context=non-requeueable deps ti=<TaskInstance: deverlop_model.Start_job scheduled__2022-01-01T00:50:00+00:00 [queued]>
[2024-02-13T16:47:29.352+0000] {taskinstance.py:1956} INFO - Dependencies all met for dep_context=requeueable deps ti=<TaskInstance: deverlop_model.Start_job scheduled__2022-01-01T00:50:00+00:00 [queued]>
[2024-02-13T16:47:29.353+0000] {taskinstance.py:2170} INFO - Starting attempt 1 of 1
[2024-02-13T16:47:29.376+0000] {taskinstance.py:2191} INFO - Executing <Task(BashOperator): Start_job> on 2022-01-01 00:50:00+00:00
[2024-02-13T16:47:29.397+0000] {standard_task_runner.py:60} INFO - Started process 767 to run task
[2024-02-13T16:47:29.401+0000] {standard_task_runner.py:87} INFO - Running: ['***', 'tasks', 'run', 'deverlop_model', 'Start_job', 'scheduled__2022-01-01T00:50:00+00:00', '--job-id', '66', '--raw', '--subdir', 'DAGS_FOLDER/task.py', '--cfg-path', '/tmp/tmp7wk84au_']
[2024-02-13T16:47:29.404+0000] {standard_task_runner.py:88} INFO - Job 66: Subtask Start_job
[2024-02-13T16:47:29.480+0000] {task_command.py:423} INFO - Running <TaskInstance: deverlop_model.Start_job scheduled__2022-01-01T00:50:00+00:00 [running]> on host a5e5e25b3882
[2024-02-13T16:47:29.630+0000] {taskinstance.py:2480} INFO - Exporting env vars: AIRFLOW_CTX_DAG_OWNER='rtn' AIRFLOW_CTX_DAG_ID='deverlop_model' AIRFLOW_CTX_TASK_ID='Start_job' AIRFLOW_CTX_EXECUTION_DATE='2022-01-01T00:50:00+00:00' AIRFLOW_CTX_TRY_NUMBER='1' AIRFLOW_CTX_DAG_RUN_ID='scheduled__2022-01-01T00:50:00+00:00'
[2024-02-13T16:47:29.636+0000] {subprocess.py:63} INFO - Tmp dir root location: /tmp
[2024-02-13T16:47:29.638+0000] {subprocess.py:75} INFO - Running command: ['/usr/bin/bash', '-c', 'echo START JOBS']
[2024-02-13T16:47:29.667+0000] {subprocess.py:86} INFO - Output:
[2024-02-13T16:47:29.668+0000] {subprocess.py:93} INFO - START JOBS
[2024-02-13T16:47:29.669+0000] {subprocess.py:97} INFO - Command exited with return code 0
[2024-02-13T16:47:29.729+0000] {taskinstance.py:1138} INFO - Marking task as SUCCESS. dag_id=deverlop_model, task_id=Start_job, execution_date=20220101T005000, start_date=20240213T164729, end_date=20240213T164729
[2024-02-13T16:47:29.779+0000] {local_task_job_runner.py:234} INFO - Task exited with return code 0
[2024-02-13T16:47:29.835+0000] {taskinstance.py:3280} INFO - 1 downstream tasks scheduled from follow-on schedule check
