[2024-02-13T06:38:44.747+0000] {taskinstance.py:1956} INFO - Dependencies all met for dep_context=non-requeueable deps ti=<TaskInstance: deverlop_model.data_sets manual__2024-02-13T06:38:39.771574+00:00 [queued]>
[2024-02-13T06:38:44.755+0000] {taskinstance.py:1956} INFO - Dependencies all met for dep_context=requeueable deps ti=<TaskInstance: deverlop_model.data_sets manual__2024-02-13T06:38:39.771574+00:00 [queued]>
[2024-02-13T06:38:44.756+0000] {taskinstance.py:2170} INFO - Starting attempt 1 of 1
[2024-02-13T06:38:44.768+0000] {taskinstance.py:2191} INFO - Executing <Task(DockerOperator): data_sets> on 2024-02-13 06:38:39.771574+00:00
[2024-02-13T06:38:44.775+0000] {standard_task_runner.py:60} INFO - Started process 77 to run task
[2024-02-13T06:38:44.777+0000] {standard_task_runner.py:87} INFO - Running: ['***', 'tasks', 'run', 'deverlop_model', 'data_sets', 'manual__2024-02-13T06:38:39.771574+00:00', '--job-id', '4', '--raw', '--subdir', 'DAGS_FOLDER/task.py', '--cfg-path', '/tmp/tmp0y94zanf']
[2024-02-13T06:38:44.780+0000] {standard_task_runner.py:88} INFO - Job 4: Subtask data_sets
[2024-02-13T06:38:44.824+0000] {task_command.py:423} INFO - Running <TaskInstance: deverlop_model.data_sets manual__2024-02-13T06:38:39.771574+00:00 [running]> on host b209f0ce88c1
[2024-02-13T06:38:44.886+0000] {taskinstance.py:2480} INFO - Exporting env vars: AIRFLOW_CTX_DAG_OWNER='rtn' AIRFLOW_CTX_DAG_ID='deverlop_model' AIRFLOW_CTX_TASK_ID='data_sets' AIRFLOW_CTX_EXECUTION_DATE='2024-02-13T06:38:39.771574+00:00' AIRFLOW_CTX_TRY_NUMBER='1' AIRFLOW_CTX_DAG_RUN_ID='manual__2024-02-13T06:38:39.771574+00:00'
[2024-02-13T06:38:44.904+0000] {docker.py:486} INFO - Pulling docker image python:3.8
[2024-02-13T06:38:50.612+0000] {docker.py:500} INFO - 3.8: Pulling from library/python
[2024-02-13T06:38:51.423+0000] {docker.py:500} INFO - 6a299ae9cfd9: Pulling fs layer
[2024-02-13T06:38:51.424+0000] {docker.py:500} INFO - e08e8703b2fb: Pulling fs layer
[2024-02-13T06:38:51.425+0000] {docker.py:500} INFO - 68e92d11b04e: Pulling fs layer
[2024-02-13T06:38:51.426+0000] {docker.py:500} INFO - 5b9fe7fef9be: Pulling fs layer
[2024-02-13T06:38:51.427+0000] {docker.py:500} INFO - 09864a904dd0: Pulling fs layer
[2024-02-13T06:38:51.428+0000] {docker.py:500} INFO - a1422769d5be: Pulling fs layer
[2024-02-13T06:38:51.428+0000] {docker.py:500} INFO - fad1ae7101cd: Pulling fs layer
[2024-02-13T06:38:51.429+0000] {docker.py:500} INFO - 96467e04897d: Pulling fs layer
[2024-02-13T06:38:51.429+0000] {docker.py:500} INFO - 5b9fe7fef9be: Waiting
[2024-02-13T06:38:51.430+0000] {docker.py:500} INFO - 09864a904dd0: Waiting
[2024-02-13T06:38:51.430+0000] {docker.py:500} INFO - a1422769d5be: Waiting
[2024-02-13T06:38:51.431+0000] {docker.py:500} INFO - fad1ae7101cd: Waiting
[2024-02-13T06:38:51.432+0000] {docker.py:500} INFO - 96467e04897d: Waiting
[2024-02-13T06:38:52.548+0000] {docker.py:500} INFO - 6a299ae9cfd9: Downloading
[2024-02-13T06:38:52.552+0000] {docker.py:500} INFO - 68e92d11b04e: Downloading
[2024-02-13T06:38:52.597+0000] {docker.py:500} INFO - e08e8703b2fb: Downloading
[2024-02-13T06:38:54.575+0000] {docker.py:500} INFO - e08e8703b2fb: Verifying Checksum
[2024-02-13T06:38:54.576+0000] {docker.py:500} INFO - e08e8703b2fb: Download complete
[2024-02-13T06:38:56.014+0000] {docker.py:500} INFO - 5b9fe7fef9be: Downloading
[2024-02-13T06:38:56.094+0000] {docker.py:500} INFO - 68e92d11b04e: Verifying Checksum
[2024-02-13T06:38:56.095+0000] {docker.py:500} INFO - 68e92d11b04e: Download complete
[2024-02-13T06:38:57.381+0000] {docker.py:500} INFO - 6a299ae9cfd9: Verifying Checksum
[2024-02-13T06:38:57.382+0000] {docker.py:500} INFO - 6a299ae9cfd9: Download complete
[2024-02-13T06:38:57.451+0000] {docker.py:500} INFO - 6a299ae9cfd9: Extracting
[2024-02-13T06:38:57.874+0000] {docker.py:500} INFO - 09864a904dd0: Downloading
[2024-02-13T06:38:59.062+0000] {docker.py:500} INFO - a1422769d5be: Downloading
[2024-02-13T06:38:59.718+0000] {docker.py:500} INFO - 09864a904dd0: Verifying Checksum
[2024-02-13T06:38:59.719+0000] {docker.py:500} INFO - 09864a904dd0: Download complete
[2024-02-13T06:39:00.512+0000] {docker.py:500} INFO - 6a299ae9cfd9: Pull complete
[2024-02-13T06:39:00.559+0000] {docker.py:500} INFO - e08e8703b2fb: Extracting
[2024-02-13T06:39:01.016+0000] {docker.py:500} INFO - fad1ae7101cd: Downloading
[2024-02-13T06:39:01.018+0000] {docker.py:500} INFO - fad1ae7101cd: Verifying Checksum
[2024-02-13T06:39:01.019+0000] {docker.py:500} INFO - fad1ae7101cd: Download complete
[2024-02-13T06:39:01.361+0000] {docker.py:500} INFO - e08e8703b2fb: Pull complete
[2024-02-13T06:39:01.395+0000] {docker.py:500} INFO - 68e92d11b04e: Extracting
[2024-02-13T06:39:02.656+0000] {docker.py:500} INFO - 96467e04897d: Downloading
[2024-02-13T06:39:03.850+0000] {docker.py:500} INFO - 5b9fe7fef9be: Verifying Checksum
[2024-02-13T06:39:03.851+0000] {docker.py:500} INFO - 5b9fe7fef9be: Download complete
[2024-02-13T06:39:04.200+0000] {docker.py:500} INFO - 96467e04897d: Verifying Checksum
[2024-02-13T06:39:04.837+0000] {docker.py:500} INFO - 68e92d11b04e: Pull complete
[2024-02-13T06:39:04.917+0000] {docker.py:500} INFO - 5b9fe7fef9be: Extracting
[2024-02-13T06:39:05.281+0000] {docker.py:500} INFO - a1422769d5be: Verifying Checksum
[2024-02-13T06:39:05.283+0000] {docker.py:500} INFO - a1422769d5be: Download complete
[2024-02-13T06:39:12.514+0000] {docker.py:500} INFO - 5b9fe7fef9be: Pull complete
[2024-02-13T06:39:12.519+0000] {docker.py:500} INFO - 09864a904dd0: Extracting
[2024-02-13T06:39:12.882+0000] {docker.py:500} INFO - 09864a904dd0: Pull complete
[2024-02-13T06:39:12.902+0000] {docker.py:500} INFO - a1422769d5be: Extracting
[2024-02-13T06:39:13.429+0000] {docker.py:500} INFO - a1422769d5be: Pull complete
[2024-02-13T06:39:13.433+0000] {docker.py:500} INFO - fad1ae7101cd: Extracting
[2024-02-13T06:39:13.453+0000] {docker.py:500} INFO - fad1ae7101cd: Pull complete
[2024-02-13T06:39:13.460+0000] {docker.py:500} INFO - 96467e04897d: Extracting
[2024-02-13T06:39:13.726+0000] {docker.py:500} INFO - 96467e04897d: Pull complete
[2024-02-13T06:39:13.740+0000] {docker.py:495} INFO - Digest: sha256:afc3b723caef31e03dfa343e8bcdeee8ad4fd11e2672eb3365e5fd59fafa3c09
[2024-02-13T06:39:13.747+0000] {docker.py:495} INFO - Status: Downloaded newer image for python:3.8
[2024-02-13T06:39:13.750+0000] {docker.py:359} INFO - Starting docker container from image python:3.8
[2024-02-13T06:39:16.296+0000] {docker.py:429} INFO - WARNING: Running pip as the 'root' user can result in broken permissions and conflicting behaviour with the system package manager. It is recommended to use a virtual environment instead: https://pip.pypa.io/warnings/venv
[2024-02-13T06:39:16.463+0000] {docker.py:429} INFO - [notice] A new release of pip is available: 23.0.1 -> 24.0
[notice] To update, run: pip install --upgrade pip
[2024-02-13T06:39:21.548+0000] {docker.py:429} INFO - READ DATA :  HELLO WORLD  timestamp :  2024-02-13 06:39:21.545327
[2024-02-13T06:39:21.982+0000] {taskinstance.py:1138} INFO - Marking task as SUCCESS. dag_id=deverlop_model, task_id=data_sets, execution_date=20240213T063839, start_date=20240213T063844, end_date=20240213T063921
[2024-02-13T06:39:22.021+0000] {local_task_job_runner.py:234} INFO - Task exited with return code 0
[2024-02-13T06:39:22.047+0000] {taskinstance.py:3280} INFO - 0 downstream tasks scheduled from follow-on schedule check
