[2024-02-14T03:34:37.883+0000] {taskinstance.py:1956} INFO - Dependencies all met for dep_context=non-requeueable deps ti=<TaskInstance: deverlop_model.StartJob scheduled__2024-02-01T01:45:00+00:00 [queued]>
[2024-02-14T03:34:37.897+0000] {taskinstance.py:1956} INFO - Dependencies all met for dep_context=requeueable deps ti=<TaskInstance: deverlop_model.StartJob scheduled__2024-02-01T01:45:00+00:00 [queued]>
[2024-02-14T03:34:37.898+0000] {taskinstance.py:2170} INFO - Starting attempt 1 of 1
[2024-02-14T03:34:37.914+0000] {taskinstance.py:2191} INFO - Executing <Task(BashOperator): StartJob> on 2024-02-01 01:45:00+00:00
[2024-02-14T03:34:37.925+0000] {standard_task_runner.py:60} INFO - Started process 2548 to run task
[2024-02-14T03:34:37.929+0000] {standard_task_runner.py:87} INFO - Running: ['***', 'tasks', 'run', 'deverlop_model', 'StartJob', 'scheduled__2024-02-01T01:45:00+00:00', '--job-id', '263', '--raw', '--subdir', 'DAGS_FOLDER/task.py', '--cfg-path', '/tmp/tmp885g0vfd']
[2024-02-14T03:34:37.935+0000] {standard_task_runner.py:88} INFO - Job 263: Subtask StartJob
[2024-02-14T03:34:38.006+0000] {task_command.py:423} INFO - Running <TaskInstance: deverlop_model.StartJob scheduled__2024-02-01T01:45:00+00:00 [running]> on host 6e2ff7d2ffd0
[2024-02-14T03:34:38.149+0000] {taskinstance.py:2480} INFO - Exporting env vars: AIRFLOW_CTX_DAG_OWNER='rtn' AIRFLOW_CTX_DAG_ID='deverlop_model' AIRFLOW_CTX_TASK_ID='StartJob' AIRFLOW_CTX_EXECUTION_DATE='2024-02-01T01:45:00+00:00' AIRFLOW_CTX_TRY_NUMBER='1' AIRFLOW_CTX_DAG_RUN_ID='scheduled__2024-02-01T01:45:00+00:00'
[2024-02-14T03:34:38.154+0000] {subprocess.py:63} INFO - Tmp dir root location: /tmp
[2024-02-14T03:34:38.157+0000] {subprocess.py:75} INFO - Running command: ['/usr/bin/bash', '-c', "\n            echo StartJob && \n            if [ ! -e '/opt/***/dags/data/2024-02-14' ]; then\n                mkdir /opt/***/dags/data/2024-02-14 \n            fi && \n            if [ ! -e '/opt/***/dags/data/2024-02-14/data' ]; then\n                mkdir /opt/***/dags/data/2024-02-14/data\n            fi && \n            if [ ! -e '/opt/***/dags/data/2024-02-14/model' ]; then\n                mkdir /opt/***/dags/data/2024-02-14/model\n            fi\n        "]
[2024-02-14T03:34:38.196+0000] {subprocess.py:86} INFO - Output:
[2024-02-14T03:34:38.199+0000] {subprocess.py:93} INFO - StartJob
[2024-02-14T03:34:38.207+0000] {subprocess.py:97} INFO - Command exited with return code 0
[2024-02-14T03:34:38.255+0000] {taskinstance.py:1138} INFO - Marking task as SUCCESS. dag_id=deverlop_model, task_id=StartJob, execution_date=20240201T014500, start_date=20240214T033437, end_date=20240214T033438
[2024-02-14T03:34:38.305+0000] {local_task_job_runner.py:234} INFO - Task exited with return code 0
[2024-02-14T03:34:38.541+0000] {taskinstance.py:3280} INFO - 0 downstream tasks scheduled from follow-on schedule check
[2024-02-14T03:38:12.913+0000] {taskinstance.py:1956} INFO - Dependencies all met for dep_context=non-requeueable deps ti=<TaskInstance: deverlop_model.StartJob scheduled__2024-02-01T01:45:00+00:00 [queued]>
[2024-02-14T03:38:12.932+0000] {taskinstance.py:1956} INFO - Dependencies all met for dep_context=requeueable deps ti=<TaskInstance: deverlop_model.StartJob scheduled__2024-02-01T01:45:00+00:00 [queued]>
[2024-02-14T03:38:12.934+0000] {taskinstance.py:2170} INFO - Starting attempt 1 of 1
[2024-02-14T03:38:12.959+0000] {taskinstance.py:2191} INFO - Executing <Task(BashOperator): StartJob> on 2024-02-01 01:45:00+00:00
[2024-02-14T03:38:12.969+0000] {standard_task_runner.py:60} INFO - Started process 2867 to run task
[2024-02-14T03:38:12.972+0000] {standard_task_runner.py:87} INFO - Running: ['***', 'tasks', 'run', 'deverlop_model', 'StartJob', 'scheduled__2024-02-01T01:45:00+00:00', '--job-id', '338', '--raw', '--subdir', 'DAGS_FOLDER/task.py', '--cfg-path', '/tmp/tmpaaxx6y5p']
[2024-02-14T03:38:12.975+0000] {standard_task_runner.py:88} INFO - Job 338: Subtask StartJob
[2024-02-14T03:38:13.073+0000] {task_command.py:423} INFO - Running <TaskInstance: deverlop_model.StartJob scheduled__2024-02-01T01:45:00+00:00 [running]> on host 6e2ff7d2ffd0
[2024-02-14T03:38:13.258+0000] {taskinstance.py:2480} INFO - Exporting env vars: AIRFLOW_CTX_DAG_OWNER='rtn' AIRFLOW_CTX_DAG_ID='deverlop_model' AIRFLOW_CTX_TASK_ID='StartJob' AIRFLOW_CTX_EXECUTION_DATE='2024-02-01T01:45:00+00:00' AIRFLOW_CTX_TRY_NUMBER='1' AIRFLOW_CTX_DAG_RUN_ID='scheduled__2024-02-01T01:45:00+00:00'
[2024-02-14T03:38:13.264+0000] {subprocess.py:63} INFO - Tmp dir root location: /tmp
[2024-02-14T03:38:13.267+0000] {subprocess.py:75} INFO - Running command: ['/usr/bin/bash', '-c', "\n            echo StartJob && \n            if [ ! -e '/opt/***/dags/data/2024-02-14' ]; then\n                mkdir /opt/***/dags/data/2024-02-14 \n            fi && \n            if [ ! -e '/opt/***/dags/data/2024-02-14/data' ]; then\n                mkdir /opt/***/dags/data/2024-02-14/data\n            fi && \n            if [ ! -e '/opt/***/dags/data/2024-02-14/model' ]; then\n                mkdir /opt/***/dags/data/2024-02-14/model\n            fi\n        "]
[2024-02-14T03:38:13.297+0000] {subprocess.py:86} INFO - Output:
[2024-02-14T03:38:13.301+0000] {subprocess.py:93} INFO - StartJob
[2024-02-14T03:38:13.312+0000] {subprocess.py:97} INFO - Command exited with return code 0
[2024-02-14T03:38:13.382+0000] {taskinstance.py:1138} INFO - Marking task as SUCCESS. dag_id=deverlop_model, task_id=StartJob, execution_date=20240201T014500, start_date=20240214T033812, end_date=20240214T033813
[2024-02-14T03:38:13.440+0000] {local_task_job_runner.py:234} INFO - Task exited with return code 0
[2024-02-14T03:38:13.713+0000] {taskinstance.py:3280} INFO - 0 downstream tasks scheduled from follow-on schedule check
[2024-02-14T03:39:37.752+0000] {taskinstance.py:1956} INFO - Dependencies all met for dep_context=non-requeueable deps ti=<TaskInstance: deverlop_model.StartJob scheduled__2024-02-01T01:45:00+00:00 [queued]>
[2024-02-14T03:39:37.765+0000] {taskinstance.py:1956} INFO - Dependencies all met for dep_context=requeueable deps ti=<TaskInstance: deverlop_model.StartJob scheduled__2024-02-01T01:45:00+00:00 [queued]>
[2024-02-14T03:39:37.766+0000] {taskinstance.py:2170} INFO - Starting attempt 1 of 1
[2024-02-14T03:39:37.788+0000] {taskinstance.py:2191} INFO - Executing <Task(BashOperator): StartJob> on 2024-02-01 01:45:00+00:00
[2024-02-14T03:39:37.804+0000] {standard_task_runner.py:60} INFO - Started process 3077 to run task
[2024-02-14T03:39:37.810+0000] {standard_task_runner.py:87} INFO - Running: ['***', 'tasks', 'run', 'deverlop_model', 'StartJob', 'scheduled__2024-02-01T01:45:00+00:00', '--job-id', '391', '--raw', '--subdir', 'DAGS_FOLDER/task.py', '--cfg-path', '/tmp/tmp5mie6w1t']
[2024-02-14T03:39:37.826+0000] {standard_task_runner.py:88} INFO - Job 391: Subtask StartJob
[2024-02-14T03:39:37.926+0000] {task_command.py:423} INFO - Running <TaskInstance: deverlop_model.StartJob scheduled__2024-02-01T01:45:00+00:00 [running]> on host 6e2ff7d2ffd0
[2024-02-14T03:39:38.044+0000] {taskinstance.py:2480} INFO - Exporting env vars: AIRFLOW_CTX_DAG_OWNER='rtn' AIRFLOW_CTX_DAG_ID='deverlop_model' AIRFLOW_CTX_TASK_ID='StartJob' AIRFLOW_CTX_EXECUTION_DATE='2024-02-01T01:45:00+00:00' AIRFLOW_CTX_TRY_NUMBER='1' AIRFLOW_CTX_DAG_RUN_ID='scheduled__2024-02-01T01:45:00+00:00'
[2024-02-14T03:39:38.048+0000] {subprocess.py:63} INFO - Tmp dir root location: /tmp
[2024-02-14T03:39:38.057+0000] {subprocess.py:75} INFO - Running command: ['/usr/bin/bash', '-c', "\n            echo StartJob && \n            if [ ! -e '/opt/***/dags/data/2024-02-14' ]; then\n                mkdir /opt/***/dags/data/2024-02-14 \n            fi && \n            if [ ! -e '/opt/***/dags/data/2024-02-14/data' ]; then\n                mkdir /opt/***/dags/data/2024-02-14/data\n            fi && \n            if [ ! -e '/opt/***/dags/data/2024-02-14/model' ]; then\n                mkdir /opt/***/dags/data/2024-02-14/model\n            fi\n        "]
[2024-02-14T03:39:38.083+0000] {subprocess.py:86} INFO - Output:
[2024-02-14T03:39:38.086+0000] {subprocess.py:93} INFO - StartJob
[2024-02-14T03:39:38.093+0000] {subprocess.py:97} INFO - Command exited with return code 0
[2024-02-14T03:39:38.132+0000] {taskinstance.py:1138} INFO - Marking task as SUCCESS. dag_id=deverlop_model, task_id=StartJob, execution_date=20240201T014500, start_date=20240214T033937, end_date=20240214T033938
[2024-02-14T03:39:38.197+0000] {local_task_job_runner.py:234} INFO - Task exited with return code 0
[2024-02-14T03:39:38.310+0000] {taskinstance.py:3280} INFO - 1 downstream tasks scheduled from follow-on schedule check
