[2024-02-14T02:07:26.385+0000] {taskinstance.py:1956} INFO - Dependencies all met for dep_context=non-requeueable deps ti=<TaskInstance: deverlop_model.StartJob scheduled__2024-01-01T02:15:00+00:00 [queued]>
[2024-02-14T02:07:26.411+0000] {taskinstance.py:1956} INFO - Dependencies all met for dep_context=requeueable deps ti=<TaskInstance: deverlop_model.StartJob scheduled__2024-01-01T02:15:00+00:00 [queued]>
[2024-02-14T02:07:26.412+0000] {taskinstance.py:2170} INFO - Starting attempt 1 of 1
[2024-02-14T02:07:26.445+0000] {taskinstance.py:2191} INFO - Executing <Task(BashOperator): StartJob> on 2024-01-01 02:15:00+00:00
[2024-02-14T02:07:26.458+0000] {standard_task_runner.py:60} INFO - Started process 485 to run task
[2024-02-14T02:07:26.468+0000] {standard_task_runner.py:87} INFO - Running: ['***', 'tasks', 'run', 'deverlop_model', 'StartJob', 'scheduled__2024-01-01T02:15:00+00:00', '--job-id', '53', '--raw', '--subdir', 'DAGS_FOLDER/task.py', '--cfg-path', '/tmp/tmp2bf_ndsc']
[2024-02-14T02:07:26.472+0000] {standard_task_runner.py:88} INFO - Job 53: Subtask StartJob
[2024-02-14T02:07:26.560+0000] {task_command.py:423} INFO - Running <TaskInstance: deverlop_model.StartJob scheduled__2024-01-01T02:15:00+00:00 [running]> on host 6e2ff7d2ffd0
[2024-02-14T02:07:26.710+0000] {taskinstance.py:2480} INFO - Exporting env vars: AIRFLOW_CTX_DAG_OWNER='rtn' AIRFLOW_CTX_DAG_ID='deverlop_model' AIRFLOW_CTX_TASK_ID='StartJob' AIRFLOW_CTX_EXECUTION_DATE='2024-01-01T02:15:00+00:00' AIRFLOW_CTX_TRY_NUMBER='1' AIRFLOW_CTX_DAG_RUN_ID='scheduled__2024-01-01T02:15:00+00:00'
[2024-02-14T02:07:26.714+0000] {subprocess.py:63} INFO - Tmp dir root location: /tmp
[2024-02-14T02:07:26.718+0000] {subprocess.py:75} INFO - Running command: ['/usr/bin/bash', '-c', 'echo StartJob']
[2024-02-14T02:07:26.753+0000] {subprocess.py:86} INFO - Output:
[2024-02-14T02:07:26.757+0000] {subprocess.py:93} INFO - StartJob
[2024-02-14T02:07:26.761+0000] {subprocess.py:97} INFO - Command exited with return code 0
[2024-02-14T02:07:26.852+0000] {taskinstance.py:1138} INFO - Marking task as SUCCESS. dag_id=deverlop_model, task_id=StartJob, execution_date=20240101T021500, start_date=20240214T020726, end_date=20240214T020726
[2024-02-14T02:07:26.934+0000] {local_task_job_runner.py:234} INFO - Task exited with return code 0
[2024-02-14T02:07:27.002+0000] {taskinstance.py:3280} INFO - 1 downstream tasks scheduled from follow-on schedule check
[2024-02-14T03:56:17.906+0000] {taskinstance.py:1956} INFO - Dependencies all met for dep_context=non-requeueable deps ti=<TaskInstance: deverlop_model.StartJob scheduled__2024-01-01T02:15:00+00:00 [queued]>
[2024-02-14T03:56:17.932+0000] {taskinstance.py:1956} INFO - Dependencies all met for dep_context=requeueable deps ti=<TaskInstance: deverlop_model.StartJob scheduled__2024-01-01T02:15:00+00:00 [queued]>
[2024-02-14T03:56:17.933+0000] {taskinstance.py:2170} INFO - Starting attempt 1 of 1
[2024-02-14T03:56:17.974+0000] {taskinstance.py:2191} INFO - Executing <Task(BashOperator): StartJob> on 2024-01-01 02:15:00+00:00
[2024-02-14T03:56:17.996+0000] {standard_task_runner.py:60} INFO - Started process 3675 to run task
[2024-02-14T03:56:18.007+0000] {standard_task_runner.py:87} INFO - Running: ['***', 'tasks', 'run', 'deverlop_model', 'StartJob', 'scheduled__2024-01-01T02:15:00+00:00', '--job-id', '488', '--raw', '--subdir', 'DAGS_FOLDER/task.py', '--cfg-path', '/tmp/tmpke109bqe']
[2024-02-14T03:56:18.011+0000] {standard_task_runner.py:88} INFO - Job 488: Subtask StartJob
[2024-02-14T03:56:18.127+0000] {task_command.py:423} INFO - Running <TaskInstance: deverlop_model.StartJob scheduled__2024-01-01T02:15:00+00:00 [running]> on host 6e2ff7d2ffd0
[2024-02-14T03:56:18.363+0000] {taskinstance.py:2480} INFO - Exporting env vars: AIRFLOW_CTX_DAG_OWNER='***' AIRFLOW_CTX_DAG_ID='deverlop_model' AIRFLOW_CTX_TASK_ID='StartJob' AIRFLOW_CTX_EXECUTION_DATE='2024-01-01T02:15:00+00:00' AIRFLOW_CTX_TRY_NUMBER='1' AIRFLOW_CTX_DAG_RUN_ID='scheduled__2024-01-01T02:15:00+00:00'
[2024-02-14T03:56:18.374+0000] {subprocess.py:63} INFO - Tmp dir root location: /tmp
[2024-02-14T03:56:18.384+0000] {subprocess.py:75} INFO - Running command: ['/usr/bin/bash', '-c', "\n            echo StartJob && \n            if [ ! -e '/opt/***/dags/data/2024-02-14' ]; then\n                mkdir /opt/***/dags/data/2024-02-14 \n            fi && \n            if [ ! -e '/opt/***/dags/data/2024-02-14/data' ]; then\n                mkdir /opt/***/dags/data/2024-02-14/data\n            fi && \n            if [ ! -e '/opt/***/dags/data/2024-02-14/model' ]; then\n                mkdir /opt/***/dags/data/2024-02-14/model\n            fi\n        "]
[2024-02-14T03:56:18.459+0000] {subprocess.py:86} INFO - Output:
[2024-02-14T03:56:18.464+0000] {subprocess.py:93} INFO - StartJob
[2024-02-14T03:56:18.472+0000] {subprocess.py:97} INFO - Command exited with return code 0
[2024-02-14T03:56:18.561+0000] {taskinstance.py:1138} INFO - Marking task as SUCCESS. dag_id=deverlop_model, task_id=StartJob, execution_date=20240101T021500, start_date=20240214T035617, end_date=20240214T035618
[2024-02-14T03:56:18.628+0000] {local_task_job_runner.py:234} INFO - Task exited with return code 0
[2024-02-14T03:56:18.730+0000] {taskinstance.py:3280} INFO - 1 downstream tasks scheduled from follow-on schedule check
