[2024-02-14T03:34:40.117+0000] {taskinstance.py:1956} INFO - Dependencies all met for dep_context=non-requeueable deps ti=<TaskInstance: deverlop_model.StartJob scheduled__2024-02-01T02:15:00+00:00 [queued]>
[2024-02-14T03:34:40.129+0000] {taskinstance.py:1956} INFO - Dependencies all met for dep_context=requeueable deps ti=<TaskInstance: deverlop_model.StartJob scheduled__2024-02-01T02:15:00+00:00 [queued]>
[2024-02-14T03:34:40.130+0000] {taskinstance.py:2170} INFO - Starting attempt 1 of 1
[2024-02-14T03:34:40.151+0000] {taskinstance.py:2191} INFO - Executing <Task(BashOperator): StartJob> on 2024-02-01 02:15:00+00:00
[2024-02-14T03:34:40.164+0000] {standard_task_runner.py:60} INFO - Started process 2582 to run task
[2024-02-14T03:34:40.171+0000] {standard_task_runner.py:87} INFO - Running: ['***', 'tasks', 'run', 'deverlop_model', 'StartJob', 'scheduled__2024-02-01T02:15:00+00:00', '--job-id', '271', '--raw', '--subdir', 'DAGS_FOLDER/task.py', '--cfg-path', '/tmp/tmp4t0z4hqz']
[2024-02-14T03:34:40.175+0000] {standard_task_runner.py:88} INFO - Job 271: Subtask StartJob
[2024-02-14T03:34:40.284+0000] {task_command.py:423} INFO - Running <TaskInstance: deverlop_model.StartJob scheduled__2024-02-01T02:15:00+00:00 [running]> on host 6e2ff7d2ffd0
[2024-02-14T03:34:40.439+0000] {taskinstance.py:2480} INFO - Exporting env vars: AIRFLOW_CTX_DAG_OWNER='rtn' AIRFLOW_CTX_DAG_ID='deverlop_model' AIRFLOW_CTX_TASK_ID='StartJob' AIRFLOW_CTX_EXECUTION_DATE='2024-02-01T02:15:00+00:00' AIRFLOW_CTX_TRY_NUMBER='1' AIRFLOW_CTX_DAG_RUN_ID='scheduled__2024-02-01T02:15:00+00:00'
[2024-02-14T03:34:40.445+0000] {subprocess.py:63} INFO - Tmp dir root location: /tmp
[2024-02-14T03:34:40.446+0000] {subprocess.py:75} INFO - Running command: ['/usr/bin/bash', '-c', "\n            echo StartJob && \n            if [ ! -e '/opt/***/dags/data/2024-02-14' ]; then\n                mkdir /opt/***/dags/data/2024-02-14 \n            fi && \n            if [ ! -e '/opt/***/dags/data/2024-02-14/data' ]; then\n                mkdir /opt/***/dags/data/2024-02-14/data\n            fi && \n            if [ ! -e '/opt/***/dags/data/2024-02-14/model' ]; then\n                mkdir /opt/***/dags/data/2024-02-14/model\n            fi\n        "]
[2024-02-14T03:34:40.482+0000] {subprocess.py:86} INFO - Output:
[2024-02-14T03:34:40.486+0000] {subprocess.py:93} INFO - StartJob
[2024-02-14T03:34:40.491+0000] {subprocess.py:97} INFO - Command exited with return code 0
[2024-02-14T03:34:40.539+0000] {taskinstance.py:1138} INFO - Marking task as SUCCESS. dag_id=deverlop_model, task_id=StartJob, execution_date=20240201T021500, start_date=20240214T033440, end_date=20240214T033440
[2024-02-14T03:34:40.591+0000] {local_task_job_runner.py:234} INFO - Task exited with return code 0
[2024-02-14T03:34:40.862+0000] {taskinstance.py:3280} INFO - 0 downstream tasks scheduled from follow-on schedule check
[2024-02-14T03:38:16.071+0000] {taskinstance.py:1956} INFO - Dependencies all met for dep_context=non-requeueable deps ti=<TaskInstance: deverlop_model.StartJob scheduled__2024-02-01T02:15:00+00:00 [queued]>
[2024-02-14T03:38:16.084+0000] {taskinstance.py:1956} INFO - Dependencies all met for dep_context=requeueable deps ti=<TaskInstance: deverlop_model.StartJob scheduled__2024-02-01T02:15:00+00:00 [queued]>
[2024-02-14T03:38:16.085+0000] {taskinstance.py:2170} INFO - Starting attempt 1 of 1
[2024-02-14T03:38:16.105+0000] {taskinstance.py:2191} INFO - Executing <Task(BashOperator): StartJob> on 2024-02-01 02:15:00+00:00
[2024-02-14T03:38:16.116+0000] {standard_task_runner.py:60} INFO - Started process 2904 to run task
[2024-02-14T03:38:16.120+0000] {standard_task_runner.py:87} INFO - Running: ['***', 'tasks', 'run', 'deverlop_model', 'StartJob', 'scheduled__2024-02-01T02:15:00+00:00', '--job-id', '348', '--raw', '--subdir', 'DAGS_FOLDER/task.py', '--cfg-path', '/tmp/tmp1hni5iqc']
[2024-02-14T03:38:16.124+0000] {standard_task_runner.py:88} INFO - Job 348: Subtask StartJob
[2024-02-14T03:38:16.198+0000] {task_command.py:423} INFO - Running <TaskInstance: deverlop_model.StartJob scheduled__2024-02-01T02:15:00+00:00 [running]> on host 6e2ff7d2ffd0
[2024-02-14T03:38:16.309+0000] {taskinstance.py:2480} INFO - Exporting env vars: AIRFLOW_CTX_DAG_OWNER='rtn' AIRFLOW_CTX_DAG_ID='deverlop_model' AIRFLOW_CTX_TASK_ID='StartJob' AIRFLOW_CTX_EXECUTION_DATE='2024-02-01T02:15:00+00:00' AIRFLOW_CTX_TRY_NUMBER='1' AIRFLOW_CTX_DAG_RUN_ID='scheduled__2024-02-01T02:15:00+00:00'
[2024-02-14T03:38:16.314+0000] {subprocess.py:63} INFO - Tmp dir root location: /tmp
[2024-02-14T03:38:16.317+0000] {subprocess.py:75} INFO - Running command: ['/usr/bin/bash', '-c', "\n            echo StartJob && \n            if [ ! -e '/opt/***/dags/data/2024-02-14' ]; then\n                mkdir /opt/***/dags/data/2024-02-14 \n            fi && \n            if [ ! -e '/opt/***/dags/data/2024-02-14/data' ]; then\n                mkdir /opt/***/dags/data/2024-02-14/data\n            fi && \n            if [ ! -e '/opt/***/dags/data/2024-02-14/model' ]; then\n                mkdir /opt/***/dags/data/2024-02-14/model\n            fi\n        "]
[2024-02-14T03:38:16.348+0000] {subprocess.py:86} INFO - Output:
[2024-02-14T03:38:16.349+0000] {subprocess.py:93} INFO - StartJob
[2024-02-14T03:38:16.351+0000] {subprocess.py:97} INFO - Command exited with return code 0
[2024-02-14T03:38:16.399+0000] {taskinstance.py:1138} INFO - Marking task as SUCCESS. dag_id=deverlop_model, task_id=StartJob, execution_date=20240201T021500, start_date=20240214T033816, end_date=20240214T033816
[2024-02-14T03:38:16.455+0000] {local_task_job_runner.py:234} INFO - Task exited with return code 0
[2024-02-14T03:38:16.495+0000] {taskinstance.py:3280} INFO - 1 downstream tasks scheduled from follow-on schedule check
[2024-02-14T03:39:40.479+0000] {taskinstance.py:1956} INFO - Dependencies all met for dep_context=non-requeueable deps ti=<TaskInstance: deverlop_model.StartJob scheduled__2024-02-01T02:15:00+00:00 [queued]>
[2024-02-14T03:39:40.506+0000] {taskinstance.py:1956} INFO - Dependencies all met for dep_context=requeueable deps ti=<TaskInstance: deverlop_model.StartJob scheduled__2024-02-01T02:15:00+00:00 [queued]>
[2024-02-14T03:39:40.507+0000] {taskinstance.py:2170} INFO - Starting attempt 1 of 1
[2024-02-14T03:39:40.540+0000] {taskinstance.py:2191} INFO - Executing <Task(BashOperator): StartJob> on 2024-02-01 02:15:00+00:00
[2024-02-14T03:39:40.554+0000] {standard_task_runner.py:60} INFO - Started process 3119 to run task
[2024-02-14T03:39:40.572+0000] {standard_task_runner.py:87} INFO - Running: ['***', 'tasks', 'run', 'deverlop_model', 'StartJob', 'scheduled__2024-02-01T02:15:00+00:00', '--job-id', '402', '--raw', '--subdir', 'DAGS_FOLDER/task.py', '--cfg-path', '/tmp/tmpwd3v0z5x']
[2024-02-14T03:39:40.577+0000] {standard_task_runner.py:88} INFO - Job 402: Subtask StartJob
[2024-02-14T03:39:40.668+0000] {task_command.py:423} INFO - Running <TaskInstance: deverlop_model.StartJob scheduled__2024-02-01T02:15:00+00:00 [running]> on host 6e2ff7d2ffd0
[2024-02-14T03:39:40.836+0000] {taskinstance.py:2480} INFO - Exporting env vars: AIRFLOW_CTX_DAG_OWNER='rtn' AIRFLOW_CTX_DAG_ID='deverlop_model' AIRFLOW_CTX_TASK_ID='StartJob' AIRFLOW_CTX_EXECUTION_DATE='2024-02-01T02:15:00+00:00' AIRFLOW_CTX_TRY_NUMBER='1' AIRFLOW_CTX_DAG_RUN_ID='scheduled__2024-02-01T02:15:00+00:00'
[2024-02-14T03:39:40.842+0000] {subprocess.py:63} INFO - Tmp dir root location: /tmp
[2024-02-14T03:39:40.845+0000] {subprocess.py:75} INFO - Running command: ['/usr/bin/bash', '-c', "\n            echo StartJob && \n            if [ ! -e '/opt/***/dags/data/2024-02-14' ]; then\n                mkdir /opt/***/dags/data/2024-02-14 \n            fi && \n            if [ ! -e '/opt/***/dags/data/2024-02-14/data' ]; then\n                mkdir /opt/***/dags/data/2024-02-14/data\n            fi && \n            if [ ! -e '/opt/***/dags/data/2024-02-14/model' ]; then\n                mkdir /opt/***/dags/data/2024-02-14/model\n            fi\n        "]
[2024-02-14T03:39:40.876+0000] {subprocess.py:86} INFO - Output:
[2024-02-14T03:39:40.881+0000] {subprocess.py:93} INFO - StartJob
[2024-02-14T03:39:40.913+0000] {subprocess.py:97} INFO - Command exited with return code 0
[2024-02-14T03:39:40.988+0000] {taskinstance.py:1138} INFO - Marking task as SUCCESS. dag_id=deverlop_model, task_id=StartJob, execution_date=20240201T021500, start_date=20240214T033940, end_date=20240214T033940
[2024-02-14T03:39:41.038+0000] {local_task_job_runner.py:234} INFO - Task exited with return code 0
[2024-02-14T03:39:41.075+0000] {taskinstance.py:3280} INFO - 1 downstream tasks scheduled from follow-on schedule check
