[2024-02-13T16:45:50.787+0000] {taskinstance.py:1956} INFO - Dependencies all met for dep_context=non-requeueable deps ti=<TaskInstance: deverlop_model.Start_job scheduled__2022-01-01T00:35:00+00:00 [queued]>
[2024-02-13T16:45:50.817+0000] {taskinstance.py:1956} INFO - Dependencies all met for dep_context=requeueable deps ti=<TaskInstance: deverlop_model.Start_job scheduled__2022-01-01T00:35:00+00:00 [queued]>
[2024-02-13T16:45:50.829+0000] {taskinstance.py:2170} INFO - Starting attempt 1 of 1
[2024-02-13T16:45:50.908+0000] {taskinstance.py:2191} INFO - Executing <Task(BashOperator): Start_job> on 2022-01-01 00:35:00+00:00
[2024-02-13T16:45:50.955+0000] {standard_task_runner.py:60} INFO - Started process 612 to run task
[2024-02-13T16:45:51.034+0000] {standard_task_runner.py:87} INFO - Running: ['***', 'tasks', 'run', 'deverlop_model', 'Start_job', 'scheduled__2022-01-01T00:35:00+00:00', '--job-id', '27', '--raw', '--subdir', 'DAGS_FOLDER/task.py', '--cfg-path', '/tmp/tmpewmh0vpd']
[2024-02-13T16:45:51.080+0000] {standard_task_runner.py:88} INFO - Job 27: Subtask Start_job
[2024-02-13T16:45:52.313+0000] {task_command.py:423} INFO - Running <TaskInstance: deverlop_model.Start_job scheduled__2022-01-01T00:35:00+00:00 [running]> on host a5e5e25b3882
[2024-02-13T16:45:52.840+0000] {taskinstance.py:2480} INFO - Exporting env vars: AIRFLOW_CTX_DAG_OWNER='rtn' AIRFLOW_CTX_DAG_ID='deverlop_model' AIRFLOW_CTX_TASK_ID='Start_job' AIRFLOW_CTX_EXECUTION_DATE='2022-01-01T00:35:00+00:00' AIRFLOW_CTX_TRY_NUMBER='1' AIRFLOW_CTX_DAG_RUN_ID='scheduled__2022-01-01T00:35:00+00:00'
[2024-02-13T16:45:52.876+0000] {subprocess.py:63} INFO - Tmp dir root location: /tmp
[2024-02-13T16:45:52.883+0000] {subprocess.py:75} INFO - Running command: ['/usr/bin/bash', '-c', 'echo START JOBS']
[2024-02-13T16:45:52.974+0000] {subprocess.py:86} INFO - Output:
[2024-02-13T16:45:52.984+0000] {subprocess.py:93} INFO - START JOBS
[2024-02-13T16:45:52.987+0000] {subprocess.py:97} INFO - Command exited with return code 0
[2024-02-13T16:45:53.125+0000] {taskinstance.py:1138} INFO - Marking task as SUCCESS. dag_id=deverlop_model, task_id=Start_job, execution_date=20220101T003500, start_date=20240213T164550, end_date=20240213T164553
[2024-02-13T16:45:53.291+0000] {local_task_job_runner.py:234} INFO - Task exited with return code 0
[2024-02-13T16:45:53.422+0000] {taskinstance.py:3280} INFO - 1 downstream tasks scheduled from follow-on schedule check
[2024-02-13T16:47:28.400+0000] {taskinstance.py:1956} INFO - Dependencies all met for dep_context=non-requeueable deps ti=<TaskInstance: deverlop_model.Start_job scheduled__2022-01-01T00:35:00+00:00 [queued]>
[2024-02-13T16:47:28.417+0000] {taskinstance.py:1956} INFO - Dependencies all met for dep_context=requeueable deps ti=<TaskInstance: deverlop_model.Start_job scheduled__2022-01-01T00:35:00+00:00 [queued]>
[2024-02-13T16:47:28.418+0000] {taskinstance.py:2170} INFO - Starting attempt 1 of 1
[2024-02-13T16:47:28.438+0000] {taskinstance.py:2191} INFO - Executing <Task(BashOperator): Start_job> on 2022-01-01 00:35:00+00:00
[2024-02-13T16:47:28.448+0000] {standard_task_runner.py:60} INFO - Started process 750 to run task
[2024-02-13T16:47:28.455+0000] {standard_task_runner.py:87} INFO - Running: ['***', 'tasks', 'run', 'deverlop_model', 'Start_job', 'scheduled__2022-01-01T00:35:00+00:00', '--job-id', '62', '--raw', '--subdir', 'DAGS_FOLDER/task.py', '--cfg-path', '/tmp/tmprwaf655e']
[2024-02-13T16:47:28.468+0000] {standard_task_runner.py:88} INFO - Job 62: Subtask Start_job
[2024-02-13T16:47:28.560+0000] {task_command.py:423} INFO - Running <TaskInstance: deverlop_model.Start_job scheduled__2022-01-01T00:35:00+00:00 [running]> on host a5e5e25b3882
[2024-02-13T16:47:28.723+0000] {taskinstance.py:2480} INFO - Exporting env vars: AIRFLOW_CTX_DAG_OWNER='rtn' AIRFLOW_CTX_DAG_ID='deverlop_model' AIRFLOW_CTX_TASK_ID='Start_job' AIRFLOW_CTX_EXECUTION_DATE='2022-01-01T00:35:00+00:00' AIRFLOW_CTX_TRY_NUMBER='1' AIRFLOW_CTX_DAG_RUN_ID='scheduled__2022-01-01T00:35:00+00:00'
[2024-02-13T16:47:28.727+0000] {subprocess.py:63} INFO - Tmp dir root location: /tmp
[2024-02-13T16:47:28.728+0000] {subprocess.py:75} INFO - Running command: ['/usr/bin/bash', '-c', 'echo START JOBS']
[2024-02-13T16:47:28.748+0000] {subprocess.py:86} INFO - Output:
[2024-02-13T16:47:28.751+0000] {subprocess.py:93} INFO - START JOBS
[2024-02-13T16:47:28.752+0000] {subprocess.py:97} INFO - Command exited with return code 0
[2024-02-13T16:47:28.797+0000] {taskinstance.py:1138} INFO - Marking task as SUCCESS. dag_id=deverlop_model, task_id=Start_job, execution_date=20220101T003500, start_date=20240213T164728, end_date=20240213T164728
[2024-02-13T16:47:28.844+0000] {local_task_job_runner.py:234} INFO - Task exited with return code 0
[2024-02-13T16:47:28.953+0000] {taskinstance.py:3280} INFO - 1 downstream tasks scheduled from follow-on schedule check
