[2024-02-13T16:45:59.340+0000] {taskinstance.py:1956} INFO - Dependencies all met for dep_context=non-requeueable deps ti=<TaskInstance: deverlop_model.Start_job scheduled__2022-01-01T00:20:00+00:00 [queued]>
[2024-02-13T16:45:59.374+0000] {taskinstance.py:1956} INFO - Dependencies all met for dep_context=requeueable deps ti=<TaskInstance: deverlop_model.Start_job scheduled__2022-01-01T00:20:00+00:00 [queued]>
[2024-02-13T16:45:59.389+0000] {taskinstance.py:2170} INFO - Starting attempt 1 of 1
[2024-02-13T16:45:59.421+0000] {taskinstance.py:2191} INFO - Executing <Task(BashOperator): Start_job> on 2022-01-01 00:20:00+00:00
[2024-02-13T16:45:59.449+0000] {standard_task_runner.py:60} INFO - Started process 661 to run task
[2024-02-13T16:45:59.461+0000] {standard_task_runner.py:87} INFO - Running: ['***', 'tasks', 'run', 'deverlop_model', 'Start_job', 'scheduled__2022-01-01T00:20:00+00:00', '--job-id', '39', '--raw', '--subdir', 'DAGS_FOLDER/task.py', '--cfg-path', '/tmp/tmpeximvi6q']
[2024-02-13T16:45:59.466+0000] {standard_task_runner.py:88} INFO - Job 39: Subtask Start_job
[2024-02-13T16:45:59.575+0000] {task_command.py:423} INFO - Running <TaskInstance: deverlop_model.Start_job scheduled__2022-01-01T00:20:00+00:00 [running]> on host a5e5e25b3882
[2024-02-13T16:45:59.766+0000] {taskinstance.py:2480} INFO - Exporting env vars: AIRFLOW_CTX_DAG_OWNER='rtn' AIRFLOW_CTX_DAG_ID='deverlop_model' AIRFLOW_CTX_TASK_ID='Start_job' AIRFLOW_CTX_EXECUTION_DATE='2022-01-01T00:20:00+00:00' AIRFLOW_CTX_TRY_NUMBER='1' AIRFLOW_CTX_DAG_RUN_ID='scheduled__2022-01-01T00:20:00+00:00'
[2024-02-13T16:45:59.769+0000] {subprocess.py:63} INFO - Tmp dir root location: /tmp
[2024-02-13T16:45:59.772+0000] {subprocess.py:75} INFO - Running command: ['/usr/bin/bash', '-c', 'echo START JOBS']
[2024-02-13T16:45:59.816+0000] {subprocess.py:86} INFO - Output:
[2024-02-13T16:45:59.818+0000] {subprocess.py:93} INFO - START JOBS
[2024-02-13T16:45:59.822+0000] {subprocess.py:97} INFO - Command exited with return code 0
[2024-02-13T16:45:59.874+0000] {taskinstance.py:1138} INFO - Marking task as SUCCESS. dag_id=deverlop_model, task_id=Start_job, execution_date=20220101T002000, start_date=20240213T164559, end_date=20240213T164559
[2024-02-13T16:45:59.929+0000] {local_task_job_runner.py:234} INFO - Task exited with return code 0
[2024-02-13T16:45:59.985+0000] {taskinstance.py:3280} INFO - 1 downstream tasks scheduled from follow-on schedule check
[2024-02-13T16:47:27.682+0000] {taskinstance.py:1956} INFO - Dependencies all met for dep_context=non-requeueable deps ti=<TaskInstance: deverlop_model.Start_job scheduled__2022-01-01T00:20:00+00:00 [queued]>
[2024-02-13T16:47:27.700+0000] {taskinstance.py:1956} INFO - Dependencies all met for dep_context=requeueable deps ti=<TaskInstance: deverlop_model.Start_job scheduled__2022-01-01T00:20:00+00:00 [queued]>
[2024-02-13T16:47:27.701+0000] {taskinstance.py:2170} INFO - Starting attempt 1 of 1
[2024-02-13T16:47:27.730+0000] {taskinstance.py:2191} INFO - Executing <Task(BashOperator): Start_job> on 2022-01-01 00:20:00+00:00
[2024-02-13T16:47:27.744+0000] {standard_task_runner.py:60} INFO - Started process 741 to run task
[2024-02-13T16:47:27.749+0000] {standard_task_runner.py:87} INFO - Running: ['***', 'tasks', 'run', 'deverlop_model', 'Start_job', 'scheduled__2022-01-01T00:20:00+00:00', '--job-id', '60', '--raw', '--subdir', 'DAGS_FOLDER/task.py', '--cfg-path', '/tmp/tmp_3hrsjuh']
[2024-02-13T16:47:27.757+0000] {standard_task_runner.py:88} INFO - Job 60: Subtask Start_job
[2024-02-13T16:47:27.929+0000] {task_command.py:423} INFO - Running <TaskInstance: deverlop_model.Start_job scheduled__2022-01-01T00:20:00+00:00 [running]> on host a5e5e25b3882
[2024-02-13T16:47:28.080+0000] {taskinstance.py:2480} INFO - Exporting env vars: AIRFLOW_CTX_DAG_OWNER='rtn' AIRFLOW_CTX_DAG_ID='deverlop_model' AIRFLOW_CTX_TASK_ID='Start_job' AIRFLOW_CTX_EXECUTION_DATE='2022-01-01T00:20:00+00:00' AIRFLOW_CTX_TRY_NUMBER='1' AIRFLOW_CTX_DAG_RUN_ID='scheduled__2022-01-01T00:20:00+00:00'
[2024-02-13T16:47:28.084+0000] {subprocess.py:63} INFO - Tmp dir root location: /tmp
[2024-02-13T16:47:28.085+0000] {subprocess.py:75} INFO - Running command: ['/usr/bin/bash', '-c', 'echo START JOBS']
[2024-02-13T16:47:28.119+0000] {subprocess.py:86} INFO - Output:
[2024-02-13T16:47:28.121+0000] {subprocess.py:93} INFO - START JOBS
[2024-02-13T16:47:28.123+0000] {subprocess.py:97} INFO - Command exited with return code 0
[2024-02-13T16:47:28.163+0000] {taskinstance.py:1138} INFO - Marking task as SUCCESS. dag_id=deverlop_model, task_id=Start_job, execution_date=20220101T002000, start_date=20240213T164727, end_date=20240213T164728
[2024-02-13T16:47:28.233+0000] {local_task_job_runner.py:234} INFO - Task exited with return code 0
[2024-02-13T16:47:28.409+0000] {taskinstance.py:3280} INFO - 0 downstream tasks scheduled from follow-on schedule check
