[2024-02-14T03:32:50.099+0000] {taskinstance.py:1956} INFO - Dependencies all met for dep_context=non-requeueable deps ti=<TaskInstance: deverlop_model.StartJob scheduled__2024-02-01T00:10:00+00:00 [queued]>
[2024-02-14T03:32:50.139+0000] {taskinstance.py:1956} INFO - Dependencies all met for dep_context=requeueable deps ti=<TaskInstance: deverlop_model.StartJob scheduled__2024-02-01T00:10:00+00:00 [queued]>
[2024-02-14T03:32:50.140+0000] {taskinstance.py:2170} INFO - Starting attempt 1 of 1
[2024-02-14T03:32:50.204+0000] {taskinstance.py:2191} INFO - Executing <Task(BashOperator): StartJob> on 2024-02-01 00:10:00+00:00
[2024-02-14T03:32:50.224+0000] {standard_task_runner.py:60} INFO - Started process 2324 to run task
[2024-02-14T03:32:50.285+0000] {standard_task_runner.py:87} INFO - Running: ['***', 'tasks', 'run', 'deverlop_model', 'StartJob', 'scheduled__2024-02-01T00:10:00+00:00', '--job-id', '206', '--raw', '--subdir', 'DAGS_FOLDER/task.py', '--cfg-path', '/tmp/tmphdsym2r7']
[2024-02-14T03:32:50.317+0000] {standard_task_runner.py:88} INFO - Job 206: Subtask StartJob
[2024-02-14T03:32:50.509+0000] {task_command.py:423} INFO - Running <TaskInstance: deverlop_model.StartJob scheduled__2024-02-01T00:10:00+00:00 [running]> on host 6e2ff7d2ffd0
[2024-02-14T03:32:50.859+0000] {taskinstance.py:2480} INFO - Exporting env vars: AIRFLOW_CTX_DAG_OWNER='rtn' AIRFLOW_CTX_DAG_ID='deverlop_model' AIRFLOW_CTX_TASK_ID='StartJob' AIRFLOW_CTX_EXECUTION_DATE='2024-02-01T00:10:00+00:00' AIRFLOW_CTX_TRY_NUMBER='1' AIRFLOW_CTX_DAG_RUN_ID='scheduled__2024-02-01T00:10:00+00:00'
[2024-02-14T03:32:50.871+0000] {subprocess.py:63} INFO - Tmp dir root location: /tmp
[2024-02-14T03:32:50.877+0000] {subprocess.py:75} INFO - Running command: ['/usr/bin/bash', '-c', "\n            echo StartJob && \n            if [ ! -e '/opt/***/dags/data/2024-02-14' ]; then\n                mkdir /opt/***/dags/data/2024-02-14 \n            fi && \n            if [ ! -e '/opt/***/dags/data/2024-02-14/data' ]; then\n                mkdir /opt/***/dags/data/2024-02-14/data\n            fi && \n            if [ ! -e '/opt/***/dags/data/2024-02-14/model' ]; then\n                mkdir /opt/***/dags/data/2024-02-14/model\n            fi\n        "]
[2024-02-14T03:32:50.921+0000] {subprocess.py:86} INFO - Output:
[2024-02-14T03:32:50.927+0000] {subprocess.py:93} INFO - StartJob
[2024-02-14T03:32:50.961+0000] {subprocess.py:97} INFO - Command exited with return code 0
[2024-02-14T03:32:51.187+0000] {taskinstance.py:1138} INFO - Marking task as SUCCESS. dag_id=deverlop_model, task_id=StartJob, execution_date=20240201T001000, start_date=20240214T033250, end_date=20240214T033251
[2024-02-14T03:32:51.549+0000] {local_task_job_runner.py:234} INFO - Task exited with return code 0
[2024-02-14T03:32:51.651+0000] {taskinstance.py:3280} INFO - 1 downstream tasks scheduled from follow-on schedule check
[2024-02-14T03:34:19.745+0000] {taskinstance.py:1956} INFO - Dependencies all met for dep_context=non-requeueable deps ti=<TaskInstance: deverlop_model.StartJob scheduled__2024-02-01T00:10:00+00:00 [queued]>
[2024-02-14T03:34:19.756+0000] {taskinstance.py:1956} INFO - Dependencies all met for dep_context=requeueable deps ti=<TaskInstance: deverlop_model.StartJob scheduled__2024-02-01T00:10:00+00:00 [queued]>
[2024-02-14T03:34:19.756+0000] {taskinstance.py:2170} INFO - Starting attempt 1 of 1
[2024-02-14T03:34:19.774+0000] {taskinstance.py:2191} INFO - Executing <Task(BashOperator): StartJob> on 2024-02-01 00:10:00+00:00
[2024-02-14T03:34:19.787+0000] {standard_task_runner.py:60} INFO - Started process 2417 to run task
[2024-02-14T03:34:19.791+0000] {standard_task_runner.py:87} INFO - Running: ['***', 'tasks', 'run', 'deverlop_model', 'StartJob', 'scheduled__2024-02-01T00:10:00+00:00', '--job-id', '226', '--raw', '--subdir', 'DAGS_FOLDER/task.py', '--cfg-path', '/tmp/tmpi_2028ev']
[2024-02-14T03:34:19.796+0000] {standard_task_runner.py:88} INFO - Job 226: Subtask StartJob
[2024-02-14T03:34:19.868+0000] {task_command.py:423} INFO - Running <TaskInstance: deverlop_model.StartJob scheduled__2024-02-01T00:10:00+00:00 [running]> on host 6e2ff7d2ffd0
[2024-02-14T03:34:19.978+0000] {taskinstance.py:2480} INFO - Exporting env vars: AIRFLOW_CTX_DAG_OWNER='rtn' AIRFLOW_CTX_DAG_ID='deverlop_model' AIRFLOW_CTX_TASK_ID='StartJob' AIRFLOW_CTX_EXECUTION_DATE='2024-02-01T00:10:00+00:00' AIRFLOW_CTX_TRY_NUMBER='1' AIRFLOW_CTX_DAG_RUN_ID='scheduled__2024-02-01T00:10:00+00:00'
[2024-02-14T03:34:19.982+0000] {subprocess.py:63} INFO - Tmp dir root location: /tmp
[2024-02-14T03:34:19.984+0000] {subprocess.py:75} INFO - Running command: ['/usr/bin/bash', '-c', "\n            echo StartJob && \n            if [ ! -e '/opt/***/dags/data/2024-02-14' ]; then\n                mkdir /opt/***/dags/data/2024-02-14 \n            fi && \n            if [ ! -e '/opt/***/dags/data/2024-02-14/data' ]; then\n                mkdir /opt/***/dags/data/2024-02-14/data\n            fi && \n            if [ ! -e '/opt/***/dags/data/2024-02-14/model' ]; then\n                mkdir /opt/***/dags/data/2024-02-14/model\n            fi\n        "]
[2024-02-14T03:34:20.010+0000] {subprocess.py:86} INFO - Output:
[2024-02-14T03:34:20.012+0000] {subprocess.py:93} INFO - StartJob
[2024-02-14T03:34:20.020+0000] {subprocess.py:97} INFO - Command exited with return code 0
[2024-02-14T03:34:20.065+0000] {taskinstance.py:1138} INFO - Marking task as SUCCESS. dag_id=deverlop_model, task_id=StartJob, execution_date=20240201T001000, start_date=20240214T033419, end_date=20240214T033420
[2024-02-14T03:34:20.092+0000] {local_task_job_runner.py:234} INFO - Task exited with return code 0
[2024-02-14T03:34:20.185+0000] {taskinstance.py:3280} INFO - 1 downstream tasks scheduled from follow-on schedule check
[2024-02-14T03:37:57.882+0000] {taskinstance.py:1956} INFO - Dependencies all met for dep_context=non-requeueable deps ti=<TaskInstance: deverlop_model.StartJob scheduled__2024-02-01T00:10:00+00:00 [queued]>
[2024-02-14T03:37:57.927+0000] {taskinstance.py:1956} INFO - Dependencies all met for dep_context=requeueable deps ti=<TaskInstance: deverlop_model.StartJob scheduled__2024-02-01T00:10:00+00:00 [queued]>
[2024-02-14T03:37:57.928+0000] {taskinstance.py:2170} INFO - Starting attempt 1 of 1
[2024-02-14T03:37:57.951+0000] {taskinstance.py:2191} INFO - Executing <Task(BashOperator): StartJob> on 2024-02-01 00:10:00+00:00
[2024-02-14T03:37:57.964+0000] {standard_task_runner.py:60} INFO - Started process 2743 to run task
[2024-02-14T03:37:57.973+0000] {standard_task_runner.py:87} INFO - Running: ['***', 'tasks', 'run', 'deverlop_model', 'StartJob', 'scheduled__2024-02-01T00:10:00+00:00', '--job-id', '303', '--raw', '--subdir', 'DAGS_FOLDER/task.py', '--cfg-path', '/tmp/tmpedp00u4i']
[2024-02-14T03:37:57.978+0000] {standard_task_runner.py:88} INFO - Job 303: Subtask StartJob
[2024-02-14T03:37:58.095+0000] {task_command.py:423} INFO - Running <TaskInstance: deverlop_model.StartJob scheduled__2024-02-01T00:10:00+00:00 [running]> on host 6e2ff7d2ffd0
[2024-02-14T03:37:58.248+0000] {taskinstance.py:2480} INFO - Exporting env vars: AIRFLOW_CTX_DAG_OWNER='rtn' AIRFLOW_CTX_DAG_ID='deverlop_model' AIRFLOW_CTX_TASK_ID='StartJob' AIRFLOW_CTX_EXECUTION_DATE='2024-02-01T00:10:00+00:00' AIRFLOW_CTX_TRY_NUMBER='1' AIRFLOW_CTX_DAG_RUN_ID='scheduled__2024-02-01T00:10:00+00:00'
[2024-02-14T03:37:58.255+0000] {subprocess.py:63} INFO - Tmp dir root location: /tmp
[2024-02-14T03:37:58.256+0000] {subprocess.py:75} INFO - Running command: ['/usr/bin/bash', '-c', "\n            echo StartJob && \n            if [ ! -e '/opt/***/dags/data/2024-02-14' ]; then\n                mkdir /opt/***/dags/data/2024-02-14 \n            fi && \n            if [ ! -e '/opt/***/dags/data/2024-02-14/data' ]; then\n                mkdir /opt/***/dags/data/2024-02-14/data\n            fi && \n            if [ ! -e '/opt/***/dags/data/2024-02-14/model' ]; then\n                mkdir /opt/***/dags/data/2024-02-14/model\n            fi\n        "]
[2024-02-14T03:37:58.324+0000] {subprocess.py:86} INFO - Output:
[2024-02-14T03:37:58.327+0000] {subprocess.py:93} INFO - StartJob
[2024-02-14T03:37:58.359+0000] {subprocess.py:97} INFO - Command exited with return code 0
[2024-02-14T03:37:58.421+0000] {taskinstance.py:1138} INFO - Marking task as SUCCESS. dag_id=deverlop_model, task_id=StartJob, execution_date=20240201T001000, start_date=20240214T033757, end_date=20240214T033758
[2024-02-14T03:37:58.519+0000] {local_task_job_runner.py:234} INFO - Task exited with return code 0
[2024-02-14T03:37:58.568+0000] {taskinstance.py:3280} INFO - 1 downstream tasks scheduled from follow-on schedule check
[2024-02-14T03:39:23.295+0000] {taskinstance.py:1956} INFO - Dependencies all met for dep_context=non-requeueable deps ti=<TaskInstance: deverlop_model.StartJob scheduled__2024-02-01T00:10:00+00:00 [queued]>
[2024-02-14T03:39:23.309+0000] {taskinstance.py:1956} INFO - Dependencies all met for dep_context=requeueable deps ti=<TaskInstance: deverlop_model.StartJob scheduled__2024-02-01T00:10:00+00:00 [queued]>
[2024-02-14T03:39:23.310+0000] {taskinstance.py:2170} INFO - Starting attempt 1 of 1
[2024-02-14T03:39:23.331+0000] {taskinstance.py:2191} INFO - Executing <Task(BashOperator): StartJob> on 2024-02-01 00:10:00+00:00
[2024-02-14T03:39:23.341+0000] {standard_task_runner.py:60} INFO - Started process 2948 to run task
[2024-02-14T03:39:23.345+0000] {standard_task_runner.py:87} INFO - Running: ['***', 'tasks', 'run', 'deverlop_model', 'StartJob', 'scheduled__2024-02-01T00:10:00+00:00', '--job-id', '356', '--raw', '--subdir', 'DAGS_FOLDER/task.py', '--cfg-path', '/tmp/tmplk4kf895']
[2024-02-14T03:39:23.351+0000] {standard_task_runner.py:88} INFO - Job 356: Subtask StartJob
[2024-02-14T03:39:23.452+0000] {task_command.py:423} INFO - Running <TaskInstance: deverlop_model.StartJob scheduled__2024-02-01T00:10:00+00:00 [running]> on host 6e2ff7d2ffd0
[2024-02-14T03:39:23.547+0000] {taskinstance.py:2480} INFO - Exporting env vars: AIRFLOW_CTX_DAG_OWNER='rtn' AIRFLOW_CTX_DAG_ID='deverlop_model' AIRFLOW_CTX_TASK_ID='StartJob' AIRFLOW_CTX_EXECUTION_DATE='2024-02-01T00:10:00+00:00' AIRFLOW_CTX_TRY_NUMBER='1' AIRFLOW_CTX_DAG_RUN_ID='scheduled__2024-02-01T00:10:00+00:00'
[2024-02-14T03:39:23.550+0000] {subprocess.py:63} INFO - Tmp dir root location: /tmp
[2024-02-14T03:39:23.552+0000] {subprocess.py:75} INFO - Running command: ['/usr/bin/bash', '-c', "\n            echo StartJob && \n            if [ ! -e '/opt/***/dags/data/2024-02-14' ]; then\n                mkdir /opt/***/dags/data/2024-02-14 \n            fi && \n            if [ ! -e '/opt/***/dags/data/2024-02-14/data' ]; then\n                mkdir /opt/***/dags/data/2024-02-14/data\n            fi && \n            if [ ! -e '/opt/***/dags/data/2024-02-14/model' ]; then\n                mkdir /opt/***/dags/data/2024-02-14/model\n            fi\n        "]
[2024-02-14T03:39:23.574+0000] {subprocess.py:86} INFO - Output:
[2024-02-14T03:39:23.576+0000] {subprocess.py:93} INFO - StartJob
[2024-02-14T03:39:23.581+0000] {subprocess.py:97} INFO - Command exited with return code 0
[2024-02-14T03:39:23.614+0000] {taskinstance.py:1138} INFO - Marking task as SUCCESS. dag_id=deverlop_model, task_id=StartJob, execution_date=20240201T001000, start_date=20240214T033923, end_date=20240214T033923
[2024-02-14T03:39:23.645+0000] {local_task_job_runner.py:234} INFO - Task exited with return code 0
[2024-02-14T03:39:23.678+0000] {taskinstance.py:3280} INFO - 1 downstream tasks scheduled from follow-on schedule check
[2024-02-14T04:09:29.842+0000] {taskinstance.py:1956} INFO - Dependencies all met for dep_context=non-requeueable deps ti=<TaskInstance: deverlop_model.StartJob scheduled__2024-02-01T00:10:00+00:00 [queued]>
[2024-02-14T04:09:29.854+0000] {taskinstance.py:1956} INFO - Dependencies all met for dep_context=requeueable deps ti=<TaskInstance: deverlop_model.StartJob scheduled__2024-02-01T00:10:00+00:00 [queued]>
[2024-02-14T04:09:29.856+0000] {taskinstance.py:2170} INFO - Starting attempt 1 of 1
[2024-02-14T04:09:29.879+0000] {taskinstance.py:2191} INFO - Executing <Task(BashOperator): StartJob> on 2024-02-01 00:10:00+00:00
[2024-02-14T04:09:29.890+0000] {standard_task_runner.py:60} INFO - Started process 4043 to run task
[2024-02-14T04:09:29.894+0000] {standard_task_runner.py:87} INFO - Running: ['***', 'tasks', 'run', 'deverlop_model', 'StartJob', 'scheduled__2024-02-01T00:10:00+00:00', '--job-id', '536', '--raw', '--subdir', 'DAGS_FOLDER/task.py', '--cfg-path', '/tmp/tmpqppfh4mx']
[2024-02-14T04:09:29.898+0000] {standard_task_runner.py:88} INFO - Job 536: Subtask StartJob
[2024-02-14T04:09:29.998+0000] {task_command.py:423} INFO - Running <TaskInstance: deverlop_model.StartJob scheduled__2024-02-01T00:10:00+00:00 [running]> on host 6e2ff7d2ffd0
[2024-02-14T04:09:30.093+0000] {taskinstance.py:2480} INFO - Exporting env vars: AIRFLOW_CTX_DAG_OWNER='rtn' AIRFLOW_CTX_DAG_ID='deverlop_model' AIRFLOW_CTX_TASK_ID='StartJob' AIRFLOW_CTX_EXECUTION_DATE='2024-02-01T00:10:00+00:00' AIRFLOW_CTX_TRY_NUMBER='1' AIRFLOW_CTX_DAG_RUN_ID='scheduled__2024-02-01T00:10:00+00:00'
[2024-02-14T04:09:30.096+0000] {subprocess.py:63} INFO - Tmp dir root location: /tmp
[2024-02-14T04:09:30.098+0000] {subprocess.py:75} INFO - Running command: ['/usr/bin/bash', '-c', "\n            echo StartJob && \n            if [ ! -e '/opt/***/dags/data/2024-02-14' ]; then\n                mkdir /opt/***/dags/data/2024-02-14 \n            fi && \n            if [ ! -e '/opt/***/dags/data/2024-02-14/data' ]; then\n                mkdir /opt/***/dags/data/2024-02-14/data\n            fi && \n            if [ ! -e '/opt/***/dags/data/2024-02-14/model' ]; then\n                mkdir /opt/***/dags/data/2024-02-14/model\n            fi\n        "]
[2024-02-14T04:09:30.121+0000] {subprocess.py:86} INFO - Output:
[2024-02-14T04:09:30.123+0000] {subprocess.py:93} INFO - StartJob
[2024-02-14T04:09:30.129+0000] {subprocess.py:97} INFO - Command exited with return code 0
[2024-02-14T04:09:30.190+0000] {taskinstance.py:1138} INFO - Marking task as SUCCESS. dag_id=deverlop_model, task_id=StartJob, execution_date=20240201T001000, start_date=20240214T040929, end_date=20240214T040930
[2024-02-14T04:09:30.275+0000] {local_task_job_runner.py:234} INFO - Task exited with return code 0
[2024-02-14T04:09:30.321+0000] {taskinstance.py:3280} INFO - 1 downstream tasks scheduled from follow-on schedule check
[2024-02-14T04:14:26.699+0000] {taskinstance.py:1956} INFO - Dependencies all met for dep_context=non-requeueable deps ti=<TaskInstance: deverlop_model.StartJob scheduled__2024-02-01T00:10:00+00:00 [queued]>
[2024-02-14T04:14:26.709+0000] {taskinstance.py:1956} INFO - Dependencies all met for dep_context=requeueable deps ti=<TaskInstance: deverlop_model.StartJob scheduled__2024-02-01T00:10:00+00:00 [queued]>
[2024-02-14T04:14:26.710+0000] {taskinstance.py:2170} INFO - Starting attempt 1 of 1
[2024-02-14T04:14:26.729+0000] {taskinstance.py:2191} INFO - Executing <Task(BashOperator): StartJob> on 2024-02-01 00:10:00+00:00
[2024-02-14T04:14:26.738+0000] {standard_task_runner.py:60} INFO - Started process 4209 to run task
[2024-02-14T04:14:26.744+0000] {standard_task_runner.py:87} INFO - Running: ['***', 'tasks', 'run', 'deverlop_model', 'StartJob', 'scheduled__2024-02-01T00:10:00+00:00', '--job-id', '562', '--raw', '--subdir', 'DAGS_FOLDER/task.py', '--cfg-path', '/tmp/tmpxj2htygn']
[2024-02-14T04:14:26.748+0000] {standard_task_runner.py:88} INFO - Job 562: Subtask StartJob
[2024-02-14T04:14:26.814+0000] {task_command.py:423} INFO - Running <TaskInstance: deverlop_model.StartJob scheduled__2024-02-01T00:10:00+00:00 [running]> on host 6e2ff7d2ffd0
[2024-02-14T04:14:26.902+0000] {taskinstance.py:2480} INFO - Exporting env vars: AIRFLOW_CTX_DAG_OWNER='rtn' AIRFLOW_CTX_DAG_ID='deverlop_model' AIRFLOW_CTX_TASK_ID='StartJob' AIRFLOW_CTX_EXECUTION_DATE='2024-02-01T00:10:00+00:00' AIRFLOW_CTX_TRY_NUMBER='1' AIRFLOW_CTX_DAG_RUN_ID='scheduled__2024-02-01T00:10:00+00:00'
[2024-02-14T04:14:26.905+0000] {subprocess.py:63} INFO - Tmp dir root location: /tmp
[2024-02-14T04:14:26.906+0000] {subprocess.py:75} INFO - Running command: ['/usr/bin/bash', '-c', "\n            echo StartJob && \n            if [ ! -e '/opt/***/dags/data/2024-02-14' ]; then\n                mkdir /opt/***/dags/data/2024-02-14 \n            fi && \n            if [ ! -e '/opt/***/dags/data/2024-02-14/data' ]; then\n                mkdir /opt/***/dags/data/2024-02-14/data\n            fi && \n            if [ ! -e '/opt/***/dags/data/2024-02-14/model' ]; then\n                mkdir /opt/***/dags/data/2024-02-14/model\n            fi\n        "]
[2024-02-14T04:14:26.926+0000] {subprocess.py:86} INFO - Output:
[2024-02-14T04:14:26.928+0000] {subprocess.py:93} INFO - StartJob
[2024-02-14T04:14:26.934+0000] {subprocess.py:97} INFO - Command exited with return code 0
[2024-02-14T04:14:26.969+0000] {taskinstance.py:1138} INFO - Marking task as SUCCESS. dag_id=deverlop_model, task_id=StartJob, execution_date=20240201T001000, start_date=20240214T041426, end_date=20240214T041426
[2024-02-14T04:14:27.036+0000] {local_task_job_runner.py:234} INFO - Task exited with return code 0
[2024-02-14T04:14:27.382+0000] {taskinstance.py:3280} INFO - 0 downstream tasks scheduled from follow-on schedule check
