[2024-02-14T02:07:04.981+0000] {taskinstance.py:1956} INFO - Dependencies all met for dep_context=non-requeueable deps ti=<TaskInstance: deverlop_model.StartJob scheduled__2024-01-01T00:45:00+00:00 [queued]>
[2024-02-14T02:07:05.014+0000] {taskinstance.py:1956} INFO - Dependencies all met for dep_context=requeueable deps ti=<TaskInstance: deverlop_model.StartJob scheduled__2024-01-01T00:45:00+00:00 [queued]>
[2024-02-14T02:07:05.019+0000] {taskinstance.py:2170} INFO - Starting attempt 1 of 1
[2024-02-14T02:07:05.088+0000] {taskinstance.py:2191} INFO - Executing <Task(BashOperator): StartJob> on 2024-01-01 00:45:00+00:00
[2024-02-14T02:07:05.126+0000] {standard_task_runner.py:60} INFO - Started process 357 to run task
[2024-02-14T02:07:05.156+0000] {standard_task_runner.py:87} INFO - Running: ['***', 'tasks', 'run', 'deverlop_model', 'StartJob', 'scheduled__2024-01-01T00:45:00+00:00', '--job-id', '18', '--raw', '--subdir', 'DAGS_FOLDER/task.py', '--cfg-path', '/tmp/tmpswqvrqms']
[2024-02-14T02:07:05.161+0000] {standard_task_runner.py:88} INFO - Job 18: Subtask StartJob
[2024-02-14T02:07:05.360+0000] {task_command.py:423} INFO - Running <TaskInstance: deverlop_model.StartJob scheduled__2024-01-01T00:45:00+00:00 [running]> on host 6e2ff7d2ffd0
[2024-02-14T02:07:05.655+0000] {taskinstance.py:2480} INFO - Exporting env vars: AIRFLOW_CTX_DAG_OWNER='rtn' AIRFLOW_CTX_DAG_ID='deverlop_model' AIRFLOW_CTX_TASK_ID='StartJob' AIRFLOW_CTX_EXECUTION_DATE='2024-01-01T00:45:00+00:00' AIRFLOW_CTX_TRY_NUMBER='1' AIRFLOW_CTX_DAG_RUN_ID='scheduled__2024-01-01T00:45:00+00:00'
[2024-02-14T02:07:05.674+0000] {subprocess.py:63} INFO - Tmp dir root location: /tmp
[2024-02-14T02:07:05.687+0000] {subprocess.py:75} INFO - Running command: ['/usr/bin/bash', '-c', 'echo StartJob']
[2024-02-14T02:07:05.753+0000] {subprocess.py:86} INFO - Output:
[2024-02-14T02:07:05.765+0000] {subprocess.py:93} INFO - StartJob
[2024-02-14T02:07:05.768+0000] {subprocess.py:97} INFO - Command exited with return code 0
[2024-02-14T02:07:05.937+0000] {taskinstance.py:1138} INFO - Marking task as SUCCESS. dag_id=deverlop_model, task_id=StartJob, execution_date=20240101T004500, start_date=20240214T020704, end_date=20240214T020705
[2024-02-14T02:07:06.051+0000] {local_task_job_runner.py:234} INFO - Task exited with return code 0
[2024-02-14T02:07:06.158+0000] {taskinstance.py:3280} INFO - 1 downstream tasks scheduled from follow-on schedule check
[2024-02-14T03:53:48.052+0000] {taskinstance.py:1956} INFO - Dependencies all met for dep_context=non-requeueable deps ti=<TaskInstance: deverlop_model.StartJob scheduled__2024-01-01T00:45:00+00:00 [queued]>
[2024-02-14T03:53:48.068+0000] {taskinstance.py:1956} INFO - Dependencies all met for dep_context=requeueable deps ti=<TaskInstance: deverlop_model.StartJob scheduled__2024-01-01T00:45:00+00:00 [queued]>
[2024-02-14T03:53:48.069+0000] {taskinstance.py:2170} INFO - Starting attempt 1 of 1
[2024-02-14T03:53:48.099+0000] {taskinstance.py:2191} INFO - Executing <Task(BashOperator): StartJob> on 2024-01-01 00:45:00+00:00
[2024-02-14T03:53:48.121+0000] {standard_task_runner.py:60} INFO - Started process 3439 to run task
[2024-02-14T03:53:48.129+0000] {standard_task_runner.py:87} INFO - Running: ['***', 'tasks', 'run', 'deverlop_model', 'StartJob', 'scheduled__2024-01-01T00:45:00+00:00', '--job-id', '432', '--raw', '--subdir', 'DAGS_FOLDER/task.py', '--cfg-path', '/tmp/tmpurm_l9bz']
[2024-02-14T03:53:48.135+0000] {standard_task_runner.py:88} INFO - Job 432: Subtask StartJob
[2024-02-14T03:53:48.289+0000] {task_command.py:423} INFO - Running <TaskInstance: deverlop_model.StartJob scheduled__2024-01-01T00:45:00+00:00 [running]> on host 6e2ff7d2ffd0
[2024-02-14T03:53:48.618+0000] {taskinstance.py:2480} INFO - Exporting env vars: AIRFLOW_CTX_DAG_OWNER='rtn' AIRFLOW_CTX_DAG_ID='deverlop_model' AIRFLOW_CTX_TASK_ID='StartJob' AIRFLOW_CTX_EXECUTION_DATE='2024-01-01T00:45:00+00:00' AIRFLOW_CTX_TRY_NUMBER='1' AIRFLOW_CTX_DAG_RUN_ID='scheduled__2024-01-01T00:45:00+00:00'
[2024-02-14T03:53:48.633+0000] {subprocess.py:63} INFO - Tmp dir root location: /tmp
[2024-02-14T03:53:48.653+0000] {subprocess.py:75} INFO - Running command: ['/usr/bin/bash', '-c', "\n            echo StartJob && \n            if [ ! -e '/opt/***/dags/data/2024-02-14' ]; then\n                mkdir /opt/***/dags/data/2024-02-14 \n            fi && \n            if [ ! -e '/opt/***/dags/data/2024-02-14/data' ]; then\n                mkdir /opt/***/dags/data/2024-02-14/data\n            fi && \n            if [ ! -e '/opt/***/dags/data/2024-02-14/model' ]; then\n                mkdir /opt/***/dags/data/2024-02-14/model\n            fi\n        "]
[2024-02-14T03:53:48.714+0000] {subprocess.py:86} INFO - Output:
[2024-02-14T03:53:48.724+0000] {subprocess.py:93} INFO - StartJob
[2024-02-14T03:53:48.726+0000] {subprocess.py:97} INFO - Command exited with return code 0
[2024-02-14T03:53:48.789+0000] {taskinstance.py:1138} INFO - Marking task as SUCCESS. dag_id=deverlop_model, task_id=StartJob, execution_date=20240101T004500, start_date=20240214T035348, end_date=20240214T035348
[2024-02-14T03:53:48.952+0000] {local_task_job_runner.py:234} INFO - Task exited with return code 0
[2024-02-14T03:53:49.031+0000] {taskinstance.py:3280} INFO - 1 downstream tasks scheduled from follow-on schedule check
[2024-02-14T03:56:00.678+0000] {taskinstance.py:1956} INFO - Dependencies all met for dep_context=non-requeueable deps ti=<TaskInstance: deverlop_model.StartJob scheduled__2024-01-01T00:45:00+00:00 [queued]>
[2024-02-14T03:56:00.693+0000] {taskinstance.py:1956} INFO - Dependencies all met for dep_context=requeueable deps ti=<TaskInstance: deverlop_model.StartJob scheduled__2024-01-01T00:45:00+00:00 [queued]>
[2024-02-14T03:56:00.694+0000] {taskinstance.py:2170} INFO - Starting attempt 1 of 1
[2024-02-14T03:56:00.712+0000] {taskinstance.py:2191} INFO - Executing <Task(BashOperator): StartJob> on 2024-01-01 00:45:00+00:00
[2024-02-14T03:56:00.725+0000] {standard_task_runner.py:60} INFO - Started process 3544 to run task
[2024-02-14T03:56:00.733+0000] {standard_task_runner.py:87} INFO - Running: ['***', 'tasks', 'run', 'deverlop_model', 'StartJob', 'scheduled__2024-01-01T00:45:00+00:00', '--job-id', '453', '--raw', '--subdir', 'DAGS_FOLDER/task.py', '--cfg-path', '/tmp/tmpkrl3jb1b']
[2024-02-14T03:56:00.737+0000] {standard_task_runner.py:88} INFO - Job 453: Subtask StartJob
[2024-02-14T03:56:00.828+0000] {task_command.py:423} INFO - Running <TaskInstance: deverlop_model.StartJob scheduled__2024-01-01T00:45:00+00:00 [running]> on host 6e2ff7d2ffd0
[2024-02-14T03:56:00.980+0000] {taskinstance.py:2480} INFO - Exporting env vars: AIRFLOW_CTX_DAG_OWNER='***' AIRFLOW_CTX_DAG_ID='deverlop_model' AIRFLOW_CTX_TASK_ID='StartJob' AIRFLOW_CTX_EXECUTION_DATE='2024-01-01T00:45:00+00:00' AIRFLOW_CTX_TRY_NUMBER='1' AIRFLOW_CTX_DAG_RUN_ID='scheduled__2024-01-01T00:45:00+00:00'
[2024-02-14T03:56:00.990+0000] {subprocess.py:63} INFO - Tmp dir root location: /tmp
[2024-02-14T03:56:01.007+0000] {subprocess.py:75} INFO - Running command: ['/usr/bin/bash', '-c', "\n            echo StartJob && \n            if [ ! -e '/opt/***/dags/data/2024-02-14' ]; then\n                mkdir /opt/***/dags/data/2024-02-14 \n            fi && \n            if [ ! -e '/opt/***/dags/data/2024-02-14/data' ]; then\n                mkdir /opt/***/dags/data/2024-02-14/data\n            fi && \n            if [ ! -e '/opt/***/dags/data/2024-02-14/model' ]; then\n                mkdir /opt/***/dags/data/2024-02-14/model\n            fi\n        "]
[2024-02-14T03:56:01.049+0000] {subprocess.py:86} INFO - Output:
[2024-02-14T03:56:01.051+0000] {subprocess.py:93} INFO - StartJob
[2024-02-14T03:56:01.075+0000] {subprocess.py:97} INFO - Command exited with return code 0
[2024-02-14T03:56:01.131+0000] {taskinstance.py:1138} INFO - Marking task as SUCCESS. dag_id=deverlop_model, task_id=StartJob, execution_date=20240101T004500, start_date=20240214T035600, end_date=20240214T035601
[2024-02-14T03:56:01.225+0000] {local_task_job_runner.py:234} INFO - Task exited with return code 0
[2024-02-14T03:56:01.275+0000] {taskinstance.py:3280} INFO - 1 downstream tasks scheduled from follow-on schedule check
[2024-02-14T04:00:40.863+0000] {taskinstance.py:1956} INFO - Dependencies all met for dep_context=non-requeueable deps ti=<TaskInstance: deverlop_model.StartJob scheduled__2024-01-01T00:45:00+00:00 [queued]>
[2024-02-14T04:00:40.876+0000] {taskinstance.py:1956} INFO - Dependencies all met for dep_context=requeueable deps ti=<TaskInstance: deverlop_model.StartJob scheduled__2024-01-01T00:45:00+00:00 [queued]>
[2024-02-14T04:00:40.877+0000] {taskinstance.py:2170} INFO - Starting attempt 1 of 1
[2024-02-14T04:00:40.899+0000] {taskinstance.py:2191} INFO - Executing <Task(BashOperator): StartJob> on 2024-01-01 00:45:00+00:00
[2024-02-14T04:00:40.910+0000] {standard_task_runner.py:60} INFO - Started process 3847 to run task
[2024-02-14T04:00:40.915+0000] {standard_task_runner.py:87} INFO - Running: ['***', 'tasks', 'run', 'deverlop_model', 'StartJob', 'scheduled__2024-01-01T00:45:00+00:00', '--job-id', '519', '--raw', '--subdir', 'DAGS_FOLDER/task.py', '--cfg-path', '/tmp/tmp512zilvs']
[2024-02-14T04:00:40.918+0000] {standard_task_runner.py:88} INFO - Job 519: Subtask StartJob
[2024-02-14T04:00:41.011+0000] {task_command.py:423} INFO - Running <TaskInstance: deverlop_model.StartJob scheduled__2024-01-01T00:45:00+00:00 [running]> on host 6e2ff7d2ffd0
[2024-02-14T04:00:41.163+0000] {taskinstance.py:2480} INFO - Exporting env vars: AIRFLOW_CTX_DAG_OWNER='***' AIRFLOW_CTX_DAG_ID='deverlop_model' AIRFLOW_CTX_TASK_ID='StartJob' AIRFLOW_CTX_EXECUTION_DATE='2024-01-01T00:45:00+00:00' AIRFLOW_CTX_TRY_NUMBER='1' AIRFLOW_CTX_DAG_RUN_ID='scheduled__2024-01-01T00:45:00+00:00'
[2024-02-14T04:00:41.169+0000] {subprocess.py:63} INFO - Tmp dir root location: /tmp
[2024-02-14T04:00:41.174+0000] {subprocess.py:75} INFO - Running command: ['/usr/bin/bash', '-c', "\n            echo StartJob && \n            if [ ! -e '/opt/***/dags/data/2024-02-14' ]; then\n                mkdir /opt/***/dags/data/2024-02-14 \n            fi && \n            if [ ! -e '/opt/***/dags/data/2024-02-14/data' ]; then\n                mkdir /opt/***/dags/data/2024-02-14/data\n            fi && \n            if [ ! -e '/opt/***/dags/data/2024-02-14/model' ]; then\n                mkdir /opt/***/dags/data/2024-02-14/model\n            fi\n        "]
[2024-02-14T04:00:41.204+0000] {subprocess.py:86} INFO - Output:
[2024-02-14T04:00:41.206+0000] {subprocess.py:93} INFO - StartJob
[2024-02-14T04:00:41.214+0000] {subprocess.py:97} INFO - Command exited with return code 0
[2024-02-14T04:00:41.260+0000] {taskinstance.py:1138} INFO - Marking task as SUCCESS. dag_id=deverlop_model, task_id=StartJob, execution_date=20240101T004500, start_date=20240214T040040, end_date=20240214T040041
[2024-02-14T04:00:41.325+0000] {local_task_job_runner.py:234} INFO - Task exited with return code 0
[2024-02-14T04:00:41.370+0000] {taskinstance.py:3280} INFO - 1 downstream tasks scheduled from follow-on schedule check
