[2024-02-14T02:07:16.034+0000] {taskinstance.py:1956} INFO - Dependencies all met for dep_context=non-requeueable deps ti=<TaskInstance: deverlop_model.data_sets scheduled__2024-01-01T00:10:00+00:00 [queued]>
[2024-02-14T02:07:16.047+0000] {taskinstance.py:1956} INFO - Dependencies all met for dep_context=requeueable deps ti=<TaskInstance: deverlop_model.data_sets scheduled__2024-01-01T00:10:00+00:00 [queued]>
[2024-02-14T02:07:16.047+0000] {taskinstance.py:2170} INFO - Starting attempt 1 of 1
[2024-02-14T02:07:16.066+0000] {taskinstance.py:2191} INFO - Executing <Task(DockerOperator): data_sets> on 2024-01-01 00:10:00+00:00
[2024-02-14T02:07:16.078+0000] {standard_task_runner.py:60} INFO - Started process 415 to run task
[2024-02-14T02:07:16.082+0000] {standard_task_runner.py:87} INFO - Running: ['***', 'tasks', 'run', 'deverlop_model', 'data_sets', 'scheduled__2024-01-01T00:10:00+00:00', '--job-id', '37', '--raw', '--subdir', 'DAGS_FOLDER/task.py', '--cfg-path', '/tmp/tmpjez05b8e']
[2024-02-14T02:07:16.085+0000] {standard_task_runner.py:88} INFO - Job 37: Subtask data_sets
[2024-02-14T02:07:16.158+0000] {task_command.py:423} INFO - Running <TaskInstance: deverlop_model.data_sets scheduled__2024-01-01T00:10:00+00:00 [running]> on host 6e2ff7d2ffd0
[2024-02-14T02:07:16.257+0000] {taskinstance.py:2480} INFO - Exporting env vars: AIRFLOW_CTX_DAG_OWNER='rtn' AIRFLOW_CTX_DAG_ID='deverlop_model' AIRFLOW_CTX_TASK_ID='data_sets' AIRFLOW_CTX_EXECUTION_DATE='2024-01-01T00:10:00+00:00' AIRFLOW_CTX_TRY_NUMBER='1' AIRFLOW_CTX_DAG_RUN_ID='scheduled__2024-01-01T00:10:00+00:00'
[2024-02-14T02:07:16.280+0000] {docker.py:359} INFO - Starting docker container from image python:3.8
[2024-02-14T02:07:16.287+0000] {taskinstance.py:2698} ERROR - Task failed with exception
Traceback (most recent call last):
  File "/home/airflow/.local/lib/python3.8/site-packages/docker/api/client.py", line 265, in _raise_for_status
    response.raise_for_status()
  File "/home/airflow/.local/lib/python3.8/site-packages/requests/models.py", line 1021, in raise_for_status
    raise HTTPError(http_error_msg, response=self)
requests.exceptions.HTTPError: 409 Client Error: Conflict for url: http+docker://localhost/v1.43/containers/create?name=data_sets

The above exception was the direct cause of the following exception:

Traceback (most recent call last):
  File "/home/airflow/.local/lib/python3.8/site-packages/airflow/models/taskinstance.py", line 433, in _execute_task
    result = execute_callable(context=context, **execute_callable_kwargs)
  File "/home/airflow/.local/lib/python3.8/site-packages/airflow/providers/docker/operators/docker.py", line 502, in execute
    return self._run_image()
  File "/home/airflow/.local/lib/python3.8/site-packages/airflow/providers/docker/operators/docker.py", line 376, in _run_image
    return self._run_image_with_mounts(self.mounts, add_tmp_variable=False)
  File "/home/airflow/.local/lib/python3.8/site-packages/airflow/providers/docker/operators/docker.py", line 391, in _run_image_with_mounts
    self.container = self.cli.create_container(
  File "/home/airflow/.local/lib/python3.8/site-packages/docker/api/container.py", line 439, in create_container
    return self.create_container_from_config(config, name, platform)
  File "/home/airflow/.local/lib/python3.8/site-packages/docker/api/container.py", line 456, in create_container_from_config
    return self._result(res, True)
  File "/home/airflow/.local/lib/python3.8/site-packages/docker/api/client.py", line 271, in _result
    self._raise_for_status(response)
  File "/home/airflow/.local/lib/python3.8/site-packages/docker/api/client.py", line 267, in _raise_for_status
    raise create_api_error_from_http_exception(e) from e
  File "/home/airflow/.local/lib/python3.8/site-packages/docker/errors.py", line 39, in create_api_error_from_http_exception
    raise cls(e, response=response, explanation=explanation) from e
docker.errors.APIError: 409 Client Error for http+docker://localhost/v1.43/containers/create?name=data_sets: Conflict ("Conflict. The container name "/data_sets" is already in use by container "f661e6f476acc9921c18047679c78f76d8accdecaba0c5595bc6d40f78c57c87". You have to remove (or rename) that container to be able to reuse that name.")
[2024-02-14T02:07:16.300+0000] {taskinstance.py:1138} INFO - Marking task as FAILED. dag_id=deverlop_model, task_id=data_sets, execution_date=20240101T001000, start_date=20240214T020716, end_date=20240214T020716
[2024-02-14T02:07:16.320+0000] {standard_task_runner.py:107} ERROR - Failed to execute job 37 for task data_sets (409 Client Error for http+docker://localhost/v1.43/containers/create?name=data_sets: Conflict ("Conflict. The container name "/data_sets" is already in use by container "f661e6f476acc9921c18047679c78f76d8accdecaba0c5595bc6d40f78c57c87". You have to remove (or rename) that container to be able to reuse that name."); 415)
[2024-02-14T02:07:16.375+0000] {local_task_job_runner.py:234} INFO - Task exited with return code 1
[2024-02-14T02:07:16.403+0000] {taskinstance.py:3280} INFO - 0 downstream tasks scheduled from follow-on schedule check
[2024-02-14T03:53:49.538+0000] {taskinstance.py:1956} INFO - Dependencies all met for dep_context=non-requeueable deps ti=<TaskInstance: deverlop_model.data_sets scheduled__2024-01-01T00:10:00+00:00 [queued]>
[2024-02-14T03:53:49.587+0000] {taskinstance.py:1956} INFO - Dependencies all met for dep_context=requeueable deps ti=<TaskInstance: deverlop_model.data_sets scheduled__2024-01-01T00:10:00+00:00 [queued]>
[2024-02-14T03:53:49.590+0000] {taskinstance.py:2170} INFO - Starting attempt 1 of 1
[2024-02-14T03:53:49.692+0000] {taskinstance.py:2191} INFO - Executing <Task(DockerOperator): data_sets> on 2024-01-01 00:10:00+00:00
[2024-02-14T03:53:49.709+0000] {standard_task_runner.py:60} INFO - Started process 3452 to run task
[2024-02-14T03:53:49.714+0000] {standard_task_runner.py:87} INFO - Running: ['***', 'tasks', 'run', 'deverlop_model', 'data_sets', 'scheduled__2024-01-01T00:10:00+00:00', '--job-id', '437', '--raw', '--subdir', 'DAGS_FOLDER/task.py', '--cfg-path', '/tmp/tmp8g_xz9hw']
[2024-02-14T03:53:49.726+0000] {standard_task_runner.py:88} INFO - Job 437: Subtask data_sets
[2024-02-14T03:53:50.152+0000] {task_command.py:423} INFO - Running <TaskInstance: deverlop_model.data_sets scheduled__2024-01-01T00:10:00+00:00 [running]> on host 6e2ff7d2ffd0
[2024-02-14T03:53:50.468+0000] {taskinstance.py:2480} INFO - Exporting env vars: AIRFLOW_CTX_DAG_OWNER='rtn' AIRFLOW_CTX_DAG_ID='deverlop_model' AIRFLOW_CTX_TASK_ID='data_sets' AIRFLOW_CTX_EXECUTION_DATE='2024-01-01T00:10:00+00:00' AIRFLOW_CTX_TRY_NUMBER='1' AIRFLOW_CTX_DAG_RUN_ID='scheduled__2024-01-01T00:10:00+00:00'
[2024-02-14T03:53:50.603+0000] {docker.py:359} INFO - Starting docker container from image python:3.8
[2024-02-14T03:53:50.618+0000] {taskinstance.py:2698} ERROR - Task failed with exception
Traceback (most recent call last):
  File "/home/airflow/.local/lib/python3.8/site-packages/docker/api/client.py", line 265, in _raise_for_status
    response.raise_for_status()
  File "/home/airflow/.local/lib/python3.8/site-packages/requests/models.py", line 1021, in raise_for_status
    raise HTTPError(http_error_msg, response=self)
requests.exceptions.HTTPError: 409 Client Error: Conflict for url: http+docker://localhost/v1.43/containers/create?name=data_sets

The above exception was the direct cause of the following exception:

Traceback (most recent call last):
  File "/home/airflow/.local/lib/python3.8/site-packages/airflow/models/taskinstance.py", line 433, in _execute_task
    result = execute_callable(context=context, **execute_callable_kwargs)
  File "/home/airflow/.local/lib/python3.8/site-packages/airflow/providers/docker/operators/docker.py", line 502, in execute
    return self._run_image()
  File "/home/airflow/.local/lib/python3.8/site-packages/airflow/providers/docker/operators/docker.py", line 376, in _run_image
    return self._run_image_with_mounts(self.mounts, add_tmp_variable=False)
  File "/home/airflow/.local/lib/python3.8/site-packages/airflow/providers/docker/operators/docker.py", line 391, in _run_image_with_mounts
    self.container = self.cli.create_container(
  File "/home/airflow/.local/lib/python3.8/site-packages/docker/api/container.py", line 439, in create_container
    return self.create_container_from_config(config, name, platform)
  File "/home/airflow/.local/lib/python3.8/site-packages/docker/api/container.py", line 456, in create_container_from_config
    return self._result(res, True)
  File "/home/airflow/.local/lib/python3.8/site-packages/docker/api/client.py", line 271, in _result
    self._raise_for_status(response)
  File "/home/airflow/.local/lib/python3.8/site-packages/docker/api/client.py", line 267, in _raise_for_status
    raise create_api_error_from_http_exception(e) from e
  File "/home/airflow/.local/lib/python3.8/site-packages/docker/errors.py", line 39, in create_api_error_from_http_exception
    raise cls(e, response=response, explanation=explanation) from e
docker.errors.APIError: 409 Client Error for http+docker://localhost/v1.43/containers/create?name=data_sets: Conflict ("Conflict. The container name "/data_sets" is already in use by container "517de75a5b6962ac41c5d9b17a26201f8e538ce57b12f724e039342c35cd03d0". You have to remove (or rename) that container to be able to reuse that name.")
[2024-02-14T03:53:50.636+0000] {taskinstance.py:1138} INFO - Marking task as FAILED. dag_id=deverlop_model, task_id=data_sets, execution_date=20240101T001000, start_date=20240214T035349, end_date=20240214T035350
[2024-02-14T03:53:50.659+0000] {standard_task_runner.py:107} ERROR - Failed to execute job 437 for task data_sets (409 Client Error for http+docker://localhost/v1.43/containers/create?name=data_sets: Conflict ("Conflict. The container name "/data_sets" is already in use by container "517de75a5b6962ac41c5d9b17a26201f8e538ce57b12f724e039342c35cd03d0". You have to remove (or rename) that container to be able to reuse that name."); 3452)
[2024-02-14T03:53:50.709+0000] {local_task_job_runner.py:234} INFO - Task exited with return code 1
[2024-02-14T03:53:50.753+0000] {taskinstance.py:3280} INFO - 0 downstream tasks scheduled from follow-on schedule check
[2024-02-14T03:56:01.757+0000] {taskinstance.py:1956} INFO - Dependencies all met for dep_context=non-requeueable deps ti=<TaskInstance: deverlop_model.data_sets scheduled__2024-01-01T00:10:00+00:00 [queued]>
[2024-02-14T03:56:01.777+0000] {taskinstance.py:1956} INFO - Dependencies all met for dep_context=requeueable deps ti=<TaskInstance: deverlop_model.data_sets scheduled__2024-01-01T00:10:00+00:00 [queued]>
[2024-02-14T03:56:01.780+0000] {taskinstance.py:2170} INFO - Starting attempt 1 of 1
[2024-02-14T03:56:01.813+0000] {taskinstance.py:2191} INFO - Executing <Task(DockerOperator): data_sets> on 2024-01-01 00:10:00+00:00
[2024-02-14T03:56:01.829+0000] {standard_task_runner.py:60} INFO - Started process 3563 to run task
[2024-02-14T03:56:01.837+0000] {standard_task_runner.py:87} INFO - Running: ['***', 'tasks', 'run', 'deverlop_model', 'data_sets', 'scheduled__2024-01-01T00:10:00+00:00', '--job-id', '458', '--raw', '--subdir', 'DAGS_FOLDER/task.py', '--cfg-path', '/tmp/tmpb0pdbx18']
[2024-02-14T03:56:01.843+0000] {standard_task_runner.py:88} INFO - Job 458: Subtask data_sets
[2024-02-14T03:56:01.997+0000] {task_command.py:423} INFO - Running <TaskInstance: deverlop_model.data_sets scheduled__2024-01-01T00:10:00+00:00 [running]> on host 6e2ff7d2ffd0
[2024-02-14T03:56:02.195+0000] {taskinstance.py:2480} INFO - Exporting env vars: AIRFLOW_CTX_DAG_OWNER='***' AIRFLOW_CTX_DAG_ID='deverlop_model' AIRFLOW_CTX_TASK_ID='data_sets' AIRFLOW_CTX_EXECUTION_DATE='2024-01-01T00:10:00+00:00' AIRFLOW_CTX_TRY_NUMBER='1' AIRFLOW_CTX_DAG_RUN_ID='scheduled__2024-01-01T00:10:00+00:00'
[2024-02-14T03:56:02.244+0000] {docker.py:359} INFO - Starting docker container from image python:3.8
[2024-02-14T03:56:02.253+0000] {taskinstance.py:2698} ERROR - Task failed with exception
Traceback (most recent call last):
  File "/home/airflow/.local/lib/python3.8/site-packages/docker/api/client.py", line 265, in _raise_for_status
    response.raise_for_status()
  File "/home/airflow/.local/lib/python3.8/site-packages/requests/models.py", line 1021, in raise_for_status
    raise HTTPError(http_error_msg, response=self)
requests.exceptions.HTTPError: 409 Client Error: Conflict for url: http+docker://localhost/v1.43/containers/create?name=data_sets

The above exception was the direct cause of the following exception:

Traceback (most recent call last):
  File "/home/airflow/.local/lib/python3.8/site-packages/airflow/models/taskinstance.py", line 433, in _execute_task
    result = execute_callable(context=context, **execute_callable_kwargs)
  File "/home/airflow/.local/lib/python3.8/site-packages/airflow/providers/docker/operators/docker.py", line 502, in execute
    return self._run_image()
  File "/home/airflow/.local/lib/python3.8/site-packages/airflow/providers/docker/operators/docker.py", line 376, in _run_image
    return self._run_image_with_mounts(self.mounts, add_tmp_variable=False)
  File "/home/airflow/.local/lib/python3.8/site-packages/airflow/providers/docker/operators/docker.py", line 391, in _run_image_with_mounts
    self.container = self.cli.create_container(
  File "/home/airflow/.local/lib/python3.8/site-packages/docker/api/container.py", line 439, in create_container
    return self.create_container_from_config(config, name, platform)
  File "/home/airflow/.local/lib/python3.8/site-packages/docker/api/container.py", line 456, in create_container_from_config
    return self._result(res, True)
  File "/home/airflow/.local/lib/python3.8/site-packages/docker/api/client.py", line 271, in _result
    self._raise_for_status(response)
  File "/home/airflow/.local/lib/python3.8/site-packages/docker/api/client.py", line 267, in _raise_for_status
    raise create_api_error_from_http_exception(e) from e
  File "/home/airflow/.local/lib/python3.8/site-packages/docker/errors.py", line 39, in create_api_error_from_http_exception
    raise cls(e, response=response, explanation=explanation) from e
docker.errors.APIError: 409 Client Error for http+docker://localhost/v1.43/containers/create?name=data_sets: Conflict ("Conflict. The container name "/data_sets" is already in use by container "104e823f5bb6edd84aecdaae8ece217358a6f0121aaf37224b972a491d3a68ce". You have to remove (or rename) that container to be able to reuse that name.")
[2024-02-14T03:56:02.281+0000] {taskinstance.py:1138} INFO - Marking task as FAILED. dag_id=deverlop_model, task_id=data_sets, execution_date=20240101T001000, start_date=20240214T035601, end_date=20240214T035602
[2024-02-14T03:56:02.317+0000] {standard_task_runner.py:107} ERROR - Failed to execute job 458 for task data_sets (409 Client Error for http+docker://localhost/v1.43/containers/create?name=data_sets: Conflict ("Conflict. The container name "/data_sets" is already in use by container "104e823f5bb6edd84aecdaae8ece217358a6f0121aaf37224b972a491d3a68ce". You have to remove (or rename) that container to be able to reuse that name."); 3563)
[2024-02-14T03:56:02.346+0000] {local_task_job_runner.py:234} INFO - Task exited with return code 1
[2024-02-14T03:56:02.407+0000] {taskinstance.py:3280} INFO - 0 downstream tasks scheduled from follow-on schedule check
[2024-02-14T04:00:41.747+0000] {taskinstance.py:1956} INFO - Dependencies all met for dep_context=non-requeueable deps ti=<TaskInstance: deverlop_model.data_sets scheduled__2024-01-01T00:10:00+00:00 [queued]>
[2024-02-14T04:00:41.758+0000] {taskinstance.py:1956} INFO - Dependencies all met for dep_context=requeueable deps ti=<TaskInstance: deverlop_model.data_sets scheduled__2024-01-01T00:10:00+00:00 [queued]>
[2024-02-14T04:00:41.759+0000] {taskinstance.py:2170} INFO - Starting attempt 1 of 1
[2024-02-14T04:00:41.777+0000] {taskinstance.py:2191} INFO - Executing <Task(DockerOperator): data_sets> on 2024-01-01 00:10:00+00:00
[2024-02-14T04:00:41.788+0000] {standard_task_runner.py:60} INFO - Started process 3858 to run task
[2024-02-14T04:00:41.791+0000] {standard_task_runner.py:87} INFO - Running: ['***', 'tasks', 'run', 'deverlop_model', 'data_sets', 'scheduled__2024-01-01T00:10:00+00:00', '--job-id', '524', '--raw', '--subdir', 'DAGS_FOLDER/task.py', '--cfg-path', '/tmp/tmpw_765f6l']
[2024-02-14T04:00:41.795+0000] {standard_task_runner.py:88} INFO - Job 524: Subtask data_sets
[2024-02-14T04:00:41.857+0000] {task_command.py:423} INFO - Running <TaskInstance: deverlop_model.data_sets scheduled__2024-01-01T00:10:00+00:00 [running]> on host 6e2ff7d2ffd0
[2024-02-14T04:00:41.947+0000] {taskinstance.py:2480} INFO - Exporting env vars: AIRFLOW_CTX_DAG_OWNER='***' AIRFLOW_CTX_DAG_ID='deverlop_model' AIRFLOW_CTX_TASK_ID='data_sets' AIRFLOW_CTX_EXECUTION_DATE='2024-01-01T00:10:00+00:00' AIRFLOW_CTX_TRY_NUMBER='1' AIRFLOW_CTX_DAG_RUN_ID='scheduled__2024-01-01T00:10:00+00:00'
[2024-02-14T04:00:41.976+0000] {docker.py:359} INFO - Starting docker container from image python:3.8
[2024-02-14T04:00:41.983+0000] {taskinstance.py:2698} ERROR - Task failed with exception
Traceback (most recent call last):
  File "/home/airflow/.local/lib/python3.8/site-packages/docker/api/client.py", line 265, in _raise_for_status
    response.raise_for_status()
  File "/home/airflow/.local/lib/python3.8/site-packages/requests/models.py", line 1021, in raise_for_status
    raise HTTPError(http_error_msg, response=self)
requests.exceptions.HTTPError: 409 Client Error: Conflict for url: http+docker://localhost/v1.43/containers/create?name=data_sets

The above exception was the direct cause of the following exception:

Traceback (most recent call last):
  File "/home/airflow/.local/lib/python3.8/site-packages/airflow/models/taskinstance.py", line 433, in _execute_task
    result = execute_callable(context=context, **execute_callable_kwargs)
  File "/home/airflow/.local/lib/python3.8/site-packages/airflow/providers/docker/operators/docker.py", line 502, in execute
    return self._run_image()
  File "/home/airflow/.local/lib/python3.8/site-packages/airflow/providers/docker/operators/docker.py", line 376, in _run_image
    return self._run_image_with_mounts(self.mounts, add_tmp_variable=False)
  File "/home/airflow/.local/lib/python3.8/site-packages/airflow/providers/docker/operators/docker.py", line 391, in _run_image_with_mounts
    self.container = self.cli.create_container(
  File "/home/airflow/.local/lib/python3.8/site-packages/docker/api/container.py", line 439, in create_container
    return self.create_container_from_config(config, name, platform)
  File "/home/airflow/.local/lib/python3.8/site-packages/docker/api/container.py", line 456, in create_container_from_config
    return self._result(res, True)
  File "/home/airflow/.local/lib/python3.8/site-packages/docker/api/client.py", line 271, in _result
    self._raise_for_status(response)
  File "/home/airflow/.local/lib/python3.8/site-packages/docker/api/client.py", line 267, in _raise_for_status
    raise create_api_error_from_http_exception(e) from e
  File "/home/airflow/.local/lib/python3.8/site-packages/docker/errors.py", line 39, in create_api_error_from_http_exception
    raise cls(e, response=response, explanation=explanation) from e
docker.errors.APIError: 409 Client Error for http+docker://localhost/v1.43/containers/create?name=data_sets: Conflict ("Conflict. The container name "/data_sets" is already in use by container "c144ce272830ce2699e57d068fa5e90b11a79f2f16a986319b478cbdcd44119d". You have to remove (or rename) that container to be able to reuse that name.")
[2024-02-14T04:00:41.996+0000] {taskinstance.py:1138} INFO - Marking task as FAILED. dag_id=deverlop_model, task_id=data_sets, execution_date=20240101T001000, start_date=20240214T040041, end_date=20240214T040041
[2024-02-14T04:00:42.012+0000] {standard_task_runner.py:107} ERROR - Failed to execute job 524 for task data_sets (409 Client Error for http+docker://localhost/v1.43/containers/create?name=data_sets: Conflict ("Conflict. The container name "/data_sets" is already in use by container "c144ce272830ce2699e57d068fa5e90b11a79f2f16a986319b478cbdcd44119d". You have to remove (or rename) that container to be able to reuse that name."); 3858)
[2024-02-14T04:00:42.045+0000] {local_task_job_runner.py:234} INFO - Task exited with return code 1
[2024-02-14T04:00:42.077+0000] {taskinstance.py:3280} INFO - 0 downstream tasks scheduled from follow-on schedule check
