[2024-02-13T09:45:57.382+0000] {taskinstance.py:1956} INFO - Dependencies all met for dep_context=non-requeueable deps ti=<TaskInstance: deverlop_model.data_sets __airflow_temporary_run_2024-02-13T09:45:54.294156+00:00__ [queued]>
[2024-02-13T09:45:57.390+0000] {taskinstance.py:1956} INFO - Dependencies all met for dep_context=requeueable deps ti=<TaskInstance: deverlop_model.data_sets __airflow_temporary_run_2024-02-13T09:45:54.294156+00:00__ [queued]>
[2024-02-13T09:45:57.391+0000] {taskinstance.py:2170} INFO - Starting attempt 1 of 1
[2024-02-13T09:45:57.409+0000] {taskinstance.py:2191} INFO - Executing <Task(DockerOperator): data_sets> on 2024-02-13 09:45:54.294127+00:00
[2024-02-13T09:45:57.416+0000] {standard_task_runner.py:60} INFO - Started process 399 to run task
[2024-02-13T09:45:57.419+0000] {standard_task_runner.py:87} INFO - Running: ['***', 'tasks', 'run', 'deverlop_model', 'data_sets', '__***_temporary_run_2024-02-13T09:45:54.294156+00:00__', '--job-id', '9', '--raw', '--subdir', 'DAGS_FOLDER/task.py', '--cfg-path', '/tmp/tmpxr333dcf']
[2024-02-13T09:45:57.421+0000] {standard_task_runner.py:88} INFO - Job 9: Subtask data_sets
[2024-02-13T09:45:57.463+0000] {task_command.py:423} INFO - Running <TaskInstance: deverlop_model.data_sets __airflow_temporary_run_2024-02-13T09:45:54.294156+00:00__ [running]> on host 292a13d21cb7
[2024-02-13T09:45:57.529+0000] {taskinstance.py:2480} INFO - Exporting env vars: AIRFLOW_CTX_DAG_OWNER='rtn' AIRFLOW_CTX_DAG_ID='deverlop_model' AIRFLOW_CTX_TASK_ID='data_sets' AIRFLOW_CTX_EXECUTION_DATE='2024-02-13T09:45:54.294127+00:00' AIRFLOW_CTX_TRY_NUMBER='1' AIRFLOW_CTX_DAG_RUN_ID='__***_temporary_run_2024-02-13T09:45:54.294156+00:00__'
[2024-02-13T09:45:57.544+0000] {docker.py:359} INFO - Starting docker container from image python:3.8
[2024-02-13T09:45:57.548+0000] {taskinstance.py:2698} ERROR - Task failed with exception
Traceback (most recent call last):
  File "/home/airflow/.local/lib/python3.8/site-packages/docker/api/client.py", line 265, in _raise_for_status
    response.raise_for_status()
  File "/home/airflow/.local/lib/python3.8/site-packages/requests/models.py", line 1021, in raise_for_status
    raise HTTPError(http_error_msg, response=self)
requests.exceptions.HTTPError: 409 Client Error: Conflict for url: http+docker://localhost/v1.43/containers/create?name=data_sets

The above exception was the direct cause of the following exception:

Traceback (most recent call last):
  File "/home/airflow/.local/lib/python3.8/site-packages/airflow/models/taskinstance.py", line 433, in _execute_task
    result = execute_callable(context=context, **execute_callable_kwargs)
  File "/home/airflow/.local/lib/python3.8/site-packages/airflow/providers/docker/operators/docker.py", line 502, in execute
    return self._run_image()
  File "/home/airflow/.local/lib/python3.8/site-packages/airflow/providers/docker/operators/docker.py", line 376, in _run_image
    return self._run_image_with_mounts(self.mounts, add_tmp_variable=False)
  File "/home/airflow/.local/lib/python3.8/site-packages/airflow/providers/docker/operators/docker.py", line 391, in _run_image_with_mounts
    self.container = self.cli.create_container(
  File "/home/airflow/.local/lib/python3.8/site-packages/docker/api/container.py", line 439, in create_container
    return self.create_container_from_config(config, name, platform)
  File "/home/airflow/.local/lib/python3.8/site-packages/docker/api/container.py", line 456, in create_container_from_config
    return self._result(res, True)
  File "/home/airflow/.local/lib/python3.8/site-packages/docker/api/client.py", line 271, in _result
    self._raise_for_status(response)
  File "/home/airflow/.local/lib/python3.8/site-packages/docker/api/client.py", line 267, in _raise_for_status
    raise create_api_error_from_http_exception(e) from e
  File "/home/airflow/.local/lib/python3.8/site-packages/docker/errors.py", line 39, in create_api_error_from_http_exception
    raise cls(e, response=response, explanation=explanation) from e
docker.errors.APIError: 409 Client Error for http+docker://localhost/v1.43/containers/create?name=data_sets: Conflict ("Conflict. The container name "/data_sets" is already in use by container "fa4a03b867da003d55a2e3e5c0cea6abcb6c470c655af8b11e09ea01e1554d14". You have to remove (or rename) that container to be able to reuse that name.")
[2024-02-13T09:45:57.559+0000] {taskinstance.py:1138} INFO - Marking task as FAILED. dag_id=deverlop_model, task_id=data_sets, execution_date=20240213T094554, start_date=20240213T094557, end_date=20240213T094557
[2024-02-13T09:45:57.572+0000] {standard_task_runner.py:107} ERROR - Failed to execute job 9 for task data_sets (409 Client Error for http+docker://localhost/v1.43/containers/create?name=data_sets: Conflict ("Conflict. The container name "/data_sets" is already in use by container "fa4a03b867da003d55a2e3e5c0cea6abcb6c470c655af8b11e09ea01e1554d14". You have to remove (or rename) that container to be able to reuse that name."); 399)
[2024-02-13T09:45:57.591+0000] {local_task_job_runner.py:234} INFO - Task exited with return code 1
[2024-02-13T09:45:57.608+0000] {taskinstance.py:3280} INFO - 0 downstream tasks scheduled from follow-on schedule check
