[2024-02-14T02:07:23.686+0000] {taskinstance.py:1956} INFO - Dependencies all met for dep_context=non-requeueable deps ti=<TaskInstance: deverlop_model.StartJob scheduled__2024-01-01T01:35:00+00:00 [queued]>
[2024-02-14T02:07:23.697+0000] {taskinstance.py:1956} INFO - Dependencies all met for dep_context=requeueable deps ti=<TaskInstance: deverlop_model.StartJob scheduled__2024-01-01T01:35:00+00:00 [queued]>
[2024-02-14T02:07:23.698+0000] {taskinstance.py:2170} INFO - Starting attempt 1 of 1
[2024-02-14T02:07:23.714+0000] {taskinstance.py:2191} INFO - Executing <Task(BashOperator): StartJob> on 2024-01-01 01:35:00+00:00
[2024-02-14T02:07:23.724+0000] {standard_task_runner.py:60} INFO - Started process 445 to run task
[2024-02-14T02:07:23.733+0000] {standard_task_runner.py:87} INFO - Running: ['***', 'tasks', 'run', 'deverlop_model', 'StartJob', 'scheduled__2024-01-01T01:35:00+00:00', '--job-id', '45', '--raw', '--subdir', 'DAGS_FOLDER/task.py', '--cfg-path', '/tmp/tmpx0ycpehg']
[2024-02-14T02:07:23.738+0000] {standard_task_runner.py:88} INFO - Job 45: Subtask StartJob
[2024-02-14T02:07:23.806+0000] {task_command.py:423} INFO - Running <TaskInstance: deverlop_model.StartJob scheduled__2024-01-01T01:35:00+00:00 [running]> on host 6e2ff7d2ffd0
[2024-02-14T02:07:23.893+0000] {taskinstance.py:2480} INFO - Exporting env vars: AIRFLOW_CTX_DAG_OWNER='rtn' AIRFLOW_CTX_DAG_ID='deverlop_model' AIRFLOW_CTX_TASK_ID='StartJob' AIRFLOW_CTX_EXECUTION_DATE='2024-01-01T01:35:00+00:00' AIRFLOW_CTX_TRY_NUMBER='1' AIRFLOW_CTX_DAG_RUN_ID='scheduled__2024-01-01T01:35:00+00:00'
[2024-02-14T02:07:23.896+0000] {subprocess.py:63} INFO - Tmp dir root location: /tmp
[2024-02-14T02:07:23.898+0000] {subprocess.py:75} INFO - Running command: ['/usr/bin/bash', '-c', 'echo StartJob']
[2024-02-14T02:07:23.915+0000] {subprocess.py:86} INFO - Output:
[2024-02-14T02:07:23.917+0000] {subprocess.py:93} INFO - StartJob
[2024-02-14T02:07:23.918+0000] {subprocess.py:97} INFO - Command exited with return code 0
[2024-02-14T02:07:23.956+0000] {taskinstance.py:1138} INFO - Marking task as SUCCESS. dag_id=deverlop_model, task_id=StartJob, execution_date=20240101T013500, start_date=20240214T020723, end_date=20240214T020723
[2024-02-14T02:07:24.028+0000] {local_task_job_runner.py:234} INFO - Task exited with return code 0
[2024-02-14T02:07:24.064+0000] {taskinstance.py:3280} INFO - 1 downstream tasks scheduled from follow-on schedule check
[2024-02-14T03:56:14.549+0000] {taskinstance.py:1956} INFO - Dependencies all met for dep_context=non-requeueable deps ti=<TaskInstance: deverlop_model.StartJob scheduled__2024-01-01T01:35:00+00:00 [queued]>
[2024-02-14T03:56:14.586+0000] {taskinstance.py:1956} INFO - Dependencies all met for dep_context=requeueable deps ti=<TaskInstance: deverlop_model.StartJob scheduled__2024-01-01T01:35:00+00:00 [queued]>
[2024-02-14T03:56:14.588+0000] {taskinstance.py:2170} INFO - Starting attempt 1 of 1
[2024-02-14T03:56:14.632+0000] {taskinstance.py:2191} INFO - Executing <Task(BashOperator): StartJob> on 2024-01-01 01:35:00+00:00
[2024-02-14T03:56:14.650+0000] {standard_task_runner.py:60} INFO - Started process 3646 to run task
[2024-02-14T03:56:14.655+0000] {standard_task_runner.py:87} INFO - Running: ['***', 'tasks', 'run', 'deverlop_model', 'StartJob', 'scheduled__2024-01-01T01:35:00+00:00', '--job-id', '481', '--raw', '--subdir', 'DAGS_FOLDER/task.py', '--cfg-path', '/tmp/tmpiypuhnpc']
[2024-02-14T03:56:14.660+0000] {standard_task_runner.py:88} INFO - Job 481: Subtask StartJob
[2024-02-14T03:56:14.736+0000] {task_command.py:423} INFO - Running <TaskInstance: deverlop_model.StartJob scheduled__2024-01-01T01:35:00+00:00 [running]> on host 6e2ff7d2ffd0
[2024-02-14T03:56:14.865+0000] {taskinstance.py:2480} INFO - Exporting env vars: AIRFLOW_CTX_DAG_OWNER='***' AIRFLOW_CTX_DAG_ID='deverlop_model' AIRFLOW_CTX_TASK_ID='StartJob' AIRFLOW_CTX_EXECUTION_DATE='2024-01-01T01:35:00+00:00' AIRFLOW_CTX_TRY_NUMBER='1' AIRFLOW_CTX_DAG_RUN_ID='scheduled__2024-01-01T01:35:00+00:00'
[2024-02-14T03:56:14.869+0000] {subprocess.py:63} INFO - Tmp dir root location: /tmp
[2024-02-14T03:56:14.875+0000] {subprocess.py:75} INFO - Running command: ['/usr/bin/bash', '-c', "\n            echo StartJob && \n            if [ ! -e '/opt/***/dags/data/2024-02-14' ]; then\n                mkdir /opt/***/dags/data/2024-02-14 \n            fi && \n            if [ ! -e '/opt/***/dags/data/2024-02-14/data' ]; then\n                mkdir /opt/***/dags/data/2024-02-14/data\n            fi && \n            if [ ! -e '/opt/***/dags/data/2024-02-14/model' ]; then\n                mkdir /opt/***/dags/data/2024-02-14/model\n            fi\n        "]
[2024-02-14T03:56:14.920+0000] {subprocess.py:86} INFO - Output:
[2024-02-14T03:56:14.922+0000] {subprocess.py:93} INFO - StartJob
[2024-02-14T03:56:14.930+0000] {subprocess.py:97} INFO - Command exited with return code 0
[2024-02-14T03:56:15.002+0000] {taskinstance.py:1138} INFO - Marking task as SUCCESS. dag_id=deverlop_model, task_id=StartJob, execution_date=20240101T013500, start_date=20240214T035614, end_date=20240214T035615
[2024-02-14T03:56:15.070+0000] {local_task_job_runner.py:234} INFO - Task exited with return code 0
[2024-02-14T03:56:15.116+0000] {taskinstance.py:3280} INFO - 1 downstream tasks scheduled from follow-on schedule check
