[2024-02-14T03:32:54.246+0000] {taskinstance.py:1956} INFO - Dependencies all met for dep_context=non-requeueable deps ti=<TaskInstance: deverlop_model.StartJob scheduled__2024-02-01T01:00:00+00:00 [queued]>
[2024-02-14T03:32:54.292+0000] {taskinstance.py:1956} INFO - Dependencies all met for dep_context=requeueable deps ti=<TaskInstance: deverlop_model.StartJob scheduled__2024-02-01T01:00:00+00:00 [queued]>
[2024-02-14T03:32:54.306+0000] {taskinstance.py:2170} INFO - Starting attempt 1 of 1
[2024-02-14T03:32:54.371+0000] {taskinstance.py:2191} INFO - Executing <Task(BashOperator): StartJob> on 2024-02-01 01:00:00+00:00
[2024-02-14T03:32:54.402+0000] {standard_task_runner.py:60} INFO - Started process 2351 to run task
[2024-02-14T03:32:54.432+0000] {standard_task_runner.py:87} INFO - Running: ['***', 'tasks', 'run', 'deverlop_model', 'StartJob', 'scheduled__2024-02-01T01:00:00+00:00', '--job-id', '213', '--raw', '--subdir', 'DAGS_FOLDER/task.py', '--cfg-path', '/tmp/tmpnbqz62_s']
[2024-02-14T03:32:54.498+0000] {standard_task_runner.py:88} INFO - Job 213: Subtask StartJob
[2024-02-14T03:32:54.675+0000] {task_command.py:423} INFO - Running <TaskInstance: deverlop_model.StartJob scheduled__2024-02-01T01:00:00+00:00 [running]> on host 6e2ff7d2ffd0
[2024-02-14T03:32:54.838+0000] {taskinstance.py:2480} INFO - Exporting env vars: AIRFLOW_CTX_DAG_OWNER='rtn' AIRFLOW_CTX_DAG_ID='deverlop_model' AIRFLOW_CTX_TASK_ID='StartJob' AIRFLOW_CTX_EXECUTION_DATE='2024-02-01T01:00:00+00:00' AIRFLOW_CTX_TRY_NUMBER='1' AIRFLOW_CTX_DAG_RUN_ID='scheduled__2024-02-01T01:00:00+00:00'
[2024-02-14T03:32:54.844+0000] {subprocess.py:63} INFO - Tmp dir root location: /tmp
[2024-02-14T03:32:54.851+0000] {subprocess.py:75} INFO - Running command: ['/usr/bin/bash', '-c', "\n            echo StartJob && \n            if [ ! -e '/opt/***/dags/data/2024-02-14' ]; then\n                mkdir /opt/***/dags/data/2024-02-14 \n            fi && \n            if [ ! -e '/opt/***/dags/data/2024-02-14/data' ]; then\n                mkdir /opt/***/dags/data/2024-02-14/data\n            fi && \n            if [ ! -e '/opt/***/dags/data/2024-02-14/model' ]; then\n                mkdir /opt/***/dags/data/2024-02-14/model\n            fi\n        "]
[2024-02-14T03:32:54.902+0000] {subprocess.py:86} INFO - Output:
[2024-02-14T03:32:54.907+0000] {subprocess.py:93} INFO - StartJob
[2024-02-14T03:32:54.914+0000] {subprocess.py:97} INFO - Command exited with return code 0
[2024-02-14T03:32:54.998+0000] {taskinstance.py:1138} INFO - Marking task as SUCCESS. dag_id=deverlop_model, task_id=StartJob, execution_date=20240201T010000, start_date=20240214T033254, end_date=20240214T033254
[2024-02-14T03:32:55.075+0000] {local_task_job_runner.py:234} INFO - Task exited with return code 0
[2024-02-14T03:32:55.124+0000] {taskinstance.py:3280} INFO - 1 downstream tasks scheduled from follow-on schedule check
[2024-02-14T03:34:23.670+0000] {taskinstance.py:1956} INFO - Dependencies all met for dep_context=non-requeueable deps ti=<TaskInstance: deverlop_model.StartJob scheduled__2024-02-01T01:00:00+00:00 [queued]>
[2024-02-14T03:34:23.687+0000] {taskinstance.py:1956} INFO - Dependencies all met for dep_context=requeueable deps ti=<TaskInstance: deverlop_model.StartJob scheduled__2024-02-01T01:00:00+00:00 [queued]>
[2024-02-14T03:34:23.688+0000] {taskinstance.py:2170} INFO - Starting attempt 1 of 1
[2024-02-14T03:34:23.715+0000] {taskinstance.py:2191} INFO - Executing <Task(BashOperator): StartJob> on 2024-02-01 01:00:00+00:00
[2024-02-14T03:34:23.745+0000] {standard_task_runner.py:60} INFO - Started process 2471 to run task
[2024-02-14T03:34:23.805+0000] {standard_task_runner.py:87} INFO - Running: ['***', 'tasks', 'run', 'deverlop_model', 'StartJob', 'scheduled__2024-02-01T01:00:00+00:00', '--job-id', '239', '--raw', '--subdir', 'DAGS_FOLDER/task.py', '--cfg-path', '/tmp/tmponds4bxw']
[2024-02-14T03:34:23.828+0000] {standard_task_runner.py:88} INFO - Job 239: Subtask StartJob
[2024-02-14T03:34:24.097+0000] {task_command.py:423} INFO - Running <TaskInstance: deverlop_model.StartJob scheduled__2024-02-01T01:00:00+00:00 [running]> on host 6e2ff7d2ffd0
[2024-02-14T03:34:24.363+0000] {taskinstance.py:2480} INFO - Exporting env vars: AIRFLOW_CTX_DAG_OWNER='rtn' AIRFLOW_CTX_DAG_ID='deverlop_model' AIRFLOW_CTX_TASK_ID='StartJob' AIRFLOW_CTX_EXECUTION_DATE='2024-02-01T01:00:00+00:00' AIRFLOW_CTX_TRY_NUMBER='1' AIRFLOW_CTX_DAG_RUN_ID='scheduled__2024-02-01T01:00:00+00:00'
[2024-02-14T03:34:24.378+0000] {subprocess.py:63} INFO - Tmp dir root location: /tmp
[2024-02-14T03:34:24.381+0000] {subprocess.py:75} INFO - Running command: ['/usr/bin/bash', '-c', "\n            echo StartJob && \n            if [ ! -e '/opt/***/dags/data/2024-02-14' ]; then\n                mkdir /opt/***/dags/data/2024-02-14 \n            fi && \n            if [ ! -e '/opt/***/dags/data/2024-02-14/data' ]; then\n                mkdir /opt/***/dags/data/2024-02-14/data\n            fi && \n            if [ ! -e '/opt/***/dags/data/2024-02-14/model' ]; then\n                mkdir /opt/***/dags/data/2024-02-14/model\n            fi\n        "]
[2024-02-14T03:34:24.450+0000] {subprocess.py:86} INFO - Output:
[2024-02-14T03:34:24.451+0000] {subprocess.py:93} INFO - StartJob
[2024-02-14T03:34:24.458+0000] {subprocess.py:97} INFO - Command exited with return code 0
[2024-02-14T03:34:24.692+0000] {taskinstance.py:1138} INFO - Marking task as SUCCESS. dag_id=deverlop_model, task_id=StartJob, execution_date=20240201T010000, start_date=20240214T033423, end_date=20240214T033424
[2024-02-14T03:34:24.770+0000] {local_task_job_runner.py:234} INFO - Task exited with return code 0
[2024-02-14T03:34:25.722+0000] {taskinstance.py:3280} INFO - 1 downstream tasks scheduled from follow-on schedule check
[2024-02-14T03:38:02.168+0000] {taskinstance.py:1956} INFO - Dependencies all met for dep_context=non-requeueable deps ti=<TaskInstance: deverlop_model.StartJob scheduled__2024-02-01T01:00:00+00:00 [queued]>
[2024-02-14T03:38:02.190+0000] {taskinstance.py:1956} INFO - Dependencies all met for dep_context=requeueable deps ti=<TaskInstance: deverlop_model.StartJob scheduled__2024-02-01T01:00:00+00:00 [queued]>
[2024-02-14T03:38:02.192+0000] {taskinstance.py:2170} INFO - Starting attempt 1 of 1
[2024-02-14T03:38:02.247+0000] {taskinstance.py:2191} INFO - Executing <Task(BashOperator): StartJob> on 2024-02-01 01:00:00+00:00
[2024-02-14T03:38:02.282+0000] {standard_task_runner.py:60} INFO - Started process 2802 to run task
[2024-02-14T03:38:02.302+0000] {standard_task_runner.py:87} INFO - Running: ['***', 'tasks', 'run', 'deverlop_model', 'StartJob', 'scheduled__2024-02-01T01:00:00+00:00', '--job-id', '318', '--raw', '--subdir', 'DAGS_FOLDER/task.py', '--cfg-path', '/tmp/tmpofngzwkv']
[2024-02-14T03:38:02.311+0000] {standard_task_runner.py:88} INFO - Job 318: Subtask StartJob
[2024-02-14T03:38:02.446+0000] {task_command.py:423} INFO - Running <TaskInstance: deverlop_model.StartJob scheduled__2024-02-01T01:00:00+00:00 [running]> on host 6e2ff7d2ffd0
[2024-02-14T03:38:02.600+0000] {taskinstance.py:2480} INFO - Exporting env vars: AIRFLOW_CTX_DAG_OWNER='rtn' AIRFLOW_CTX_DAG_ID='deverlop_model' AIRFLOW_CTX_TASK_ID='StartJob' AIRFLOW_CTX_EXECUTION_DATE='2024-02-01T01:00:00+00:00' AIRFLOW_CTX_TRY_NUMBER='1' AIRFLOW_CTX_DAG_RUN_ID='scheduled__2024-02-01T01:00:00+00:00'
[2024-02-14T03:38:02.604+0000] {subprocess.py:63} INFO - Tmp dir root location: /tmp
[2024-02-14T03:38:02.608+0000] {subprocess.py:75} INFO - Running command: ['/usr/bin/bash', '-c', "\n            echo StartJob && \n            if [ ! -e '/opt/***/dags/data/2024-02-14' ]; then\n                mkdir /opt/***/dags/data/2024-02-14 \n            fi && \n            if [ ! -e '/opt/***/dags/data/2024-02-14/data' ]; then\n                mkdir /opt/***/dags/data/2024-02-14/data\n            fi && \n            if [ ! -e '/opt/***/dags/data/2024-02-14/model' ]; then\n                mkdir /opt/***/dags/data/2024-02-14/model\n            fi\n        "]
[2024-02-14T03:38:02.635+0000] {subprocess.py:86} INFO - Output:
[2024-02-14T03:38:02.637+0000] {subprocess.py:93} INFO - StartJob
[2024-02-14T03:38:02.639+0000] {subprocess.py:97} INFO - Command exited with return code 0
[2024-02-14T03:38:02.688+0000] {taskinstance.py:1138} INFO - Marking task as SUCCESS. dag_id=deverlop_model, task_id=StartJob, execution_date=20240201T010000, start_date=20240214T033802, end_date=20240214T033802
[2024-02-14T03:38:02.746+0000] {local_task_job_runner.py:234} INFO - Task exited with return code 0
[2024-02-14T03:38:03.019+0000] {taskinstance.py:3280} INFO - 0 downstream tasks scheduled from follow-on schedule check
[2024-02-14T03:39:27.092+0000] {taskinstance.py:1956} INFO - Dependencies all met for dep_context=non-requeueable deps ti=<TaskInstance: deverlop_model.StartJob scheduled__2024-02-01T01:00:00+00:00 [queued]>
[2024-02-14T03:39:27.109+0000] {taskinstance.py:1956} INFO - Dependencies all met for dep_context=requeueable deps ti=<TaskInstance: deverlop_model.StartJob scheduled__2024-02-01T01:00:00+00:00 [queued]>
[2024-02-14T03:39:27.113+0000] {taskinstance.py:2170} INFO - Starting attempt 1 of 1
[2024-02-14T03:39:27.136+0000] {taskinstance.py:2191} INFO - Executing <Task(BashOperator): StartJob> on 2024-02-01 01:00:00+00:00
[2024-02-14T03:39:27.150+0000] {standard_task_runner.py:60} INFO - Started process 3001 to run task
[2024-02-14T03:39:27.154+0000] {standard_task_runner.py:87} INFO - Running: ['***', 'tasks', 'run', 'deverlop_model', 'StartJob', 'scheduled__2024-02-01T01:00:00+00:00', '--job-id', '370', '--raw', '--subdir', 'DAGS_FOLDER/task.py', '--cfg-path', '/tmp/tmp008yok5p']
[2024-02-14T03:39:27.159+0000] {standard_task_runner.py:88} INFO - Job 370: Subtask StartJob
[2024-02-14T03:39:27.247+0000] {task_command.py:423} INFO - Running <TaskInstance: deverlop_model.StartJob scheduled__2024-02-01T01:00:00+00:00 [running]> on host 6e2ff7d2ffd0
[2024-02-14T03:39:27.431+0000] {taskinstance.py:2480} INFO - Exporting env vars: AIRFLOW_CTX_DAG_OWNER='rtn' AIRFLOW_CTX_DAG_ID='deverlop_model' AIRFLOW_CTX_TASK_ID='StartJob' AIRFLOW_CTX_EXECUTION_DATE='2024-02-01T01:00:00+00:00' AIRFLOW_CTX_TRY_NUMBER='1' AIRFLOW_CTX_DAG_RUN_ID='scheduled__2024-02-01T01:00:00+00:00'
[2024-02-14T03:39:27.443+0000] {subprocess.py:63} INFO - Tmp dir root location: /tmp
[2024-02-14T03:39:27.460+0000] {subprocess.py:75} INFO - Running command: ['/usr/bin/bash', '-c', "\n            echo StartJob && \n            if [ ! -e '/opt/***/dags/data/2024-02-14' ]; then\n                mkdir /opt/***/dags/data/2024-02-14 \n            fi && \n            if [ ! -e '/opt/***/dags/data/2024-02-14/data' ]; then\n                mkdir /opt/***/dags/data/2024-02-14/data\n            fi && \n            if [ ! -e '/opt/***/dags/data/2024-02-14/model' ]; then\n                mkdir /opt/***/dags/data/2024-02-14/model\n            fi\n        "]
[2024-02-14T03:39:27.512+0000] {subprocess.py:86} INFO - Output:
[2024-02-14T03:39:27.517+0000] {subprocess.py:93} INFO - StartJob
[2024-02-14T03:39:27.544+0000] {subprocess.py:97} INFO - Command exited with return code 0
[2024-02-14T03:39:27.689+0000] {taskinstance.py:1138} INFO - Marking task as SUCCESS. dag_id=deverlop_model, task_id=StartJob, execution_date=20240201T010000, start_date=20240214T033927, end_date=20240214T033927
[2024-02-14T03:39:27.810+0000] {local_task_job_runner.py:234} INFO - Task exited with return code 0
[2024-02-14T03:39:27.877+0000] {taskinstance.py:3280} INFO - 1 downstream tasks scheduled from follow-on schedule check
[2024-02-14T04:09:33.617+0000] {taskinstance.py:1956} INFO - Dependencies all met for dep_context=non-requeueable deps ti=<TaskInstance: deverlop_model.StartJob scheduled__2024-02-01T01:00:00+00:00 [queued]>
[2024-02-14T04:09:33.626+0000] {taskinstance.py:1956} INFO - Dependencies all met for dep_context=requeueable deps ti=<TaskInstance: deverlop_model.StartJob scheduled__2024-02-01T01:00:00+00:00 [queued]>
[2024-02-14T04:09:33.626+0000] {taskinstance.py:2170} INFO - Starting attempt 1 of 1
[2024-02-14T04:09:33.638+0000] {taskinstance.py:2191} INFO - Executing <Task(BashOperator): StartJob> on 2024-02-01 01:00:00+00:00
[2024-02-14T04:09:33.647+0000] {standard_task_runner.py:60} INFO - Started process 4092 to run task
[2024-02-14T04:09:33.650+0000] {standard_task_runner.py:87} INFO - Running: ['***', 'tasks', 'run', 'deverlop_model', 'StartJob', 'scheduled__2024-02-01T01:00:00+00:00', '--job-id', '552', '--raw', '--subdir', 'DAGS_FOLDER/task.py', '--cfg-path', '/tmp/tmphusr9y0n']
[2024-02-14T04:09:33.653+0000] {standard_task_runner.py:88} INFO - Job 552: Subtask StartJob
[2024-02-14T04:09:33.711+0000] {task_command.py:423} INFO - Running <TaskInstance: deverlop_model.StartJob scheduled__2024-02-01T01:00:00+00:00 [running]> on host 6e2ff7d2ffd0
[2024-02-14T04:09:33.793+0000] {taskinstance.py:2480} INFO - Exporting env vars: AIRFLOW_CTX_DAG_OWNER='rtn' AIRFLOW_CTX_DAG_ID='deverlop_model' AIRFLOW_CTX_TASK_ID='StartJob' AIRFLOW_CTX_EXECUTION_DATE='2024-02-01T01:00:00+00:00' AIRFLOW_CTX_TRY_NUMBER='1' AIRFLOW_CTX_DAG_RUN_ID='scheduled__2024-02-01T01:00:00+00:00'
[2024-02-14T04:09:33.796+0000] {subprocess.py:63} INFO - Tmp dir root location: /tmp
[2024-02-14T04:09:33.798+0000] {subprocess.py:75} INFO - Running command: ['/usr/bin/bash', '-c', "\n            echo StartJob && \n            if [ ! -e '/opt/***/dags/data/2024-02-14' ]; then\n                mkdir /opt/***/dags/data/2024-02-14 \n            fi && \n            if [ ! -e '/opt/***/dags/data/2024-02-14/data' ]; then\n                mkdir /opt/***/dags/data/2024-02-14/data\n            fi && \n            if [ ! -e '/opt/***/dags/data/2024-02-14/model' ]; then\n                mkdir /opt/***/dags/data/2024-02-14/model\n            fi\n        "]
[2024-02-14T04:09:33.823+0000] {subprocess.py:86} INFO - Output:
[2024-02-14T04:09:33.825+0000] {subprocess.py:93} INFO - StartJob
[2024-02-14T04:09:33.828+0000] {subprocess.py:97} INFO - Command exited with return code 0
[2024-02-14T04:09:33.862+0000] {taskinstance.py:1138} INFO - Marking task as SUCCESS. dag_id=deverlop_model, task_id=StartJob, execution_date=20240201T010000, start_date=20240214T040933, end_date=20240214T040933
[2024-02-14T04:09:33.903+0000] {local_task_job_runner.py:234} INFO - Task exited with return code 0
[2024-02-14T04:09:33.933+0000] {taskinstance.py:3280} INFO - 1 downstream tasks scheduled from follow-on schedule check
