[2024-02-14T02:00:52.145+0000] {taskinstance.py:1956} INFO - Dependencies all met for dep_context=non-requeueable deps ti=<TaskInstance: deverlop_model.data_sets manual__2024-02-14T02:00:46.340705+00:00 [queued]>
[2024-02-14T02:00:52.152+0000] {taskinstance.py:1956} INFO - Dependencies all met for dep_context=requeueable deps ti=<TaskInstance: deverlop_model.data_sets manual__2024-02-14T02:00:46.340705+00:00 [queued]>
[2024-02-14T02:00:52.152+0000] {taskinstance.py:2170} INFO - Starting attempt 1 of 1
[2024-02-14T02:00:52.163+0000] {taskinstance.py:2191} INFO - Executing <Task(DockerOperator): data_sets> on 2024-02-14 02:00:46.340705+00:00
[2024-02-14T02:00:52.170+0000] {standard_task_runner.py:60} INFO - Started process 198 to run task
[2024-02-14T02:00:52.173+0000] {standard_task_runner.py:87} INFO - Running: ['***', 'tasks', 'run', 'deverlop_model', 'data_sets', 'manual__2024-02-14T02:00:46.340705+00:00', '--job-id', '4', '--raw', '--subdir', 'DAGS_FOLDER/task.py', '--cfg-path', '/tmp/tmpx3jlzu70']
[2024-02-14T02:00:52.176+0000] {standard_task_runner.py:88} INFO - Job 4: Subtask data_sets
[2024-02-14T02:00:52.219+0000] {task_command.py:423} INFO - Running <TaskInstance: deverlop_model.data_sets manual__2024-02-14T02:00:46.340705+00:00 [running]> on host 6e2ff7d2ffd0
[2024-02-14T02:00:52.290+0000] {taskinstance.py:2480} INFO - Exporting env vars: AIRFLOW_CTX_DAG_OWNER='rtn' AIRFLOW_CTX_DAG_ID='deverlop_model' AIRFLOW_CTX_TASK_ID='data_sets' AIRFLOW_CTX_EXECUTION_DATE='2024-02-14T02:00:46.340705+00:00' AIRFLOW_CTX_TRY_NUMBER='1' AIRFLOW_CTX_DAG_RUN_ID='manual__2024-02-14T02:00:46.340705+00:00'
[2024-02-14T02:00:52.326+0000] {docker.py:486} INFO - Pulling docker image python:3.8
[2024-02-14T02:00:55.699+0000] {docker.py:500} INFO - 3.8: Pulling from library/python
[2024-02-14T02:00:56.537+0000] {docker.py:500} INFO - 7bb465c29149: Pulling fs layer
[2024-02-14T02:00:56.538+0000] {docker.py:500} INFO - 2b9b41aaa3c5: Pulling fs layer
[2024-02-14T02:00:56.538+0000] {docker.py:500} INFO - 49b40be4436e: Pulling fs layer
[2024-02-14T02:00:56.539+0000] {docker.py:500} INFO - c558fac597f8: Pulling fs layer
[2024-02-14T02:00:56.539+0000] {docker.py:500} INFO - 11402150a57e: Pulling fs layer
[2024-02-14T02:00:56.540+0000] {docker.py:500} INFO - c558fac597f8: Waiting
[2024-02-14T02:00:56.541+0000] {docker.py:500} INFO - 4532b04ec8f7: Pulling fs layer
[2024-02-14T02:00:56.541+0000] {docker.py:500} INFO - 11402150a57e: Waiting
[2024-02-14T02:00:56.541+0000] {docker.py:500} INFO - 4532b04ec8f7: Waiting
[2024-02-14T02:00:56.542+0000] {docker.py:500} INFO - 4df0efb76c10: Pulling fs layer
[2024-02-14T02:00:56.542+0000] {docker.py:500} INFO - 951fd003e72c: Pulling fs layer
[2024-02-14T02:00:56.543+0000] {docker.py:500} INFO - 4df0efb76c10: Waiting
[2024-02-14T02:00:56.543+0000] {docker.py:500} INFO - 951fd003e72c: Waiting
[2024-02-14T02:00:57.452+0000] {docker.py:500} INFO - 49b40be4436e: Downloading
[2024-02-14T02:00:57.562+0000] {docker.py:500} INFO - 2b9b41aaa3c5: Downloading
[2024-02-14T02:00:57.575+0000] {docker.py:500} INFO - 7bb465c29149: Downloading
[2024-02-14T02:00:59.634+0000] {docker.py:500} INFO - 2b9b41aaa3c5: Verifying Checksum
[2024-02-14T02:00:59.635+0000] {docker.py:500} INFO - 2b9b41aaa3c5: Download complete
[2024-02-14T02:01:00.746+0000] {docker.py:500} INFO - 7bb465c29149: Download complete
[2024-02-14T02:01:00.820+0000] {docker.py:500} INFO - 7bb465c29149: Extracting
[2024-02-14T02:01:01.676+0000] {docker.py:500} INFO - 11402150a57e: Downloading
[2024-02-14T02:01:01.817+0000] {docker.py:500} INFO - c558fac597f8: Downloading
[2024-02-14T02:01:02.097+0000] {docker.py:500} INFO - 49b40be4436e: Verifying Checksum
[2024-02-14T02:01:02.098+0000] {docker.py:500} INFO - 49b40be4436e: Download complete
[2024-02-14T02:01:02.142+0000] {docker.py:500} INFO - 11402150a57e: Verifying Checksum
[2024-02-14T02:01:02.143+0000] {docker.py:500} INFO - 11402150a57e: Download complete
[2024-02-14T02:01:03.407+0000] {docker.py:500} INFO - 4df0efb76c10: Downloading
[2024-02-14T02:01:03.408+0000] {docker.py:500} INFO - 4df0efb76c10: Download complete
[2024-02-14T02:01:03.524+0000] {docker.py:500} INFO - 4532b04ec8f7: Downloading
[2024-02-14T02:01:04.488+0000] {docker.py:500} INFO - 7bb465c29149: Pull complete
[2024-02-14T02:01:04.555+0000] {docker.py:500} INFO - 2b9b41aaa3c5: Extracting
[2024-02-14T02:01:04.922+0000] {docker.py:500} INFO - 951fd003e72c: Downloading
[2024-02-14T02:01:05.067+0000] {docker.py:500} INFO - 4532b04ec8f7: Verifying Checksum
[2024-02-14T02:01:05.068+0000] {docker.py:500} INFO - 4532b04ec8f7: Download complete
[2024-02-14T02:01:05.386+0000] {docker.py:500} INFO - 951fd003e72c: Verifying Checksum
[2024-02-14T02:01:05.387+0000] {docker.py:500} INFO - 951fd003e72c: Download complete
[2024-02-14T02:01:05.676+0000] {docker.py:500} INFO - 2b9b41aaa3c5: Pull complete
[2024-02-14T02:01:05.726+0000] {docker.py:500} INFO - 49b40be4436e: Extracting
[2024-02-14T02:01:07.921+0000] {docker.py:500} INFO - c558fac597f8: Verifying Checksum
[2024-02-14T02:01:07.922+0000] {docker.py:500} INFO - c558fac597f8: Download complete
[2024-02-14T02:01:09.981+0000] {docker.py:500} INFO - 49b40be4436e: Pull complete
[2024-02-14T02:01:10.064+0000] {docker.py:500} INFO - c558fac597f8: Extracting
[2024-02-14T02:01:17.689+0000] {docker.py:500} INFO - c558fac597f8: Pull complete
[2024-02-14T02:01:17.694+0000] {docker.py:500} INFO - 11402150a57e: Extracting
[2024-02-14T02:01:17.998+0000] {docker.py:500} INFO - 11402150a57e: Pull complete
[2024-02-14T02:01:18.015+0000] {docker.py:500} INFO - 4532b04ec8f7: Extracting
[2024-02-14T02:01:18.537+0000] {docker.py:500} INFO - 4532b04ec8f7: Pull complete
[2024-02-14T02:01:18.540+0000] {docker.py:500} INFO - 4df0efb76c10: Extracting
[2024-02-14T02:01:18.557+0000] {docker.py:500} INFO - 4df0efb76c10: Pull complete
[2024-02-14T02:01:18.561+0000] {docker.py:500} INFO - 951fd003e72c: Extracting
[2024-02-14T02:01:18.833+0000] {docker.py:500} INFO - 951fd003e72c: Pull complete
[2024-02-14T02:01:18.850+0000] {docker.py:495} INFO - Digest: sha256:9110b418dc2d04746f1ccc99c20fca1cb72e6f298e3bf0c20b6369f76e88967f
[2024-02-14T02:01:18.854+0000] {docker.py:495} INFO - Status: Downloaded newer image for python:3.8
[2024-02-14T02:01:18.857+0000] {docker.py:359} INFO - Starting docker container from image python:3.8
[2024-02-14T02:01:20.883+0000] {docker.py:429} INFO - WARNING: Running pip as the 'root' user can result in broken permissions and conflicting behaviour with the system package manager. It is recommended to use a virtual environment instead: https://pip.pypa.io/warnings/venv
[2024-02-14T02:01:21.121+0000] {docker.py:429} INFO - [notice] A new release of pip is available: 23.0.1 -> 24.0
[notice] To update, run: pip install --upgrade pip
[2024-02-14T02:01:26.225+0000] {docker.py:429} INFO - READ DATA :  HELLO WORLD  timestamp :  2024-02-14 02:01:26.222446
[2024-02-14T02:01:26.855+0000] {taskinstance.py:1138} INFO - Marking task as SUCCESS. dag_id=deverlop_model, task_id=data_sets, execution_date=20240214T020046, start_date=20240214T020052, end_date=20240214T020126
[2024-02-14T02:01:26.899+0000] {local_task_job_runner.py:234} INFO - Task exited with return code 0
[2024-02-14T02:01:26.929+0000] {taskinstance.py:3280} INFO - 1 downstream tasks scheduled from follow-on schedule check
