[2024-02-14T03:34:40.699+0000] {taskinstance.py:1956} INFO - Dependencies all met for dep_context=non-requeueable deps ti=<TaskInstance: deverlop_model.StartJob scheduled__2024-02-01T02:20:00+00:00 [queued]>
[2024-02-14T03:34:40.741+0000] {taskinstance.py:1956} INFO - Dependencies all met for dep_context=requeueable deps ti=<TaskInstance: deverlop_model.StartJob scheduled__2024-02-01T02:20:00+00:00 [queued]>
[2024-02-14T03:34:40.742+0000] {taskinstance.py:2170} INFO - Starting attempt 1 of 1
[2024-02-14T03:34:40.768+0000] {taskinstance.py:2191} INFO - Executing <Task(BashOperator): StartJob> on 2024-02-01 02:20:00+00:00
[2024-02-14T03:34:40.780+0000] {standard_task_runner.py:60} INFO - Started process 2590 to run task
[2024-02-14T03:34:40.786+0000] {standard_task_runner.py:87} INFO - Running: ['***', 'tasks', 'run', 'deverlop_model', 'StartJob', 'scheduled__2024-02-01T02:20:00+00:00', '--job-id', '272', '--raw', '--subdir', 'DAGS_FOLDER/task.py', '--cfg-path', '/tmp/tmpwrkb99in']
[2024-02-14T03:34:40.794+0000] {standard_task_runner.py:88} INFO - Job 272: Subtask StartJob
[2024-02-14T03:34:40.913+0000] {task_command.py:423} INFO - Running <TaskInstance: deverlop_model.StartJob scheduled__2024-02-01T02:20:00+00:00 [running]> on host 6e2ff7d2ffd0
[2024-02-14T03:34:41.201+0000] {taskinstance.py:2480} INFO - Exporting env vars: AIRFLOW_CTX_DAG_OWNER='rtn' AIRFLOW_CTX_DAG_ID='deverlop_model' AIRFLOW_CTX_TASK_ID='StartJob' AIRFLOW_CTX_EXECUTION_DATE='2024-02-01T02:20:00+00:00' AIRFLOW_CTX_TRY_NUMBER='1' AIRFLOW_CTX_DAG_RUN_ID='scheduled__2024-02-01T02:20:00+00:00'
[2024-02-14T03:34:41.207+0000] {subprocess.py:63} INFO - Tmp dir root location: /tmp
[2024-02-14T03:34:41.212+0000] {subprocess.py:75} INFO - Running command: ['/usr/bin/bash', '-c', "\n            echo StartJob && \n            if [ ! -e '/opt/***/dags/data/2024-02-14' ]; then\n                mkdir /opt/***/dags/data/2024-02-14 \n            fi && \n            if [ ! -e '/opt/***/dags/data/2024-02-14/data' ]; then\n                mkdir /opt/***/dags/data/2024-02-14/data\n            fi && \n            if [ ! -e '/opt/***/dags/data/2024-02-14/model' ]; then\n                mkdir /opt/***/dags/data/2024-02-14/model\n            fi\n        "]
[2024-02-14T03:34:41.262+0000] {subprocess.py:86} INFO - Output:
[2024-02-14T03:34:41.270+0000] {subprocess.py:93} INFO - StartJob
[2024-02-14T03:34:41.277+0000] {subprocess.py:97} INFO - Command exited with return code 0
[2024-02-14T03:34:41.373+0000] {taskinstance.py:1138} INFO - Marking task as SUCCESS. dag_id=deverlop_model, task_id=StartJob, execution_date=20240201T022000, start_date=20240214T033440, end_date=20240214T033441
[2024-02-14T03:34:41.456+0000] {local_task_job_runner.py:234} INFO - Task exited with return code 0
[2024-02-14T03:34:41.685+0000] {taskinstance.py:3280} INFO - 0 downstream tasks scheduled from follow-on schedule check
[2024-02-14T03:38:16.572+0000] {taskinstance.py:1956} INFO - Dependencies all met for dep_context=non-requeueable deps ti=<TaskInstance: deverlop_model.StartJob scheduled__2024-02-01T02:20:00+00:00 [queued]>
[2024-02-14T03:38:16.582+0000] {taskinstance.py:1956} INFO - Dependencies all met for dep_context=requeueable deps ti=<TaskInstance: deverlop_model.StartJob scheduled__2024-02-01T02:20:00+00:00 [queued]>
[2024-02-14T03:38:16.583+0000] {taskinstance.py:2170} INFO - Starting attempt 1 of 1
[2024-02-14T03:38:16.599+0000] {taskinstance.py:2191} INFO - Executing <Task(BashOperator): StartJob> on 2024-02-01 02:20:00+00:00
[2024-02-14T03:38:16.608+0000] {standard_task_runner.py:60} INFO - Started process 2910 to run task
[2024-02-14T03:38:16.613+0000] {standard_task_runner.py:87} INFO - Running: ['***', 'tasks', 'run', 'deverlop_model', 'StartJob', 'scheduled__2024-02-01T02:20:00+00:00', '--job-id', '353', '--raw', '--subdir', 'DAGS_FOLDER/task.py', '--cfg-path', '/tmp/tmpfpd7o_bh']
[2024-02-14T03:38:16.618+0000] {standard_task_runner.py:88} INFO - Job 353: Subtask StartJob
[2024-02-14T03:38:16.668+0000] {task_command.py:423} INFO - Running <TaskInstance: deverlop_model.StartJob scheduled__2024-02-01T02:20:00+00:00 [running]> on host 6e2ff7d2ffd0
[2024-02-14T03:38:16.740+0000] {taskinstance.py:2480} INFO - Exporting env vars: AIRFLOW_CTX_DAG_OWNER='rtn' AIRFLOW_CTX_DAG_ID='deverlop_model' AIRFLOW_CTX_TASK_ID='StartJob' AIRFLOW_CTX_EXECUTION_DATE='2024-02-01T02:20:00+00:00' AIRFLOW_CTX_TRY_NUMBER='1' AIRFLOW_CTX_DAG_RUN_ID='scheduled__2024-02-01T02:20:00+00:00'
[2024-02-14T03:38:16.743+0000] {subprocess.py:63} INFO - Tmp dir root location: /tmp
[2024-02-14T03:38:16.744+0000] {subprocess.py:75} INFO - Running command: ['/usr/bin/bash', '-c', "\n            echo StartJob && \n            if [ ! -e '/opt/***/dags/data/2024-02-14' ]; then\n                mkdir /opt/***/dags/data/2024-02-14 \n            fi && \n            if [ ! -e '/opt/***/dags/data/2024-02-14/data' ]; then\n                mkdir /opt/***/dags/data/2024-02-14/data\n            fi && \n            if [ ! -e '/opt/***/dags/data/2024-02-14/model' ]; then\n                mkdir /opt/***/dags/data/2024-02-14/model\n            fi\n        "]
[2024-02-14T03:38:16.760+0000] {subprocess.py:86} INFO - Output:
[2024-02-14T03:38:16.761+0000] {subprocess.py:93} INFO - StartJob
[2024-02-14T03:38:16.762+0000] {subprocess.py:97} INFO - Command exited with return code 0
[2024-02-14T03:38:16.788+0000] {taskinstance.py:1138} INFO - Marking task as SUCCESS. dag_id=deverlop_model, task_id=StartJob, execution_date=20240201T022000, start_date=20240214T033816, end_date=20240214T033816
[2024-02-14T03:38:16.824+0000] {local_task_job_runner.py:234} INFO - Task exited with return code 0
[2024-02-14T03:38:16.846+0000] {taskinstance.py:3280} INFO - 1 downstream tasks scheduled from follow-on schedule check
[2024-02-14T03:39:41.099+0000] {taskinstance.py:1956} INFO - Dependencies all met for dep_context=non-requeueable deps ti=<TaskInstance: deverlop_model.StartJob scheduled__2024-02-01T02:20:00+00:00 [queued]>
[2024-02-14T03:39:41.120+0000] {taskinstance.py:1956} INFO - Dependencies all met for dep_context=requeueable deps ti=<TaskInstance: deverlop_model.StartJob scheduled__2024-02-01T02:20:00+00:00 [queued]>
[2024-02-14T03:39:41.121+0000] {taskinstance.py:2170} INFO - Starting attempt 1 of 1
[2024-02-14T03:39:41.422+0000] {taskinstance.py:2191} INFO - Executing <Task(BashOperator): StartJob> on 2024-02-01 02:20:00+00:00
[2024-02-14T03:39:41.434+0000] {standard_task_runner.py:60} INFO - Started process 3128 to run task
[2024-02-14T03:39:41.439+0000] {standard_task_runner.py:87} INFO - Running: ['***', 'tasks', 'run', 'deverlop_model', 'StartJob', 'scheduled__2024-02-01T02:20:00+00:00', '--job-id', '404', '--raw', '--subdir', 'DAGS_FOLDER/task.py', '--cfg-path', '/tmp/tmpurpisj4r']
[2024-02-14T03:39:41.445+0000] {standard_task_runner.py:88} INFO - Job 404: Subtask StartJob
[2024-02-14T03:39:41.529+0000] {task_command.py:423} INFO - Running <TaskInstance: deverlop_model.StartJob scheduled__2024-02-01T02:20:00+00:00 [running]> on host 6e2ff7d2ffd0
[2024-02-14T03:39:41.668+0000] {taskinstance.py:2480} INFO - Exporting env vars: AIRFLOW_CTX_DAG_OWNER='rtn' AIRFLOW_CTX_DAG_ID='deverlop_model' AIRFLOW_CTX_TASK_ID='StartJob' AIRFLOW_CTX_EXECUTION_DATE='2024-02-01T02:20:00+00:00' AIRFLOW_CTX_TRY_NUMBER='1' AIRFLOW_CTX_DAG_RUN_ID='scheduled__2024-02-01T02:20:00+00:00'
[2024-02-14T03:39:41.671+0000] {subprocess.py:63} INFO - Tmp dir root location: /tmp
[2024-02-14T03:39:41.672+0000] {subprocess.py:75} INFO - Running command: ['/usr/bin/bash', '-c', "\n            echo StartJob && \n            if [ ! -e '/opt/***/dags/data/2024-02-14' ]; then\n                mkdir /opt/***/dags/data/2024-02-14 \n            fi && \n            if [ ! -e '/opt/***/dags/data/2024-02-14/data' ]; then\n                mkdir /opt/***/dags/data/2024-02-14/data\n            fi && \n            if [ ! -e '/opt/***/dags/data/2024-02-14/model' ]; then\n                mkdir /opt/***/dags/data/2024-02-14/model\n            fi\n        "]
[2024-02-14T03:39:41.695+0000] {subprocess.py:86} INFO - Output:
[2024-02-14T03:39:41.696+0000] {subprocess.py:93} INFO - StartJob
[2024-02-14T03:39:41.700+0000] {subprocess.py:97} INFO - Command exited with return code 0
[2024-02-14T03:39:41.737+0000] {taskinstance.py:1138} INFO - Marking task as SUCCESS. dag_id=deverlop_model, task_id=StartJob, execution_date=20240201T022000, start_date=20240214T033941, end_date=20240214T033941
[2024-02-14T03:39:41.795+0000] {local_task_job_runner.py:234} INFO - Task exited with return code 0
[2024-02-14T03:39:41.876+0000] {taskinstance.py:3280} INFO - 1 downstream tasks scheduled from follow-on schedule check
