[2024-02-13T06:22:41.589+0000] {taskinstance.py:1956} INFO - Dependencies all met for dep_context=non-requeueable deps ti=<TaskInstance: deverlop_model.data_sets scheduled__2024-02-13T06:22:05.571089+00:00 [queued]>
[2024-02-13T06:22:41.604+0000] {taskinstance.py:1956} INFO - Dependencies all met for dep_context=requeueable deps ti=<TaskInstance: deverlop_model.data_sets scheduled__2024-02-13T06:22:05.571089+00:00 [queued]>
[2024-02-13T06:22:41.606+0000] {taskinstance.py:2170} INFO - Starting attempt 1 of 1
[2024-02-13T06:22:41.633+0000] {taskinstance.py:2191} INFO - Executing <Task(DockerOperator): data_sets> on 2024-02-13 06:22:05.571089+00:00
[2024-02-13T06:22:41.645+0000] {standard_task_runner.py:60} INFO - Started process 153 to run task
[2024-02-13T06:22:41.648+0000] {standard_task_runner.py:87} INFO - Running: ['***', 'tasks', 'run', 'deverlop_model', 'data_sets', 'scheduled__2024-02-13T06:22:05.571089+00:00', '--job-id', '8', '--raw', '--subdir', 'DAGS_FOLDER/task.py', '--cfg-path', '/tmp/tmpzey951o6']
[2024-02-13T06:22:41.665+0000] {standard_task_runner.py:88} INFO - Job 8: Subtask data_sets
[2024-02-13T06:22:41.756+0000] {task_command.py:423} INFO - Running <TaskInstance: deverlop_model.data_sets scheduled__2024-02-13T06:22:05.571089+00:00 [running]> on host 62adf0b4add5
[2024-02-13T06:22:41.889+0000] {taskinstance.py:2480} INFO - Exporting env vars: AIRFLOW_CTX_DAG_OWNER='rtn' AIRFLOW_CTX_DAG_ID='deverlop_model' AIRFLOW_CTX_TASK_ID='data_sets' AIRFLOW_CTX_EXECUTION_DATE='2024-02-13T06:22:05.571089+00:00' AIRFLOW_CTX_TRY_NUMBER='1' AIRFLOW_CTX_DAG_RUN_ID='scheduled__2024-02-13T06:22:05.571089+00:00'
[2024-02-13T06:22:41.935+0000] {docker.py:486} INFO - Pulling docker image python:3.8
[2024-02-13T06:22:44.494+0000] {docker.py:500} INFO - 3.8: Pulling from library/python
[2024-02-13T06:22:44.514+0000] {docker.py:500} INFO - 6a299ae9cfd9: Already exists
[2024-02-13T06:22:44.522+0000] {docker.py:500} INFO - e08e8703b2fb: Already exists
[2024-02-13T06:22:44.528+0000] {docker.py:500} INFO - 68e92d11b04e: Already exists
[2024-02-13T06:22:44.533+0000] {docker.py:500} INFO - 5b9fe7fef9be: Pulling fs layer
[2024-02-13T06:22:44.534+0000] {docker.py:500} INFO - 09864a904dd0: Pulling fs layer
[2024-02-13T06:22:44.534+0000] {docker.py:500} INFO - a1422769d5be: Pulling fs layer
[2024-02-13T06:22:44.535+0000] {docker.py:500} INFO - fad1ae7101cd: Pulling fs layer
[2024-02-13T06:22:44.535+0000] {docker.py:500} INFO - 96467e04897d: Pulling fs layer
[2024-02-13T06:22:44.536+0000] {docker.py:500} INFO - 96467e04897d: Download complete
[2024-02-13T06:22:44.537+0000] {docker.py:500} INFO - 09864a904dd0: Download complete
[2024-02-13T06:22:44.537+0000] {docker.py:500} INFO - 5b9fe7fef9be: Extracting
[2024-02-13T06:22:44.538+0000] {docker.py:500} INFO - a1422769d5be: Download complete
[2024-02-13T06:22:44.539+0000] {docker.py:500} INFO - fad1ae7101cd: Download complete
[2024-02-13T06:22:51.554+0000] {docker.py:500} INFO - 5b9fe7fef9be: Pull complete
[2024-02-13T06:22:51.560+0000] {docker.py:500} INFO - 09864a904dd0: Extracting
[2024-02-13T06:22:51.933+0000] {docker.py:500} INFO - 09864a904dd0: Pull complete
[2024-02-13T06:22:51.947+0000] {docker.py:500} INFO - a1422769d5be: Extracting
[2024-02-13T06:22:52.460+0000] {docker.py:500} INFO - a1422769d5be: Pull complete
[2024-02-13T06:22:52.464+0000] {docker.py:500} INFO - fad1ae7101cd: Extracting
[2024-02-13T06:22:52.483+0000] {docker.py:500} INFO - fad1ae7101cd: Pull complete
[2024-02-13T06:22:52.488+0000] {docker.py:500} INFO - 96467e04897d: Extracting
[2024-02-13T06:22:52.905+0000] {docker.py:500} INFO - 96467e04897d: Pull complete
[2024-02-13T06:22:52.925+0000] {docker.py:495} INFO - Digest: sha256:afc3b723caef31e03dfa343e8bcdeee8ad4fd11e2672eb3365e5fd59fafa3c09
[2024-02-13T06:22:52.929+0000] {docker.py:495} INFO - Status: Downloaded newer image for python:3.8
[2024-02-13T06:22:52.935+0000] {docker.py:359} INFO - Starting docker container from image python:3.8
[2024-02-13T06:22:54.878+0000] {docker.py:429} INFO - WARNING: Running pip as the 'root' user can result in broken permissions and conflicting behaviour with the system package manager. It is recommended to use a virtual environment instead: https://pip.pypa.io/warnings/venv
[2024-02-13T06:22:55.296+0000] {docker.py:429} INFO - [notice] A new release of pip is available: 23.0.1 -> 24.0
[notice] To update, run: pip install --upgrade pip
[2024-02-13T06:23:00.405+0000] {docker.py:429} INFO - READ DATA :  HELLO WORLD  timestamp :  2024-02-13 06:23:00.401307
[2024-02-13T06:23:00.867+0000] {taskinstance.py:1138} INFO - Marking task as SUCCESS. dag_id=deverlop_model, task_id=data_sets, execution_date=20240213T062205, start_date=20240213T062241, end_date=20240213T062300
[2024-02-13T06:23:00.890+0000] {local_task_job_runner.py:234} INFO - Task exited with return code 0
[2024-02-13T06:23:00.908+0000] {taskinstance.py:3280} INFO - 1 downstream tasks scheduled from follow-on schedule check
