[2024-02-14T02:07:02.836+0000] {taskinstance.py:1956} INFO - Dependencies all met for dep_context=non-requeueable deps ti=<TaskInstance: deverlop_model.StartJob scheduled__2024-01-01T00:35:00+00:00 [queued]>
[2024-02-14T02:07:02.880+0000] {taskinstance.py:1956} INFO - Dependencies all met for dep_context=requeueable deps ti=<TaskInstance: deverlop_model.StartJob scheduled__2024-01-01T00:35:00+00:00 [queued]>
[2024-02-14T02:07:02.884+0000] {taskinstance.py:2170} INFO - Starting attempt 1 of 1
[2024-02-14T02:07:02.933+0000] {taskinstance.py:2191} INFO - Executing <Task(BashOperator): StartJob> on 2024-01-01 00:35:00+00:00
[2024-02-14T02:07:03.611+0000] {standard_task_runner.py:60} INFO - Started process 351 to run task
[2024-02-14T02:07:03.623+0000] {standard_task_runner.py:87} INFO - Running: ['***', 'tasks', 'run', 'deverlop_model', 'StartJob', 'scheduled__2024-01-01T00:35:00+00:00', '--job-id', '15', '--raw', '--subdir', 'DAGS_FOLDER/task.py', '--cfg-path', '/tmp/tmpw038rqc_']
[2024-02-14T02:07:03.642+0000] {standard_task_runner.py:88} INFO - Job 15: Subtask StartJob
[2024-02-14T02:07:03.889+0000] {task_command.py:423} INFO - Running <TaskInstance: deverlop_model.StartJob scheduled__2024-01-01T00:35:00+00:00 [running]> on host 6e2ff7d2ffd0
[2024-02-14T02:07:04.205+0000] {taskinstance.py:2480} INFO - Exporting env vars: AIRFLOW_CTX_DAG_OWNER='rtn' AIRFLOW_CTX_DAG_ID='deverlop_model' AIRFLOW_CTX_TASK_ID='StartJob' AIRFLOW_CTX_EXECUTION_DATE='2024-01-01T00:35:00+00:00' AIRFLOW_CTX_TRY_NUMBER='1' AIRFLOW_CTX_DAG_RUN_ID='scheduled__2024-01-01T00:35:00+00:00'
[2024-02-14T02:07:04.258+0000] {subprocess.py:63} INFO - Tmp dir root location: /tmp
[2024-02-14T02:07:04.278+0000] {subprocess.py:75} INFO - Running command: ['/usr/bin/bash', '-c', 'echo StartJob']
[2024-02-14T02:07:04.351+0000] {subprocess.py:86} INFO - Output:
[2024-02-14T02:07:04.357+0000] {subprocess.py:93} INFO - StartJob
[2024-02-14T02:07:04.363+0000] {subprocess.py:97} INFO - Command exited with return code 0
[2024-02-14T02:07:04.850+0000] {taskinstance.py:1138} INFO - Marking task as SUCCESS. dag_id=deverlop_model, task_id=StartJob, execution_date=20240101T003500, start_date=20240214T020702, end_date=20240214T020704
[2024-02-14T02:07:04.989+0000] {local_task_job_runner.py:234} INFO - Task exited with return code 0
[2024-02-14T02:07:05.113+0000] {taskinstance.py:3280} INFO - 1 downstream tasks scheduled from follow-on schedule check
[2024-02-14T03:53:46.409+0000] {taskinstance.py:1956} INFO - Dependencies all met for dep_context=non-requeueable deps ti=<TaskInstance: deverlop_model.StartJob scheduled__2024-01-01T00:35:00+00:00 [queued]>
[2024-02-14T03:53:46.434+0000] {taskinstance.py:1956} INFO - Dependencies all met for dep_context=requeueable deps ti=<TaskInstance: deverlop_model.StartJob scheduled__2024-01-01T00:35:00+00:00 [queued]>
[2024-02-14T03:53:46.452+0000] {taskinstance.py:2170} INFO - Starting attempt 1 of 1
[2024-02-14T03:53:46.524+0000] {taskinstance.py:2191} INFO - Executing <Task(BashOperator): StartJob> on 2024-01-01 00:35:00+00:00
[2024-02-14T03:53:46.541+0000] {standard_task_runner.py:60} INFO - Started process 3424 to run task
[2024-02-14T03:53:46.550+0000] {standard_task_runner.py:87} INFO - Running: ['***', 'tasks', 'run', 'deverlop_model', 'StartJob', 'scheduled__2024-01-01T00:35:00+00:00', '--job-id', '428', '--raw', '--subdir', 'DAGS_FOLDER/task.py', '--cfg-path', '/tmp/tmptrtdeidk']
[2024-02-14T03:53:46.564+0000] {standard_task_runner.py:88} INFO - Job 428: Subtask StartJob
[2024-02-14T03:53:46.699+0000] {task_command.py:423} INFO - Running <TaskInstance: deverlop_model.StartJob scheduled__2024-01-01T00:35:00+00:00 [running]> on host 6e2ff7d2ffd0
[2024-02-14T03:53:46.949+0000] {taskinstance.py:2480} INFO - Exporting env vars: AIRFLOW_CTX_DAG_OWNER='rtn' AIRFLOW_CTX_DAG_ID='deverlop_model' AIRFLOW_CTX_TASK_ID='StartJob' AIRFLOW_CTX_EXECUTION_DATE='2024-01-01T00:35:00+00:00' AIRFLOW_CTX_TRY_NUMBER='1' AIRFLOW_CTX_DAG_RUN_ID='scheduled__2024-01-01T00:35:00+00:00'
[2024-02-14T03:53:46.966+0000] {subprocess.py:63} INFO - Tmp dir root location: /tmp
[2024-02-14T03:53:46.985+0000] {subprocess.py:75} INFO - Running command: ['/usr/bin/bash', '-c', "\n            echo StartJob && \n            if [ ! -e '/opt/***/dags/data/2024-02-14' ]; then\n                mkdir /opt/***/dags/data/2024-02-14 \n            fi && \n            if [ ! -e '/opt/***/dags/data/2024-02-14/data' ]; then\n                mkdir /opt/***/dags/data/2024-02-14/data\n            fi && \n            if [ ! -e '/opt/***/dags/data/2024-02-14/model' ]; then\n                mkdir /opt/***/dags/data/2024-02-14/model\n            fi\n        "]
[2024-02-14T03:53:47.045+0000] {subprocess.py:86} INFO - Output:
[2024-02-14T03:53:47.062+0000] {subprocess.py:93} INFO - StartJob
[2024-02-14T03:53:47.091+0000] {subprocess.py:97} INFO - Command exited with return code 0
[2024-02-14T03:53:47.178+0000] {taskinstance.py:1138} INFO - Marking task as SUCCESS. dag_id=deverlop_model, task_id=StartJob, execution_date=20240101T003500, start_date=20240214T035346, end_date=20240214T035347
[2024-02-14T03:53:47.308+0000] {local_task_job_runner.py:234} INFO - Task exited with return code 0
[2024-02-14T03:53:47.392+0000] {taskinstance.py:3280} INFO - 1 downstream tasks scheduled from follow-on schedule check
[2024-02-14T03:56:00.157+0000] {taskinstance.py:1956} INFO - Dependencies all met for dep_context=non-requeueable deps ti=<TaskInstance: deverlop_model.StartJob scheduled__2024-01-01T00:35:00+00:00 [queued]>
[2024-02-14T03:56:00.167+0000] {taskinstance.py:1956} INFO - Dependencies all met for dep_context=requeueable deps ti=<TaskInstance: deverlop_model.StartJob scheduled__2024-01-01T00:35:00+00:00 [queued]>
[2024-02-14T03:56:00.168+0000] {taskinstance.py:2170} INFO - Starting attempt 1 of 1
[2024-02-14T03:56:00.186+0000] {taskinstance.py:2191} INFO - Executing <Task(BashOperator): StartJob> on 2024-01-01 00:35:00+00:00
[2024-02-14T03:56:00.196+0000] {standard_task_runner.py:60} INFO - Started process 3535 to run task
[2024-02-14T03:56:00.208+0000] {standard_task_runner.py:87} INFO - Running: ['***', 'tasks', 'run', 'deverlop_model', 'StartJob', 'scheduled__2024-01-01T00:35:00+00:00', '--job-id', '451', '--raw', '--subdir', 'DAGS_FOLDER/task.py', '--cfg-path', '/tmp/tmpam8hav2_']
[2024-02-14T03:56:00.212+0000] {standard_task_runner.py:88} INFO - Job 451: Subtask StartJob
[2024-02-14T03:56:00.289+0000] {task_command.py:423} INFO - Running <TaskInstance: deverlop_model.StartJob scheduled__2024-01-01T00:35:00+00:00 [running]> on host 6e2ff7d2ffd0
[2024-02-14T03:56:00.415+0000] {taskinstance.py:2480} INFO - Exporting env vars: AIRFLOW_CTX_DAG_OWNER='***' AIRFLOW_CTX_DAG_ID='deverlop_model' AIRFLOW_CTX_TASK_ID='StartJob' AIRFLOW_CTX_EXECUTION_DATE='2024-01-01T00:35:00+00:00' AIRFLOW_CTX_TRY_NUMBER='1' AIRFLOW_CTX_DAG_RUN_ID='scheduled__2024-01-01T00:35:00+00:00'
[2024-02-14T03:56:00.418+0000] {subprocess.py:63} INFO - Tmp dir root location: /tmp
[2024-02-14T03:56:00.421+0000] {subprocess.py:75} INFO - Running command: ['/usr/bin/bash', '-c', "\n            echo StartJob && \n            if [ ! -e '/opt/***/dags/data/2024-02-14' ]; then\n                mkdir /opt/***/dags/data/2024-02-14 \n            fi && \n            if [ ! -e '/opt/***/dags/data/2024-02-14/data' ]; then\n                mkdir /opt/***/dags/data/2024-02-14/data\n            fi && \n            if [ ! -e '/opt/***/dags/data/2024-02-14/model' ]; then\n                mkdir /opt/***/dags/data/2024-02-14/model\n            fi\n        "]
[2024-02-14T03:56:00.443+0000] {subprocess.py:86} INFO - Output:
[2024-02-14T03:56:00.446+0000] {subprocess.py:93} INFO - StartJob
[2024-02-14T03:56:00.452+0000] {subprocess.py:97} INFO - Command exited with return code 0
[2024-02-14T03:56:00.497+0000] {taskinstance.py:1138} INFO - Marking task as SUCCESS. dag_id=deverlop_model, task_id=StartJob, execution_date=20240101T003500, start_date=20240214T035600, end_date=20240214T035600
[2024-02-14T03:56:00.555+0000] {local_task_job_runner.py:234} INFO - Task exited with return code 0
[2024-02-14T03:56:00.728+0000] {taskinstance.py:3280} INFO - 0 downstream tasks scheduled from follow-on schedule check
[2024-02-14T04:00:40.109+0000] {taskinstance.py:1956} INFO - Dependencies all met for dep_context=non-requeueable deps ti=<TaskInstance: deverlop_model.StartJob scheduled__2024-01-01T00:35:00+00:00 [queued]>
[2024-02-14T04:00:40.133+0000] {taskinstance.py:1956} INFO - Dependencies all met for dep_context=requeueable deps ti=<TaskInstance: deverlop_model.StartJob scheduled__2024-01-01T00:35:00+00:00 [queued]>
[2024-02-14T04:00:40.138+0000] {taskinstance.py:2170} INFO - Starting attempt 1 of 1
[2024-02-14T04:00:40.163+0000] {taskinstance.py:2191} INFO - Executing <Task(BashOperator): StartJob> on 2024-01-01 00:35:00+00:00
[2024-02-14T04:00:40.178+0000] {standard_task_runner.py:60} INFO - Started process 3835 to run task
[2024-02-14T04:00:40.182+0000] {standard_task_runner.py:87} INFO - Running: ['***', 'tasks', 'run', 'deverlop_model', 'StartJob', 'scheduled__2024-01-01T00:35:00+00:00', '--job-id', '516', '--raw', '--subdir', 'DAGS_FOLDER/task.py', '--cfg-path', '/tmp/tmp183zx_i_']
[2024-02-14T04:00:40.187+0000] {standard_task_runner.py:88} INFO - Job 516: Subtask StartJob
[2024-02-14T04:00:40.272+0000] {task_command.py:423} INFO - Running <TaskInstance: deverlop_model.StartJob scheduled__2024-01-01T00:35:00+00:00 [running]> on host 6e2ff7d2ffd0
[2024-02-14T04:00:40.405+0000] {taskinstance.py:2480} INFO - Exporting env vars: AIRFLOW_CTX_DAG_OWNER='***' AIRFLOW_CTX_DAG_ID='deverlop_model' AIRFLOW_CTX_TASK_ID='StartJob' AIRFLOW_CTX_EXECUTION_DATE='2024-01-01T00:35:00+00:00' AIRFLOW_CTX_TRY_NUMBER='1' AIRFLOW_CTX_DAG_RUN_ID='scheduled__2024-01-01T00:35:00+00:00'
[2024-02-14T04:00:40.408+0000] {subprocess.py:63} INFO - Tmp dir root location: /tmp
[2024-02-14T04:00:40.410+0000] {subprocess.py:75} INFO - Running command: ['/usr/bin/bash', '-c', "\n            echo StartJob && \n            if [ ! -e '/opt/***/dags/data/2024-02-14' ]; then\n                mkdir /opt/***/dags/data/2024-02-14 \n            fi && \n            if [ ! -e '/opt/***/dags/data/2024-02-14/data' ]; then\n                mkdir /opt/***/dags/data/2024-02-14/data\n            fi && \n            if [ ! -e '/opt/***/dags/data/2024-02-14/model' ]; then\n                mkdir /opt/***/dags/data/2024-02-14/model\n            fi\n        "]
[2024-02-14T04:00:40.439+0000] {subprocess.py:86} INFO - Output:
[2024-02-14T04:00:40.440+0000] {subprocess.py:93} INFO - StartJob
[2024-02-14T04:00:40.446+0000] {subprocess.py:97} INFO - Command exited with return code 0
[2024-02-14T04:00:40.528+0000] {taskinstance.py:1138} INFO - Marking task as SUCCESS. dag_id=deverlop_model, task_id=StartJob, execution_date=20240101T003500, start_date=20240214T040040, end_date=20240214T040040
[2024-02-14T04:00:40.604+0000] {local_task_job_runner.py:234} INFO - Task exited with return code 0
[2024-02-14T04:00:40.654+0000] {taskinstance.py:3280} INFO - 1 downstream tasks scheduled from follow-on schedule check
