[2024-02-13T16:45:59.448+0000] {taskinstance.py:1956} INFO - Dependencies all met for dep_context=non-requeueable deps ti=<TaskInstance: deverlop_model.Start_job scheduled__2022-01-01T00:15:00+00:00 [queued]>
[2024-02-13T16:45:59.467+0000] {taskinstance.py:1956} INFO - Dependencies all met for dep_context=requeueable deps ti=<TaskInstance: deverlop_model.Start_job scheduled__2022-01-01T00:15:00+00:00 [queued]>
[2024-02-13T16:45:59.468+0000] {taskinstance.py:2170} INFO - Starting attempt 1 of 1
[2024-02-13T16:45:59.496+0000] {taskinstance.py:2191} INFO - Executing <Task(BashOperator): Start_job> on 2022-01-01 00:15:00+00:00
[2024-02-13T16:45:59.510+0000] {standard_task_runner.py:60} INFO - Started process 663 to run task
[2024-02-13T16:45:59.514+0000] {standard_task_runner.py:87} INFO - Running: ['***', 'tasks', 'run', 'deverlop_model', 'Start_job', 'scheduled__2022-01-01T00:15:00+00:00', '--job-id', '40', '--raw', '--subdir', 'DAGS_FOLDER/task.py', '--cfg-path', '/tmp/tmp3k828whs']
[2024-02-13T16:45:59.518+0000] {standard_task_runner.py:88} INFO - Job 40: Subtask Start_job
[2024-02-13T16:45:59.662+0000] {task_command.py:423} INFO - Running <TaskInstance: deverlop_model.Start_job scheduled__2022-01-01T00:15:00+00:00 [running]> on host a5e5e25b3882
[2024-02-13T16:45:59.837+0000] {taskinstance.py:2480} INFO - Exporting env vars: AIRFLOW_CTX_DAG_OWNER='rtn' AIRFLOW_CTX_DAG_ID='deverlop_model' AIRFLOW_CTX_TASK_ID='Start_job' AIRFLOW_CTX_EXECUTION_DATE='2022-01-01T00:15:00+00:00' AIRFLOW_CTX_TRY_NUMBER='1' AIRFLOW_CTX_DAG_RUN_ID='scheduled__2022-01-01T00:15:00+00:00'
[2024-02-13T16:45:59.842+0000] {subprocess.py:63} INFO - Tmp dir root location: /tmp
[2024-02-13T16:45:59.848+0000] {subprocess.py:75} INFO - Running command: ['/usr/bin/bash', '-c', 'echo START JOBS']
[2024-02-13T16:45:59.880+0000] {subprocess.py:86} INFO - Output:
[2024-02-13T16:45:59.882+0000] {subprocess.py:93} INFO - START JOBS
[2024-02-13T16:45:59.882+0000] {subprocess.py:97} INFO - Command exited with return code 0
[2024-02-13T16:45:59.936+0000] {taskinstance.py:1138} INFO - Marking task as SUCCESS. dag_id=deverlop_model, task_id=Start_job, execution_date=20220101T001500, start_date=20240213T164559, end_date=20240213T164559
[2024-02-13T16:45:59.987+0000] {local_task_job_runner.py:234} INFO - Task exited with return code 0
[2024-02-13T16:46:00.054+0000] {taskinstance.py:3280} INFO - 1 downstream tasks scheduled from follow-on schedule check
[2024-02-13T16:47:27.443+0000] {taskinstance.py:1956} INFO - Dependencies all met for dep_context=non-requeueable deps ti=<TaskInstance: deverlop_model.Start_job scheduled__2022-01-01T00:15:00+00:00 [queued]>
[2024-02-13T16:47:27.458+0000] {taskinstance.py:1956} INFO - Dependencies all met for dep_context=requeueable deps ti=<TaskInstance: deverlop_model.Start_job scheduled__2022-01-01T00:15:00+00:00 [queued]>
[2024-02-13T16:47:27.460+0000] {taskinstance.py:2170} INFO - Starting attempt 1 of 1
[2024-02-13T16:47:27.512+0000] {taskinstance.py:2191} INFO - Executing <Task(BashOperator): Start_job> on 2022-01-01 00:15:00+00:00
[2024-02-13T16:47:27.527+0000] {standard_task_runner.py:60} INFO - Started process 737 to run task
[2024-02-13T16:47:27.531+0000] {standard_task_runner.py:87} INFO - Running: ['***', 'tasks', 'run', 'deverlop_model', 'Start_job', 'scheduled__2022-01-01T00:15:00+00:00', '--job-id', '59', '--raw', '--subdir', 'DAGS_FOLDER/task.py', '--cfg-path', '/tmp/tmp0k90nd7h']
[2024-02-13T16:47:27.534+0000] {standard_task_runner.py:88} INFO - Job 59: Subtask Start_job
[2024-02-13T16:47:27.640+0000] {task_command.py:423} INFO - Running <TaskInstance: deverlop_model.Start_job scheduled__2022-01-01T00:15:00+00:00 [running]> on host a5e5e25b3882
[2024-02-13T16:47:27.839+0000] {taskinstance.py:2480} INFO - Exporting env vars: AIRFLOW_CTX_DAG_OWNER='rtn' AIRFLOW_CTX_DAG_ID='deverlop_model' AIRFLOW_CTX_TASK_ID='Start_job' AIRFLOW_CTX_EXECUTION_DATE='2022-01-01T00:15:00+00:00' AIRFLOW_CTX_TRY_NUMBER='1' AIRFLOW_CTX_DAG_RUN_ID='scheduled__2022-01-01T00:15:00+00:00'
[2024-02-13T16:47:27.884+0000] {subprocess.py:63} INFO - Tmp dir root location: /tmp
[2024-02-13T16:47:27.899+0000] {subprocess.py:75} INFO - Running command: ['/usr/bin/bash', '-c', 'echo START JOBS']
[2024-02-13T16:47:27.951+0000] {subprocess.py:86} INFO - Output:
[2024-02-13T16:47:27.952+0000] {subprocess.py:93} INFO - START JOBS
[2024-02-13T16:47:27.953+0000] {subprocess.py:97} INFO - Command exited with return code 0
[2024-02-13T16:47:27.999+0000] {taskinstance.py:1138} INFO - Marking task as SUCCESS. dag_id=deverlop_model, task_id=Start_job, execution_date=20220101T001500, start_date=20240213T164727, end_date=20240213T164727
[2024-02-13T16:47:28.051+0000] {local_task_job_runner.py:234} INFO - Task exited with return code 0
[2024-02-13T16:47:28.090+0000] {taskinstance.py:3280} INFO - 1 downstream tasks scheduled from follow-on schedule check
