[2024-02-13T16:45:55.403+0000] {taskinstance.py:1956} INFO - Dependencies all met for dep_context=non-requeueable deps ti=<TaskInstance: deverlop_model.Start_job scheduled__2022-01-01T00:55:00+00:00 [queued]>
[2024-02-13T16:45:55.458+0000] {taskinstance.py:1956} INFO - Dependencies all met for dep_context=requeueable deps ti=<TaskInstance: deverlop_model.Start_job scheduled__2022-01-01T00:55:00+00:00 [queued]>
[2024-02-13T16:45:55.463+0000] {taskinstance.py:2170} INFO - Starting attempt 1 of 1
[2024-02-13T16:45:56.088+0000] {taskinstance.py:2191} INFO - Executing <Task(BashOperator): Start_job> on 2022-01-01 00:55:00+00:00
[2024-02-13T16:45:56.122+0000] {standard_task_runner.py:60} INFO - Started process 634 to run task
[2024-02-13T16:45:56.128+0000] {standard_task_runner.py:87} INFO - Running: ['***', 'tasks', 'run', 'deverlop_model', 'Start_job', 'scheduled__2022-01-01T00:55:00+00:00', '--job-id', '33', '--raw', '--subdir', 'DAGS_FOLDER/task.py', '--cfg-path', '/tmp/tmpbwht30g5']
[2024-02-13T16:45:56.133+0000] {standard_task_runner.py:88} INFO - Job 33: Subtask Start_job
[2024-02-13T16:45:57.883+0000] {task_command.py:423} INFO - Running <TaskInstance: deverlop_model.Start_job scheduled__2022-01-01T00:55:00+00:00 [running]> on host a5e5e25b3882
[2024-02-13T16:45:58.030+0000] {taskinstance.py:2480} INFO - Exporting env vars: AIRFLOW_CTX_DAG_OWNER='rtn' AIRFLOW_CTX_DAG_ID='deverlop_model' AIRFLOW_CTX_TASK_ID='Start_job' AIRFLOW_CTX_EXECUTION_DATE='2022-01-01T00:55:00+00:00' AIRFLOW_CTX_TRY_NUMBER='1' AIRFLOW_CTX_DAG_RUN_ID='scheduled__2022-01-01T00:55:00+00:00'
[2024-02-13T16:45:58.036+0000] {subprocess.py:63} INFO - Tmp dir root location: /tmp
[2024-02-13T16:45:58.038+0000] {subprocess.py:75} INFO - Running command: ['/usr/bin/bash', '-c', 'echo START JOBS']
[2024-02-13T16:45:58.070+0000] {subprocess.py:86} INFO - Output:
[2024-02-13T16:45:58.072+0000] {subprocess.py:93} INFO - START JOBS
[2024-02-13T16:45:58.073+0000] {subprocess.py:97} INFO - Command exited with return code 0
[2024-02-13T16:45:58.110+0000] {taskinstance.py:1138} INFO - Marking task as SUCCESS. dag_id=deverlop_model, task_id=Start_job, execution_date=20220101T005500, start_date=20240213T164555, end_date=20240213T164558
[2024-02-13T16:45:58.164+0000] {local_task_job_runner.py:234} INFO - Task exited with return code 0
[2024-02-13T16:45:58.308+0000] {taskinstance.py:3280} INFO - 1 downstream tasks scheduled from follow-on schedule check
[2024-02-13T16:47:29.716+0000] {taskinstance.py:1956} INFO - Dependencies all met for dep_context=non-requeueable deps ti=<TaskInstance: deverlop_model.Start_job scheduled__2022-01-01T00:55:00+00:00 [queued]>
[2024-02-13T16:47:29.740+0000] {taskinstance.py:1956} INFO - Dependencies all met for dep_context=requeueable deps ti=<TaskInstance: deverlop_model.Start_job scheduled__2022-01-01T00:55:00+00:00 [queued]>
[2024-02-13T16:47:29.741+0000] {taskinstance.py:2170} INFO - Starting attempt 1 of 1
[2024-02-13T16:47:29.780+0000] {taskinstance.py:2191} INFO - Executing <Task(BashOperator): Start_job> on 2022-01-01 00:55:00+00:00
[2024-02-13T16:47:29.792+0000] {standard_task_runner.py:60} INFO - Started process 778 to run task
[2024-02-13T16:47:29.797+0000] {standard_task_runner.py:87} INFO - Running: ['***', 'tasks', 'run', 'deverlop_model', 'Start_job', 'scheduled__2022-01-01T00:55:00+00:00', '--job-id', '67', '--raw', '--subdir', 'DAGS_FOLDER/task.py', '--cfg-path', '/tmp/tmpbwhg85_9']
[2024-02-13T16:47:29.801+0000] {standard_task_runner.py:88} INFO - Job 67: Subtask Start_job
[2024-02-13T16:47:29.903+0000] {task_command.py:423} INFO - Running <TaskInstance: deverlop_model.Start_job scheduled__2022-01-01T00:55:00+00:00 [running]> on host a5e5e25b3882
[2024-02-13T16:47:30.014+0000] {taskinstance.py:2480} INFO - Exporting env vars: AIRFLOW_CTX_DAG_OWNER='rtn' AIRFLOW_CTX_DAG_ID='deverlop_model' AIRFLOW_CTX_TASK_ID='Start_job' AIRFLOW_CTX_EXECUTION_DATE='2022-01-01T00:55:00+00:00' AIRFLOW_CTX_TRY_NUMBER='1' AIRFLOW_CTX_DAG_RUN_ID='scheduled__2022-01-01T00:55:00+00:00'
[2024-02-13T16:47:30.019+0000] {subprocess.py:63} INFO - Tmp dir root location: /tmp
[2024-02-13T16:47:30.020+0000] {subprocess.py:75} INFO - Running command: ['/usr/bin/bash', '-c', 'echo START JOBS']
[2024-02-13T16:47:30.049+0000] {subprocess.py:86} INFO - Output:
[2024-02-13T16:47:30.051+0000] {subprocess.py:93} INFO - START JOBS
[2024-02-13T16:47:30.052+0000] {subprocess.py:97} INFO - Command exited with return code 0
[2024-02-13T16:47:30.091+0000] {taskinstance.py:1138} INFO - Marking task as SUCCESS. dag_id=deverlop_model, task_id=Start_job, execution_date=20220101T005500, start_date=20240213T164729, end_date=20240213T164730
[2024-02-13T16:47:30.137+0000] {local_task_job_runner.py:234} INFO - Task exited with return code 0
[2024-02-13T16:47:30.180+0000] {taskinstance.py:3280} INFO - 1 downstream tasks scheduled from follow-on schedule check
