[2024-02-14T03:32:53.138+0000] {taskinstance.py:1956} INFO - Dependencies all met for dep_context=non-requeueable deps ti=<TaskInstance: deverlop_model.StartJob scheduled__2024-02-01T00:40:00+00:00 [queued]>
[2024-02-14T03:32:53.179+0000] {taskinstance.py:1956} INFO - Dependencies all met for dep_context=requeueable deps ti=<TaskInstance: deverlop_model.StartJob scheduled__2024-02-01T00:40:00+00:00 [queued]>
[2024-02-14T03:32:53.180+0000] {taskinstance.py:2170} INFO - Starting attempt 1 of 1
[2024-02-14T03:32:53.222+0000] {taskinstance.py:2191} INFO - Executing <Task(BashOperator): StartJob> on 2024-02-01 00:40:00+00:00
[2024-02-14T03:32:53.239+0000] {standard_task_runner.py:60} INFO - Started process 2346 to run task
[2024-02-14T03:32:53.260+0000] {standard_task_runner.py:87} INFO - Running: ['***', 'tasks', 'run', 'deverlop_model', 'StartJob', 'scheduled__2024-02-01T00:40:00+00:00', '--job-id', '212', '--raw', '--subdir', 'DAGS_FOLDER/task.py', '--cfg-path', '/tmp/tmpnpi888oy']
[2024-02-14T03:32:53.278+0000] {standard_task_runner.py:88} INFO - Job 212: Subtask StartJob
[2024-02-14T03:32:53.469+0000] {task_command.py:423} INFO - Running <TaskInstance: deverlop_model.StartJob scheduled__2024-02-01T00:40:00+00:00 [running]> on host 6e2ff7d2ffd0
[2024-02-14T03:32:53.682+0000] {taskinstance.py:2480} INFO - Exporting env vars: AIRFLOW_CTX_DAG_OWNER='rtn' AIRFLOW_CTX_DAG_ID='deverlop_model' AIRFLOW_CTX_TASK_ID='StartJob' AIRFLOW_CTX_EXECUTION_DATE='2024-02-01T00:40:00+00:00' AIRFLOW_CTX_TRY_NUMBER='1' AIRFLOW_CTX_DAG_RUN_ID='scheduled__2024-02-01T00:40:00+00:00'
[2024-02-14T03:32:53.691+0000] {subprocess.py:63} INFO - Tmp dir root location: /tmp
[2024-02-14T03:32:53.693+0000] {subprocess.py:75} INFO - Running command: ['/usr/bin/bash', '-c', "\n            echo StartJob && \n            if [ ! -e '/opt/***/dags/data/2024-02-14' ]; then\n                mkdir /opt/***/dags/data/2024-02-14 \n            fi && \n            if [ ! -e '/opt/***/dags/data/2024-02-14/data' ]; then\n                mkdir /opt/***/dags/data/2024-02-14/data\n            fi && \n            if [ ! -e '/opt/***/dags/data/2024-02-14/model' ]; then\n                mkdir /opt/***/dags/data/2024-02-14/model\n            fi\n        "]
[2024-02-14T03:32:53.752+0000] {subprocess.py:86} INFO - Output:
[2024-02-14T03:32:53.757+0000] {subprocess.py:93} INFO - StartJob
[2024-02-14T03:32:53.782+0000] {subprocess.py:97} INFO - Command exited with return code 0
[2024-02-14T03:32:53.855+0000] {taskinstance.py:1138} INFO - Marking task as SUCCESS. dag_id=deverlop_model, task_id=StartJob, execution_date=20240201T004000, start_date=20240214T033253, end_date=20240214T033253
[2024-02-14T03:32:53.937+0000] {local_task_job_runner.py:234} INFO - Task exited with return code 0
[2024-02-14T03:32:54.029+0000] {taskinstance.py:3280} INFO - 1 downstream tasks scheduled from follow-on schedule check
[2024-02-14T03:34:21.282+0000] {taskinstance.py:1956} INFO - Dependencies all met for dep_context=non-requeueable deps ti=<TaskInstance: deverlop_model.StartJob scheduled__2024-02-01T00:40:00+00:00 [queued]>
[2024-02-14T03:34:21.301+0000] {taskinstance.py:1956} INFO - Dependencies all met for dep_context=requeueable deps ti=<TaskInstance: deverlop_model.StartJob scheduled__2024-02-01T00:40:00+00:00 [queued]>
[2024-02-14T03:34:21.302+0000] {taskinstance.py:2170} INFO - Starting attempt 1 of 1
[2024-02-14T03:34:21.325+0000] {taskinstance.py:2191} INFO - Executing <Task(BashOperator): StartJob> on 2024-02-01 00:40:00+00:00
[2024-02-14T03:34:21.336+0000] {standard_task_runner.py:60} INFO - Started process 2443 to run task
[2024-02-14T03:34:21.341+0000] {standard_task_runner.py:87} INFO - Running: ['***', 'tasks', 'run', 'deverlop_model', 'StartJob', 'scheduled__2024-02-01T00:40:00+00:00', '--job-id', '232', '--raw', '--subdir', 'DAGS_FOLDER/task.py', '--cfg-path', '/tmp/tmp1wwrqf4v']
[2024-02-14T03:34:21.345+0000] {standard_task_runner.py:88} INFO - Job 232: Subtask StartJob
[2024-02-14T03:34:21.444+0000] {task_command.py:423} INFO - Running <TaskInstance: deverlop_model.StartJob scheduled__2024-02-01T00:40:00+00:00 [running]> on host 6e2ff7d2ffd0
[2024-02-14T03:34:21.612+0000] {taskinstance.py:2480} INFO - Exporting env vars: AIRFLOW_CTX_DAG_OWNER='rtn' AIRFLOW_CTX_DAG_ID='deverlop_model' AIRFLOW_CTX_TASK_ID='StartJob' AIRFLOW_CTX_EXECUTION_DATE='2024-02-01T00:40:00+00:00' AIRFLOW_CTX_TRY_NUMBER='1' AIRFLOW_CTX_DAG_RUN_ID='scheduled__2024-02-01T00:40:00+00:00'
[2024-02-14T03:34:21.622+0000] {subprocess.py:63} INFO - Tmp dir root location: /tmp
[2024-02-14T03:34:21.643+0000] {subprocess.py:75} INFO - Running command: ['/usr/bin/bash', '-c', "\n            echo StartJob && \n            if [ ! -e '/opt/***/dags/data/2024-02-14' ]; then\n                mkdir /opt/***/dags/data/2024-02-14 \n            fi && \n            if [ ! -e '/opt/***/dags/data/2024-02-14/data' ]; then\n                mkdir /opt/***/dags/data/2024-02-14/data\n            fi && \n            if [ ! -e '/opt/***/dags/data/2024-02-14/model' ]; then\n                mkdir /opt/***/dags/data/2024-02-14/model\n            fi\n        "]
[2024-02-14T03:34:21.693+0000] {subprocess.py:86} INFO - Output:
[2024-02-14T03:34:21.694+0000] {subprocess.py:93} INFO - StartJob
[2024-02-14T03:34:21.699+0000] {subprocess.py:97} INFO - Command exited with return code 0
[2024-02-14T03:34:21.831+0000] {taskinstance.py:1138} INFO - Marking task as SUCCESS. dag_id=deverlop_model, task_id=StartJob, execution_date=20240201T004000, start_date=20240214T033421, end_date=20240214T033421
[2024-02-14T03:34:21.914+0000] {local_task_job_runner.py:234} INFO - Task exited with return code 0
[2024-02-14T03:34:22.213+0000] {taskinstance.py:3280} INFO - 0 downstream tasks scheduled from follow-on schedule check
[2024-02-14T03:37:59.748+0000] {taskinstance.py:1956} INFO - Dependencies all met for dep_context=non-requeueable deps ti=<TaskInstance: deverlop_model.StartJob scheduled__2024-02-01T00:40:00+00:00 [queued]>
[2024-02-14T03:37:59.791+0000] {taskinstance.py:1956} INFO - Dependencies all met for dep_context=requeueable deps ti=<TaskInstance: deverlop_model.StartJob scheduled__2024-02-01T00:40:00+00:00 [queued]>
[2024-02-14T03:37:59.792+0000] {taskinstance.py:2170} INFO - Starting attempt 1 of 1
[2024-02-14T03:37:59.830+0000] {taskinstance.py:2191} INFO - Executing <Task(BashOperator): StartJob> on 2024-02-01 00:40:00+00:00
[2024-02-14T03:37:59.844+0000] {standard_task_runner.py:60} INFO - Started process 2771 to run task
[2024-02-14T03:37:59.852+0000] {standard_task_runner.py:87} INFO - Running: ['***', 'tasks', 'run', 'deverlop_model', 'StartJob', 'scheduled__2024-02-01T00:40:00+00:00', '--job-id', '309', '--raw', '--subdir', 'DAGS_FOLDER/task.py', '--cfg-path', '/tmp/tmp2ji1rlny']
[2024-02-14T03:37:59.859+0000] {standard_task_runner.py:88} INFO - Job 309: Subtask StartJob
[2024-02-14T03:37:59.989+0000] {task_command.py:423} INFO - Running <TaskInstance: deverlop_model.StartJob scheduled__2024-02-01T00:40:00+00:00 [running]> on host 6e2ff7d2ffd0
[2024-02-14T03:38:00.137+0000] {taskinstance.py:2480} INFO - Exporting env vars: AIRFLOW_CTX_DAG_OWNER='rtn' AIRFLOW_CTX_DAG_ID='deverlop_model' AIRFLOW_CTX_TASK_ID='StartJob' AIRFLOW_CTX_EXECUTION_DATE='2024-02-01T00:40:00+00:00' AIRFLOW_CTX_TRY_NUMBER='1' AIRFLOW_CTX_DAG_RUN_ID='scheduled__2024-02-01T00:40:00+00:00'
[2024-02-14T03:38:00.143+0000] {subprocess.py:63} INFO - Tmp dir root location: /tmp
[2024-02-14T03:38:00.146+0000] {subprocess.py:75} INFO - Running command: ['/usr/bin/bash', '-c', "\n            echo StartJob && \n            if [ ! -e '/opt/***/dags/data/2024-02-14' ]; then\n                mkdir /opt/***/dags/data/2024-02-14 \n            fi && \n            if [ ! -e '/opt/***/dags/data/2024-02-14/data' ]; then\n                mkdir /opt/***/dags/data/2024-02-14/data\n            fi && \n            if [ ! -e '/opt/***/dags/data/2024-02-14/model' ]; then\n                mkdir /opt/***/dags/data/2024-02-14/model\n            fi\n        "]
[2024-02-14T03:38:00.189+0000] {subprocess.py:86} INFO - Output:
[2024-02-14T03:38:00.191+0000] {subprocess.py:93} INFO - StartJob
[2024-02-14T03:38:00.230+0000] {subprocess.py:97} INFO - Command exited with return code 0
[2024-02-14T03:38:00.314+0000] {taskinstance.py:1138} INFO - Marking task as SUCCESS. dag_id=deverlop_model, task_id=StartJob, execution_date=20240201T004000, start_date=20240214T033759, end_date=20240214T033800
[2024-02-14T03:38:00.396+0000] {local_task_job_runner.py:234} INFO - Task exited with return code 0
[2024-02-14T03:38:00.472+0000] {taskinstance.py:3280} INFO - 1 downstream tasks scheduled from follow-on schedule check
[2024-02-14T03:39:25.060+0000] {taskinstance.py:1956} INFO - Dependencies all met for dep_context=non-requeueable deps ti=<TaskInstance: deverlop_model.StartJob scheduled__2024-02-01T00:40:00+00:00 [queued]>
[2024-02-14T03:39:25.092+0000] {taskinstance.py:1956} INFO - Dependencies all met for dep_context=requeueable deps ti=<TaskInstance: deverlop_model.StartJob scheduled__2024-02-01T00:40:00+00:00 [queued]>
[2024-02-14T03:39:25.093+0000] {taskinstance.py:2170} INFO - Starting attempt 1 of 1
[2024-02-14T03:39:25.149+0000] {taskinstance.py:2191} INFO - Executing <Task(BashOperator): StartJob> on 2024-02-01 00:40:00+00:00
[2024-02-14T03:39:25.173+0000] {standard_task_runner.py:60} INFO - Started process 2975 to run task
[2024-02-14T03:39:25.185+0000] {standard_task_runner.py:87} INFO - Running: ['***', 'tasks', 'run', 'deverlop_model', 'StartJob', 'scheduled__2024-02-01T00:40:00+00:00', '--job-id', '362', '--raw', '--subdir', 'DAGS_FOLDER/task.py', '--cfg-path', '/tmp/tmpm1kqbhkx']
[2024-02-14T03:39:25.188+0000] {standard_task_runner.py:88} INFO - Job 362: Subtask StartJob
[2024-02-14T03:39:25.310+0000] {task_command.py:423} INFO - Running <TaskInstance: deverlop_model.StartJob scheduled__2024-02-01T00:40:00+00:00 [running]> on host 6e2ff7d2ffd0
[2024-02-14T03:39:25.430+0000] {taskinstance.py:2480} INFO - Exporting env vars: AIRFLOW_CTX_DAG_OWNER='rtn' AIRFLOW_CTX_DAG_ID='deverlop_model' AIRFLOW_CTX_TASK_ID='StartJob' AIRFLOW_CTX_EXECUTION_DATE='2024-02-01T00:40:00+00:00' AIRFLOW_CTX_TRY_NUMBER='1' AIRFLOW_CTX_DAG_RUN_ID='scheduled__2024-02-01T00:40:00+00:00'
[2024-02-14T03:39:25.438+0000] {subprocess.py:63} INFO - Tmp dir root location: /tmp
[2024-02-14T03:39:25.439+0000] {subprocess.py:75} INFO - Running command: ['/usr/bin/bash', '-c', "\n            echo StartJob && \n            if [ ! -e '/opt/***/dags/data/2024-02-14' ]; then\n                mkdir /opt/***/dags/data/2024-02-14 \n            fi && \n            if [ ! -e '/opt/***/dags/data/2024-02-14/data' ]; then\n                mkdir /opt/***/dags/data/2024-02-14/data\n            fi && \n            if [ ! -e '/opt/***/dags/data/2024-02-14/model' ]; then\n                mkdir /opt/***/dags/data/2024-02-14/model\n            fi\n        "]
[2024-02-14T03:39:25.461+0000] {subprocess.py:86} INFO - Output:
[2024-02-14T03:39:25.463+0000] {subprocess.py:93} INFO - StartJob
[2024-02-14T03:39:25.468+0000] {subprocess.py:97} INFO - Command exited with return code 0
[2024-02-14T03:39:25.501+0000] {taskinstance.py:1138} INFO - Marking task as SUCCESS. dag_id=deverlop_model, task_id=StartJob, execution_date=20240201T004000, start_date=20240214T033925, end_date=20240214T033925
[2024-02-14T03:39:25.556+0000] {local_task_job_runner.py:234} INFO - Task exited with return code 0
[2024-02-14T03:39:25.871+0000] {taskinstance.py:3280} INFO - 1 downstream tasks scheduled from follow-on schedule check
[2024-02-14T04:09:31.532+0000] {taskinstance.py:1956} INFO - Dependencies all met for dep_context=non-requeueable deps ti=<TaskInstance: deverlop_model.StartJob scheduled__2024-02-01T00:40:00+00:00 [queued]>
[2024-02-14T04:09:31.550+0000] {taskinstance.py:1956} INFO - Dependencies all met for dep_context=requeueable deps ti=<TaskInstance: deverlop_model.StartJob scheduled__2024-02-01T00:40:00+00:00 [queued]>
[2024-02-14T04:09:31.553+0000] {taskinstance.py:2170} INFO - Starting attempt 1 of 1
[2024-02-14T04:09:31.577+0000] {taskinstance.py:2191} INFO - Executing <Task(BashOperator): StartJob> on 2024-02-01 00:40:00+00:00
[2024-02-14T04:09:31.589+0000] {standard_task_runner.py:60} INFO - Started process 4071 to run task
[2024-02-14T04:09:31.594+0000] {standard_task_runner.py:87} INFO - Running: ['***', 'tasks', 'run', 'deverlop_model', 'StartJob', 'scheduled__2024-02-01T00:40:00+00:00', '--job-id', '542', '--raw', '--subdir', 'DAGS_FOLDER/task.py', '--cfg-path', '/tmp/tmp0uswdng1']
[2024-02-14T04:09:31.597+0000] {standard_task_runner.py:88} INFO - Job 542: Subtask StartJob
[2024-02-14T04:09:31.682+0000] {task_command.py:423} INFO - Running <TaskInstance: deverlop_model.StartJob scheduled__2024-02-01T00:40:00+00:00 [running]> on host 6e2ff7d2ffd0
[2024-02-14T04:09:31.801+0000] {taskinstance.py:2480} INFO - Exporting env vars: AIRFLOW_CTX_DAG_OWNER='rtn' AIRFLOW_CTX_DAG_ID='deverlop_model' AIRFLOW_CTX_TASK_ID='StartJob' AIRFLOW_CTX_EXECUTION_DATE='2024-02-01T00:40:00+00:00' AIRFLOW_CTX_TRY_NUMBER='1' AIRFLOW_CTX_DAG_RUN_ID='scheduled__2024-02-01T00:40:00+00:00'
[2024-02-14T04:09:31.805+0000] {subprocess.py:63} INFO - Tmp dir root location: /tmp
[2024-02-14T04:09:31.808+0000] {subprocess.py:75} INFO - Running command: ['/usr/bin/bash', '-c', "\n            echo StartJob && \n            if [ ! -e '/opt/***/dags/data/2024-02-14' ]; then\n                mkdir /opt/***/dags/data/2024-02-14 \n            fi && \n            if [ ! -e '/opt/***/dags/data/2024-02-14/data' ]; then\n                mkdir /opt/***/dags/data/2024-02-14/data\n            fi && \n            if [ ! -e '/opt/***/dags/data/2024-02-14/model' ]; then\n                mkdir /opt/***/dags/data/2024-02-14/model\n            fi\n        "]
[2024-02-14T04:09:31.834+0000] {subprocess.py:86} INFO - Output:
[2024-02-14T04:09:31.836+0000] {subprocess.py:93} INFO - StartJob
[2024-02-14T04:09:31.842+0000] {subprocess.py:97} INFO - Command exited with return code 0
[2024-02-14T04:09:31.879+0000] {taskinstance.py:1138} INFO - Marking task as SUCCESS. dag_id=deverlop_model, task_id=StartJob, execution_date=20240201T004000, start_date=20240214T040931, end_date=20240214T040931
[2024-02-14T04:09:31.933+0000] {local_task_job_runner.py:234} INFO - Task exited with return code 0
[2024-02-14T04:09:31.972+0000] {taskinstance.py:3280} INFO - 1 downstream tasks scheduled from follow-on schedule check
[2024-02-14T04:14:28.769+0000] {taskinstance.py:1956} INFO - Dependencies all met for dep_context=non-requeueable deps ti=<TaskInstance: deverlop_model.StartJob scheduled__2024-02-01T00:40:00+00:00 [queued]>
[2024-02-14T04:14:28.779+0000] {taskinstance.py:1956} INFO - Dependencies all met for dep_context=requeueable deps ti=<TaskInstance: deverlop_model.StartJob scheduled__2024-02-01T00:40:00+00:00 [queued]>
[2024-02-14T04:14:28.780+0000] {taskinstance.py:2170} INFO - Starting attempt 1 of 1
[2024-02-14T04:14:28.795+0000] {taskinstance.py:2191} INFO - Executing <Task(BashOperator): StartJob> on 2024-02-01 00:40:00+00:00
[2024-02-14T04:14:28.805+0000] {standard_task_runner.py:60} INFO - Started process 4235 to run task
[2024-02-14T04:14:28.808+0000] {standard_task_runner.py:87} INFO - Running: ['***', 'tasks', 'run', 'deverlop_model', 'StartJob', 'scheduled__2024-02-01T00:40:00+00:00', '--job-id', '570', '--raw', '--subdir', 'DAGS_FOLDER/task.py', '--cfg-path', '/tmp/tmpfaab2732']
[2024-02-14T04:14:28.810+0000] {standard_task_runner.py:88} INFO - Job 570: Subtask StartJob
[2024-02-14T04:14:28.868+0000] {task_command.py:423} INFO - Running <TaskInstance: deverlop_model.StartJob scheduled__2024-02-01T00:40:00+00:00 [running]> on host 6e2ff7d2ffd0
[2024-02-14T04:14:28.958+0000] {taskinstance.py:2480} INFO - Exporting env vars: AIRFLOW_CTX_DAG_OWNER='rtn' AIRFLOW_CTX_DAG_ID='deverlop_model' AIRFLOW_CTX_TASK_ID='StartJob' AIRFLOW_CTX_EXECUTION_DATE='2024-02-01T00:40:00+00:00' AIRFLOW_CTX_TRY_NUMBER='1' AIRFLOW_CTX_DAG_RUN_ID='scheduled__2024-02-01T00:40:00+00:00'
[2024-02-14T04:14:28.961+0000] {subprocess.py:63} INFO - Tmp dir root location: /tmp
[2024-02-14T04:14:28.962+0000] {subprocess.py:75} INFO - Running command: ['/usr/bin/bash', '-c', "\n            echo StartJob && \n            if [ ! -e '/opt/***/dags/data/2024-02-14' ]; then\n                mkdir /opt/***/dags/data/2024-02-14 \n            fi && \n            if [ ! -e '/opt/***/dags/data/2024-02-14/data' ]; then\n                mkdir /opt/***/dags/data/2024-02-14/data\n            fi && \n            if [ ! -e '/opt/***/dags/data/2024-02-14/model' ]; then\n                mkdir /opt/***/dags/data/2024-02-14/model\n            fi\n        "]
[2024-02-14T04:14:28.983+0000] {subprocess.py:86} INFO - Output:
[2024-02-14T04:14:28.984+0000] {subprocess.py:93} INFO - StartJob
[2024-02-14T04:14:28.988+0000] {subprocess.py:97} INFO - Command exited with return code 0
[2024-02-14T04:14:29.026+0000] {taskinstance.py:1138} INFO - Marking task as SUCCESS. dag_id=deverlop_model, task_id=StartJob, execution_date=20240201T004000, start_date=20240214T041428, end_date=20240214T041429
[2024-02-14T04:14:29.061+0000] {local_task_job_runner.py:234} INFO - Task exited with return code 0
[2024-02-14T04:14:29.093+0000] {taskinstance.py:3280} INFO - 1 downstream tasks scheduled from follow-on schedule check
