[2024-02-13T16:45:59.814+0000] {taskinstance.py:1956} INFO - Dependencies all met for dep_context=non-requeueable deps ti=<TaskInstance: deverlop_model.Start_job scheduled__2022-01-01T00:25:00+00:00 [queued]>
[2024-02-13T16:45:59.834+0000] {taskinstance.py:1956} INFO - Dependencies all met for dep_context=requeueable deps ti=<TaskInstance: deverlop_model.Start_job scheduled__2022-01-01T00:25:00+00:00 [queued]>
[2024-02-13T16:45:59.835+0000] {taskinstance.py:2170} INFO - Starting attempt 1 of 1
[2024-02-13T16:45:59.888+0000] {taskinstance.py:2191} INFO - Executing <Task(BashOperator): Start_job> on 2022-01-01 00:25:00+00:00
[2024-02-13T16:45:59.907+0000] {standard_task_runner.py:60} INFO - Started process 668 to run task
[2024-02-13T16:45:59.913+0000] {standard_task_runner.py:87} INFO - Running: ['***', 'tasks', 'run', 'deverlop_model', 'Start_job', 'scheduled__2022-01-01T00:25:00+00:00', '--job-id', '42', '--raw', '--subdir', 'DAGS_FOLDER/task.py', '--cfg-path', '/tmp/tmp8g1ej14f']
[2024-02-13T16:45:59.919+0000] {standard_task_runner.py:88} INFO - Job 42: Subtask Start_job
[2024-02-13T16:46:00.038+0000] {task_command.py:423} INFO - Running <TaskInstance: deverlop_model.Start_job scheduled__2022-01-01T00:25:00+00:00 [running]> on host a5e5e25b3882
[2024-02-13T16:46:00.208+0000] {taskinstance.py:2480} INFO - Exporting env vars: AIRFLOW_CTX_DAG_OWNER='rtn' AIRFLOW_CTX_DAG_ID='deverlop_model' AIRFLOW_CTX_TASK_ID='Start_job' AIRFLOW_CTX_EXECUTION_DATE='2022-01-01T00:25:00+00:00' AIRFLOW_CTX_TRY_NUMBER='1' AIRFLOW_CTX_DAG_RUN_ID='scheduled__2022-01-01T00:25:00+00:00'
[2024-02-13T16:46:00.212+0000] {subprocess.py:63} INFO - Tmp dir root location: /tmp
[2024-02-13T16:46:00.217+0000] {subprocess.py:75} INFO - Running command: ['/usr/bin/bash', '-c', 'echo START JOBS']
[2024-02-13T16:46:00.255+0000] {subprocess.py:86} INFO - Output:
[2024-02-13T16:46:00.257+0000] {subprocess.py:93} INFO - START JOBS
[2024-02-13T16:46:00.259+0000] {subprocess.py:97} INFO - Command exited with return code 0
[2024-02-13T16:46:00.310+0000] {taskinstance.py:1138} INFO - Marking task as SUCCESS. dag_id=deverlop_model, task_id=Start_job, execution_date=20220101T002500, start_date=20240213T164559, end_date=20240213T164600
[2024-02-13T16:46:00.394+0000] {local_task_job_runner.py:234} INFO - Task exited with return code 0
[2024-02-13T16:46:00.449+0000] {taskinstance.py:3280} INFO - 1 downstream tasks scheduled from follow-on schedule check
[2024-02-13T16:47:28.601+0000] {taskinstance.py:1956} INFO - Dependencies all met for dep_context=non-requeueable deps ti=<TaskInstance: deverlop_model.Start_job scheduled__2022-01-01T00:25:00+00:00 [queued]>
[2024-02-13T16:47:28.614+0000] {taskinstance.py:1956} INFO - Dependencies all met for dep_context=requeueable deps ti=<TaskInstance: deverlop_model.Start_job scheduled__2022-01-01T00:25:00+00:00 [queued]>
[2024-02-13T16:47:28.615+0000] {taskinstance.py:2170} INFO - Starting attempt 1 of 1
[2024-02-13T16:47:28.656+0000] {taskinstance.py:2191} INFO - Executing <Task(BashOperator): Start_job> on 2022-01-01 00:25:00+00:00
[2024-02-13T16:47:28.674+0000] {standard_task_runner.py:60} INFO - Started process 757 to run task
[2024-02-13T16:47:28.679+0000] {standard_task_runner.py:87} INFO - Running: ['***', 'tasks', 'run', 'deverlop_model', 'Start_job', 'scheduled__2022-01-01T00:25:00+00:00', '--job-id', '63', '--raw', '--subdir', 'DAGS_FOLDER/task.py', '--cfg-path', '/tmp/tmpxrm2v6eh']
[2024-02-13T16:47:28.684+0000] {standard_task_runner.py:88} INFO - Job 63: Subtask Start_job
[2024-02-13T16:47:28.763+0000] {task_command.py:423} INFO - Running <TaskInstance: deverlop_model.Start_job scheduled__2022-01-01T00:25:00+00:00 [running]> on host a5e5e25b3882
[2024-02-13T16:47:28.880+0000] {taskinstance.py:2480} INFO - Exporting env vars: AIRFLOW_CTX_DAG_OWNER='rtn' AIRFLOW_CTX_DAG_ID='deverlop_model' AIRFLOW_CTX_TASK_ID='Start_job' AIRFLOW_CTX_EXECUTION_DATE='2022-01-01T00:25:00+00:00' AIRFLOW_CTX_TRY_NUMBER='1' AIRFLOW_CTX_DAG_RUN_ID='scheduled__2022-01-01T00:25:00+00:00'
[2024-02-13T16:47:28.886+0000] {subprocess.py:63} INFO - Tmp dir root location: /tmp
[2024-02-13T16:47:28.887+0000] {subprocess.py:75} INFO - Running command: ['/usr/bin/bash', '-c', 'echo START JOBS']
[2024-02-13T16:47:28.908+0000] {subprocess.py:86} INFO - Output:
[2024-02-13T16:47:28.910+0000] {subprocess.py:93} INFO - START JOBS
[2024-02-13T16:47:28.912+0000] {subprocess.py:97} INFO - Command exited with return code 0
[2024-02-13T16:47:28.984+0000] {taskinstance.py:1138} INFO - Marking task as SUCCESS. dag_id=deverlop_model, task_id=Start_job, execution_date=20220101T002500, start_date=20240213T164728, end_date=20240213T164728
[2024-02-13T16:47:29.099+0000] {local_task_job_runner.py:234} INFO - Task exited with return code 0
[2024-02-13T16:47:29.138+0000] {taskinstance.py:3280} INFO - 1 downstream tasks scheduled from follow-on schedule check
