[2024-02-14T03:34:41.464+0000] {taskinstance.py:1956} INFO - Dependencies all met for dep_context=non-requeueable deps ti=<TaskInstance: deverlop_model.StartJob scheduled__2024-02-01T02:25:00+00:00 [queued]>
[2024-02-14T03:34:41.490+0000] {taskinstance.py:1956} INFO - Dependencies all met for dep_context=requeueable deps ti=<TaskInstance: deverlop_model.StartJob scheduled__2024-02-01T02:25:00+00:00 [queued]>
[2024-02-14T03:34:41.491+0000] {taskinstance.py:2170} INFO - Starting attempt 1 of 1
[2024-02-14T03:34:41.553+0000] {taskinstance.py:2191} INFO - Executing <Task(BashOperator): StartJob> on 2024-02-01 02:25:00+00:00
[2024-02-14T03:34:41.593+0000] {standard_task_runner.py:60} INFO - Started process 2598 to run task
[2024-02-14T03:34:41.623+0000] {standard_task_runner.py:87} INFO - Running: ['***', 'tasks', 'run', 'deverlop_model', 'StartJob', 'scheduled__2024-02-01T02:25:00+00:00', '--job-id', '276', '--raw', '--subdir', 'DAGS_FOLDER/task.py', '--cfg-path', '/tmp/tmpyc203z__']
[2024-02-14T03:34:41.633+0000] {standard_task_runner.py:88} INFO - Job 276: Subtask StartJob
[2024-02-14T03:34:41.821+0000] {task_command.py:423} INFO - Running <TaskInstance: deverlop_model.StartJob scheduled__2024-02-01T02:25:00+00:00 [running]> on host 6e2ff7d2ffd0
[2024-02-14T03:34:42.050+0000] {taskinstance.py:2480} INFO - Exporting env vars: AIRFLOW_CTX_DAG_OWNER='rtn' AIRFLOW_CTX_DAG_ID='deverlop_model' AIRFLOW_CTX_TASK_ID='StartJob' AIRFLOW_CTX_EXECUTION_DATE='2024-02-01T02:25:00+00:00' AIRFLOW_CTX_TRY_NUMBER='1' AIRFLOW_CTX_DAG_RUN_ID='scheduled__2024-02-01T02:25:00+00:00'
[2024-02-14T03:34:42.055+0000] {subprocess.py:63} INFO - Tmp dir root location: /tmp
[2024-02-14T03:34:42.065+0000] {subprocess.py:75} INFO - Running command: ['/usr/bin/bash', '-c', "\n            echo StartJob && \n            if [ ! -e '/opt/***/dags/data/2024-02-14' ]; then\n                mkdir /opt/***/dags/data/2024-02-14 \n            fi && \n            if [ ! -e '/opt/***/dags/data/2024-02-14/data' ]; then\n                mkdir /opt/***/dags/data/2024-02-14/data\n            fi && \n            if [ ! -e '/opt/***/dags/data/2024-02-14/model' ]; then\n                mkdir /opt/***/dags/data/2024-02-14/model\n            fi\n        "]
[2024-02-14T03:34:42.105+0000] {subprocess.py:86} INFO - Output:
[2024-02-14T03:34:42.117+0000] {subprocess.py:93} INFO - StartJob
[2024-02-14T03:34:42.120+0000] {subprocess.py:97} INFO - Command exited with return code 0
[2024-02-14T03:34:42.181+0000] {taskinstance.py:1138} INFO - Marking task as SUCCESS. dag_id=deverlop_model, task_id=StartJob, execution_date=20240201T022500, start_date=20240214T033441, end_date=20240214T033442
[2024-02-14T03:34:42.241+0000] {local_task_job_runner.py:234} INFO - Task exited with return code 0
[2024-02-14T03:34:42.350+0000] {taskinstance.py:3280} INFO - 1 downstream tasks scheduled from follow-on schedule check
[2024-02-14T03:39:41.726+0000] {taskinstance.py:1956} INFO - Dependencies all met for dep_context=non-requeueable deps ti=<TaskInstance: deverlop_model.StartJob scheduled__2024-02-01T02:25:00+00:00 [queued]>
[2024-02-14T03:39:41.744+0000] {taskinstance.py:1956} INFO - Dependencies all met for dep_context=requeueable deps ti=<TaskInstance: deverlop_model.StartJob scheduled__2024-02-01T02:25:00+00:00 [queued]>
[2024-02-14T03:39:41.745+0000] {taskinstance.py:2170} INFO - Starting attempt 1 of 1
[2024-02-14T03:39:41.764+0000] {taskinstance.py:2191} INFO - Executing <Task(BashOperator): StartJob> on 2024-02-01 02:25:00+00:00
[2024-02-14T03:39:41.775+0000] {standard_task_runner.py:60} INFO - Started process 3136 to run task
[2024-02-14T03:39:41.780+0000] {standard_task_runner.py:87} INFO - Running: ['***', 'tasks', 'run', 'deverlop_model', 'StartJob', 'scheduled__2024-02-01T02:25:00+00:00', '--job-id', '407', '--raw', '--subdir', 'DAGS_FOLDER/task.py', '--cfg-path', '/tmp/tmpgxpivh4f']
[2024-02-14T03:39:41.783+0000] {standard_task_runner.py:88} INFO - Job 407: Subtask StartJob
[2024-02-14T03:39:41.851+0000] {task_command.py:423} INFO - Running <TaskInstance: deverlop_model.StartJob scheduled__2024-02-01T02:25:00+00:00 [running]> on host 6e2ff7d2ffd0
[2024-02-14T03:39:41.988+0000] {taskinstance.py:2480} INFO - Exporting env vars: AIRFLOW_CTX_DAG_OWNER='rtn' AIRFLOW_CTX_DAG_ID='deverlop_model' AIRFLOW_CTX_TASK_ID='StartJob' AIRFLOW_CTX_EXECUTION_DATE='2024-02-01T02:25:00+00:00' AIRFLOW_CTX_TRY_NUMBER='1' AIRFLOW_CTX_DAG_RUN_ID='scheduled__2024-02-01T02:25:00+00:00'
[2024-02-14T03:39:41.995+0000] {subprocess.py:63} INFO - Tmp dir root location: /tmp
[2024-02-14T03:39:41.997+0000] {subprocess.py:75} INFO - Running command: ['/usr/bin/bash', '-c', "\n            echo StartJob && \n            if [ ! -e '/opt/***/dags/data/2024-02-14' ]; then\n                mkdir /opt/***/dags/data/2024-02-14 \n            fi && \n            if [ ! -e '/opt/***/dags/data/2024-02-14/data' ]; then\n                mkdir /opt/***/dags/data/2024-02-14/data\n            fi && \n            if [ ! -e '/opt/***/dags/data/2024-02-14/model' ]; then\n                mkdir /opt/***/dags/data/2024-02-14/model\n            fi\n        "]
[2024-02-14T03:39:42.030+0000] {subprocess.py:86} INFO - Output:
[2024-02-14T03:39:42.037+0000] {subprocess.py:93} INFO - StartJob
[2024-02-14T03:39:42.042+0000] {subprocess.py:97} INFO - Command exited with return code 0
[2024-02-14T03:39:42.087+0000] {taskinstance.py:1138} INFO - Marking task as SUCCESS. dag_id=deverlop_model, task_id=StartJob, execution_date=20240201T022500, start_date=20240214T033941, end_date=20240214T033942
[2024-02-14T03:39:42.121+0000] {local_task_job_runner.py:234} INFO - Task exited with return code 0
[2024-02-14T03:39:42.219+0000] {taskinstance.py:3280} INFO - 1 downstream tasks scheduled from follow-on schedule check
