[2024-02-14T04:11:29.445+0000] {taskinstance.py:1956} INFO - Dependencies all met for dep_context=non-requeueable deps ti=<TaskInstance: deverlop_model.data_sets scheduled__2024-02-14T04:05:00+00:00 [queued]>
[2024-02-14T04:11:29.453+0000] {taskinstance.py:1956} INFO - Dependencies all met for dep_context=requeueable deps ti=<TaskInstance: deverlop_model.data_sets scheduled__2024-02-14T04:05:00+00:00 [queued]>
[2024-02-14T04:11:29.454+0000] {taskinstance.py:2170} INFO - Starting attempt 1 of 1
[2024-02-14T04:11:29.465+0000] {taskinstance.py:2191} INFO - Executing <Task(DockerOperator): data_sets> on 2024-02-14 04:05:00+00:00
[2024-02-14T04:11:29.472+0000] {standard_task_runner.py:60} INFO - Started process 4124 to run task
[2024-02-14T04:11:29.475+0000] {standard_task_runner.py:87} INFO - Running: ['***', 'tasks', 'run', 'deverlop_model', 'data_sets', 'scheduled__2024-02-14T04:05:00+00:00', '--job-id', '554', '--raw', '--subdir', 'DAGS_FOLDER/task.py', '--cfg-path', '/tmp/tmpxjhpwiu_']
[2024-02-14T04:11:29.477+0000] {standard_task_runner.py:88} INFO - Job 554: Subtask data_sets
[2024-02-14T04:11:29.526+0000] {task_command.py:423} INFO - Running <TaskInstance: deverlop_model.data_sets scheduled__2024-02-14T04:05:00+00:00 [running]> on host 6e2ff7d2ffd0
[2024-02-14T04:11:29.595+0000] {taskinstance.py:2480} INFO - Exporting env vars: AIRFLOW_CTX_DAG_OWNER='***' AIRFLOW_CTX_DAG_ID='deverlop_model' AIRFLOW_CTX_TASK_ID='data_sets' AIRFLOW_CTX_EXECUTION_DATE='2024-02-14T04:05:00+00:00' AIRFLOW_CTX_TRY_NUMBER='1' AIRFLOW_CTX_DAG_RUN_ID='scheduled__2024-02-14T04:05:00+00:00'
[2024-02-14T04:11:29.614+0000] {docker.py:359} INFO - Starting docker container from image python:3.8
[2024-02-14T04:11:31.557+0000] {docker.py:429} INFO - WARNING: Running pip as the 'root' user can result in broken permissions and conflicting behaviour with the system package manager. It is recommended to use a virtual environment instead: https://pip.pypa.io/warnings/venv
[2024-02-14T04:11:31.896+0000] {docker.py:429} INFO - [notice] A new release of pip is available: 23.0.1 -> 24.0
[notice] To update, run: pip install --upgrade pip
[2024-02-14T04:11:37.019+0000] {docker.py:429} INFO - READ DATA :  HELLO WORLD  timestamp :  2024-02-14 04:11:37.016668
[2024-02-14T04:11:37.403+0000] {taskinstance.py:1138} INFO - Marking task as SUCCESS. dag_id=deverlop_model, task_id=data_sets, execution_date=20240214T040500, start_date=20240214T041129, end_date=20240214T041137
[2024-02-14T04:11:37.440+0000] {local_task_job_runner.py:234} INFO - Task exited with return code 0
[2024-02-14T04:11:37.458+0000] {taskinstance.py:3280} INFO - 1 downstream tasks scheduled from follow-on schedule check
[2024-02-14T04:13:28.138+0000] {taskinstance.py:1956} INFO - Dependencies all met for dep_context=non-requeueable deps ti=<TaskInstance: deverlop_model.data_sets scheduled__2024-02-14T04:05:00+00:00 [queued]>
[2024-02-14T04:13:28.145+0000] {taskinstance.py:1956} INFO - Dependencies all met for dep_context=requeueable deps ti=<TaskInstance: deverlop_model.data_sets scheduled__2024-02-14T04:05:00+00:00 [queued]>
[2024-02-14T04:13:28.145+0000] {taskinstance.py:2170} INFO - Starting attempt 1 of 1
[2024-02-14T04:13:28.156+0000] {taskinstance.py:2191} INFO - Executing <Task(DockerOperator): data_sets> on 2024-02-14 04:05:00+00:00
[2024-02-14T04:13:28.163+0000] {standard_task_runner.py:60} INFO - Started process 4163 to run task
[2024-02-14T04:13:28.166+0000] {standard_task_runner.py:87} INFO - Running: ['***', 'tasks', 'run', 'deverlop_model', 'data_sets', 'scheduled__2024-02-14T04:05:00+00:00', '--job-id', '556', '--raw', '--subdir', 'DAGS_FOLDER/task.py', '--cfg-path', '/tmp/tmp24c58_3v']
[2024-02-14T04:13:28.169+0000] {standard_task_runner.py:88} INFO - Job 556: Subtask data_sets
[2024-02-14T04:13:28.210+0000] {task_command.py:423} INFO - Running <TaskInstance: deverlop_model.data_sets scheduled__2024-02-14T04:05:00+00:00 [running]> on host 6e2ff7d2ffd0
[2024-02-14T04:13:28.270+0000] {taskinstance.py:2480} INFO - Exporting env vars: AIRFLOW_CTX_DAG_OWNER='rtn' AIRFLOW_CTX_DAG_ID='deverlop_model' AIRFLOW_CTX_TASK_ID='data_sets' AIRFLOW_CTX_EXECUTION_DATE='2024-02-14T04:05:00+00:00' AIRFLOW_CTX_TRY_NUMBER='1' AIRFLOW_CTX_DAG_RUN_ID='scheduled__2024-02-14T04:05:00+00:00'
[2024-02-14T04:13:28.289+0000] {docker.py:359} INFO - Starting docker container from image python:3.8
[2024-02-14T04:13:30.054+0000] {docker.py:429} INFO - WARNING: Running pip as the 'root' user can result in broken permissions and conflicting behaviour with the system package manager. It is recommended to use a virtual environment instead: https://pip.pypa.io/warnings/venv
[2024-02-14T04:13:30.402+0000] {docker.py:429} INFO - [notice] A new release of pip is available: 23.0.1 -> 24.0
[notice] To update, run: pip install --upgrade pip
[2024-02-14T04:13:35.491+0000] {docker.py:429} INFO - READ DATA :  HELLO WORLD  timestamp :  2024-02-14 04:13:35.488122
[2024-02-14T04:13:35.901+0000] {taskinstance.py:1138} INFO - Marking task as SUCCESS. dag_id=deverlop_model, task_id=data_sets, execution_date=20240214T040500, start_date=20240214T041328, end_date=20240214T041335
[2024-02-14T04:13:35.926+0000] {local_task_job_runner.py:234} INFO - Task exited with return code 0
[2024-02-14T04:13:35.946+0000] {taskinstance.py:3280} INFO - 1 downstream tasks scheduled from follow-on schedule check
