[2024-02-14T03:34:38.133+0000] {taskinstance.py:1956} INFO - Dependencies all met for dep_context=non-requeueable deps ti=<TaskInstance: deverlop_model.StartJob scheduled__2024-02-01T01:50:00+00:00 [queued]>
[2024-02-14T03:34:38.152+0000] {taskinstance.py:1956} INFO - Dependencies all met for dep_context=requeueable deps ti=<TaskInstance: deverlop_model.StartJob scheduled__2024-02-01T01:50:00+00:00 [queued]>
[2024-02-14T03:34:38.155+0000] {taskinstance.py:2170} INFO - Starting attempt 1 of 1
[2024-02-14T03:34:38.183+0000] {taskinstance.py:2191} INFO - Executing <Task(BashOperator): StartJob> on 2024-02-01 01:50:00+00:00
[2024-02-14T03:34:38.198+0000] {standard_task_runner.py:60} INFO - Started process 2553 to run task
[2024-02-14T03:34:38.220+0000] {standard_task_runner.py:87} INFO - Running: ['***', 'tasks', 'run', 'deverlop_model', 'StartJob', 'scheduled__2024-02-01T01:50:00+00:00', '--job-id', '264', '--raw', '--subdir', 'DAGS_FOLDER/task.py', '--cfg-path', '/tmp/tmp7f4zfu7h']
[2024-02-14T03:34:38.229+0000] {standard_task_runner.py:88} INFO - Job 264: Subtask StartJob
[2024-02-14T03:34:38.311+0000] {task_command.py:423} INFO - Running <TaskInstance: deverlop_model.StartJob scheduled__2024-02-01T01:50:00+00:00 [running]> on host 6e2ff7d2ffd0
[2024-02-14T03:34:38.460+0000] {taskinstance.py:2480} INFO - Exporting env vars: AIRFLOW_CTX_DAG_OWNER='rtn' AIRFLOW_CTX_DAG_ID='deverlop_model' AIRFLOW_CTX_TASK_ID='StartJob' AIRFLOW_CTX_EXECUTION_DATE='2024-02-01T01:50:00+00:00' AIRFLOW_CTX_TRY_NUMBER='1' AIRFLOW_CTX_DAG_RUN_ID='scheduled__2024-02-01T01:50:00+00:00'
[2024-02-14T03:34:38.469+0000] {subprocess.py:63} INFO - Tmp dir root location: /tmp
[2024-02-14T03:34:38.471+0000] {subprocess.py:75} INFO - Running command: ['/usr/bin/bash', '-c', "\n            echo StartJob && \n            if [ ! -e '/opt/***/dags/data/2024-02-14' ]; then\n                mkdir /opt/***/dags/data/2024-02-14 \n            fi && \n            if [ ! -e '/opt/***/dags/data/2024-02-14/data' ]; then\n                mkdir /opt/***/dags/data/2024-02-14/data\n            fi && \n            if [ ! -e '/opt/***/dags/data/2024-02-14/model' ]; then\n                mkdir /opt/***/dags/data/2024-02-14/model\n            fi\n        "]
[2024-02-14T03:34:38.506+0000] {subprocess.py:86} INFO - Output:
[2024-02-14T03:34:38.508+0000] {subprocess.py:93} INFO - StartJob
[2024-02-14T03:34:38.522+0000] {subprocess.py:97} INFO - Command exited with return code 0
[2024-02-14T03:34:38.580+0000] {taskinstance.py:1138} INFO - Marking task as SUCCESS. dag_id=deverlop_model, task_id=StartJob, execution_date=20240201T015000, start_date=20240214T033438, end_date=20240214T033438
[2024-02-14T03:34:38.639+0000] {local_task_job_runner.py:234} INFO - Task exited with return code 0
[2024-02-14T03:34:38.693+0000] {taskinstance.py:3280} INFO - 1 downstream tasks scheduled from follow-on schedule check
[2024-02-14T03:38:13.247+0000] {taskinstance.py:1956} INFO - Dependencies all met for dep_context=non-requeueable deps ti=<TaskInstance: deverlop_model.StartJob scheduled__2024-02-01T01:50:00+00:00 [queued]>
[2024-02-14T03:38:13.270+0000] {taskinstance.py:1956} INFO - Dependencies all met for dep_context=requeueable deps ti=<TaskInstance: deverlop_model.StartJob scheduled__2024-02-01T01:50:00+00:00 [queued]>
[2024-02-14T03:38:13.271+0000] {taskinstance.py:2170} INFO - Starting attempt 1 of 1
[2024-02-14T03:38:13.301+0000] {taskinstance.py:2191} INFO - Executing <Task(BashOperator): StartJob> on 2024-02-01 01:50:00+00:00
[2024-02-14T03:38:13.313+0000] {standard_task_runner.py:60} INFO - Started process 2873 to run task
[2024-02-14T03:38:13.317+0000] {standard_task_runner.py:87} INFO - Running: ['***', 'tasks', 'run', 'deverlop_model', 'StartJob', 'scheduled__2024-02-01T01:50:00+00:00', '--job-id', '339', '--raw', '--subdir', 'DAGS_FOLDER/task.py', '--cfg-path', '/tmp/tmp_bin3kgw']
[2024-02-14T03:38:13.325+0000] {standard_task_runner.py:88} INFO - Job 339: Subtask StartJob
[2024-02-14T03:38:13.464+0000] {task_command.py:423} INFO - Running <TaskInstance: deverlop_model.StartJob scheduled__2024-02-01T01:50:00+00:00 [running]> on host 6e2ff7d2ffd0
[2024-02-14T03:38:13.606+0000] {taskinstance.py:2480} INFO - Exporting env vars: AIRFLOW_CTX_DAG_OWNER='rtn' AIRFLOW_CTX_DAG_ID='deverlop_model' AIRFLOW_CTX_TASK_ID='StartJob' AIRFLOW_CTX_EXECUTION_DATE='2024-02-01T01:50:00+00:00' AIRFLOW_CTX_TRY_NUMBER='1' AIRFLOW_CTX_DAG_RUN_ID='scheduled__2024-02-01T01:50:00+00:00'
[2024-02-14T03:38:13.611+0000] {subprocess.py:63} INFO - Tmp dir root location: /tmp
[2024-02-14T03:38:13.614+0000] {subprocess.py:75} INFO - Running command: ['/usr/bin/bash', '-c', "\n            echo StartJob && \n            if [ ! -e '/opt/***/dags/data/2024-02-14' ]; then\n                mkdir /opt/***/dags/data/2024-02-14 \n            fi && \n            if [ ! -e '/opt/***/dags/data/2024-02-14/data' ]; then\n                mkdir /opt/***/dags/data/2024-02-14/data\n            fi && \n            if [ ! -e '/opt/***/dags/data/2024-02-14/model' ]; then\n                mkdir /opt/***/dags/data/2024-02-14/model\n            fi\n        "]
[2024-02-14T03:38:13.664+0000] {subprocess.py:86} INFO - Output:
[2024-02-14T03:38:13.665+0000] {subprocess.py:93} INFO - StartJob
[2024-02-14T03:38:13.679+0000] {subprocess.py:97} INFO - Command exited with return code 0
[2024-02-14T03:38:13.732+0000] {taskinstance.py:1138} INFO - Marking task as SUCCESS. dag_id=deverlop_model, task_id=StartJob, execution_date=20240201T015000, start_date=20240214T033813, end_date=20240214T033813
[2024-02-14T03:38:13.824+0000] {local_task_job_runner.py:234} INFO - Task exited with return code 0
[2024-02-14T03:38:13.867+0000] {taskinstance.py:3280} INFO - 1 downstream tasks scheduled from follow-on schedule check
[2024-02-14T03:39:37.990+0000] {taskinstance.py:1956} INFO - Dependencies all met for dep_context=non-requeueable deps ti=<TaskInstance: deverlop_model.StartJob scheduled__2024-02-01T01:50:00+00:00 [queued]>
[2024-02-14T03:39:38.007+0000] {taskinstance.py:1956} INFO - Dependencies all met for dep_context=requeueable deps ti=<TaskInstance: deverlop_model.StartJob scheduled__2024-02-01T01:50:00+00:00 [queued]>
[2024-02-14T03:39:38.009+0000] {taskinstance.py:2170} INFO - Starting attempt 1 of 1
[2024-02-14T03:39:38.047+0000] {taskinstance.py:2191} INFO - Executing <Task(BashOperator): StartJob> on 2024-02-01 01:50:00+00:00
[2024-02-14T03:39:38.057+0000] {standard_task_runner.py:60} INFO - Started process 3083 to run task
[2024-02-14T03:39:38.068+0000] {standard_task_runner.py:87} INFO - Running: ['***', 'tasks', 'run', 'deverlop_model', 'StartJob', 'scheduled__2024-02-01T01:50:00+00:00', '--job-id', '392', '--raw', '--subdir', 'DAGS_FOLDER/task.py', '--cfg-path', '/tmp/tmpbfrxrvs3']
[2024-02-14T03:39:38.073+0000] {standard_task_runner.py:88} INFO - Job 392: Subtask StartJob
[2024-02-14T03:39:38.154+0000] {task_command.py:423} INFO - Running <TaskInstance: deverlop_model.StartJob scheduled__2024-02-01T01:50:00+00:00 [running]> on host 6e2ff7d2ffd0
[2024-02-14T03:39:38.249+0000] {taskinstance.py:2480} INFO - Exporting env vars: AIRFLOW_CTX_DAG_OWNER='rtn' AIRFLOW_CTX_DAG_ID='deverlop_model' AIRFLOW_CTX_TASK_ID='StartJob' AIRFLOW_CTX_EXECUTION_DATE='2024-02-01T01:50:00+00:00' AIRFLOW_CTX_TRY_NUMBER='1' AIRFLOW_CTX_DAG_RUN_ID='scheduled__2024-02-01T01:50:00+00:00'
[2024-02-14T03:39:38.254+0000] {subprocess.py:63} INFO - Tmp dir root location: /tmp
[2024-02-14T03:39:38.256+0000] {subprocess.py:75} INFO - Running command: ['/usr/bin/bash', '-c', "\n            echo StartJob && \n            if [ ! -e '/opt/***/dags/data/2024-02-14' ]; then\n                mkdir /opt/***/dags/data/2024-02-14 \n            fi && \n            if [ ! -e '/opt/***/dags/data/2024-02-14/data' ]; then\n                mkdir /opt/***/dags/data/2024-02-14/data\n            fi && \n            if [ ! -e '/opt/***/dags/data/2024-02-14/model' ]; then\n                mkdir /opt/***/dags/data/2024-02-14/model\n            fi\n        "]
[2024-02-14T03:39:38.278+0000] {subprocess.py:86} INFO - Output:
[2024-02-14T03:39:38.281+0000] {subprocess.py:93} INFO - StartJob
[2024-02-14T03:39:38.288+0000] {subprocess.py:97} INFO - Command exited with return code 0
[2024-02-14T03:39:38.348+0000] {taskinstance.py:1138} INFO - Marking task as SUCCESS. dag_id=deverlop_model, task_id=StartJob, execution_date=20240201T015000, start_date=20240214T033937, end_date=20240214T033938
[2024-02-14T03:39:38.403+0000] {local_task_job_runner.py:234} INFO - Task exited with return code 0
[2024-02-14T03:39:38.454+0000] {taskinstance.py:3280} INFO - 1 downstream tasks scheduled from follow-on schedule check
