[2024-02-14T03:32:54.610+0000] {taskinstance.py:1956} INFO - Dependencies all met for dep_context=non-requeueable deps ti=<TaskInstance: deverlop_model.StartJob scheduled__2024-02-01T00:45:00+00:00 [queued]>
[2024-02-14T03:32:54.647+0000] {taskinstance.py:1956} INFO - Dependencies all met for dep_context=requeueable deps ti=<TaskInstance: deverlop_model.StartJob scheduled__2024-02-01T00:45:00+00:00 [queued]>
[2024-02-14T03:32:54.648+0000] {taskinstance.py:2170} INFO - Starting attempt 1 of 1
[2024-02-14T03:32:54.697+0000] {taskinstance.py:2191} INFO - Executing <Task(BashOperator): StartJob> on 2024-02-01 00:45:00+00:00
[2024-02-14T03:32:54.723+0000] {standard_task_runner.py:60} INFO - Started process 2352 to run task
[2024-02-14T03:32:54.734+0000] {standard_task_runner.py:87} INFO - Running: ['***', 'tasks', 'run', 'deverlop_model', 'StartJob', 'scheduled__2024-02-01T00:45:00+00:00', '--job-id', '214', '--raw', '--subdir', 'DAGS_FOLDER/task.py', '--cfg-path', '/tmp/tmpvreopkp7']
[2024-02-14T03:32:54.742+0000] {standard_task_runner.py:88} INFO - Job 214: Subtask StartJob
[2024-02-14T03:32:54.869+0000] {task_command.py:423} INFO - Running <TaskInstance: deverlop_model.StartJob scheduled__2024-02-01T00:45:00+00:00 [running]> on host 6e2ff7d2ffd0
[2024-02-14T03:32:55.064+0000] {taskinstance.py:2480} INFO - Exporting env vars: AIRFLOW_CTX_DAG_OWNER='rtn' AIRFLOW_CTX_DAG_ID='deverlop_model' AIRFLOW_CTX_TASK_ID='StartJob' AIRFLOW_CTX_EXECUTION_DATE='2024-02-01T00:45:00+00:00' AIRFLOW_CTX_TRY_NUMBER='1' AIRFLOW_CTX_DAG_RUN_ID='scheduled__2024-02-01T00:45:00+00:00'
[2024-02-14T03:32:55.071+0000] {subprocess.py:63} INFO - Tmp dir root location: /tmp
[2024-02-14T03:32:55.077+0000] {subprocess.py:75} INFO - Running command: ['/usr/bin/bash', '-c', "\n            echo StartJob && \n            if [ ! -e '/opt/***/dags/data/2024-02-14' ]; then\n                mkdir /opt/***/dags/data/2024-02-14 \n            fi && \n            if [ ! -e '/opt/***/dags/data/2024-02-14/data' ]; then\n                mkdir /opt/***/dags/data/2024-02-14/data\n            fi && \n            if [ ! -e '/opt/***/dags/data/2024-02-14/model' ]; then\n                mkdir /opt/***/dags/data/2024-02-14/model\n            fi\n        "]
[2024-02-14T03:32:55.106+0000] {subprocess.py:86} INFO - Output:
[2024-02-14T03:32:55.112+0000] {subprocess.py:93} INFO - StartJob
[2024-02-14T03:32:55.116+0000] {subprocess.py:97} INFO - Command exited with return code 0
[2024-02-14T03:32:55.169+0000] {taskinstance.py:1138} INFO - Marking task as SUCCESS. dag_id=deverlop_model, task_id=StartJob, execution_date=20240201T004500, start_date=20240214T033254, end_date=20240214T033255
[2024-02-14T03:32:55.241+0000] {local_task_job_runner.py:234} INFO - Task exited with return code 0
[2024-02-14T03:32:55.323+0000] {taskinstance.py:3280} INFO - 1 downstream tasks scheduled from follow-on schedule check
[2024-02-14T03:34:21.743+0000] {taskinstance.py:1956} INFO - Dependencies all met for dep_context=non-requeueable deps ti=<TaskInstance: deverlop_model.StartJob scheduled__2024-02-01T00:45:00+00:00 [queued]>
[2024-02-14T03:34:21.766+0000] {taskinstance.py:1956} INFO - Dependencies all met for dep_context=requeueable deps ti=<TaskInstance: deverlop_model.StartJob scheduled__2024-02-01T00:45:00+00:00 [queued]>
[2024-02-14T03:34:21.778+0000] {taskinstance.py:2170} INFO - Starting attempt 1 of 1
[2024-02-14T03:34:21.853+0000] {taskinstance.py:2191} INFO - Executing <Task(BashOperator): StartJob> on 2024-02-01 00:45:00+00:00
[2024-02-14T03:34:21.875+0000] {standard_task_runner.py:87} INFO - Running: ['***', 'tasks', 'run', 'deverlop_model', 'StartJob', 'scheduled__2024-02-01T00:45:00+00:00', '--job-id', '233', '--raw', '--subdir', 'DAGS_FOLDER/task.py', '--cfg-path', '/tmp/tmphrcz87rm']
[2024-02-14T03:34:21.883+0000] {standard_task_runner.py:88} INFO - Job 233: Subtask StartJob
[2024-02-14T03:34:21.868+0000] {standard_task_runner.py:60} INFO - Started process 2453 to run task
[2024-02-14T03:34:22.037+0000] {task_command.py:423} INFO - Running <TaskInstance: deverlop_model.StartJob scheduled__2024-02-01T00:45:00+00:00 [running]> on host 6e2ff7d2ffd0
[2024-02-14T03:34:22.229+0000] {taskinstance.py:2480} INFO - Exporting env vars: AIRFLOW_CTX_DAG_OWNER='rtn' AIRFLOW_CTX_DAG_ID='deverlop_model' AIRFLOW_CTX_TASK_ID='StartJob' AIRFLOW_CTX_EXECUTION_DATE='2024-02-01T00:45:00+00:00' AIRFLOW_CTX_TRY_NUMBER='1' AIRFLOW_CTX_DAG_RUN_ID='scheduled__2024-02-01T00:45:00+00:00'
[2024-02-14T03:34:22.245+0000] {subprocess.py:63} INFO - Tmp dir root location: /tmp
[2024-02-14T03:34:22.284+0000] {subprocess.py:75} INFO - Running command: ['/usr/bin/bash', '-c', "\n            echo StartJob && \n            if [ ! -e '/opt/***/dags/data/2024-02-14' ]; then\n                mkdir /opt/***/dags/data/2024-02-14 \n            fi && \n            if [ ! -e '/opt/***/dags/data/2024-02-14/data' ]; then\n                mkdir /opt/***/dags/data/2024-02-14/data\n            fi && \n            if [ ! -e '/opt/***/dags/data/2024-02-14/model' ]; then\n                mkdir /opt/***/dags/data/2024-02-14/model\n            fi\n        "]
[2024-02-14T03:34:22.350+0000] {subprocess.py:86} INFO - Output:
[2024-02-14T03:34:22.358+0000] {subprocess.py:93} INFO - StartJob
[2024-02-14T03:34:22.380+0000] {subprocess.py:97} INFO - Command exited with return code 0
[2024-02-14T03:34:22.450+0000] {taskinstance.py:1138} INFO - Marking task as SUCCESS. dag_id=deverlop_model, task_id=StartJob, execution_date=20240201T004500, start_date=20240214T033421, end_date=20240214T033422
[2024-02-14T03:34:22.510+0000] {local_task_job_runner.py:234} INFO - Task exited with return code 0
[2024-02-14T03:34:22.585+0000] {taskinstance.py:3280} INFO - 1 downstream tasks scheduled from follow-on schedule check
[2024-02-14T03:38:00.043+0000] {taskinstance.py:1956} INFO - Dependencies all met for dep_context=non-requeueable deps ti=<TaskInstance: deverlop_model.StartJob scheduled__2024-02-01T00:45:00+00:00 [queued]>
[2024-02-14T03:38:00.060+0000] {taskinstance.py:1956} INFO - Dependencies all met for dep_context=requeueable deps ti=<TaskInstance: deverlop_model.StartJob scheduled__2024-02-01T00:45:00+00:00 [queued]>
[2024-02-14T03:38:00.065+0000] {taskinstance.py:2170} INFO - Starting attempt 1 of 1
[2024-02-14T03:38:00.097+0000] {taskinstance.py:2191} INFO - Executing <Task(BashOperator): StartJob> on 2024-02-01 00:45:00+00:00
[2024-02-14T03:38:00.119+0000] {standard_task_runner.py:60} INFO - Started process 2774 to run task
[2024-02-14T03:38:00.130+0000] {standard_task_runner.py:87} INFO - Running: ['***', 'tasks', 'run', 'deverlop_model', 'StartJob', 'scheduled__2024-02-01T00:45:00+00:00', '--job-id', '310', '--raw', '--subdir', 'DAGS_FOLDER/task.py', '--cfg-path', '/tmp/tmpn1uafsg4']
[2024-02-14T03:38:00.135+0000] {standard_task_runner.py:88} INFO - Job 310: Subtask StartJob
[2024-02-14T03:38:00.287+0000] {task_command.py:423} INFO - Running <TaskInstance: deverlop_model.StartJob scheduled__2024-02-01T00:45:00+00:00 [running]> on host 6e2ff7d2ffd0
[2024-02-14T03:38:00.481+0000] {taskinstance.py:2480} INFO - Exporting env vars: AIRFLOW_CTX_DAG_OWNER='rtn' AIRFLOW_CTX_DAG_ID='deverlop_model' AIRFLOW_CTX_TASK_ID='StartJob' AIRFLOW_CTX_EXECUTION_DATE='2024-02-01T00:45:00+00:00' AIRFLOW_CTX_TRY_NUMBER='1' AIRFLOW_CTX_DAG_RUN_ID='scheduled__2024-02-01T00:45:00+00:00'
[2024-02-14T03:38:00.485+0000] {subprocess.py:63} INFO - Tmp dir root location: /tmp
[2024-02-14T03:38:00.489+0000] {subprocess.py:75} INFO - Running command: ['/usr/bin/bash', '-c', "\n            echo StartJob && \n            if [ ! -e '/opt/***/dags/data/2024-02-14' ]; then\n                mkdir /opt/***/dags/data/2024-02-14 \n            fi && \n            if [ ! -e '/opt/***/dags/data/2024-02-14/data' ]; then\n                mkdir /opt/***/dags/data/2024-02-14/data\n            fi && \n            if [ ! -e '/opt/***/dags/data/2024-02-14/model' ]; then\n                mkdir /opt/***/dags/data/2024-02-14/model\n            fi\n        "]
[2024-02-14T03:38:00.549+0000] {subprocess.py:86} INFO - Output:
[2024-02-14T03:38:00.557+0000] {subprocess.py:93} INFO - StartJob
[2024-02-14T03:38:00.598+0000] {subprocess.py:97} INFO - Command exited with return code 0
[2024-02-14T03:38:00.687+0000] {taskinstance.py:1138} INFO - Marking task as SUCCESS. dag_id=deverlop_model, task_id=StartJob, execution_date=20240201T004500, start_date=20240214T033800, end_date=20240214T033800
[2024-02-14T03:38:00.782+0000] {local_task_job_runner.py:234} INFO - Task exited with return code 0
[2024-02-14T03:38:00.883+0000] {taskinstance.py:3280} INFO - 0 downstream tasks scheduled from follow-on schedule check
[2024-02-14T03:39:25.478+0000] {taskinstance.py:1956} INFO - Dependencies all met for dep_context=non-requeueable deps ti=<TaskInstance: deverlop_model.StartJob scheduled__2024-02-01T00:45:00+00:00 [queued]>
[2024-02-14T03:39:25.490+0000] {taskinstance.py:1956} INFO - Dependencies all met for dep_context=requeueable deps ti=<TaskInstance: deverlop_model.StartJob scheduled__2024-02-01T00:45:00+00:00 [queued]>
[2024-02-14T03:39:25.491+0000] {taskinstance.py:2170} INFO - Starting attempt 1 of 1
[2024-02-14T03:39:25.512+0000] {taskinstance.py:2191} INFO - Executing <Task(BashOperator): StartJob> on 2024-02-01 00:45:00+00:00
[2024-02-14T03:39:25.521+0000] {standard_task_runner.py:60} INFO - Started process 2977 to run task
[2024-02-14T03:39:25.527+0000] {standard_task_runner.py:87} INFO - Running: ['***', 'tasks', 'run', 'deverlop_model', 'StartJob', 'scheduled__2024-02-01T00:45:00+00:00', '--job-id', '363', '--raw', '--subdir', 'DAGS_FOLDER/task.py', '--cfg-path', '/tmp/tmpqo3ew6xm']
[2024-02-14T03:39:25.530+0000] {standard_task_runner.py:88} INFO - Job 363: Subtask StartJob
[2024-02-14T03:39:25.611+0000] {task_command.py:423} INFO - Running <TaskInstance: deverlop_model.StartJob scheduled__2024-02-01T00:45:00+00:00 [running]> on host 6e2ff7d2ffd0
[2024-02-14T03:39:25.741+0000] {taskinstance.py:2480} INFO - Exporting env vars: AIRFLOW_CTX_DAG_OWNER='rtn' AIRFLOW_CTX_DAG_ID='deverlop_model' AIRFLOW_CTX_TASK_ID='StartJob' AIRFLOW_CTX_EXECUTION_DATE='2024-02-01T00:45:00+00:00' AIRFLOW_CTX_TRY_NUMBER='1' AIRFLOW_CTX_DAG_RUN_ID='scheduled__2024-02-01T00:45:00+00:00'
[2024-02-14T03:39:25.744+0000] {subprocess.py:63} INFO - Tmp dir root location: /tmp
[2024-02-14T03:39:25.746+0000] {subprocess.py:75} INFO - Running command: ['/usr/bin/bash', '-c', "\n            echo StartJob && \n            if [ ! -e '/opt/***/dags/data/2024-02-14' ]; then\n                mkdir /opt/***/dags/data/2024-02-14 \n            fi && \n            if [ ! -e '/opt/***/dags/data/2024-02-14/data' ]; then\n                mkdir /opt/***/dags/data/2024-02-14/data\n            fi && \n            if [ ! -e '/opt/***/dags/data/2024-02-14/model' ]; then\n                mkdir /opt/***/dags/data/2024-02-14/model\n            fi\n        "]
[2024-02-14T03:39:25.770+0000] {subprocess.py:86} INFO - Output:
[2024-02-14T03:39:25.772+0000] {subprocess.py:93} INFO - StartJob
[2024-02-14T03:39:25.778+0000] {subprocess.py:97} INFO - Command exited with return code 0
[2024-02-14T03:39:25.818+0000] {taskinstance.py:1138} INFO - Marking task as SUCCESS. dag_id=deverlop_model, task_id=StartJob, execution_date=20240201T004500, start_date=20240214T033925, end_date=20240214T033925
[2024-02-14T03:39:25.861+0000] {local_task_job_runner.py:234} INFO - Task exited with return code 0
[2024-02-14T03:39:25.900+0000] {taskinstance.py:3280} INFO - 1 downstream tasks scheduled from follow-on schedule check
[2024-02-14T04:09:31.756+0000] {taskinstance.py:1956} INFO - Dependencies all met for dep_context=non-requeueable deps ti=<TaskInstance: deverlop_model.StartJob scheduled__2024-02-01T00:45:00+00:00 [queued]>
[2024-02-14T04:09:31.776+0000] {taskinstance.py:1956} INFO - Dependencies all met for dep_context=requeueable deps ti=<TaskInstance: deverlop_model.StartJob scheduled__2024-02-01T00:45:00+00:00 [queued]>
[2024-02-14T04:09:31.777+0000] {taskinstance.py:2170} INFO - Starting attempt 1 of 1
[2024-02-14T04:09:31.800+0000] {taskinstance.py:2191} INFO - Executing <Task(BashOperator): StartJob> on 2024-02-01 00:45:00+00:00
[2024-02-14T04:09:31.812+0000] {standard_task_runner.py:60} INFO - Started process 4075 to run task
[2024-02-14T04:09:31.819+0000] {standard_task_runner.py:87} INFO - Running: ['***', 'tasks', 'run', 'deverlop_model', 'StartJob', 'scheduled__2024-02-01T00:45:00+00:00', '--job-id', '543', '--raw', '--subdir', 'DAGS_FOLDER/task.py', '--cfg-path', '/tmp/tmpjx_dkzns']
[2024-02-14T04:09:31.823+0000] {standard_task_runner.py:88} INFO - Job 543: Subtask StartJob
[2024-02-14T04:09:31.906+0000] {task_command.py:423} INFO - Running <TaskInstance: deverlop_model.StartJob scheduled__2024-02-01T00:45:00+00:00 [running]> on host 6e2ff7d2ffd0
[2024-02-14T04:09:32.028+0000] {taskinstance.py:2480} INFO - Exporting env vars: AIRFLOW_CTX_DAG_OWNER='rtn' AIRFLOW_CTX_DAG_ID='deverlop_model' AIRFLOW_CTX_TASK_ID='StartJob' AIRFLOW_CTX_EXECUTION_DATE='2024-02-01T00:45:00+00:00' AIRFLOW_CTX_TRY_NUMBER='1' AIRFLOW_CTX_DAG_RUN_ID='scheduled__2024-02-01T00:45:00+00:00'
[2024-02-14T04:09:32.031+0000] {subprocess.py:63} INFO - Tmp dir root location: /tmp
[2024-02-14T04:09:32.034+0000] {subprocess.py:75} INFO - Running command: ['/usr/bin/bash', '-c', "\n            echo StartJob && \n            if [ ! -e '/opt/***/dags/data/2024-02-14' ]; then\n                mkdir /opt/***/dags/data/2024-02-14 \n            fi && \n            if [ ! -e '/opt/***/dags/data/2024-02-14/data' ]; then\n                mkdir /opt/***/dags/data/2024-02-14/data\n            fi && \n            if [ ! -e '/opt/***/dags/data/2024-02-14/model' ]; then\n                mkdir /opt/***/dags/data/2024-02-14/model\n            fi\n        "]
[2024-02-14T04:09:32.058+0000] {subprocess.py:86} INFO - Output:
[2024-02-14T04:09:32.060+0000] {subprocess.py:93} INFO - StartJob
[2024-02-14T04:09:32.065+0000] {subprocess.py:97} INFO - Command exited with return code 0
[2024-02-14T04:09:32.105+0000] {taskinstance.py:1138} INFO - Marking task as SUCCESS. dag_id=deverlop_model, task_id=StartJob, execution_date=20240201T004500, start_date=20240214T040931, end_date=20240214T040932
[2024-02-14T04:09:32.150+0000] {local_task_job_runner.py:234} INFO - Task exited with return code 0
[2024-02-14T04:09:32.187+0000] {taskinstance.py:3280} INFO - 1 downstream tasks scheduled from follow-on schedule check
