[2024-02-14T03:34:39.645+0000] {taskinstance.py:1956} INFO - Dependencies all met for dep_context=non-requeueable deps ti=<TaskInstance: deverlop_model.StartJob scheduled__2024-02-01T02:10:00+00:00 [queued]>
[2024-02-14T03:34:39.658+0000] {taskinstance.py:1956} INFO - Dependencies all met for dep_context=requeueable deps ti=<TaskInstance: deverlop_model.StartJob scheduled__2024-02-01T02:10:00+00:00 [queued]>
[2024-02-14T03:34:39.659+0000] {taskinstance.py:2170} INFO - Starting attempt 1 of 1
[2024-02-14T03:34:39.689+0000] {taskinstance.py:2191} INFO - Executing <Task(BashOperator): StartJob> on 2024-02-01 02:10:00+00:00
[2024-02-14T03:34:39.701+0000] {standard_task_runner.py:60} INFO - Started process 2572 to run task
[2024-02-14T03:34:39.707+0000] {standard_task_runner.py:87} INFO - Running: ['***', 'tasks', 'run', 'deverlop_model', 'StartJob', 'scheduled__2024-02-01T02:10:00+00:00', '--job-id', '268', '--raw', '--subdir', 'DAGS_FOLDER/task.py', '--cfg-path', '/tmp/tmphkw_xmt8']
[2024-02-14T03:34:39.712+0000] {standard_task_runner.py:88} INFO - Job 268: Subtask StartJob
[2024-02-14T03:34:39.796+0000] {task_command.py:423} INFO - Running <TaskInstance: deverlop_model.StartJob scheduled__2024-02-01T02:10:00+00:00 [running]> on host 6e2ff7d2ffd0
[2024-02-14T03:34:39.948+0000] {taskinstance.py:2480} INFO - Exporting env vars: AIRFLOW_CTX_DAG_OWNER='rtn' AIRFLOW_CTX_DAG_ID='deverlop_model' AIRFLOW_CTX_TASK_ID='StartJob' AIRFLOW_CTX_EXECUTION_DATE='2024-02-01T02:10:00+00:00' AIRFLOW_CTX_TRY_NUMBER='1' AIRFLOW_CTX_DAG_RUN_ID='scheduled__2024-02-01T02:10:00+00:00'
[2024-02-14T03:34:39.952+0000] {subprocess.py:63} INFO - Tmp dir root location: /tmp
[2024-02-14T03:34:39.953+0000] {subprocess.py:75} INFO - Running command: ['/usr/bin/bash', '-c', "\n            echo StartJob && \n            if [ ! -e '/opt/***/dags/data/2024-02-14' ]; then\n                mkdir /opt/***/dags/data/2024-02-14 \n            fi && \n            if [ ! -e '/opt/***/dags/data/2024-02-14/data' ]; then\n                mkdir /opt/***/dags/data/2024-02-14/data\n            fi && \n            if [ ! -e '/opt/***/dags/data/2024-02-14/model' ]; then\n                mkdir /opt/***/dags/data/2024-02-14/model\n            fi\n        "]
[2024-02-14T03:34:39.991+0000] {subprocess.py:86} INFO - Output:
[2024-02-14T03:34:39.992+0000] {subprocess.py:93} INFO - StartJob
[2024-02-14T03:34:39.996+0000] {subprocess.py:97} INFO - Command exited with return code 0
[2024-02-14T03:34:40.037+0000] {taskinstance.py:1138} INFO - Marking task as SUCCESS. dag_id=deverlop_model, task_id=StartJob, execution_date=20240201T021000, start_date=20240214T033439, end_date=20240214T033440
[2024-02-14T03:34:40.095+0000] {local_task_job_runner.py:234} INFO - Task exited with return code 0
[2024-02-14T03:34:40.268+0000] {taskinstance.py:3280} INFO - 0 downstream tasks scheduled from follow-on schedule check
[2024-02-14T03:38:15.256+0000] {taskinstance.py:1956} INFO - Dependencies all met for dep_context=non-requeueable deps ti=<TaskInstance: deverlop_model.StartJob scheduled__2024-02-01T02:10:00+00:00 [queued]>
[2024-02-14T03:38:15.280+0000] {taskinstance.py:1956} INFO - Dependencies all met for dep_context=requeueable deps ti=<TaskInstance: deverlop_model.StartJob scheduled__2024-02-01T02:10:00+00:00 [queued]>
[2024-02-14T03:38:15.281+0000] {taskinstance.py:2170} INFO - Starting attempt 1 of 1
[2024-02-14T03:38:15.316+0000] {taskinstance.py:2191} INFO - Executing <Task(BashOperator): StartJob> on 2024-02-01 02:10:00+00:00
[2024-02-14T03:38:15.326+0000] {standard_task_runner.py:60} INFO - Started process 2897 to run task
[2024-02-14T03:38:15.331+0000] {standard_task_runner.py:87} INFO - Running: ['***', 'tasks', 'run', 'deverlop_model', 'StartJob', 'scheduled__2024-02-01T02:10:00+00:00', '--job-id', '345', '--raw', '--subdir', 'DAGS_FOLDER/task.py', '--cfg-path', '/tmp/tmptiugle5y']
[2024-02-14T03:38:15.335+0000] {standard_task_runner.py:88} INFO - Job 345: Subtask StartJob
[2024-02-14T03:38:15.440+0000] {task_command.py:423} INFO - Running <TaskInstance: deverlop_model.StartJob scheduled__2024-02-01T02:10:00+00:00 [running]> on host 6e2ff7d2ffd0
[2024-02-14T03:38:15.600+0000] {taskinstance.py:2480} INFO - Exporting env vars: AIRFLOW_CTX_DAG_OWNER='rtn' AIRFLOW_CTX_DAG_ID='deverlop_model' AIRFLOW_CTX_TASK_ID='StartJob' AIRFLOW_CTX_EXECUTION_DATE='2024-02-01T02:10:00+00:00' AIRFLOW_CTX_TRY_NUMBER='1' AIRFLOW_CTX_DAG_RUN_ID='scheduled__2024-02-01T02:10:00+00:00'
[2024-02-14T03:38:15.607+0000] {subprocess.py:63} INFO - Tmp dir root location: /tmp
[2024-02-14T03:38:15.610+0000] {subprocess.py:75} INFO - Running command: ['/usr/bin/bash', '-c', "\n            echo StartJob && \n            if [ ! -e '/opt/***/dags/data/2024-02-14' ]; then\n                mkdir /opt/***/dags/data/2024-02-14 \n            fi && \n            if [ ! -e '/opt/***/dags/data/2024-02-14/data' ]; then\n                mkdir /opt/***/dags/data/2024-02-14/data\n            fi && \n            if [ ! -e '/opt/***/dags/data/2024-02-14/model' ]; then\n                mkdir /opt/***/dags/data/2024-02-14/model\n            fi\n        "]
[2024-02-14T03:38:15.647+0000] {subprocess.py:86} INFO - Output:
[2024-02-14T03:38:15.651+0000] {subprocess.py:93} INFO - StartJob
[2024-02-14T03:38:15.655+0000] {subprocess.py:97} INFO - Command exited with return code 0
[2024-02-14T03:38:15.703+0000] {taskinstance.py:1138} INFO - Marking task as SUCCESS. dag_id=deverlop_model, task_id=StartJob, execution_date=20240201T021000, start_date=20240214T033815, end_date=20240214T033815
[2024-02-14T03:38:15.757+0000] {local_task_job_runner.py:234} INFO - Task exited with return code 0
[2024-02-14T03:38:15.813+0000] {taskinstance.py:3280} INFO - 1 downstream tasks scheduled from follow-on schedule check
[2024-02-14T03:39:39.618+0000] {taskinstance.py:1956} INFO - Dependencies all met for dep_context=non-requeueable deps ti=<TaskInstance: deverlop_model.StartJob scheduled__2024-02-01T02:10:00+00:00 [queued]>
[2024-02-14T03:39:39.634+0000] {taskinstance.py:1956} INFO - Dependencies all met for dep_context=requeueable deps ti=<TaskInstance: deverlop_model.StartJob scheduled__2024-02-01T02:10:00+00:00 [queued]>
[2024-02-14T03:39:39.636+0000] {taskinstance.py:2170} INFO - Starting attempt 1 of 1
[2024-02-14T03:39:39.678+0000] {taskinstance.py:2191} INFO - Executing <Task(BashOperator): StartJob> on 2024-02-01 02:10:00+00:00
[2024-02-14T03:39:39.694+0000] {standard_task_runner.py:60} INFO - Started process 3109 to run task
[2024-02-14T03:39:39.721+0000] {standard_task_runner.py:87} INFO - Running: ['***', 'tasks', 'run', 'deverlop_model', 'StartJob', 'scheduled__2024-02-01T02:10:00+00:00', '--job-id', '397', '--raw', '--subdir', 'DAGS_FOLDER/task.py', '--cfg-path', '/tmp/tmp3ylysn5b']
[2024-02-14T03:39:39.727+0000] {standard_task_runner.py:88} INFO - Job 397: Subtask StartJob
[2024-02-14T03:39:39.855+0000] {task_command.py:423} INFO - Running <TaskInstance: deverlop_model.StartJob scheduled__2024-02-01T02:10:00+00:00 [running]> on host 6e2ff7d2ffd0
[2024-02-14T03:39:40.045+0000] {taskinstance.py:2480} INFO - Exporting env vars: AIRFLOW_CTX_DAG_OWNER='rtn' AIRFLOW_CTX_DAG_ID='deverlop_model' AIRFLOW_CTX_TASK_ID='StartJob' AIRFLOW_CTX_EXECUTION_DATE='2024-02-01T02:10:00+00:00' AIRFLOW_CTX_TRY_NUMBER='1' AIRFLOW_CTX_DAG_RUN_ID='scheduled__2024-02-01T02:10:00+00:00'
[2024-02-14T03:39:40.050+0000] {subprocess.py:63} INFO - Tmp dir root location: /tmp
[2024-02-14T03:39:40.053+0000] {subprocess.py:75} INFO - Running command: ['/usr/bin/bash', '-c', "\n            echo StartJob && \n            if [ ! -e '/opt/***/dags/data/2024-02-14' ]; then\n                mkdir /opt/***/dags/data/2024-02-14 \n            fi && \n            if [ ! -e '/opt/***/dags/data/2024-02-14/data' ]; then\n                mkdir /opt/***/dags/data/2024-02-14/data\n            fi && \n            if [ ! -e '/opt/***/dags/data/2024-02-14/model' ]; then\n                mkdir /opt/***/dags/data/2024-02-14/model\n            fi\n        "]
[2024-02-14T03:39:40.104+0000] {subprocess.py:86} INFO - Output:
[2024-02-14T03:39:40.105+0000] {subprocess.py:93} INFO - StartJob
[2024-02-14T03:39:40.119+0000] {subprocess.py:97} INFO - Command exited with return code 0
[2024-02-14T03:39:40.167+0000] {taskinstance.py:1138} INFO - Marking task as SUCCESS. dag_id=deverlop_model, task_id=StartJob, execution_date=20240201T021000, start_date=20240214T033939, end_date=20240214T033940
[2024-02-14T03:39:40.250+0000] {local_task_job_runner.py:234} INFO - Task exited with return code 0
[2024-02-14T03:39:40.301+0000] {taskinstance.py:3280} INFO - 1 downstream tasks scheduled from follow-on schedule check
