[2024-02-14T03:32:57.217+0000] {taskinstance.py:1956} INFO - Dependencies all met for dep_context=non-requeueable deps ti=<TaskInstance: deverlop_model.StartJob scheduled__2024-02-01T01:05:00+00:00 [queued]>
[2024-02-14T03:32:57.229+0000] {taskinstance.py:1956} INFO - Dependencies all met for dep_context=requeueable deps ti=<TaskInstance: deverlop_model.StartJob scheduled__2024-02-01T01:05:00+00:00 [queued]>
[2024-02-14T03:32:57.230+0000] {taskinstance.py:2170} INFO - Starting attempt 1 of 1
[2024-02-14T03:32:57.249+0000] {taskinstance.py:2191} INFO - Executing <Task(BashOperator): StartJob> on 2024-02-01 01:05:00+00:00
[2024-02-14T03:32:57.259+0000] {standard_task_runner.py:60} INFO - Started process 2369 to run task
[2024-02-14T03:32:57.263+0000] {standard_task_runner.py:87} INFO - Running: ['***', 'tasks', 'run', 'deverlop_model', 'StartJob', 'scheduled__2024-02-01T01:05:00+00:00', '--job-id', '221', '--raw', '--subdir', 'DAGS_FOLDER/task.py', '--cfg-path', '/tmp/tmpft_m5syi']
[2024-02-14T03:32:57.267+0000] {standard_task_runner.py:88} INFO - Job 221: Subtask StartJob
[2024-02-14T03:32:57.332+0000] {task_command.py:423} INFO - Running <TaskInstance: deverlop_model.StartJob scheduled__2024-02-01T01:05:00+00:00 [running]> on host 6e2ff7d2ffd0
[2024-02-14T03:32:57.430+0000] {taskinstance.py:2480} INFO - Exporting env vars: AIRFLOW_CTX_DAG_OWNER='rtn' AIRFLOW_CTX_DAG_ID='deverlop_model' AIRFLOW_CTX_TASK_ID='StartJob' AIRFLOW_CTX_EXECUTION_DATE='2024-02-01T01:05:00+00:00' AIRFLOW_CTX_TRY_NUMBER='1' AIRFLOW_CTX_DAG_RUN_ID='scheduled__2024-02-01T01:05:00+00:00'
[2024-02-14T03:32:57.433+0000] {subprocess.py:63} INFO - Tmp dir root location: /tmp
[2024-02-14T03:32:57.435+0000] {subprocess.py:75} INFO - Running command: ['/usr/bin/bash', '-c', "\n            echo StartJob && \n            if [ ! -e '/opt/***/dags/data/2024-02-14' ]; then\n                mkdir /opt/***/dags/data/2024-02-14 \n            fi && \n            if [ ! -e '/opt/***/dags/data/2024-02-14/data' ]; then\n                mkdir /opt/***/dags/data/2024-02-14/data\n            fi && \n            if [ ! -e '/opt/***/dags/data/2024-02-14/model' ]; then\n                mkdir /opt/***/dags/data/2024-02-14/model\n            fi\n        "]
[2024-02-14T03:32:57.458+0000] {subprocess.py:86} INFO - Output:
[2024-02-14T03:32:57.460+0000] {subprocess.py:93} INFO - StartJob
[2024-02-14T03:32:57.462+0000] {subprocess.py:97} INFO - Command exited with return code 0
[2024-02-14T03:32:57.497+0000] {taskinstance.py:1138} INFO - Marking task as SUCCESS. dag_id=deverlop_model, task_id=StartJob, execution_date=20240201T010500, start_date=20240214T033257, end_date=20240214T033257
[2024-02-14T03:32:57.558+0000] {local_task_job_runner.py:234} INFO - Task exited with return code 0
[2024-02-14T03:32:57.599+0000] {taskinstance.py:3280} INFO - 1 downstream tasks scheduled from follow-on schedule check
[2024-02-14T03:34:26.059+0000] {taskinstance.py:1956} INFO - Dependencies all met for dep_context=non-requeueable deps ti=<TaskInstance: deverlop_model.StartJob scheduled__2024-02-01T01:05:00+00:00 [queued]>
[2024-02-14T03:34:26.078+0000] {taskinstance.py:1956} INFO - Dependencies all met for dep_context=requeueable deps ti=<TaskInstance: deverlop_model.StartJob scheduled__2024-02-01T01:05:00+00:00 [queued]>
[2024-02-14T03:34:26.079+0000] {taskinstance.py:2170} INFO - Starting attempt 1 of 1
[2024-02-14T03:34:26.127+0000] {taskinstance.py:2191} INFO - Executing <Task(BashOperator): StartJob> on 2024-02-01 01:05:00+00:00
[2024-02-14T03:34:26.139+0000] {standard_task_runner.py:60} INFO - Started process 2481 to run task
[2024-02-14T03:34:26.144+0000] {standard_task_runner.py:87} INFO - Running: ['***', 'tasks', 'run', 'deverlop_model', 'StartJob', 'scheduled__2024-02-01T01:05:00+00:00', '--job-id', '243', '--raw', '--subdir', 'DAGS_FOLDER/task.py', '--cfg-path', '/tmp/tmp3xf3oof7']
[2024-02-14T03:34:26.149+0000] {standard_task_runner.py:88} INFO - Job 243: Subtask StartJob
[2024-02-14T03:34:26.263+0000] {task_command.py:423} INFO - Running <TaskInstance: deverlop_model.StartJob scheduled__2024-02-01T01:05:00+00:00 [running]> on host 6e2ff7d2ffd0
[2024-02-14T03:34:26.394+0000] {taskinstance.py:2480} INFO - Exporting env vars: AIRFLOW_CTX_DAG_OWNER='rtn' AIRFLOW_CTX_DAG_ID='deverlop_model' AIRFLOW_CTX_TASK_ID='StartJob' AIRFLOW_CTX_EXECUTION_DATE='2024-02-01T01:05:00+00:00' AIRFLOW_CTX_TRY_NUMBER='1' AIRFLOW_CTX_DAG_RUN_ID='scheduled__2024-02-01T01:05:00+00:00'
[2024-02-14T03:34:26.407+0000] {subprocess.py:63} INFO - Tmp dir root location: /tmp
[2024-02-14T03:34:26.413+0000] {subprocess.py:75} INFO - Running command: ['/usr/bin/bash', '-c', "\n            echo StartJob && \n            if [ ! -e '/opt/***/dags/data/2024-02-14' ]; then\n                mkdir /opt/***/dags/data/2024-02-14 \n            fi && \n            if [ ! -e '/opt/***/dags/data/2024-02-14/data' ]; then\n                mkdir /opt/***/dags/data/2024-02-14/data\n            fi && \n            if [ ! -e '/opt/***/dags/data/2024-02-14/model' ]; then\n                mkdir /opt/***/dags/data/2024-02-14/model\n            fi\n        "]
[2024-02-14T03:34:26.450+0000] {subprocess.py:86} INFO - Output:
[2024-02-14T03:34:26.462+0000] {subprocess.py:93} INFO - StartJob
[2024-02-14T03:34:26.470+0000] {subprocess.py:97} INFO - Command exited with return code 0
[2024-02-14T03:34:26.518+0000] {taskinstance.py:1138} INFO - Marking task as SUCCESS. dag_id=deverlop_model, task_id=StartJob, execution_date=20240201T010500, start_date=20240214T033426, end_date=20240214T033426
[2024-02-14T03:34:26.602+0000] {local_task_job_runner.py:234} INFO - Task exited with return code 0
[2024-02-14T03:34:26.735+0000] {taskinstance.py:3280} INFO - 0 downstream tasks scheduled from follow-on schedule check
[2024-02-14T03:38:02.910+0000] {taskinstance.py:1956} INFO - Dependencies all met for dep_context=non-requeueable deps ti=<TaskInstance: deverlop_model.StartJob scheduled__2024-02-01T01:05:00+00:00 [queued]>
[2024-02-14T03:38:02.927+0000] {taskinstance.py:1956} INFO - Dependencies all met for dep_context=requeueable deps ti=<TaskInstance: deverlop_model.StartJob scheduled__2024-02-01T01:05:00+00:00 [queued]>
[2024-02-14T03:38:02.929+0000] {taskinstance.py:2170} INFO - Starting attempt 1 of 1
[2024-02-14T03:38:02.955+0000] {taskinstance.py:2191} INFO - Executing <Task(BashOperator): StartJob> on 2024-02-01 01:05:00+00:00
[2024-02-14T03:38:02.967+0000] {standard_task_runner.py:60} INFO - Started process 2809 to run task
[2024-02-14T03:38:02.973+0000] {standard_task_runner.py:87} INFO - Running: ['***', 'tasks', 'run', 'deverlop_model', 'StartJob', 'scheduled__2024-02-01T01:05:00+00:00', '--job-id', '321', '--raw', '--subdir', 'DAGS_FOLDER/task.py', '--cfg-path', '/tmp/tmp8kvb1g0b']
[2024-02-14T03:38:02.981+0000] {standard_task_runner.py:88} INFO - Job 321: Subtask StartJob
[2024-02-14T03:38:03.063+0000] {task_command.py:423} INFO - Running <TaskInstance: deverlop_model.StartJob scheduled__2024-02-01T01:05:00+00:00 [running]> on host 6e2ff7d2ffd0
[2024-02-14T03:38:03.343+0000] {taskinstance.py:2480} INFO - Exporting env vars: AIRFLOW_CTX_DAG_OWNER='rtn' AIRFLOW_CTX_DAG_ID='deverlop_model' AIRFLOW_CTX_TASK_ID='StartJob' AIRFLOW_CTX_EXECUTION_DATE='2024-02-01T01:05:00+00:00' AIRFLOW_CTX_TRY_NUMBER='1' AIRFLOW_CTX_DAG_RUN_ID='scheduled__2024-02-01T01:05:00+00:00'
[2024-02-14T03:38:03.347+0000] {subprocess.py:63} INFO - Tmp dir root location: /tmp
[2024-02-14T03:38:03.352+0000] {subprocess.py:75} INFO - Running command: ['/usr/bin/bash', '-c', "\n            echo StartJob && \n            if [ ! -e '/opt/***/dags/data/2024-02-14' ]; then\n                mkdir /opt/***/dags/data/2024-02-14 \n            fi && \n            if [ ! -e '/opt/***/dags/data/2024-02-14/data' ]; then\n                mkdir /opt/***/dags/data/2024-02-14/data\n            fi && \n            if [ ! -e '/opt/***/dags/data/2024-02-14/model' ]; then\n                mkdir /opt/***/dags/data/2024-02-14/model\n            fi\n        "]
[2024-02-14T03:38:03.377+0000] {subprocess.py:86} INFO - Output:
[2024-02-14T03:38:03.379+0000] {subprocess.py:93} INFO - StartJob
[2024-02-14T03:38:03.382+0000] {subprocess.py:97} INFO - Command exited with return code 0
[2024-02-14T03:38:03.418+0000] {taskinstance.py:1138} INFO - Marking task as SUCCESS. dag_id=deverlop_model, task_id=StartJob, execution_date=20240201T010500, start_date=20240214T033802, end_date=20240214T033803
[2024-02-14T03:38:03.469+0000] {local_task_job_runner.py:234} INFO - Task exited with return code 0
[2024-02-14T03:38:03.563+0000] {taskinstance.py:3280} INFO - 0 downstream tasks scheduled from follow-on schedule check
[2024-02-14T03:39:28.352+0000] {taskinstance.py:1956} INFO - Dependencies all met for dep_context=non-requeueable deps ti=<TaskInstance: deverlop_model.StartJob scheduled__2024-02-01T01:05:00+00:00 [queued]>
[2024-02-14T03:39:28.372+0000] {taskinstance.py:1956} INFO - Dependencies all met for dep_context=requeueable deps ti=<TaskInstance: deverlop_model.StartJob scheduled__2024-02-01T01:05:00+00:00 [queued]>
[2024-02-14T03:39:28.379+0000] {taskinstance.py:2170} INFO - Starting attempt 1 of 1
[2024-02-14T03:39:28.416+0000] {taskinstance.py:2191} INFO - Executing <Task(BashOperator): StartJob> on 2024-02-01 01:05:00+00:00
[2024-02-14T03:39:28.446+0000] {standard_task_runner.py:60} INFO - Started process 3015 to run task
[2024-02-14T03:39:28.469+0000] {standard_task_runner.py:87} INFO - Running: ['***', 'tasks', 'run', 'deverlop_model', 'StartJob', 'scheduled__2024-02-01T01:05:00+00:00', '--job-id', '373', '--raw', '--subdir', 'DAGS_FOLDER/task.py', '--cfg-path', '/tmp/tmpn_lyods5']
[2024-02-14T03:39:28.484+0000] {standard_task_runner.py:88} INFO - Job 373: Subtask StartJob
[2024-02-14T03:39:28.607+0000] {task_command.py:423} INFO - Running <TaskInstance: deverlop_model.StartJob scheduled__2024-02-01T01:05:00+00:00 [running]> on host 6e2ff7d2ffd0
[2024-02-14T03:39:28.803+0000] {taskinstance.py:2480} INFO - Exporting env vars: AIRFLOW_CTX_DAG_OWNER='rtn' AIRFLOW_CTX_DAG_ID='deverlop_model' AIRFLOW_CTX_TASK_ID='StartJob' AIRFLOW_CTX_EXECUTION_DATE='2024-02-01T01:05:00+00:00' AIRFLOW_CTX_TRY_NUMBER='1' AIRFLOW_CTX_DAG_RUN_ID='scheduled__2024-02-01T01:05:00+00:00'
[2024-02-14T03:39:28.810+0000] {subprocess.py:63} INFO - Tmp dir root location: /tmp
[2024-02-14T03:39:28.828+0000] {subprocess.py:75} INFO - Running command: ['/usr/bin/bash', '-c', "\n            echo StartJob && \n            if [ ! -e '/opt/***/dags/data/2024-02-14' ]; then\n                mkdir /opt/***/dags/data/2024-02-14 \n            fi && \n            if [ ! -e '/opt/***/dags/data/2024-02-14/data' ]; then\n                mkdir /opt/***/dags/data/2024-02-14/data\n            fi && \n            if [ ! -e '/opt/***/dags/data/2024-02-14/model' ]; then\n                mkdir /opt/***/dags/data/2024-02-14/model\n            fi\n        "]
[2024-02-14T03:39:28.868+0000] {subprocess.py:86} INFO - Output:
[2024-02-14T03:39:28.873+0000] {subprocess.py:93} INFO - StartJob
[2024-02-14T03:39:28.884+0000] {subprocess.py:97} INFO - Command exited with return code 0
[2024-02-14T03:39:28.925+0000] {taskinstance.py:1138} INFO - Marking task as SUCCESS. dag_id=deverlop_model, task_id=StartJob, execution_date=20240201T010500, start_date=20240214T033928, end_date=20240214T033928
[2024-02-14T03:39:28.984+0000] {local_task_job_runner.py:234} INFO - Task exited with return code 0
[2024-02-14T03:39:29.030+0000] {taskinstance.py:3280} INFO - 1 downstream tasks scheduled from follow-on schedule check
