[2024-02-13T09:37:51.471+0000] {taskinstance.py:1956} INFO - Dependencies all met for dep_context=non-requeueable deps ti=<TaskInstance: deverlop_model.data_sets manual__2024-02-13T09:37:44.180541+00:00 [queued]>
[2024-02-13T09:37:51.484+0000] {taskinstance.py:1956} INFO - Dependencies all met for dep_context=requeueable deps ti=<TaskInstance: deverlop_model.data_sets manual__2024-02-13T09:37:44.180541+00:00 [queued]>
[2024-02-13T09:37:51.485+0000] {taskinstance.py:2170} INFO - Starting attempt 1 of 1
[2024-02-13T09:37:51.498+0000] {taskinstance.py:2191} INFO - Executing <Task(DockerOperator): data_sets> on 2024-02-13 09:37:44.180541+00:00
[2024-02-13T09:37:51.506+0000] {standard_task_runner.py:60} INFO - Started process 270 to run task
[2024-02-13T09:37:51.510+0000] {standard_task_runner.py:87} INFO - Running: ['***', 'tasks', 'run', 'deverlop_model', 'data_sets', 'manual__2024-02-13T09:37:44.180541+00:00', '--job-id', '4', '--raw', '--subdir', 'DAGS_FOLDER/task.py', '--cfg-path', '/tmp/tmprqblmpxs']
[2024-02-13T09:37:51.513+0000] {standard_task_runner.py:88} INFO - Job 4: Subtask data_sets
[2024-02-13T09:37:51.562+0000] {task_command.py:423} INFO - Running <TaskInstance: deverlop_model.data_sets manual__2024-02-13T09:37:44.180541+00:00 [running]> on host 292a13d21cb7
[2024-02-13T09:37:51.655+0000] {taskinstance.py:2480} INFO - Exporting env vars: AIRFLOW_CTX_DAG_OWNER='rtn' AIRFLOW_CTX_DAG_ID='deverlop_model' AIRFLOW_CTX_TASK_ID='data_sets' AIRFLOW_CTX_EXECUTION_DATE='2024-02-13T09:37:44.180541+00:00' AIRFLOW_CTX_TRY_NUMBER='1' AIRFLOW_CTX_DAG_RUN_ID='manual__2024-02-13T09:37:44.180541+00:00'
[2024-02-13T09:37:51.713+0000] {docker.py:486} INFO - Pulling docker image python:3.8
[2024-02-13T09:37:55.158+0000] {docker.py:500} INFO - 3.8: Pulling from library/python
[2024-02-13T09:37:56.057+0000] {docker.py:500} INFO - 6a299ae9cfd9: Pulling fs layer
[2024-02-13T09:37:56.058+0000] {docker.py:500} INFO - e08e8703b2fb: Pulling fs layer
[2024-02-13T09:37:56.058+0000] {docker.py:500} INFO - 68e92d11b04e: Pulling fs layer
[2024-02-13T09:37:56.059+0000] {docker.py:500} INFO - 5b9fe7fef9be: Pulling fs layer
[2024-02-13T09:37:56.060+0000] {docker.py:500} INFO - 09864a904dd0: Pulling fs layer
[2024-02-13T09:37:56.061+0000] {docker.py:500} INFO - a1422769d5be: Pulling fs layer
[2024-02-13T09:37:56.062+0000] {docker.py:500} INFO - fad1ae7101cd: Pulling fs layer
[2024-02-13T09:37:56.062+0000] {docker.py:500} INFO - 96467e04897d: Pulling fs layer
[2024-02-13T09:37:56.063+0000] {docker.py:500} INFO - 09864a904dd0: Waiting
[2024-02-13T09:37:56.064+0000] {docker.py:500} INFO - 96467e04897d: Waiting
[2024-02-13T09:37:56.064+0000] {docker.py:500} INFO - 5b9fe7fef9be: Waiting
[2024-02-13T09:37:56.065+0000] {docker.py:500} INFO - a1422769d5be: Waiting
[2024-02-13T09:37:56.066+0000] {docker.py:500} INFO - fad1ae7101cd: Waiting
[2024-02-13T09:37:57.142+0000] {docker.py:500} INFO - 6a299ae9cfd9: Downloading
[2024-02-13T09:37:57.150+0000] {docker.py:500} INFO - e08e8703b2fb: Downloading
[2024-02-13T09:37:57.188+0000] {docker.py:500} INFO - 68e92d11b04e: Downloading
[2024-02-13T09:37:59.966+0000] {docker.py:500} INFO - e08e8703b2fb: Verifying Checksum
[2024-02-13T09:37:59.967+0000] {docker.py:500} INFO - e08e8703b2fb: Download complete
[2024-02-13T09:38:01.229+0000] {docker.py:500} INFO - 5b9fe7fef9be: Downloading
[2024-02-13T09:38:03.619+0000] {docker.py:500} INFO - 68e92d11b04e: Verifying Checksum
[2024-02-13T09:38:03.620+0000] {docker.py:500} INFO - 68e92d11b04e: Download complete
[2024-02-13T09:38:04.570+0000] {docker.py:500} INFO - 6a299ae9cfd9: Verifying Checksum
[2024-02-13T09:38:04.571+0000] {docker.py:500} INFO - 6a299ae9cfd9: Download complete
[2024-02-13T09:38:04.665+0000] {docker.py:500} INFO - 09864a904dd0: Downloading
[2024-02-13T09:38:04.702+0000] {docker.py:500} INFO - 6a299ae9cfd9: Extracting
[2024-02-13T09:38:05.409+0000] {docker.py:500} INFO - 09864a904dd0: Verifying Checksum
[2024-02-13T09:38:05.410+0000] {docker.py:500} INFO - 09864a904dd0: Download complete
[2024-02-13T09:38:05.771+0000] {docker.py:500} INFO - a1422769d5be: Downloading
[2024-02-13T09:38:06.909+0000] {docker.py:500} INFO - fad1ae7101cd: Downloading
[2024-02-13T09:38:06.911+0000] {docker.py:500} INFO - fad1ae7101cd: Verifying Checksum
[2024-02-13T09:38:06.912+0000] {docker.py:500} INFO - fad1ae7101cd: Download complete
[2024-02-13T09:38:07.706+0000] {docker.py:500} INFO - a1422769d5be: Verifying Checksum
[2024-02-13T09:38:07.707+0000] {docker.py:500} INFO - a1422769d5be: Download complete
[2024-02-13T09:38:07.954+0000] {docker.py:500} INFO - 6a299ae9cfd9: Pull complete
[2024-02-13T09:38:08.020+0000] {docker.py:500} INFO - e08e8703b2fb: Extracting
[2024-02-13T09:38:08.049+0000] {docker.py:500} INFO - 96467e04897d: Downloading
[2024-02-13T09:38:08.440+0000] {docker.py:500} INFO - 96467e04897d: Verifying Checksum
[2024-02-13T09:38:08.442+0000] {docker.py:500} INFO - 96467e04897d: Download complete
[2024-02-13T09:38:09.558+0000] {docker.py:500} INFO - e08e8703b2fb: Pull complete
[2024-02-13T09:38:09.596+0000] {docker.py:500} INFO - 68e92d11b04e: Extracting
[2024-02-13T09:38:13.247+0000] {docker.py:500} INFO - 5b9fe7fef9be: Download complete
[2024-02-13T09:38:13.617+0000] {docker.py:500} INFO - 68e92d11b04e: Pull complete
[2024-02-13T09:38:13.874+0000] {docker.py:500} INFO - 5b9fe7fef9be: Extracting
[2024-02-13T09:38:28.765+0000] {docker.py:500} INFO - 5b9fe7fef9be: Pull complete
[2024-02-13T09:38:28.812+0000] {docker.py:500} INFO - 09864a904dd0: Extracting
[2024-02-13T09:38:29.621+0000] {docker.py:500} INFO - 09864a904dd0: Pull complete
[2024-02-13T09:38:29.682+0000] {docker.py:500} INFO - a1422769d5be: Extracting
[2024-02-13T09:38:30.792+0000] {docker.py:500} INFO - a1422769d5be: Pull complete
[2024-02-13T09:38:30.814+0000] {docker.py:500} INFO - fad1ae7101cd: Extracting
[2024-02-13T09:38:52.185+0000] {docker.py:500} INFO - fad1ae7101cd: Pull complete
[2024-02-13T09:38:54.257+0000] {docker.py:500} INFO - 96467e04897d: Extracting
[2024-02-13T09:38:55.831+0000] {docker.py:500} INFO - 96467e04897d: Pull complete
[2024-02-13T09:38:55.993+0000] {docker.py:495} INFO - Digest: sha256:17a798bdf8a50f2275d3e51865da8df3c35a7be9f53205be9692683bf6fc2602
[2024-02-13T09:38:56.035+0000] {docker.py:495} INFO - Status: Downloaded newer image for python:3.8
[2024-02-13T09:38:56.046+0000] {docker.py:359} INFO - Starting docker container from image python:3.8
[2024-02-13T09:39:00.377+0000] {docker.py:429} INFO - WARNING: Running pip as the 'root' user can result in broken permissions and conflicting behaviour with the system package manager. It is recommended to use a virtual environment instead: https://pip.pypa.io/warnings/venv
[2024-02-13T09:39:00.710+0000] {docker.py:429} INFO - [notice] A new release of pip is available: 23.0.1 -> 24.0
[notice] To update, run: pip install --upgrade pip
[2024-02-13T09:39:05.816+0000] {docker.py:429} INFO - READ DATA :  HELLO WORLD  timestamp :  2024-02-13 09:39:05.812632
[2024-02-13T09:39:07.659+0000] {taskinstance.py:1138} INFO - Marking task as SUCCESS. dag_id=deverlop_model, task_id=data_sets, execution_date=20240213T093744, start_date=20240213T093751, end_date=20240213T093907
[2024-02-13T09:39:07.710+0000] {local_task_job_runner.py:234} INFO - Task exited with return code 0
[2024-02-13T09:39:07.734+0000] {taskinstance.py:3280} INFO - 1 downstream tasks scheduled from follow-on schedule check
