[2024-02-14T02:06:57.983+0000] {taskinstance.py:1956} INFO - Dependencies all met for dep_context=non-requeueable deps ti=<TaskInstance: deverlop_model.StartJob scheduled__2024-01-01T00:05:00+00:00 [queued]>
[2024-02-14T02:06:58.005+0000] {taskinstance.py:1956} INFO - Dependencies all met for dep_context=requeueable deps ti=<TaskInstance: deverlop_model.StartJob scheduled__2024-01-01T00:05:00+00:00 [queued]>
[2024-02-14T02:06:58.007+0000] {taskinstance.py:2170} INFO - Starting attempt 1 of 1
[2024-02-14T02:06:58.033+0000] {taskinstance.py:2191} INFO - Executing <Task(BashOperator): StartJob> on 2024-01-01 00:05:00+00:00
[2024-02-14T02:06:58.055+0000] {standard_task_runner.py:60} INFO - Started process 308 to run task
[2024-02-14T02:06:58.059+0000] {standard_task_runner.py:87} INFO - Running: ['***', 'tasks', 'run', 'deverlop_model', 'StartJob', 'scheduled__2024-01-01T00:05:00+00:00', '--job-id', '8', '--raw', '--subdir', 'DAGS_FOLDER/task.py', '--cfg-path', '/tmp/tmptd33ls6l']
[2024-02-14T02:06:58.063+0000] {standard_task_runner.py:88} INFO - Job 8: Subtask StartJob
[2024-02-14T02:06:58.242+0000] {task_command.py:423} INFO - Running <TaskInstance: deverlop_model.StartJob scheduled__2024-01-01T00:05:00+00:00 [running]> on host 6e2ff7d2ffd0
[2024-02-14T02:06:58.487+0000] {taskinstance.py:2480} INFO - Exporting env vars: AIRFLOW_CTX_DAG_OWNER='rtn' AIRFLOW_CTX_DAG_ID='deverlop_model' AIRFLOW_CTX_TASK_ID='StartJob' AIRFLOW_CTX_EXECUTION_DATE='2024-01-01T00:05:00+00:00' AIRFLOW_CTX_TRY_NUMBER='1' AIRFLOW_CTX_DAG_RUN_ID='scheduled__2024-01-01T00:05:00+00:00'
[2024-02-14T02:06:58.495+0000] {subprocess.py:63} INFO - Tmp dir root location: /tmp
[2024-02-14T02:06:58.498+0000] {subprocess.py:75} INFO - Running command: ['/usr/bin/bash', '-c', 'echo StartJob']
[2024-02-14T02:06:58.534+0000] {subprocess.py:86} INFO - Output:
[2024-02-14T02:06:58.535+0000] {subprocess.py:93} INFO - StartJob
[2024-02-14T02:06:58.538+0000] {subprocess.py:97} INFO - Command exited with return code 0
[2024-02-14T02:06:58.608+0000] {taskinstance.py:1138} INFO - Marking task as SUCCESS. dag_id=deverlop_model, task_id=StartJob, execution_date=20240101T000500, start_date=20240214T020657, end_date=20240214T020658
[2024-02-14T02:06:58.683+0000] {local_task_job_runner.py:234} INFO - Task exited with return code 0
[2024-02-14T02:06:58.766+0000] {taskinstance.py:3280} INFO - 1 downstream tasks scheduled from follow-on schedule check
[2024-02-14T03:53:44.385+0000] {taskinstance.py:1956} INFO - Dependencies all met for dep_context=non-requeueable deps ti=<TaskInstance: deverlop_model.StartJob scheduled__2024-01-01T00:05:00+00:00 [queued]>
[2024-02-14T03:53:44.420+0000] {taskinstance.py:1956} INFO - Dependencies all met for dep_context=requeueable deps ti=<TaskInstance: deverlop_model.StartJob scheduled__2024-01-01T00:05:00+00:00 [queued]>
[2024-02-14T03:53:44.423+0000] {taskinstance.py:2170} INFO - Starting attempt 1 of 1
[2024-02-14T03:53:44.478+0000] {taskinstance.py:2191} INFO - Executing <Task(BashOperator): StartJob> on 2024-01-01 00:05:00+00:00
[2024-02-14T03:53:44.511+0000] {standard_task_runner.py:60} INFO - Started process 3399 to run task
[2024-02-14T03:53:44.520+0000] {standard_task_runner.py:87} INFO - Running: ['***', 'tasks', 'run', 'deverlop_model', 'StartJob', 'scheduled__2024-01-01T00:05:00+00:00', '--job-id', '422', '--raw', '--subdir', 'DAGS_FOLDER/task.py', '--cfg-path', '/tmp/tmpgci9fkhz']
[2024-02-14T03:53:44.524+0000] {standard_task_runner.py:88} INFO - Job 422: Subtask StartJob
[2024-02-14T03:53:44.702+0000] {task_command.py:423} INFO - Running <TaskInstance: deverlop_model.StartJob scheduled__2024-01-01T00:05:00+00:00 [running]> on host 6e2ff7d2ffd0
[2024-02-14T03:53:44.945+0000] {taskinstance.py:2480} INFO - Exporting env vars: AIRFLOW_CTX_DAG_OWNER='rtn' AIRFLOW_CTX_DAG_ID='deverlop_model' AIRFLOW_CTX_TASK_ID='StartJob' AIRFLOW_CTX_EXECUTION_DATE='2024-01-01T00:05:00+00:00' AIRFLOW_CTX_TRY_NUMBER='1' AIRFLOW_CTX_DAG_RUN_ID='scheduled__2024-01-01T00:05:00+00:00'
[2024-02-14T03:53:44.958+0000] {subprocess.py:63} INFO - Tmp dir root location: /tmp
[2024-02-14T03:53:44.962+0000] {subprocess.py:75} INFO - Running command: ['/usr/bin/bash', '-c', "\n            echo StartJob && \n            if [ ! -e '/opt/***/dags/data/2024-02-14' ]; then\n                mkdir /opt/***/dags/data/2024-02-14 \n            fi && \n            if [ ! -e '/opt/***/dags/data/2024-02-14/data' ]; then\n                mkdir /opt/***/dags/data/2024-02-14/data\n            fi && \n            if [ ! -e '/opt/***/dags/data/2024-02-14/model' ]; then\n                mkdir /opt/***/dags/data/2024-02-14/model\n            fi\n        "]
[2024-02-14T03:53:45.027+0000] {subprocess.py:86} INFO - Output:
[2024-02-14T03:53:45.031+0000] {subprocess.py:93} INFO - StartJob
[2024-02-14T03:53:45.047+0000] {subprocess.py:97} INFO - Command exited with return code 0
[2024-02-14T03:53:45.107+0000] {taskinstance.py:1138} INFO - Marking task as SUCCESS. dag_id=deverlop_model, task_id=StartJob, execution_date=20240101T000500, start_date=20240214T035344, end_date=20240214T035345
[2024-02-14T03:53:45.189+0000] {local_task_job_runner.py:234} INFO - Task exited with return code 0
[2024-02-14T03:53:45.488+0000] {taskinstance.py:3280} INFO - 0 downstream tasks scheduled from follow-on schedule check
[2024-02-14T03:55:58.743+0000] {taskinstance.py:1956} INFO - Dependencies all met for dep_context=non-requeueable deps ti=<TaskInstance: deverlop_model.StartJob scheduled__2024-01-01T00:05:00+00:00 [queued]>
[2024-02-14T03:55:58.757+0000] {taskinstance.py:1956} INFO - Dependencies all met for dep_context=requeueable deps ti=<TaskInstance: deverlop_model.StartJob scheduled__2024-01-01T00:05:00+00:00 [queued]>
[2024-02-14T03:55:58.758+0000] {taskinstance.py:2170} INFO - Starting attempt 1 of 1
[2024-02-14T03:55:58.780+0000] {taskinstance.py:2191} INFO - Executing <Task(BashOperator): StartJob> on 2024-01-01 00:05:00+00:00
[2024-02-14T03:55:58.791+0000] {standard_task_runner.py:60} INFO - Started process 3511 to run task
[2024-02-14T03:55:58.798+0000] {standard_task_runner.py:87} INFO - Running: ['***', 'tasks', 'run', 'deverlop_model', 'StartJob', 'scheduled__2024-01-01T00:05:00+00:00', '--job-id', '445', '--raw', '--subdir', 'DAGS_FOLDER/task.py', '--cfg-path', '/tmp/tmp6smh8rl9']
[2024-02-14T03:55:58.804+0000] {standard_task_runner.py:88} INFO - Job 445: Subtask StartJob
[2024-02-14T03:55:58.895+0000] {task_command.py:423} INFO - Running <TaskInstance: deverlop_model.StartJob scheduled__2024-01-01T00:05:00+00:00 [running]> on host 6e2ff7d2ffd0
[2024-02-14T03:55:59.058+0000] {taskinstance.py:2480} INFO - Exporting env vars: AIRFLOW_CTX_DAG_OWNER='***' AIRFLOW_CTX_DAG_ID='deverlop_model' AIRFLOW_CTX_TASK_ID='StartJob' AIRFLOW_CTX_EXECUTION_DATE='2024-01-01T00:05:00+00:00' AIRFLOW_CTX_TRY_NUMBER='1' AIRFLOW_CTX_DAG_RUN_ID='scheduled__2024-01-01T00:05:00+00:00'
[2024-02-14T03:55:59.064+0000] {subprocess.py:63} INFO - Tmp dir root location: /tmp
[2024-02-14T03:55:59.072+0000] {subprocess.py:75} INFO - Running command: ['/usr/bin/bash', '-c', "\n            echo StartJob && \n            if [ ! -e '/opt/***/dags/data/2024-02-14' ]; then\n                mkdir /opt/***/dags/data/2024-02-14 \n            fi && \n            if [ ! -e '/opt/***/dags/data/2024-02-14/data' ]; then\n                mkdir /opt/***/dags/data/2024-02-14/data\n            fi && \n            if [ ! -e '/opt/***/dags/data/2024-02-14/model' ]; then\n                mkdir /opt/***/dags/data/2024-02-14/model\n            fi\n        "]
[2024-02-14T03:55:59.111+0000] {subprocess.py:86} INFO - Output:
[2024-02-14T03:55:59.113+0000] {subprocess.py:93} INFO - StartJob
[2024-02-14T03:55:59.132+0000] {subprocess.py:97} INFO - Command exited with return code 0
[2024-02-14T03:55:59.200+0000] {taskinstance.py:1138} INFO - Marking task as SUCCESS. dag_id=deverlop_model, task_id=StartJob, execution_date=20240101T000500, start_date=20240214T035558, end_date=20240214T035559
[2024-02-14T03:55:59.262+0000] {local_task_job_runner.py:234} INFO - Task exited with return code 0
[2024-02-14T03:55:59.309+0000] {taskinstance.py:3280} INFO - 1 downstream tasks scheduled from follow-on schedule check
[2024-02-14T04:00:38.656+0000] {taskinstance.py:1956} INFO - Dependencies all met for dep_context=non-requeueable deps ti=<TaskInstance: deverlop_model.StartJob scheduled__2024-01-01T00:05:00+00:00 [queued]>
[2024-02-14T04:00:38.673+0000] {taskinstance.py:1956} INFO - Dependencies all met for dep_context=requeueable deps ti=<TaskInstance: deverlop_model.StartJob scheduled__2024-01-01T00:05:00+00:00 [queued]>
[2024-02-14T04:00:38.674+0000] {taskinstance.py:2170} INFO - Starting attempt 1 of 1
[2024-02-14T04:00:38.701+0000] {taskinstance.py:2191} INFO - Executing <Task(BashOperator): StartJob> on 2024-01-01 00:05:00+00:00
[2024-02-14T04:00:38.713+0000] {standard_task_runner.py:60} INFO - Started process 3809 to run task
[2024-02-14T04:00:38.722+0000] {standard_task_runner.py:87} INFO - Running: ['***', 'tasks', 'run', 'deverlop_model', 'StartJob', 'scheduled__2024-01-01T00:05:00+00:00', '--job-id', '510', '--raw', '--subdir', 'DAGS_FOLDER/task.py', '--cfg-path', '/tmp/tmpn9gdr1sh']
[2024-02-14T04:00:38.730+0000] {standard_task_runner.py:88} INFO - Job 510: Subtask StartJob
[2024-02-14T04:00:38.812+0000] {task_command.py:423} INFO - Running <TaskInstance: deverlop_model.StartJob scheduled__2024-01-01T00:05:00+00:00 [running]> on host 6e2ff7d2ffd0
[2024-02-14T04:00:38.928+0000] {taskinstance.py:2480} INFO - Exporting env vars: AIRFLOW_CTX_DAG_OWNER='***' AIRFLOW_CTX_DAG_ID='deverlop_model' AIRFLOW_CTX_TASK_ID='StartJob' AIRFLOW_CTX_EXECUTION_DATE='2024-01-01T00:05:00+00:00' AIRFLOW_CTX_TRY_NUMBER='1' AIRFLOW_CTX_DAG_RUN_ID='scheduled__2024-01-01T00:05:00+00:00'
[2024-02-14T04:00:38.933+0000] {subprocess.py:63} INFO - Tmp dir root location: /tmp
[2024-02-14T04:00:38.936+0000] {subprocess.py:75} INFO - Running command: ['/usr/bin/bash', '-c', "\n            echo StartJob && \n            if [ ! -e '/opt/***/dags/data/2024-02-14' ]; then\n                mkdir /opt/***/dags/data/2024-02-14 \n            fi && \n            if [ ! -e '/opt/***/dags/data/2024-02-14/data' ]; then\n                mkdir /opt/***/dags/data/2024-02-14/data\n            fi && \n            if [ ! -e '/opt/***/dags/data/2024-02-14/model' ]; then\n                mkdir /opt/***/dags/data/2024-02-14/model\n            fi\n        "]
[2024-02-14T04:00:38.968+0000] {subprocess.py:86} INFO - Output:
[2024-02-14T04:00:38.969+0000] {subprocess.py:93} INFO - StartJob
[2024-02-14T04:00:38.975+0000] {subprocess.py:97} INFO - Command exited with return code 0
[2024-02-14T04:00:39.017+0000] {taskinstance.py:1138} INFO - Marking task as SUCCESS. dag_id=deverlop_model, task_id=StartJob, execution_date=20240101T000500, start_date=20240214T040038, end_date=20240214T040039
[2024-02-14T04:00:39.055+0000] {local_task_job_runner.py:234} INFO - Task exited with return code 0
[2024-02-14T04:00:39.095+0000] {taskinstance.py:3280} INFO - 1 downstream tasks scheduled from follow-on schedule check
