[2024-02-14T02:07:09.089+0000] {taskinstance.py:1956} INFO - Dependencies all met for dep_context=non-requeueable deps ti=<TaskInstance: deverlop_model.StartJob scheduled__2024-01-01T00:40:00+00:00 [queued]>
[2024-02-14T02:07:09.150+0000] {taskinstance.py:1956} INFO - Dependencies all met for dep_context=requeueable deps ti=<TaskInstance: deverlop_model.StartJob scheduled__2024-01-01T00:40:00+00:00 [queued]>
[2024-02-14T02:07:09.152+0000] {taskinstance.py:2170} INFO - Starting attempt 1 of 1
[2024-02-14T02:07:09.225+0000] {taskinstance.py:2191} INFO - Executing <Task(BashOperator): StartJob> on 2024-01-01 00:40:00+00:00
[2024-02-14T02:07:09.262+0000] {standard_task_runner.py:60} INFO - Started process 375 to run task
[2024-02-14T02:07:09.361+0000] {standard_task_runner.py:87} INFO - Running: ['***', 'tasks', 'run', 'deverlop_model', 'StartJob', 'scheduled__2024-01-01T00:40:00+00:00', '--job-id', '23', '--raw', '--subdir', 'DAGS_FOLDER/task.py', '--cfg-path', '/tmp/tmpmkohtml0']
[2024-02-14T02:07:09.435+0000] {standard_task_runner.py:88} INFO - Job 23: Subtask StartJob
[2024-02-14T02:07:09.761+0000] {task_command.py:423} INFO - Running <TaskInstance: deverlop_model.StartJob scheduled__2024-01-01T00:40:00+00:00 [running]> on host 6e2ff7d2ffd0
[2024-02-14T02:07:10.070+0000] {taskinstance.py:2480} INFO - Exporting env vars: AIRFLOW_CTX_DAG_OWNER='rtn' AIRFLOW_CTX_DAG_ID='deverlop_model' AIRFLOW_CTX_TASK_ID='StartJob' AIRFLOW_CTX_EXECUTION_DATE='2024-01-01T00:40:00+00:00' AIRFLOW_CTX_TRY_NUMBER='1' AIRFLOW_CTX_DAG_RUN_ID='scheduled__2024-01-01T00:40:00+00:00'
[2024-02-14T02:07:10.100+0000] {subprocess.py:63} INFO - Tmp dir root location: /tmp
[2024-02-14T02:07:10.108+0000] {subprocess.py:75} INFO - Running command: ['/usr/bin/bash', '-c', 'echo StartJob']
[2024-02-14T02:07:10.143+0000] {subprocess.py:86} INFO - Output:
[2024-02-14T02:07:10.151+0000] {subprocess.py:93} INFO - StartJob
[2024-02-14T02:07:10.152+0000] {subprocess.py:97} INFO - Command exited with return code 0
[2024-02-14T02:07:10.259+0000] {taskinstance.py:1138} INFO - Marking task as SUCCESS. dag_id=deverlop_model, task_id=StartJob, execution_date=20240101T004000, start_date=20240214T020709, end_date=20240214T020710
[2024-02-14T02:07:10.327+0000] {local_task_job_runner.py:234} INFO - Task exited with return code 0
[2024-02-14T02:07:10.368+0000] {taskinstance.py:3280} INFO - 1 downstream tasks scheduled from follow-on schedule check
[2024-02-14T03:53:46.946+0000] {taskinstance.py:1956} INFO - Dependencies all met for dep_context=non-requeueable deps ti=<TaskInstance: deverlop_model.StartJob scheduled__2024-01-01T00:40:00+00:00 [queued]>
[2024-02-14T03:53:46.997+0000] {taskinstance.py:1956} INFO - Dependencies all met for dep_context=requeueable deps ti=<TaskInstance: deverlop_model.StartJob scheduled__2024-01-01T00:40:00+00:00 [queued]>
[2024-02-14T03:53:46.999+0000] {taskinstance.py:2170} INFO - Starting attempt 1 of 1
[2024-02-14T03:53:47.035+0000] {taskinstance.py:2191} INFO - Executing <Task(BashOperator): StartJob> on 2024-01-01 00:40:00+00:00
[2024-02-14T03:53:47.056+0000] {standard_task_runner.py:60} INFO - Started process 3427 to run task
[2024-02-14T03:53:47.083+0000] {standard_task_runner.py:87} INFO - Running: ['***', 'tasks', 'run', 'deverlop_model', 'StartJob', 'scheduled__2024-01-01T00:40:00+00:00', '--job-id', '429', '--raw', '--subdir', 'DAGS_FOLDER/task.py', '--cfg-path', '/tmp/tmp_nty6om2']
[2024-02-14T03:53:47.090+0000] {standard_task_runner.py:88} INFO - Job 429: Subtask StartJob
[2024-02-14T03:53:47.251+0000] {task_command.py:423} INFO - Running <TaskInstance: deverlop_model.StartJob scheduled__2024-01-01T00:40:00+00:00 [running]> on host 6e2ff7d2ffd0
[2024-02-14T03:53:47.565+0000] {taskinstance.py:2480} INFO - Exporting env vars: AIRFLOW_CTX_DAG_OWNER='rtn' AIRFLOW_CTX_DAG_ID='deverlop_model' AIRFLOW_CTX_TASK_ID='StartJob' AIRFLOW_CTX_EXECUTION_DATE='2024-01-01T00:40:00+00:00' AIRFLOW_CTX_TRY_NUMBER='1' AIRFLOW_CTX_DAG_RUN_ID='scheduled__2024-01-01T00:40:00+00:00'
[2024-02-14T03:53:47.574+0000] {subprocess.py:63} INFO - Tmp dir root location: /tmp
[2024-02-14T03:53:47.579+0000] {subprocess.py:75} INFO - Running command: ['/usr/bin/bash', '-c', "\n            echo StartJob && \n            if [ ! -e '/opt/***/dags/data/2024-02-14' ]; then\n                mkdir /opt/***/dags/data/2024-02-14 \n            fi && \n            if [ ! -e '/opt/***/dags/data/2024-02-14/data' ]; then\n                mkdir /opt/***/dags/data/2024-02-14/data\n            fi && \n            if [ ! -e '/opt/***/dags/data/2024-02-14/model' ]; then\n                mkdir /opt/***/dags/data/2024-02-14/model\n            fi\n        "]
[2024-02-14T03:53:47.646+0000] {subprocess.py:86} INFO - Output:
[2024-02-14T03:53:47.649+0000] {subprocess.py:93} INFO - StartJob
[2024-02-14T03:53:47.672+0000] {subprocess.py:97} INFO - Command exited with return code 0
[2024-02-14T03:53:47.734+0000] {taskinstance.py:1138} INFO - Marking task as SUCCESS. dag_id=deverlop_model, task_id=StartJob, execution_date=20240101T004000, start_date=20240214T035346, end_date=20240214T035347
[2024-02-14T03:53:47.827+0000] {local_task_job_runner.py:234} INFO - Task exited with return code 0
[2024-02-14T03:53:47.896+0000] {taskinstance.py:3280} INFO - 1 downstream tasks scheduled from follow-on schedule check
[2024-02-14T03:56:00.521+0000] {taskinstance.py:1956} INFO - Dependencies all met for dep_context=non-requeueable deps ti=<TaskInstance: deverlop_model.StartJob scheduled__2024-01-01T00:40:00+00:00 [queued]>
[2024-02-14T03:56:00.545+0000] {taskinstance.py:1956} INFO - Dependencies all met for dep_context=requeueable deps ti=<TaskInstance: deverlop_model.StartJob scheduled__2024-01-01T00:40:00+00:00 [queued]>
[2024-02-14T03:56:00.546+0000] {taskinstance.py:2170} INFO - Starting attempt 1 of 1
[2024-02-14T03:56:00.567+0000] {taskinstance.py:2191} INFO - Executing <Task(BashOperator): StartJob> on 2024-01-01 00:40:00+00:00
[2024-02-14T03:56:00.578+0000] {standard_task_runner.py:60} INFO - Started process 3541 to run task
[2024-02-14T03:56:00.582+0000] {standard_task_runner.py:87} INFO - Running: ['***', 'tasks', 'run', 'deverlop_model', 'StartJob', 'scheduled__2024-01-01T00:40:00+00:00', '--job-id', '452', '--raw', '--subdir', 'DAGS_FOLDER/task.py', '--cfg-path', '/tmp/tmpwjc86si8']
[2024-02-14T03:56:00.586+0000] {standard_task_runner.py:88} INFO - Job 452: Subtask StartJob
[2024-02-14T03:56:00.657+0000] {task_command.py:423} INFO - Running <TaskInstance: deverlop_model.StartJob scheduled__2024-01-01T00:40:00+00:00 [running]> on host 6e2ff7d2ffd0
[2024-02-14T03:56:00.780+0000] {taskinstance.py:2480} INFO - Exporting env vars: AIRFLOW_CTX_DAG_OWNER='***' AIRFLOW_CTX_DAG_ID='deverlop_model' AIRFLOW_CTX_TASK_ID='StartJob' AIRFLOW_CTX_EXECUTION_DATE='2024-01-01T00:40:00+00:00' AIRFLOW_CTX_TRY_NUMBER='1' AIRFLOW_CTX_DAG_RUN_ID='scheduled__2024-01-01T00:40:00+00:00'
[2024-02-14T03:56:00.786+0000] {subprocess.py:63} INFO - Tmp dir root location: /tmp
[2024-02-14T03:56:00.804+0000] {subprocess.py:75} INFO - Running command: ['/usr/bin/bash', '-c', "\n            echo StartJob && \n            if [ ! -e '/opt/***/dags/data/2024-02-14' ]; then\n                mkdir /opt/***/dags/data/2024-02-14 \n            fi && \n            if [ ! -e '/opt/***/dags/data/2024-02-14/data' ]; then\n                mkdir /opt/***/dags/data/2024-02-14/data\n            fi && \n            if [ ! -e '/opt/***/dags/data/2024-02-14/model' ]; then\n                mkdir /opt/***/dags/data/2024-02-14/model\n            fi\n        "]
[2024-02-14T03:56:00.843+0000] {subprocess.py:86} INFO - Output:
[2024-02-14T03:56:00.845+0000] {subprocess.py:93} INFO - StartJob
[2024-02-14T03:56:00.862+0000] {subprocess.py:97} INFO - Command exited with return code 0
[2024-02-14T03:56:00.921+0000] {taskinstance.py:1138} INFO - Marking task as SUCCESS. dag_id=deverlop_model, task_id=StartJob, execution_date=20240101T004000, start_date=20240214T035600, end_date=20240214T035600
[2024-02-14T03:56:01.000+0000] {local_task_job_runner.py:234} INFO - Task exited with return code 0
[2024-02-14T03:56:01.036+0000] {taskinstance.py:3280} INFO - 1 downstream tasks scheduled from follow-on schedule check
[2024-02-14T04:00:40.441+0000] {taskinstance.py:1956} INFO - Dependencies all met for dep_context=non-requeueable deps ti=<TaskInstance: deverlop_model.StartJob scheduled__2024-01-01T00:40:00+00:00 [queued]>
[2024-02-14T04:00:40.456+0000] {taskinstance.py:1956} INFO - Dependencies all met for dep_context=requeueable deps ti=<TaskInstance: deverlop_model.StartJob scheduled__2024-01-01T00:40:00+00:00 [queued]>
[2024-02-14T04:00:40.458+0000] {taskinstance.py:2170} INFO - Starting attempt 1 of 1
[2024-02-14T04:00:40.498+0000] {taskinstance.py:2191} INFO - Executing <Task(BashOperator): StartJob> on 2024-01-01 00:40:00+00:00
[2024-02-14T04:00:40.518+0000] {standard_task_runner.py:60} INFO - Started process 3842 to run task
[2024-02-14T04:00:40.531+0000] {standard_task_runner.py:87} INFO - Running: ['***', 'tasks', 'run', 'deverlop_model', 'StartJob', 'scheduled__2024-01-01T00:40:00+00:00', '--job-id', '517', '--raw', '--subdir', 'DAGS_FOLDER/task.py', '--cfg-path', '/tmp/tmpg5j519fp']
[2024-02-14T04:00:40.550+0000] {standard_task_runner.py:88} INFO - Job 517: Subtask StartJob
[2024-02-14T04:00:40.680+0000] {task_command.py:423} INFO - Running <TaskInstance: deverlop_model.StartJob scheduled__2024-01-01T00:40:00+00:00 [running]> on host 6e2ff7d2ffd0
[2024-02-14T04:00:40.814+0000] {taskinstance.py:2480} INFO - Exporting env vars: AIRFLOW_CTX_DAG_OWNER='***' AIRFLOW_CTX_DAG_ID='deverlop_model' AIRFLOW_CTX_TASK_ID='StartJob' AIRFLOW_CTX_EXECUTION_DATE='2024-01-01T00:40:00+00:00' AIRFLOW_CTX_TRY_NUMBER='1' AIRFLOW_CTX_DAG_RUN_ID='scheduled__2024-01-01T00:40:00+00:00'
[2024-02-14T04:00:40.821+0000] {subprocess.py:63} INFO - Tmp dir root location: /tmp
[2024-02-14T04:00:40.823+0000] {subprocess.py:75} INFO - Running command: ['/usr/bin/bash', '-c', "\n            echo StartJob && \n            if [ ! -e '/opt/***/dags/data/2024-02-14' ]; then\n                mkdir /opt/***/dags/data/2024-02-14 \n            fi && \n            if [ ! -e '/opt/***/dags/data/2024-02-14/data' ]; then\n                mkdir /opt/***/dags/data/2024-02-14/data\n            fi && \n            if [ ! -e '/opt/***/dags/data/2024-02-14/model' ]; then\n                mkdir /opt/***/dags/data/2024-02-14/model\n            fi\n        "]
[2024-02-14T04:00:40.844+0000] {subprocess.py:86} INFO - Output:
[2024-02-14T04:00:40.847+0000] {subprocess.py:93} INFO - StartJob
[2024-02-14T04:00:40.856+0000] {subprocess.py:97} INFO - Command exited with return code 0
[2024-02-14T04:00:40.915+0000] {taskinstance.py:1138} INFO - Marking task as SUCCESS. dag_id=deverlop_model, task_id=StartJob, execution_date=20240101T004000, start_date=20240214T040040, end_date=20240214T040040
[2024-02-14T04:00:40.961+0000] {local_task_job_runner.py:234} INFO - Task exited with return code 0
[2024-02-14T04:00:41.010+0000] {taskinstance.py:3280} INFO - 1 downstream tasks scheduled from follow-on schedule check
