[2024-02-14T02:07:00.733+0000] {taskinstance.py:1956} INFO - Dependencies all met for dep_context=non-requeueable deps ti=<TaskInstance: deverlop_model.StartJob scheduled__2024-01-01T00:15:00+00:00 [queued]>
[2024-02-14T02:07:00.786+0000] {taskinstance.py:1956} INFO - Dependencies all met for dep_context=requeueable deps ti=<TaskInstance: deverlop_model.StartJob scheduled__2024-01-01T00:15:00+00:00 [queued]>
[2024-02-14T02:07:00.786+0000] {taskinstance.py:2170} INFO - Starting attempt 1 of 1
[2024-02-14T02:07:00.869+0000] {taskinstance.py:2191} INFO - Executing <Task(BashOperator): StartJob> on 2024-01-01 00:15:00+00:00
[2024-02-14T02:07:00.913+0000] {standard_task_runner.py:60} INFO - Started process 332 to run task
[2024-02-14T02:07:00.948+0000] {standard_task_runner.py:87} INFO - Running: ['***', 'tasks', 'run', 'deverlop_model', 'StartJob', 'scheduled__2024-01-01T00:15:00+00:00', '--job-id', '10', '--raw', '--subdir', 'DAGS_FOLDER/task.py', '--cfg-path', '/tmp/tmpnnx76gek']
[2024-02-14T02:07:00.992+0000] {standard_task_runner.py:88} INFO - Job 10: Subtask StartJob
[2024-02-14T02:07:01.595+0000] {task_command.py:423} INFO - Running <TaskInstance: deverlop_model.StartJob scheduled__2024-01-01T00:15:00+00:00 [running]> on host 6e2ff7d2ffd0
[2024-02-14T02:07:02.150+0000] {taskinstance.py:2480} INFO - Exporting env vars: AIRFLOW_CTX_DAG_OWNER='rtn' AIRFLOW_CTX_DAG_ID='deverlop_model' AIRFLOW_CTX_TASK_ID='StartJob' AIRFLOW_CTX_EXECUTION_DATE='2024-01-01T00:15:00+00:00' AIRFLOW_CTX_TRY_NUMBER='1' AIRFLOW_CTX_DAG_RUN_ID='scheduled__2024-01-01T00:15:00+00:00'
[2024-02-14T02:07:02.164+0000] {subprocess.py:63} INFO - Tmp dir root location: /tmp
[2024-02-14T02:07:02.180+0000] {subprocess.py:75} INFO - Running command: ['/usr/bin/bash', '-c', 'echo StartJob']
[2024-02-14T02:07:02.257+0000] {subprocess.py:86} INFO - Output:
[2024-02-14T02:07:02.265+0000] {subprocess.py:93} INFO - StartJob
[2024-02-14T02:07:02.266+0000] {subprocess.py:97} INFO - Command exited with return code 0
[2024-02-14T02:07:02.387+0000] {taskinstance.py:1138} INFO - Marking task as SUCCESS. dag_id=deverlop_model, task_id=StartJob, execution_date=20240101T001500, start_date=20240214T020700, end_date=20240214T020702
[2024-02-14T02:07:02.460+0000] {local_task_job_runner.py:234} INFO - Task exited with return code 0
[2024-02-14T02:07:02.621+0000] {taskinstance.py:3280} INFO - 1 downstream tasks scheduled from follow-on schedule check
[2024-02-14T03:53:44.826+0000] {taskinstance.py:1956} INFO - Dependencies all met for dep_context=non-requeueable deps ti=<TaskInstance: deverlop_model.StartJob scheduled__2024-01-01T00:15:00+00:00 [queued]>
[2024-02-14T03:53:44.842+0000] {taskinstance.py:1956} INFO - Dependencies all met for dep_context=requeueable deps ti=<TaskInstance: deverlop_model.StartJob scheduled__2024-01-01T00:15:00+00:00 [queued]>
[2024-02-14T03:53:44.843+0000] {taskinstance.py:2170} INFO - Starting attempt 1 of 1
[2024-02-14T03:53:44.885+0000] {taskinstance.py:2191} INFO - Executing <Task(BashOperator): StartJob> on 2024-01-01 00:15:00+00:00
[2024-02-14T03:53:44.903+0000] {standard_task_runner.py:60} INFO - Started process 3403 to run task
[2024-02-14T03:53:44.948+0000] {standard_task_runner.py:87} INFO - Running: ['***', 'tasks', 'run', 'deverlop_model', 'StartJob', 'scheduled__2024-01-01T00:15:00+00:00', '--job-id', '424', '--raw', '--subdir', 'DAGS_FOLDER/task.py', '--cfg-path', '/tmp/tmpu71r2dph']
[2024-02-14T03:53:44.953+0000] {standard_task_runner.py:88} INFO - Job 424: Subtask StartJob
[2024-02-14T03:53:45.189+0000] {task_command.py:423} INFO - Running <TaskInstance: deverlop_model.StartJob scheduled__2024-01-01T00:15:00+00:00 [running]> on host 6e2ff7d2ffd0
[2024-02-14T03:53:45.537+0000] {taskinstance.py:2480} INFO - Exporting env vars: AIRFLOW_CTX_DAG_OWNER='rtn' AIRFLOW_CTX_DAG_ID='deverlop_model' AIRFLOW_CTX_TASK_ID='StartJob' AIRFLOW_CTX_EXECUTION_DATE='2024-01-01T00:15:00+00:00' AIRFLOW_CTX_TRY_NUMBER='1' AIRFLOW_CTX_DAG_RUN_ID='scheduled__2024-01-01T00:15:00+00:00'
[2024-02-14T03:53:45.541+0000] {subprocess.py:63} INFO - Tmp dir root location: /tmp
[2024-02-14T03:53:45.548+0000] {subprocess.py:75} INFO - Running command: ['/usr/bin/bash', '-c', "\n            echo StartJob && \n            if [ ! -e '/opt/***/dags/data/2024-02-14' ]; then\n                mkdir /opt/***/dags/data/2024-02-14 \n            fi && \n            if [ ! -e '/opt/***/dags/data/2024-02-14/data' ]; then\n                mkdir /opt/***/dags/data/2024-02-14/data\n            fi && \n            if [ ! -e '/opt/***/dags/data/2024-02-14/model' ]; then\n                mkdir /opt/***/dags/data/2024-02-14/model\n            fi\n        "]
[2024-02-14T03:53:45.580+0000] {subprocess.py:86} INFO - Output:
[2024-02-14T03:53:45.581+0000] {subprocess.py:93} INFO - StartJob
[2024-02-14T03:53:45.592+0000] {subprocess.py:97} INFO - Command exited with return code 0
[2024-02-14T03:53:45.656+0000] {taskinstance.py:1138} INFO - Marking task as SUCCESS. dag_id=deverlop_model, task_id=StartJob, execution_date=20240101T001500, start_date=20240214T035344, end_date=20240214T035345
[2024-02-14T03:53:45.702+0000] {local_task_job_runner.py:234} INFO - Task exited with return code 0
[2024-02-14T03:53:45.739+0000] {taskinstance.py:3280} INFO - 1 downstream tasks scheduled from follow-on schedule check
[2024-02-14T03:55:59.041+0000] {taskinstance.py:1956} INFO - Dependencies all met for dep_context=non-requeueable deps ti=<TaskInstance: deverlop_model.StartJob scheduled__2024-01-01T00:15:00+00:00 [queued]>
[2024-02-14T03:55:59.058+0000] {taskinstance.py:1956} INFO - Dependencies all met for dep_context=requeueable deps ti=<TaskInstance: deverlop_model.StartJob scheduled__2024-01-01T00:15:00+00:00 [queued]>
[2024-02-14T03:55:59.072+0000] {taskinstance.py:2170} INFO - Starting attempt 1 of 1
[2024-02-14T03:55:59.118+0000] {taskinstance.py:2191} INFO - Executing <Task(BashOperator): StartJob> on 2024-01-01 00:15:00+00:00
[2024-02-14T03:55:59.133+0000] {standard_task_runner.py:60} INFO - Started process 3517 to run task
[2024-02-14T03:55:59.144+0000] {standard_task_runner.py:87} INFO - Running: ['***', 'tasks', 'run', 'deverlop_model', 'StartJob', 'scheduled__2024-01-01T00:15:00+00:00', '--job-id', '447', '--raw', '--subdir', 'DAGS_FOLDER/task.py', '--cfg-path', '/tmp/tmp4pvavtom']
[2024-02-14T03:55:59.153+0000] {standard_task_runner.py:88} INFO - Job 447: Subtask StartJob
[2024-02-14T03:55:59.283+0000] {task_command.py:423} INFO - Running <TaskInstance: deverlop_model.StartJob scheduled__2024-01-01T00:15:00+00:00 [running]> on host 6e2ff7d2ffd0
[2024-02-14T03:55:59.438+0000] {taskinstance.py:2480} INFO - Exporting env vars: AIRFLOW_CTX_DAG_OWNER='***' AIRFLOW_CTX_DAG_ID='deverlop_model' AIRFLOW_CTX_TASK_ID='StartJob' AIRFLOW_CTX_EXECUTION_DATE='2024-01-01T00:15:00+00:00' AIRFLOW_CTX_TRY_NUMBER='1' AIRFLOW_CTX_DAG_RUN_ID='scheduled__2024-01-01T00:15:00+00:00'
[2024-02-14T03:55:59.447+0000] {subprocess.py:63} INFO - Tmp dir root location: /tmp
[2024-02-14T03:55:59.455+0000] {subprocess.py:75} INFO - Running command: ['/usr/bin/bash', '-c', "\n            echo StartJob && \n            if [ ! -e '/opt/***/dags/data/2024-02-14' ]; then\n                mkdir /opt/***/dags/data/2024-02-14 \n            fi && \n            if [ ! -e '/opt/***/dags/data/2024-02-14/data' ]; then\n                mkdir /opt/***/dags/data/2024-02-14/data\n            fi && \n            if [ ! -e '/opt/***/dags/data/2024-02-14/model' ]; then\n                mkdir /opt/***/dags/data/2024-02-14/model\n            fi\n        "]
[2024-02-14T03:55:59.487+0000] {subprocess.py:86} INFO - Output:
[2024-02-14T03:55:59.488+0000] {subprocess.py:93} INFO - StartJob
[2024-02-14T03:55:59.495+0000] {subprocess.py:97} INFO - Command exited with return code 0
[2024-02-14T03:55:59.535+0000] {taskinstance.py:1138} INFO - Marking task as SUCCESS. dag_id=deverlop_model, task_id=StartJob, execution_date=20240101T001500, start_date=20240214T035559, end_date=20240214T035559
[2024-02-14T03:55:59.582+0000] {local_task_job_runner.py:234} INFO - Task exited with return code 0
[2024-02-14T03:55:59.655+0000] {taskinstance.py:3280} INFO - 0 downstream tasks scheduled from follow-on schedule check
[2024-02-14T04:00:39.113+0000] {taskinstance.py:1956} INFO - Dependencies all met for dep_context=non-requeueable deps ti=<TaskInstance: deverlop_model.StartJob scheduled__2024-01-01T00:15:00+00:00 [queued]>
[2024-02-14T04:00:39.131+0000] {taskinstance.py:1956} INFO - Dependencies all met for dep_context=requeueable deps ti=<TaskInstance: deverlop_model.StartJob scheduled__2024-01-01T00:15:00+00:00 [queued]>
[2024-02-14T04:00:39.132+0000] {taskinstance.py:2170} INFO - Starting attempt 1 of 1
[2024-02-14T04:00:39.155+0000] {taskinstance.py:2191} INFO - Executing <Task(BashOperator): StartJob> on 2024-01-01 00:15:00+00:00
[2024-02-14T04:00:39.168+0000] {standard_task_runner.py:60} INFO - Started process 3817 to run task
[2024-02-14T04:00:39.176+0000] {standard_task_runner.py:87} INFO - Running: ['***', 'tasks', 'run', 'deverlop_model', 'StartJob', 'scheduled__2024-01-01T00:15:00+00:00', '--job-id', '512', '--raw', '--subdir', 'DAGS_FOLDER/task.py', '--cfg-path', '/tmp/tmp4h31hilo']
[2024-02-14T04:00:39.180+0000] {standard_task_runner.py:88} INFO - Job 512: Subtask StartJob
[2024-02-14T04:00:39.247+0000] {task_command.py:423} INFO - Running <TaskInstance: deverlop_model.StartJob scheduled__2024-01-01T00:15:00+00:00 [running]> on host 6e2ff7d2ffd0
[2024-02-14T04:00:39.363+0000] {taskinstance.py:2480} INFO - Exporting env vars: AIRFLOW_CTX_DAG_OWNER='***' AIRFLOW_CTX_DAG_ID='deverlop_model' AIRFLOW_CTX_TASK_ID='StartJob' AIRFLOW_CTX_EXECUTION_DATE='2024-01-01T00:15:00+00:00' AIRFLOW_CTX_TRY_NUMBER='1' AIRFLOW_CTX_DAG_RUN_ID='scheduled__2024-01-01T00:15:00+00:00'
[2024-02-14T04:00:39.369+0000] {subprocess.py:63} INFO - Tmp dir root location: /tmp
[2024-02-14T04:00:39.372+0000] {subprocess.py:75} INFO - Running command: ['/usr/bin/bash', '-c', "\n            echo StartJob && \n            if [ ! -e '/opt/***/dags/data/2024-02-14' ]; then\n                mkdir /opt/***/dags/data/2024-02-14 \n            fi && \n            if [ ! -e '/opt/***/dags/data/2024-02-14/data' ]; then\n                mkdir /opt/***/dags/data/2024-02-14/data\n            fi && \n            if [ ! -e '/opt/***/dags/data/2024-02-14/model' ]; then\n                mkdir /opt/***/dags/data/2024-02-14/model\n            fi\n        "]
[2024-02-14T04:00:39.404+0000] {subprocess.py:86} INFO - Output:
[2024-02-14T04:00:39.408+0000] {subprocess.py:93} INFO - StartJob
[2024-02-14T04:00:39.417+0000] {subprocess.py:97} INFO - Command exited with return code 0
[2024-02-14T04:00:39.462+0000] {taskinstance.py:1138} INFO - Marking task as SUCCESS. dag_id=deverlop_model, task_id=StartJob, execution_date=20240101T001500, start_date=20240214T040039, end_date=20240214T040039
[2024-02-14T04:00:39.507+0000] {local_task_job_runner.py:234} INFO - Task exited with return code 0
[2024-02-14T04:00:39.708+0000] {taskinstance.py:3280} INFO - 0 downstream tasks scheduled from follow-on schedule check
