[2024-02-13T16:46:02.799+0000] {taskinstance.py:1956} INFO - Dependencies all met for dep_context=non-requeueable deps ti=<TaskInstance: deverlop_model.Start_job scheduled__2022-01-01T01:20:00+00:00 [queued]>
[2024-02-13T16:46:02.818+0000] {taskinstance.py:1956} INFO - Dependencies all met for dep_context=requeueable deps ti=<TaskInstance: deverlop_model.Start_job scheduled__2022-01-01T01:20:00+00:00 [queued]>
[2024-02-13T16:46:02.820+0000] {taskinstance.py:2170} INFO - Starting attempt 1 of 1
[2024-02-13T16:46:02.863+0000] {taskinstance.py:2191} INFO - Executing <Task(BashOperator): Start_job> on 2022-01-01 01:20:00+00:00
[2024-02-13T16:46:02.879+0000] {standard_task_runner.py:60} INFO - Started process 689 to run task
[2024-02-13T16:46:02.883+0000] {standard_task_runner.py:87} INFO - Running: ['***', 'tasks', 'run', 'deverlop_model', 'Start_job', 'scheduled__2022-01-01T01:20:00+00:00', '--job-id', '46', '--raw', '--subdir', 'DAGS_FOLDER/task.py', '--cfg-path', '/tmp/tmpc85bhrmn']
[2024-02-13T16:46:02.895+0000] {standard_task_runner.py:88} INFO - Job 46: Subtask Start_job
[2024-02-13T16:46:03.101+0000] {task_command.py:423} INFO - Running <TaskInstance: deverlop_model.Start_job scheduled__2022-01-01T01:20:00+00:00 [running]> on host a5e5e25b3882
[2024-02-13T16:46:03.381+0000] {taskinstance.py:2480} INFO - Exporting env vars: AIRFLOW_CTX_DAG_OWNER='rtn' AIRFLOW_CTX_DAG_ID='deverlop_model' AIRFLOW_CTX_TASK_ID='Start_job' AIRFLOW_CTX_EXECUTION_DATE='2022-01-01T01:20:00+00:00' AIRFLOW_CTX_TRY_NUMBER='1' AIRFLOW_CTX_DAG_RUN_ID='scheduled__2022-01-01T01:20:00+00:00'
[2024-02-13T16:46:03.393+0000] {subprocess.py:63} INFO - Tmp dir root location: /tmp
[2024-02-13T16:46:03.397+0000] {subprocess.py:75} INFO - Running command: ['/usr/bin/bash', '-c', 'echo START JOBS']
[2024-02-13T16:46:03.452+0000] {subprocess.py:86} INFO - Output:
[2024-02-13T16:46:03.462+0000] {subprocess.py:93} INFO - START JOBS
[2024-02-13T16:46:03.463+0000] {subprocess.py:97} INFO - Command exited with return code 0
[2024-02-13T16:46:03.573+0000] {taskinstance.py:1138} INFO - Marking task as SUCCESS. dag_id=deverlop_model, task_id=Start_job, execution_date=20220101T012000, start_date=20240213T164602, end_date=20240213T164603
[2024-02-13T16:46:03.662+0000] {local_task_job_runner.py:234} INFO - Task exited with return code 0
[2024-02-13T16:46:03.780+0000] {taskinstance.py:3280} INFO - 1 downstream tasks scheduled from follow-on schedule check
[2024-02-13T16:47:41.351+0000] {taskinstance.py:1956} INFO - Dependencies all met for dep_context=non-requeueable deps ti=<TaskInstance: deverlop_model.Start_job scheduled__2022-01-01T01:20:00+00:00 [queued]>
[2024-02-13T16:47:41.364+0000] {taskinstance.py:1956} INFO - Dependencies all met for dep_context=requeueable deps ti=<TaskInstance: deverlop_model.Start_job scheduled__2022-01-01T01:20:00+00:00 [queued]>
[2024-02-13T16:47:41.365+0000] {taskinstance.py:2170} INFO - Starting attempt 1 of 1
[2024-02-13T16:47:41.383+0000] {taskinstance.py:2191} INFO - Executing <Task(BashOperator): Start_job> on 2022-01-01 01:20:00+00:00
[2024-02-13T16:47:41.393+0000] {standard_task_runner.py:60} INFO - Started process 848 to run task
[2024-02-13T16:47:41.398+0000] {standard_task_runner.py:87} INFO - Running: ['***', 'tasks', 'run', 'deverlop_model', 'Start_job', 'scheduled__2022-01-01T01:20:00+00:00', '--job-id', '89', '--raw', '--subdir', 'DAGS_FOLDER/task.py', '--cfg-path', '/tmp/tmpjwu5_ge1']
[2024-02-13T16:47:41.401+0000] {standard_task_runner.py:88} INFO - Job 89: Subtask Start_job
[2024-02-13T16:47:41.476+0000] {task_command.py:423} INFO - Running <TaskInstance: deverlop_model.Start_job scheduled__2022-01-01T01:20:00+00:00 [running]> on host a5e5e25b3882
[2024-02-13T16:47:41.619+0000] {taskinstance.py:2480} INFO - Exporting env vars: AIRFLOW_CTX_DAG_OWNER='rtn' AIRFLOW_CTX_DAG_ID='deverlop_model' AIRFLOW_CTX_TASK_ID='Start_job' AIRFLOW_CTX_EXECUTION_DATE='2022-01-01T01:20:00+00:00' AIRFLOW_CTX_TRY_NUMBER='1' AIRFLOW_CTX_DAG_RUN_ID='scheduled__2022-01-01T01:20:00+00:00'
[2024-02-13T16:47:41.627+0000] {subprocess.py:63} INFO - Tmp dir root location: /tmp
[2024-02-13T16:47:41.628+0000] {subprocess.py:75} INFO - Running command: ['/usr/bin/bash', '-c', 'echo START JOBS']
[2024-02-13T16:47:41.653+0000] {subprocess.py:86} INFO - Output:
[2024-02-13T16:47:41.658+0000] {subprocess.py:93} INFO - START JOBS
[2024-02-13T16:47:41.659+0000] {subprocess.py:97} INFO - Command exited with return code 0
[2024-02-13T16:47:41.695+0000] {taskinstance.py:1138} INFO - Marking task as SUCCESS. dag_id=deverlop_model, task_id=Start_job, execution_date=20220101T012000, start_date=20240213T164741, end_date=20240213T164741
[2024-02-13T16:47:41.736+0000] {local_task_job_runner.py:234} INFO - Task exited with return code 0
[2024-02-13T16:47:41.771+0000] {taskinstance.py:3280} INFO - 1 downstream tasks scheduled from follow-on schedule check
