[2024-02-13T16:45:57.897+0000] {taskinstance.py:1956} INFO - Dependencies all met for dep_context=non-requeueable deps ti=<TaskInstance: deverlop_model.Start_job scheduled__2022-01-01T01:05:00+00:00 [queued]>
[2024-02-13T16:45:57.917+0000] {taskinstance.py:1956} INFO - Dependencies all met for dep_context=requeueable deps ti=<TaskInstance: deverlop_model.Start_job scheduled__2022-01-01T01:05:00+00:00 [queued]>
[2024-02-13T16:45:57.919+0000] {taskinstance.py:2170} INFO - Starting attempt 1 of 1
[2024-02-13T16:45:57.941+0000] {taskinstance.py:2191} INFO - Executing <Task(BashOperator): Start_job> on 2022-01-01 01:05:00+00:00
[2024-02-13T16:45:57.955+0000] {standard_task_runner.py:60} INFO - Started process 640 to run task
[2024-02-13T16:45:57.960+0000] {standard_task_runner.py:87} INFO - Running: ['***', 'tasks', 'run', 'deverlop_model', 'Start_job', 'scheduled__2022-01-01T01:05:00+00:00', '--job-id', '35', '--raw', '--subdir', 'DAGS_FOLDER/task.py', '--cfg-path', '/tmp/tmph4lg5s_2']
[2024-02-13T16:45:57.966+0000] {standard_task_runner.py:88} INFO - Job 35: Subtask Start_job
[2024-02-13T16:45:58.058+0000] {task_command.py:423} INFO - Running <TaskInstance: deverlop_model.Start_job scheduled__2022-01-01T01:05:00+00:00 [running]> on host a5e5e25b3882
[2024-02-13T16:45:58.218+0000] {taskinstance.py:2480} INFO - Exporting env vars: AIRFLOW_CTX_DAG_OWNER='rtn' AIRFLOW_CTX_DAG_ID='deverlop_model' AIRFLOW_CTX_TASK_ID='Start_job' AIRFLOW_CTX_EXECUTION_DATE='2022-01-01T01:05:00+00:00' AIRFLOW_CTX_TRY_NUMBER='1' AIRFLOW_CTX_DAG_RUN_ID='scheduled__2022-01-01T01:05:00+00:00'
[2024-02-13T16:45:58.222+0000] {subprocess.py:63} INFO - Tmp dir root location: /tmp
[2024-02-13T16:45:58.224+0000] {subprocess.py:75} INFO - Running command: ['/usr/bin/bash', '-c', 'echo START JOBS']
[2024-02-13T16:45:58.257+0000] {subprocess.py:86} INFO - Output:
[2024-02-13T16:45:58.261+0000] {subprocess.py:93} INFO - START JOBS
[2024-02-13T16:45:58.263+0000] {subprocess.py:97} INFO - Command exited with return code 0
[2024-02-13T16:45:58.303+0000] {taskinstance.py:1138} INFO - Marking task as SUCCESS. dag_id=deverlop_model, task_id=Start_job, execution_date=20220101T010500, start_date=20240213T164557, end_date=20240213T164558
[2024-02-13T16:45:58.338+0000] {local_task_job_runner.py:234} INFO - Task exited with return code 0
[2024-02-13T16:45:58.403+0000] {taskinstance.py:3280} INFO - 1 downstream tasks scheduled from follow-on schedule check
[2024-02-13T16:47:33.375+0000] {taskinstance.py:1956} INFO - Dependencies all met for dep_context=non-requeueable deps ti=<TaskInstance: deverlop_model.Start_job scheduled__2022-01-01T01:05:00+00:00 [queued]>
[2024-02-13T16:47:33.383+0000] {taskinstance.py:1956} INFO - Dependencies all met for dep_context=requeueable deps ti=<TaskInstance: deverlop_model.Start_job scheduled__2022-01-01T01:05:00+00:00 [queued]>
[2024-02-13T16:47:33.384+0000] {taskinstance.py:2170} INFO - Starting attempt 1 of 1
[2024-02-13T16:47:33.398+0000] {taskinstance.py:2191} INFO - Executing <Task(BashOperator): Start_job> on 2022-01-01 01:05:00+00:00
[2024-02-13T16:47:33.407+0000] {standard_task_runner.py:60} INFO - Started process 819 to run task
[2024-02-13T16:47:33.410+0000] {standard_task_runner.py:87} INFO - Running: ['***', 'tasks', 'run', 'deverlop_model', 'Start_job', 'scheduled__2022-01-01T01:05:00+00:00', '--job-id', '83', '--raw', '--subdir', 'DAGS_FOLDER/task.py', '--cfg-path', '/tmp/tmp5oa9yhkf']
[2024-02-13T16:47:33.413+0000] {standard_task_runner.py:88} INFO - Job 83: Subtask Start_job
[2024-02-13T16:47:33.471+0000] {task_command.py:423} INFO - Running <TaskInstance: deverlop_model.Start_job scheduled__2022-01-01T01:05:00+00:00 [running]> on host a5e5e25b3882
[2024-02-13T16:47:33.546+0000] {taskinstance.py:2480} INFO - Exporting env vars: AIRFLOW_CTX_DAG_OWNER='rtn' AIRFLOW_CTX_DAG_ID='deverlop_model' AIRFLOW_CTX_TASK_ID='Start_job' AIRFLOW_CTX_EXECUTION_DATE='2022-01-01T01:05:00+00:00' AIRFLOW_CTX_TRY_NUMBER='1' AIRFLOW_CTX_DAG_RUN_ID='scheduled__2022-01-01T01:05:00+00:00'
[2024-02-13T16:47:33.549+0000] {subprocess.py:63} INFO - Tmp dir root location: /tmp
[2024-02-13T16:47:33.551+0000] {subprocess.py:75} INFO - Running command: ['/usr/bin/bash', '-c', 'echo START JOBS']
[2024-02-13T16:47:33.568+0000] {subprocess.py:86} INFO - Output:
[2024-02-13T16:47:33.570+0000] {subprocess.py:93} INFO - START JOBS
[2024-02-13T16:47:33.570+0000] {subprocess.py:97} INFO - Command exited with return code 0
[2024-02-13T16:47:33.597+0000] {taskinstance.py:1138} INFO - Marking task as SUCCESS. dag_id=deverlop_model, task_id=Start_job, execution_date=20220101T010500, start_date=20240213T164733, end_date=20240213T164733
[2024-02-13T16:47:33.623+0000] {local_task_job_runner.py:234} INFO - Task exited with return code 0
[2024-02-13T16:47:33.650+0000] {taskinstance.py:3280} INFO - 1 downstream tasks scheduled from follow-on schedule check
