[2024-02-14T03:34:38.376+0000] {taskinstance.py:1956} INFO - Dependencies all met for dep_context=non-requeueable deps ti=<TaskInstance: deverlop_model.StartJob scheduled__2024-02-01T01:55:00+00:00 [queued]>
[2024-02-14T03:34:38.391+0000] {taskinstance.py:1956} INFO - Dependencies all met for dep_context=requeueable deps ti=<TaskInstance: deverlop_model.StartJob scheduled__2024-02-01T01:55:00+00:00 [queued]>
[2024-02-14T03:34:38.392+0000] {taskinstance.py:2170} INFO - Starting attempt 1 of 1
[2024-02-14T03:34:38.416+0000] {taskinstance.py:2191} INFO - Executing <Task(BashOperator): StartJob> on 2024-02-01 01:55:00+00:00
[2024-02-14T03:34:38.431+0000] {standard_task_runner.py:60} INFO - Started process 2555 to run task
[2024-02-14T03:34:38.440+0000] {standard_task_runner.py:87} INFO - Running: ['***', 'tasks', 'run', 'deverlop_model', 'StartJob', 'scheduled__2024-02-01T01:55:00+00:00', '--job-id', '265', '--raw', '--subdir', 'DAGS_FOLDER/task.py', '--cfg-path', '/tmp/tmpsiqfp7gt']
[2024-02-14T03:34:38.448+0000] {standard_task_runner.py:88} INFO - Job 265: Subtask StartJob
[2024-02-14T03:34:38.537+0000] {task_command.py:423} INFO - Running <TaskInstance: deverlop_model.StartJob scheduled__2024-02-01T01:55:00+00:00 [running]> on host 6e2ff7d2ffd0
[2024-02-14T03:34:38.714+0000] {taskinstance.py:2480} INFO - Exporting env vars: AIRFLOW_CTX_DAG_OWNER='rtn' AIRFLOW_CTX_DAG_ID='deverlop_model' AIRFLOW_CTX_TASK_ID='StartJob' AIRFLOW_CTX_EXECUTION_DATE='2024-02-01T01:55:00+00:00' AIRFLOW_CTX_TRY_NUMBER='1' AIRFLOW_CTX_DAG_RUN_ID='scheduled__2024-02-01T01:55:00+00:00'
[2024-02-14T03:34:38.718+0000] {subprocess.py:63} INFO - Tmp dir root location: /tmp
[2024-02-14T03:34:38.720+0000] {subprocess.py:75} INFO - Running command: ['/usr/bin/bash', '-c', "\n            echo StartJob && \n            if [ ! -e '/opt/***/dags/data/2024-02-14' ]; then\n                mkdir /opt/***/dags/data/2024-02-14 \n            fi && \n            if [ ! -e '/opt/***/dags/data/2024-02-14/data' ]; then\n                mkdir /opt/***/dags/data/2024-02-14/data\n            fi && \n            if [ ! -e '/opt/***/dags/data/2024-02-14/model' ]; then\n                mkdir /opt/***/dags/data/2024-02-14/model\n            fi\n        "]
[2024-02-14T03:34:38.762+0000] {subprocess.py:86} INFO - Output:
[2024-02-14T03:34:38.770+0000] {subprocess.py:93} INFO - StartJob
[2024-02-14T03:34:38.800+0000] {subprocess.py:97} INFO - Command exited with return code 0
[2024-02-14T03:34:38.847+0000] {taskinstance.py:1138} INFO - Marking task as SUCCESS. dag_id=deverlop_model, task_id=StartJob, execution_date=20240201T015500, start_date=20240214T033438, end_date=20240214T033438
[2024-02-14T03:34:38.902+0000] {local_task_job_runner.py:234} INFO - Task exited with return code 0
[2024-02-14T03:34:39.119+0000] {taskinstance.py:3280} INFO - 0 downstream tasks scheduled from follow-on schedule check
[2024-02-14T03:38:14.014+0000] {taskinstance.py:1956} INFO - Dependencies all met for dep_context=non-requeueable deps ti=<TaskInstance: deverlop_model.StartJob scheduled__2024-02-01T01:55:00+00:00 [queued]>
[2024-02-14T03:38:14.045+0000] {taskinstance.py:1956} INFO - Dependencies all met for dep_context=requeueable deps ti=<TaskInstance: deverlop_model.StartJob scheduled__2024-02-01T01:55:00+00:00 [queued]>
[2024-02-14T03:38:14.046+0000] {taskinstance.py:2170} INFO - Starting attempt 1 of 1
[2024-02-14T03:38:14.068+0000] {taskinstance.py:2191} INFO - Executing <Task(BashOperator): StartJob> on 2024-02-01 01:55:00+00:00
[2024-02-14T03:38:14.083+0000] {standard_task_runner.py:60} INFO - Started process 2882 to run task
[2024-02-14T03:38:14.092+0000] {standard_task_runner.py:87} INFO - Running: ['***', 'tasks', 'run', 'deverlop_model', 'StartJob', 'scheduled__2024-02-01T01:55:00+00:00', '--job-id', '341', '--raw', '--subdir', 'DAGS_FOLDER/task.py', '--cfg-path', '/tmp/tmpvgu_wucp']
[2024-02-14T03:38:14.096+0000] {standard_task_runner.py:88} INFO - Job 341: Subtask StartJob
[2024-02-14T03:38:14.206+0000] {task_command.py:423} INFO - Running <TaskInstance: deverlop_model.StartJob scheduled__2024-02-01T01:55:00+00:00 [running]> on host 6e2ff7d2ffd0
[2024-02-14T03:38:14.413+0000] {taskinstance.py:2480} INFO - Exporting env vars: AIRFLOW_CTX_DAG_OWNER='rtn' AIRFLOW_CTX_DAG_ID='deverlop_model' AIRFLOW_CTX_TASK_ID='StartJob' AIRFLOW_CTX_EXECUTION_DATE='2024-02-01T01:55:00+00:00' AIRFLOW_CTX_TRY_NUMBER='1' AIRFLOW_CTX_DAG_RUN_ID='scheduled__2024-02-01T01:55:00+00:00'
[2024-02-14T03:38:14.418+0000] {subprocess.py:63} INFO - Tmp dir root location: /tmp
[2024-02-14T03:38:14.422+0000] {subprocess.py:75} INFO - Running command: ['/usr/bin/bash', '-c', "\n            echo StartJob && \n            if [ ! -e '/opt/***/dags/data/2024-02-14' ]; then\n                mkdir /opt/***/dags/data/2024-02-14 \n            fi && \n            if [ ! -e '/opt/***/dags/data/2024-02-14/data' ]; then\n                mkdir /opt/***/dags/data/2024-02-14/data\n            fi && \n            if [ ! -e '/opt/***/dags/data/2024-02-14/model' ]; then\n                mkdir /opt/***/dags/data/2024-02-14/model\n            fi\n        "]
[2024-02-14T03:38:14.464+0000] {subprocess.py:86} INFO - Output:
[2024-02-14T03:38:14.472+0000] {subprocess.py:93} INFO - StartJob
[2024-02-14T03:38:14.480+0000] {subprocess.py:97} INFO - Command exited with return code 0
[2024-02-14T03:38:14.550+0000] {taskinstance.py:1138} INFO - Marking task as SUCCESS. dag_id=deverlop_model, task_id=StartJob, execution_date=20240201T015500, start_date=20240214T033814, end_date=20240214T033814
[2024-02-14T03:38:14.638+0000] {local_task_job_runner.py:234} INFO - Task exited with return code 0
[2024-02-14T03:38:14.720+0000] {taskinstance.py:3280} INFO - 1 downstream tasks scheduled from follow-on schedule check
[2024-02-14T03:39:38.289+0000] {taskinstance.py:1956} INFO - Dependencies all met for dep_context=non-requeueable deps ti=<TaskInstance: deverlop_model.StartJob scheduled__2024-02-01T01:55:00+00:00 [queued]>
[2024-02-14T03:39:38.302+0000] {taskinstance.py:1956} INFO - Dependencies all met for dep_context=requeueable deps ti=<TaskInstance: deverlop_model.StartJob scheduled__2024-02-01T01:55:00+00:00 [queued]>
[2024-02-14T03:39:38.303+0000] {taskinstance.py:2170} INFO - Starting attempt 1 of 1
[2024-02-14T03:39:38.330+0000] {taskinstance.py:2191} INFO - Executing <Task(BashOperator): StartJob> on 2024-02-01 01:55:00+00:00
[2024-02-14T03:39:38.341+0000] {standard_task_runner.py:60} INFO - Started process 3088 to run task
[2024-02-14T03:39:38.347+0000] {standard_task_runner.py:87} INFO - Running: ['***', 'tasks', 'run', 'deverlop_model', 'StartJob', 'scheduled__2024-02-01T01:55:00+00:00', '--job-id', '393', '--raw', '--subdir', 'DAGS_FOLDER/task.py', '--cfg-path', '/tmp/tmphuuk4kvz']
[2024-02-14T03:39:38.350+0000] {standard_task_runner.py:88} INFO - Job 393: Subtask StartJob
[2024-02-14T03:39:38.487+0000] {task_command.py:423} INFO - Running <TaskInstance: deverlop_model.StartJob scheduled__2024-02-01T01:55:00+00:00 [running]> on host 6e2ff7d2ffd0
[2024-02-14T03:39:38.650+0000] {taskinstance.py:2480} INFO - Exporting env vars: AIRFLOW_CTX_DAG_OWNER='rtn' AIRFLOW_CTX_DAG_ID='deverlop_model' AIRFLOW_CTX_TASK_ID='StartJob' AIRFLOW_CTX_EXECUTION_DATE='2024-02-01T01:55:00+00:00' AIRFLOW_CTX_TRY_NUMBER='1' AIRFLOW_CTX_DAG_RUN_ID='scheduled__2024-02-01T01:55:00+00:00'
[2024-02-14T03:39:38.657+0000] {subprocess.py:63} INFO - Tmp dir root location: /tmp
[2024-02-14T03:39:38.661+0000] {subprocess.py:75} INFO - Running command: ['/usr/bin/bash', '-c', "\n            echo StartJob && \n            if [ ! -e '/opt/***/dags/data/2024-02-14' ]; then\n                mkdir /opt/***/dags/data/2024-02-14 \n            fi && \n            if [ ! -e '/opt/***/dags/data/2024-02-14/data' ]; then\n                mkdir /opt/***/dags/data/2024-02-14/data\n            fi && \n            if [ ! -e '/opt/***/dags/data/2024-02-14/model' ]; then\n                mkdir /opt/***/dags/data/2024-02-14/model\n            fi\n        "]
[2024-02-14T03:39:38.688+0000] {subprocess.py:86} INFO - Output:
[2024-02-14T03:39:38.690+0000] {subprocess.py:93} INFO - StartJob
[2024-02-14T03:39:38.696+0000] {subprocess.py:97} INFO - Command exited with return code 0
[2024-02-14T03:39:38.761+0000] {taskinstance.py:1138} INFO - Marking task as SUCCESS. dag_id=deverlop_model, task_id=StartJob, execution_date=20240201T015500, start_date=20240214T033938, end_date=20240214T033938
[2024-02-14T03:39:38.816+0000] {local_task_job_runner.py:234} INFO - Task exited with return code 0
[2024-02-14T03:39:38.893+0000] {taskinstance.py:3280} INFO - 1 downstream tasks scheduled from follow-on schedule check
