[2024-02-14T03:32:54.871+0000] {taskinstance.py:1956} INFO - Dependencies all met for dep_context=non-requeueable deps ti=<TaskInstance: deverlop_model.StartJob scheduled__2024-02-01T00:50:00+00:00 [queued]>
[2024-02-14T03:32:54.887+0000] {taskinstance.py:1956} INFO - Dependencies all met for dep_context=requeueable deps ti=<TaskInstance: deverlop_model.StartJob scheduled__2024-02-01T00:50:00+00:00 [queued]>
[2024-02-14T03:32:54.888+0000] {taskinstance.py:2170} INFO - Starting attempt 1 of 1
[2024-02-14T03:32:54.912+0000] {taskinstance.py:2191} INFO - Executing <Task(BashOperator): StartJob> on 2024-02-01 00:50:00+00:00
[2024-02-14T03:32:54.947+0000] {standard_task_runner.py:60} INFO - Started process 2357 to run task
[2024-02-14T03:32:54.951+0000] {standard_task_runner.py:87} INFO - Running: ['***', 'tasks', 'run', 'deverlop_model', 'StartJob', 'scheduled__2024-02-01T00:50:00+00:00', '--job-id', '215', '--raw', '--subdir', 'DAGS_FOLDER/task.py', '--cfg-path', '/tmp/tmpgkxi6jew']
[2024-02-14T03:32:54.957+0000] {standard_task_runner.py:88} INFO - Job 215: Subtask StartJob
[2024-02-14T03:32:55.088+0000] {task_command.py:423} INFO - Running <TaskInstance: deverlop_model.StartJob scheduled__2024-02-01T00:50:00+00:00 [running]> on host 6e2ff7d2ffd0
[2024-02-14T03:32:55.268+0000] {taskinstance.py:2480} INFO - Exporting env vars: AIRFLOW_CTX_DAG_OWNER='rtn' AIRFLOW_CTX_DAG_ID='deverlop_model' AIRFLOW_CTX_TASK_ID='StartJob' AIRFLOW_CTX_EXECUTION_DATE='2024-02-01T00:50:00+00:00' AIRFLOW_CTX_TRY_NUMBER='1' AIRFLOW_CTX_DAG_RUN_ID='scheduled__2024-02-01T00:50:00+00:00'
[2024-02-14T03:32:55.273+0000] {subprocess.py:63} INFO - Tmp dir root location: /tmp
[2024-02-14T03:32:55.281+0000] {subprocess.py:75} INFO - Running command: ['/usr/bin/bash', '-c', "\n            echo StartJob && \n            if [ ! -e '/opt/***/dags/data/2024-02-14' ]; then\n                mkdir /opt/***/dags/data/2024-02-14 \n            fi && \n            if [ ! -e '/opt/***/dags/data/2024-02-14/data' ]; then\n                mkdir /opt/***/dags/data/2024-02-14/data\n            fi && \n            if [ ! -e '/opt/***/dags/data/2024-02-14/model' ]; then\n                mkdir /opt/***/dags/data/2024-02-14/model\n            fi\n        "]
[2024-02-14T03:32:55.324+0000] {subprocess.py:86} INFO - Output:
[2024-02-14T03:32:55.327+0000] {subprocess.py:93} INFO - StartJob
[2024-02-14T03:32:55.331+0000] {subprocess.py:97} INFO - Command exited with return code 0
[2024-02-14T03:32:55.397+0000] {taskinstance.py:1138} INFO - Marking task as SUCCESS. dag_id=deverlop_model, task_id=StartJob, execution_date=20240201T005000, start_date=20240214T033254, end_date=20240214T033255
[2024-02-14T03:32:55.482+0000] {local_task_job_runner.py:234} INFO - Task exited with return code 0
[2024-02-14T03:32:55.556+0000] {taskinstance.py:3280} INFO - 1 downstream tasks scheduled from follow-on schedule check
[2024-02-14T03:34:22.122+0000] {taskinstance.py:1956} INFO - Dependencies all met for dep_context=non-requeueable deps ti=<TaskInstance: deverlop_model.StartJob scheduled__2024-02-01T00:50:00+00:00 [queued]>
[2024-02-14T03:34:22.141+0000] {taskinstance.py:1956} INFO - Dependencies all met for dep_context=requeueable deps ti=<TaskInstance: deverlop_model.StartJob scheduled__2024-02-01T00:50:00+00:00 [queued]>
[2024-02-14T03:34:22.142+0000] {taskinstance.py:2170} INFO - Starting attempt 1 of 1
[2024-02-14T03:34:22.181+0000] {taskinstance.py:2191} INFO - Executing <Task(BashOperator): StartJob> on 2024-02-01 00:50:00+00:00
[2024-02-14T03:34:22.199+0000] {standard_task_runner.py:60} INFO - Started process 2457 to run task
[2024-02-14T03:34:22.212+0000] {standard_task_runner.py:87} INFO - Running: ['***', 'tasks', 'run', 'deverlop_model', 'StartJob', 'scheduled__2024-02-01T00:50:00+00:00', '--job-id', '234', '--raw', '--subdir', 'DAGS_FOLDER/task.py', '--cfg-path', '/tmp/tmpeedzqzm_']
[2024-02-14T03:34:22.225+0000] {standard_task_runner.py:88} INFO - Job 234: Subtask StartJob
[2024-02-14T03:34:22.529+0000] {task_command.py:423} INFO - Running <TaskInstance: deverlop_model.StartJob scheduled__2024-02-01T00:50:00+00:00 [running]> on host 6e2ff7d2ffd0
[2024-02-14T03:34:22.794+0000] {taskinstance.py:2480} INFO - Exporting env vars: AIRFLOW_CTX_DAG_OWNER='rtn' AIRFLOW_CTX_DAG_ID='deverlop_model' AIRFLOW_CTX_TASK_ID='StartJob' AIRFLOW_CTX_EXECUTION_DATE='2024-02-01T00:50:00+00:00' AIRFLOW_CTX_TRY_NUMBER='1' AIRFLOW_CTX_DAG_RUN_ID='scheduled__2024-02-01T00:50:00+00:00'
[2024-02-14T03:34:22.806+0000] {subprocess.py:63} INFO - Tmp dir root location: /tmp
[2024-02-14T03:34:22.811+0000] {subprocess.py:75} INFO - Running command: ['/usr/bin/bash', '-c', "\n            echo StartJob && \n            if [ ! -e '/opt/***/dags/data/2024-02-14' ]; then\n                mkdir /opt/***/dags/data/2024-02-14 \n            fi && \n            if [ ! -e '/opt/***/dags/data/2024-02-14/data' ]; then\n                mkdir /opt/***/dags/data/2024-02-14/data\n            fi && \n            if [ ! -e '/opt/***/dags/data/2024-02-14/model' ]; then\n                mkdir /opt/***/dags/data/2024-02-14/model\n            fi\n        "]
[2024-02-14T03:34:22.852+0000] {subprocess.py:86} INFO - Output:
[2024-02-14T03:34:22.864+0000] {subprocess.py:93} INFO - StartJob
[2024-02-14T03:34:22.884+0000] {subprocess.py:97} INFO - Command exited with return code 0
[2024-02-14T03:34:22.964+0000] {taskinstance.py:1138} INFO - Marking task as SUCCESS. dag_id=deverlop_model, task_id=StartJob, execution_date=20240201T005000, start_date=20240214T033422, end_date=20240214T033422
[2024-02-14T03:34:23.080+0000] {local_task_job_runner.py:234} INFO - Task exited with return code 0
[2024-02-14T03:34:25.675+0000] {taskinstance.py:3280} INFO - 0 downstream tasks scheduled from follow-on schedule check
[2024-02-14T03:38:00.606+0000] {taskinstance.py:1956} INFO - Dependencies all met for dep_context=non-requeueable deps ti=<TaskInstance: deverlop_model.StartJob scheduled__2024-02-01T00:50:00+00:00 [queued]>
[2024-02-14T03:38:00.633+0000] {taskinstance.py:1956} INFO - Dependencies all met for dep_context=requeueable deps ti=<TaskInstance: deverlop_model.StartJob scheduled__2024-02-01T00:50:00+00:00 [queued]>
[2024-02-14T03:38:00.635+0000] {taskinstance.py:2170} INFO - Starting attempt 1 of 1
[2024-02-14T03:38:00.664+0000] {taskinstance.py:2191} INFO - Executing <Task(BashOperator): StartJob> on 2024-02-01 00:50:00+00:00
[2024-02-14T03:38:00.675+0000] {standard_task_runner.py:60} INFO - Started process 2782 to run task
[2024-02-14T03:38:00.684+0000] {standard_task_runner.py:87} INFO - Running: ['***', 'tasks', 'run', 'deverlop_model', 'StartJob', 'scheduled__2024-02-01T00:50:00+00:00', '--job-id', '312', '--raw', '--subdir', 'DAGS_FOLDER/task.py', '--cfg-path', '/tmp/tmpy3gj4yla']
[2024-02-14T03:38:00.725+0000] {standard_task_runner.py:88} INFO - Job 312: Subtask StartJob
[2024-02-14T03:38:00.848+0000] {task_command.py:423} INFO - Running <TaskInstance: deverlop_model.StartJob scheduled__2024-02-01T00:50:00+00:00 [running]> on host 6e2ff7d2ffd0
[2024-02-14T03:38:01.030+0000] {taskinstance.py:2480} INFO - Exporting env vars: AIRFLOW_CTX_DAG_OWNER='rtn' AIRFLOW_CTX_DAG_ID='deverlop_model' AIRFLOW_CTX_TASK_ID='StartJob' AIRFLOW_CTX_EXECUTION_DATE='2024-02-01T00:50:00+00:00' AIRFLOW_CTX_TRY_NUMBER='1' AIRFLOW_CTX_DAG_RUN_ID='scheduled__2024-02-01T00:50:00+00:00'
[2024-02-14T03:38:01.041+0000] {subprocess.py:63} INFO - Tmp dir root location: /tmp
[2024-02-14T03:38:01.044+0000] {subprocess.py:75} INFO - Running command: ['/usr/bin/bash', '-c', "\n            echo StartJob && \n            if [ ! -e '/opt/***/dags/data/2024-02-14' ]; then\n                mkdir /opt/***/dags/data/2024-02-14 \n            fi && \n            if [ ! -e '/opt/***/dags/data/2024-02-14/data' ]; then\n                mkdir /opt/***/dags/data/2024-02-14/data\n            fi && \n            if [ ! -e '/opt/***/dags/data/2024-02-14/model' ]; then\n                mkdir /opt/***/dags/data/2024-02-14/model\n            fi\n        "]
[2024-02-14T03:38:01.087+0000] {subprocess.py:86} INFO - Output:
[2024-02-14T03:38:01.088+0000] {subprocess.py:93} INFO - StartJob
[2024-02-14T03:38:01.156+0000] {subprocess.py:97} INFO - Command exited with return code 0
[2024-02-14T03:38:01.289+0000] {taskinstance.py:1138} INFO - Marking task as SUCCESS. dag_id=deverlop_model, task_id=StartJob, execution_date=20240201T005000, start_date=20240214T033800, end_date=20240214T033801
[2024-02-14T03:38:01.413+0000] {local_task_job_runner.py:234} INFO - Task exited with return code 0
[2024-02-14T03:38:01.646+0000] {taskinstance.py:3280} INFO - 1 downstream tasks scheduled from follow-on schedule check
[2024-02-14T03:39:25.740+0000] {taskinstance.py:1956} INFO - Dependencies all met for dep_context=non-requeueable deps ti=<TaskInstance: deverlop_model.StartJob scheduled__2024-02-01T00:50:00+00:00 [queued]>
[2024-02-14T03:39:25.752+0000] {taskinstance.py:1956} INFO - Dependencies all met for dep_context=requeueable deps ti=<TaskInstance: deverlop_model.StartJob scheduled__2024-02-01T00:50:00+00:00 [queued]>
[2024-02-14T03:39:25.753+0000] {taskinstance.py:2170} INFO - Starting attempt 1 of 1
[2024-02-14T03:39:25.779+0000] {taskinstance.py:2191} INFO - Executing <Task(BashOperator): StartJob> on 2024-02-01 00:50:00+00:00
[2024-02-14T03:39:25.791+0000] {standard_task_runner.py:60} INFO - Started process 2983 to run task
[2024-02-14T03:39:25.796+0000] {standard_task_runner.py:87} INFO - Running: ['***', 'tasks', 'run', 'deverlop_model', 'StartJob', 'scheduled__2024-02-01T00:50:00+00:00', '--job-id', '364', '--raw', '--subdir', 'DAGS_FOLDER/task.py', '--cfg-path', '/tmp/tmp0n2jiek3']
[2024-02-14T03:39:25.800+0000] {standard_task_runner.py:88} INFO - Job 364: Subtask StartJob
[2024-02-14T03:39:25.884+0000] {task_command.py:423} INFO - Running <TaskInstance: deverlop_model.StartJob scheduled__2024-02-01T00:50:00+00:00 [running]> on host 6e2ff7d2ffd0
[2024-02-14T03:39:26.022+0000] {taskinstance.py:2480} INFO - Exporting env vars: AIRFLOW_CTX_DAG_OWNER='rtn' AIRFLOW_CTX_DAG_ID='deverlop_model' AIRFLOW_CTX_TASK_ID='StartJob' AIRFLOW_CTX_EXECUTION_DATE='2024-02-01T00:50:00+00:00' AIRFLOW_CTX_TRY_NUMBER='1' AIRFLOW_CTX_DAG_RUN_ID='scheduled__2024-02-01T00:50:00+00:00'
[2024-02-14T03:39:26.027+0000] {subprocess.py:63} INFO - Tmp dir root location: /tmp
[2024-02-14T03:39:26.028+0000] {subprocess.py:75} INFO - Running command: ['/usr/bin/bash', '-c', "\n            echo StartJob && \n            if [ ! -e '/opt/***/dags/data/2024-02-14' ]; then\n                mkdir /opt/***/dags/data/2024-02-14 \n            fi && \n            if [ ! -e '/opt/***/dags/data/2024-02-14/data' ]; then\n                mkdir /opt/***/dags/data/2024-02-14/data\n            fi && \n            if [ ! -e '/opt/***/dags/data/2024-02-14/model' ]; then\n                mkdir /opt/***/dags/data/2024-02-14/model\n            fi\n        "]
[2024-02-14T03:39:26.056+0000] {subprocess.py:86} INFO - Output:
[2024-02-14T03:39:26.061+0000] {subprocess.py:93} INFO - StartJob
[2024-02-14T03:39:26.070+0000] {subprocess.py:97} INFO - Command exited with return code 0
[2024-02-14T03:39:26.115+0000] {taskinstance.py:1138} INFO - Marking task as SUCCESS. dag_id=deverlop_model, task_id=StartJob, execution_date=20240201T005000, start_date=20240214T033925, end_date=20240214T033926
[2024-02-14T03:39:26.187+0000] {local_task_job_runner.py:234} INFO - Task exited with return code 0
[2024-02-14T03:39:26.491+0000] {taskinstance.py:3280} INFO - 0 downstream tasks scheduled from follow-on schedule check
[2024-02-14T04:09:32.257+0000] {taskinstance.py:1956} INFO - Dependencies all met for dep_context=non-requeueable deps ti=<TaskInstance: deverlop_model.StartJob scheduled__2024-02-01T00:50:00+00:00 [queued]>
[2024-02-14T04:09:32.271+0000] {taskinstance.py:1956} INFO - Dependencies all met for dep_context=requeueable deps ti=<TaskInstance: deverlop_model.StartJob scheduled__2024-02-01T00:50:00+00:00 [queued]>
[2024-02-14T04:09:32.272+0000] {taskinstance.py:2170} INFO - Starting attempt 1 of 1
[2024-02-14T04:09:32.289+0000] {taskinstance.py:2191} INFO - Executing <Task(BashOperator): StartJob> on 2024-02-01 00:50:00+00:00
[2024-02-14T04:09:32.299+0000] {standard_task_runner.py:60} INFO - Started process 4080 to run task
[2024-02-14T04:09:32.308+0000] {standard_task_runner.py:87} INFO - Running: ['***', 'tasks', 'run', 'deverlop_model', 'StartJob', 'scheduled__2024-02-01T00:50:00+00:00', '--job-id', '545', '--raw', '--subdir', 'DAGS_FOLDER/task.py', '--cfg-path', '/tmp/tmpk0y6atso']
[2024-02-14T04:09:32.317+0000] {standard_task_runner.py:88} INFO - Job 545: Subtask StartJob
[2024-02-14T04:09:32.393+0000] {task_command.py:423} INFO - Running <TaskInstance: deverlop_model.StartJob scheduled__2024-02-01T00:50:00+00:00 [running]> on host 6e2ff7d2ffd0
[2024-02-14T04:09:32.492+0000] {taskinstance.py:2480} INFO - Exporting env vars: AIRFLOW_CTX_DAG_OWNER='rtn' AIRFLOW_CTX_DAG_ID='deverlop_model' AIRFLOW_CTX_TASK_ID='StartJob' AIRFLOW_CTX_EXECUTION_DATE='2024-02-01T00:50:00+00:00' AIRFLOW_CTX_TRY_NUMBER='1' AIRFLOW_CTX_DAG_RUN_ID='scheduled__2024-02-01T00:50:00+00:00'
[2024-02-14T04:09:32.495+0000] {subprocess.py:63} INFO - Tmp dir root location: /tmp
[2024-02-14T04:09:32.497+0000] {subprocess.py:75} INFO - Running command: ['/usr/bin/bash', '-c', "\n            echo StartJob && \n            if [ ! -e '/opt/***/dags/data/2024-02-14' ]; then\n                mkdir /opt/***/dags/data/2024-02-14 \n            fi && \n            if [ ! -e '/opt/***/dags/data/2024-02-14/data' ]; then\n                mkdir /opt/***/dags/data/2024-02-14/data\n            fi && \n            if [ ! -e '/opt/***/dags/data/2024-02-14/model' ]; then\n                mkdir /opt/***/dags/data/2024-02-14/model\n            fi\n        "]
[2024-02-14T04:09:32.517+0000] {subprocess.py:86} INFO - Output:
[2024-02-14T04:09:32.519+0000] {subprocess.py:93} INFO - StartJob
[2024-02-14T04:09:32.531+0000] {subprocess.py:97} INFO - Command exited with return code 0
[2024-02-14T04:09:32.566+0000] {taskinstance.py:1138} INFO - Marking task as SUCCESS. dag_id=deverlop_model, task_id=StartJob, execution_date=20240201T005000, start_date=20240214T040932, end_date=20240214T040932
[2024-02-14T04:09:32.597+0000] {local_task_job_runner.py:234} INFO - Task exited with return code 0
[2024-02-14T04:09:32.642+0000] {taskinstance.py:3280} INFO - 1 downstream tasks scheduled from follow-on schedule check
