[2024-02-14T03:32:55.486+0000] {taskinstance.py:1956} INFO - Dependencies all met for dep_context=non-requeueable deps ti=<TaskInstance: deverlop_model.StartJob scheduled__2024-02-01T00:55:00+00:00 [queued]>
[2024-02-14T03:32:55.514+0000] {taskinstance.py:1956} INFO - Dependencies all met for dep_context=requeueable deps ti=<TaskInstance: deverlop_model.StartJob scheduled__2024-02-01T00:55:00+00:00 [queued]>
[2024-02-14T03:32:55.516+0000] {taskinstance.py:2170} INFO - Starting attempt 1 of 1
[2024-02-14T03:32:55.561+0000] {taskinstance.py:2191} INFO - Executing <Task(BashOperator): StartJob> on 2024-02-01 00:55:00+00:00
[2024-02-14T03:32:55.584+0000] {standard_task_runner.py:60} INFO - Started process 2361 to run task
[2024-02-14T03:32:55.589+0000] {standard_task_runner.py:87} INFO - Running: ['***', 'tasks', 'run', 'deverlop_model', 'StartJob', 'scheduled__2024-02-01T00:55:00+00:00', '--job-id', '217', '--raw', '--subdir', 'DAGS_FOLDER/task.py', '--cfg-path', '/tmp/tmpyqaf1kyy']
[2024-02-14T03:32:55.601+0000] {standard_task_runner.py:88} INFO - Job 217: Subtask StartJob
[2024-02-14T03:32:55.707+0000] {task_command.py:423} INFO - Running <TaskInstance: deverlop_model.StartJob scheduled__2024-02-01T00:55:00+00:00 [running]> on host 6e2ff7d2ffd0
[2024-02-14T03:32:55.851+0000] {taskinstance.py:2480} INFO - Exporting env vars: AIRFLOW_CTX_DAG_OWNER='rtn' AIRFLOW_CTX_DAG_ID='deverlop_model' AIRFLOW_CTX_TASK_ID='StartJob' AIRFLOW_CTX_EXECUTION_DATE='2024-02-01T00:55:00+00:00' AIRFLOW_CTX_TRY_NUMBER='1' AIRFLOW_CTX_DAG_RUN_ID='scheduled__2024-02-01T00:55:00+00:00'
[2024-02-14T03:32:55.858+0000] {subprocess.py:63} INFO - Tmp dir root location: /tmp
[2024-02-14T03:32:55.861+0000] {subprocess.py:75} INFO - Running command: ['/usr/bin/bash', '-c', "\n            echo StartJob && \n            if [ ! -e '/opt/***/dags/data/2024-02-14' ]; then\n                mkdir /opt/***/dags/data/2024-02-14 \n            fi && \n            if [ ! -e '/opt/***/dags/data/2024-02-14/data' ]; then\n                mkdir /opt/***/dags/data/2024-02-14/data\n            fi && \n            if [ ! -e '/opt/***/dags/data/2024-02-14/model' ]; then\n                mkdir /opt/***/dags/data/2024-02-14/model\n            fi\n        "]
[2024-02-14T03:32:55.903+0000] {subprocess.py:86} INFO - Output:
[2024-02-14T03:32:55.905+0000] {subprocess.py:93} INFO - StartJob
[2024-02-14T03:32:55.908+0000] {subprocess.py:97} INFO - Command exited with return code 0
[2024-02-14T03:32:55.950+0000] {taskinstance.py:1138} INFO - Marking task as SUCCESS. dag_id=deverlop_model, task_id=StartJob, execution_date=20240201T005500, start_date=20240214T033255, end_date=20240214T033255
[2024-02-14T03:32:56.011+0000] {local_task_job_runner.py:234} INFO - Task exited with return code 0
[2024-02-14T03:32:56.064+0000] {taskinstance.py:3280} INFO - 1 downstream tasks scheduled from follow-on schedule check
[2024-02-14T03:34:22.796+0000] {taskinstance.py:1956} INFO - Dependencies all met for dep_context=non-requeueable deps ti=<TaskInstance: deverlop_model.StartJob scheduled__2024-02-01T00:55:00+00:00 [queued]>
[2024-02-14T03:34:22.819+0000] {taskinstance.py:1956} INFO - Dependencies all met for dep_context=requeueable deps ti=<TaskInstance: deverlop_model.StartJob scheduled__2024-02-01T00:55:00+00:00 [queued]>
[2024-02-14T03:34:22.820+0000] {taskinstance.py:2170} INFO - Starting attempt 1 of 1
[2024-02-14T03:34:22.862+0000] {taskinstance.py:2191} INFO - Executing <Task(BashOperator): StartJob> on 2024-02-01 00:55:00+00:00
[2024-02-14T03:34:22.874+0000] {standard_task_runner.py:60} INFO - Started process 2464 to run task
[2024-02-14T03:34:22.885+0000] {standard_task_runner.py:87} INFO - Running: ['***', 'tasks', 'run', 'deverlop_model', 'StartJob', 'scheduled__2024-02-01T00:55:00+00:00', '--job-id', '236', '--raw', '--subdir', 'DAGS_FOLDER/task.py', '--cfg-path', '/tmp/tmpfy4gt9mb']
[2024-02-14T03:34:22.894+0000] {standard_task_runner.py:88} INFO - Job 236: Subtask StartJob
[2024-02-14T03:34:23.248+0000] {task_command.py:423} INFO - Running <TaskInstance: deverlop_model.StartJob scheduled__2024-02-01T00:55:00+00:00 [running]> on host 6e2ff7d2ffd0
[2024-02-14T03:34:23.561+0000] {taskinstance.py:2480} INFO - Exporting env vars: AIRFLOW_CTX_DAG_OWNER='rtn' AIRFLOW_CTX_DAG_ID='deverlop_model' AIRFLOW_CTX_TASK_ID='StartJob' AIRFLOW_CTX_EXECUTION_DATE='2024-02-01T00:55:00+00:00' AIRFLOW_CTX_TRY_NUMBER='1' AIRFLOW_CTX_DAG_RUN_ID='scheduled__2024-02-01T00:55:00+00:00'
[2024-02-14T03:34:23.570+0000] {subprocess.py:63} INFO - Tmp dir root location: /tmp
[2024-02-14T03:34:23.573+0000] {subprocess.py:75} INFO - Running command: ['/usr/bin/bash', '-c', "\n            echo StartJob && \n            if [ ! -e '/opt/***/dags/data/2024-02-14' ]; then\n                mkdir /opt/***/dags/data/2024-02-14 \n            fi && \n            if [ ! -e '/opt/***/dags/data/2024-02-14/data' ]; then\n                mkdir /opt/***/dags/data/2024-02-14/data\n            fi && \n            if [ ! -e '/opt/***/dags/data/2024-02-14/model' ]; then\n                mkdir /opt/***/dags/data/2024-02-14/model\n            fi\n        "]
[2024-02-14T03:34:23.698+0000] {subprocess.py:86} INFO - Output:
[2024-02-14T03:34:23.708+0000] {subprocess.py:93} INFO - StartJob
[2024-02-14T03:34:23.734+0000] {subprocess.py:97} INFO - Command exited with return code 0
[2024-02-14T03:34:23.914+0000] {taskinstance.py:1138} INFO - Marking task as SUCCESS. dag_id=deverlop_model, task_id=StartJob, execution_date=20240201T005500, start_date=20240214T033422, end_date=20240214T033423
[2024-02-14T03:34:24.038+0000] {local_task_job_runner.py:234} INFO - Task exited with return code 0
[2024-02-14T03:34:25.685+0000] {taskinstance.py:3280} INFO - 1 downstream tasks scheduled from follow-on schedule check
[2024-02-14T03:38:01.354+0000] {taskinstance.py:1956} INFO - Dependencies all met for dep_context=non-requeueable deps ti=<TaskInstance: deverlop_model.StartJob scheduled__2024-02-01T00:55:00+00:00 [queued]>
[2024-02-14T03:38:01.371+0000] {taskinstance.py:1956} INFO - Dependencies all met for dep_context=requeueable deps ti=<TaskInstance: deverlop_model.StartJob scheduled__2024-02-01T00:55:00+00:00 [queued]>
[2024-02-14T03:38:01.373+0000] {taskinstance.py:2170} INFO - Starting attempt 1 of 1
[2024-02-14T03:38:01.433+0000] {taskinstance.py:2191} INFO - Executing <Task(BashOperator): StartJob> on 2024-02-01 00:55:00+00:00
[2024-02-14T03:38:01.448+0000] {standard_task_runner.py:60} INFO - Started process 2792 to run task
[2024-02-14T03:38:01.458+0000] {standard_task_runner.py:87} INFO - Running: ['***', 'tasks', 'run', 'deverlop_model', 'StartJob', 'scheduled__2024-02-01T00:55:00+00:00', '--job-id', '315', '--raw', '--subdir', 'DAGS_FOLDER/task.py', '--cfg-path', '/tmp/tmp24rg7fh_']
[2024-02-14T03:38:01.462+0000] {standard_task_runner.py:88} INFO - Job 315: Subtask StartJob
[2024-02-14T03:38:01.652+0000] {task_command.py:423} INFO - Running <TaskInstance: deverlop_model.StartJob scheduled__2024-02-01T00:55:00+00:00 [running]> on host 6e2ff7d2ffd0
[2024-02-14T03:38:01.919+0000] {taskinstance.py:2480} INFO - Exporting env vars: AIRFLOW_CTX_DAG_OWNER='rtn' AIRFLOW_CTX_DAG_ID='deverlop_model' AIRFLOW_CTX_TASK_ID='StartJob' AIRFLOW_CTX_EXECUTION_DATE='2024-02-01T00:55:00+00:00' AIRFLOW_CTX_TRY_NUMBER='1' AIRFLOW_CTX_DAG_RUN_ID='scheduled__2024-02-01T00:55:00+00:00'
[2024-02-14T03:38:01.937+0000] {subprocess.py:63} INFO - Tmp dir root location: /tmp
[2024-02-14T03:38:01.941+0000] {subprocess.py:75} INFO - Running command: ['/usr/bin/bash', '-c', "\n            echo StartJob && \n            if [ ! -e '/opt/***/dags/data/2024-02-14' ]; then\n                mkdir /opt/***/dags/data/2024-02-14 \n            fi && \n            if [ ! -e '/opt/***/dags/data/2024-02-14/data' ]; then\n                mkdir /opt/***/dags/data/2024-02-14/data\n            fi && \n            if [ ! -e '/opt/***/dags/data/2024-02-14/model' ]; then\n                mkdir /opt/***/dags/data/2024-02-14/model\n            fi\n        "]
[2024-02-14T03:38:01.973+0000] {subprocess.py:86} INFO - Output:
[2024-02-14T03:38:01.979+0000] {subprocess.py:93} INFO - StartJob
[2024-02-14T03:38:01.988+0000] {subprocess.py:97} INFO - Command exited with return code 0
[2024-02-14T03:38:02.031+0000] {taskinstance.py:1138} INFO - Marking task as SUCCESS. dag_id=deverlop_model, task_id=StartJob, execution_date=20240201T005500, start_date=20240214T033801, end_date=20240214T033802
[2024-02-14T03:38:02.121+0000] {local_task_job_runner.py:234} INFO - Task exited with return code 0
[2024-02-14T03:38:02.223+0000] {taskinstance.py:3280} INFO - 1 downstream tasks scheduled from follow-on schedule check
[2024-02-14T03:39:26.288+0000] {taskinstance.py:1956} INFO - Dependencies all met for dep_context=non-requeueable deps ti=<TaskInstance: deverlop_model.StartJob scheduled__2024-02-01T00:55:00+00:00 [queued]>
[2024-02-14T03:39:26.304+0000] {taskinstance.py:1956} INFO - Dependencies all met for dep_context=requeueable deps ti=<TaskInstance: deverlop_model.StartJob scheduled__2024-02-01T00:55:00+00:00 [queued]>
[2024-02-14T03:39:26.306+0000] {taskinstance.py:2170} INFO - Starting attempt 1 of 1
[2024-02-14T03:39:26.330+0000] {taskinstance.py:2191} INFO - Executing <Task(BashOperator): StartJob> on 2024-02-01 00:55:00+00:00
[2024-02-14T03:39:26.345+0000] {standard_task_runner.py:60} INFO - Started process 2992 to run task
[2024-02-14T03:39:26.352+0000] {standard_task_runner.py:87} INFO - Running: ['***', 'tasks', 'run', 'deverlop_model', 'StartJob', 'scheduled__2024-02-01T00:55:00+00:00', '--job-id', '366', '--raw', '--subdir', 'DAGS_FOLDER/task.py', '--cfg-path', '/tmp/tmpn77yypwd']
[2024-02-14T03:39:26.357+0000] {standard_task_runner.py:88} INFO - Job 366: Subtask StartJob
[2024-02-14T03:39:26.477+0000] {task_command.py:423} INFO - Running <TaskInstance: deverlop_model.StartJob scheduled__2024-02-01T00:55:00+00:00 [running]> on host 6e2ff7d2ffd0
[2024-02-14T03:39:26.671+0000] {taskinstance.py:2480} INFO - Exporting env vars: AIRFLOW_CTX_DAG_OWNER='rtn' AIRFLOW_CTX_DAG_ID='deverlop_model' AIRFLOW_CTX_TASK_ID='StartJob' AIRFLOW_CTX_EXECUTION_DATE='2024-02-01T00:55:00+00:00' AIRFLOW_CTX_TRY_NUMBER='1' AIRFLOW_CTX_DAG_RUN_ID='scheduled__2024-02-01T00:55:00+00:00'
[2024-02-14T03:39:26.676+0000] {subprocess.py:63} INFO - Tmp dir root location: /tmp
[2024-02-14T03:39:26.693+0000] {subprocess.py:75} INFO - Running command: ['/usr/bin/bash', '-c', "\n            echo StartJob && \n            if [ ! -e '/opt/***/dags/data/2024-02-14' ]; then\n                mkdir /opt/***/dags/data/2024-02-14 \n            fi && \n            if [ ! -e '/opt/***/dags/data/2024-02-14/data' ]; then\n                mkdir /opt/***/dags/data/2024-02-14/data\n            fi && \n            if [ ! -e '/opt/***/dags/data/2024-02-14/model' ]; then\n                mkdir /opt/***/dags/data/2024-02-14/model\n            fi\n        "]
[2024-02-14T03:39:26.751+0000] {subprocess.py:86} INFO - Output:
[2024-02-14T03:39:26.755+0000] {subprocess.py:93} INFO - StartJob
[2024-02-14T03:39:26.767+0000] {subprocess.py:97} INFO - Command exited with return code 0
[2024-02-14T03:39:26.847+0000] {taskinstance.py:1138} INFO - Marking task as SUCCESS. dag_id=deverlop_model, task_id=StartJob, execution_date=20240201T005500, start_date=20240214T033926, end_date=20240214T033926
[2024-02-14T03:39:26.983+0000] {local_task_job_runner.py:234} INFO - Task exited with return code 0
[2024-02-14T03:39:27.035+0000] {taskinstance.py:3280} INFO - 1 downstream tasks scheduled from follow-on schedule check
[2024-02-14T04:09:32.599+0000] {taskinstance.py:1956} INFO - Dependencies all met for dep_context=non-requeueable deps ti=<TaskInstance: deverlop_model.StartJob scheduled__2024-02-01T00:55:00+00:00 [queued]>
[2024-02-14T04:09:32.612+0000] {taskinstance.py:1956} INFO - Dependencies all met for dep_context=requeueable deps ti=<TaskInstance: deverlop_model.StartJob scheduled__2024-02-01T00:55:00+00:00 [queued]>
[2024-02-14T04:09:32.613+0000] {taskinstance.py:2170} INFO - Starting attempt 1 of 1
[2024-02-14T04:09:32.637+0000] {taskinstance.py:2191} INFO - Executing <Task(BashOperator): StartJob> on 2024-02-01 00:55:00+00:00
[2024-02-14T04:09:32.651+0000] {standard_task_runner.py:60} INFO - Started process 4085 to run task
[2024-02-14T04:09:32.659+0000] {standard_task_runner.py:87} INFO - Running: ['***', 'tasks', 'run', 'deverlop_model', 'StartJob', 'scheduled__2024-02-01T00:55:00+00:00', '--job-id', '548', '--raw', '--subdir', 'DAGS_FOLDER/task.py', '--cfg-path', '/tmp/tmp39q192h1']
[2024-02-14T04:09:32.664+0000] {standard_task_runner.py:88} INFO - Job 548: Subtask StartJob
[2024-02-14T04:09:32.750+0000] {task_command.py:423} INFO - Running <TaskInstance: deverlop_model.StartJob scheduled__2024-02-01T00:55:00+00:00 [running]> on host 6e2ff7d2ffd0
[2024-02-14T04:09:32.859+0000] {taskinstance.py:2480} INFO - Exporting env vars: AIRFLOW_CTX_DAG_OWNER='rtn' AIRFLOW_CTX_DAG_ID='deverlop_model' AIRFLOW_CTX_TASK_ID='StartJob' AIRFLOW_CTX_EXECUTION_DATE='2024-02-01T00:55:00+00:00' AIRFLOW_CTX_TRY_NUMBER='1' AIRFLOW_CTX_DAG_RUN_ID='scheduled__2024-02-01T00:55:00+00:00'
[2024-02-14T04:09:32.862+0000] {subprocess.py:63} INFO - Tmp dir root location: /tmp
[2024-02-14T04:09:32.863+0000] {subprocess.py:75} INFO - Running command: ['/usr/bin/bash', '-c', "\n            echo StartJob && \n            if [ ! -e '/opt/***/dags/data/2024-02-14' ]; then\n                mkdir /opt/***/dags/data/2024-02-14 \n            fi && \n            if [ ! -e '/opt/***/dags/data/2024-02-14/data' ]; then\n                mkdir /opt/***/dags/data/2024-02-14/data\n            fi && \n            if [ ! -e '/opt/***/dags/data/2024-02-14/model' ]; then\n                mkdir /opt/***/dags/data/2024-02-14/model\n            fi\n        "]
[2024-02-14T04:09:32.885+0000] {subprocess.py:86} INFO - Output:
[2024-02-14T04:09:32.887+0000] {subprocess.py:93} INFO - StartJob
[2024-02-14T04:09:32.890+0000] {subprocess.py:97} INFO - Command exited with return code 0
[2024-02-14T04:09:32.920+0000] {taskinstance.py:1138} INFO - Marking task as SUCCESS. dag_id=deverlop_model, task_id=StartJob, execution_date=20240201T005500, start_date=20240214T040932, end_date=20240214T040932
[2024-02-14T04:09:32.954+0000] {local_task_job_runner.py:234} INFO - Task exited with return code 0
[2024-02-14T04:09:32.983+0000] {taskinstance.py:3280} INFO - 1 downstream tasks scheduled from follow-on schedule check
