[2024-02-14T02:53:52.317+0000] {taskinstance.py:1956} INFO - Dependencies all met for dep_context=non-requeueable deps ti=<TaskInstance: deverlop_model.StartJob manual__2024-02-14T02:53:50.661771+00:00 [queued]>
[2024-02-14T02:53:52.324+0000] {taskinstance.py:1956} INFO - Dependencies all met for dep_context=requeueable deps ti=<TaskInstance: deverlop_model.StartJob manual__2024-02-14T02:53:50.661771+00:00 [queued]>
[2024-02-14T02:53:52.325+0000] {taskinstance.py:2170} INFO - Starting attempt 1 of 1
[2024-02-14T02:53:52.336+0000] {taskinstance.py:2191} INFO - Executing <Task(BashOperator): StartJob> on 2024-02-14 02:53:50.661771+00:00
[2024-02-14T02:53:52.343+0000] {standard_task_runner.py:60} INFO - Started process 1524 to run task
[2024-02-14T02:53:52.346+0000] {standard_task_runner.py:87} INFO - Running: ['***', 'tasks', 'run', 'deverlop_model', 'StartJob', 'manual__2024-02-14T02:53:50.661771+00:00', '--job-id', '152', '--raw', '--subdir', 'DAGS_FOLDER/task.py', '--cfg-path', '/tmp/tmpi2b8jx38']
[2024-02-14T02:53:52.348+0000] {standard_task_runner.py:88} INFO - Job 152: Subtask StartJob
[2024-02-14T02:53:52.399+0000] {task_command.py:423} INFO - Running <TaskInstance: deverlop_model.StartJob manual__2024-02-14T02:53:50.661771+00:00 [running]> on host 6e2ff7d2ffd0
[2024-02-14T02:53:52.469+0000] {taskinstance.py:2480} INFO - Exporting env vars: AIRFLOW_CTX_DAG_OWNER='rtn' AIRFLOW_CTX_DAG_ID='deverlop_model' AIRFLOW_CTX_TASK_ID='StartJob' AIRFLOW_CTX_EXECUTION_DATE='2024-02-14T02:53:50.661771+00:00' AIRFLOW_CTX_TRY_NUMBER='1' AIRFLOW_CTX_DAG_RUN_ID='manual__2024-02-14T02:53:50.661771+00:00'
[2024-02-14T02:53:52.472+0000] {subprocess.py:63} INFO - Tmp dir root location: /tmp
[2024-02-14T02:53:52.473+0000] {subprocess.py:75} INFO - Running command: ['/usr/bin/bash', '-c', 'echo StartJob && mkdir /***_base/dags/data/2024-02-14 02:53:51.503637/']
[2024-02-14T02:53:52.501+0000] {subprocess.py:86} INFO - Output:
[2024-02-14T02:53:52.502+0000] {subprocess.py:93} INFO - StartJob
[2024-02-14T02:53:52.504+0000] {subprocess.py:93} INFO - mkdir: cannot create directory ‘/***_base/dags/data/2024-02-14’: No such file or directory
[2024-02-14T02:53:52.505+0000] {subprocess.py:97} INFO - Command exited with return code 1
[2024-02-14T02:53:52.515+0000] {taskinstance.py:2698} ERROR - Task failed with exception
Traceback (most recent call last):
  File "/home/airflow/.local/lib/python3.8/site-packages/airflow/models/taskinstance.py", line 433, in _execute_task
    result = execute_callable(context=context, **execute_callable_kwargs)
  File "/home/airflow/.local/lib/python3.8/site-packages/airflow/operators/bash.py", line 212, in execute
    raise AirflowException(
airflow.exceptions.AirflowException: Bash command failed. The command returned a non-zero exit code 1.
[2024-02-14T02:53:52.520+0000] {taskinstance.py:1138} INFO - Marking task as FAILED. dag_id=deverlop_model, task_id=StartJob, execution_date=20240214T025350, start_date=20240214T025352, end_date=20240214T025352
[2024-02-14T02:53:52.534+0000] {standard_task_runner.py:107} ERROR - Failed to execute job 152 for task StartJob (Bash command failed. The command returned a non-zero exit code 1.; 1524)
[2024-02-14T02:53:52.559+0000] {local_task_job_runner.py:234} INFO - Task exited with return code 1
[2024-02-14T02:53:52.582+0000] {taskinstance.py:3280} INFO - 0 downstream tasks scheduled from follow-on schedule check
