[2024-02-13T05:35:46.476+0000] {taskinstance.py:1956} INFO - Dependencies all met for dep_context=non-requeueable deps ti=<TaskInstance: deverlop_model.data_sets manual__2024-02-13T05:35:41.214638+00:00 [queued]>
[2024-02-13T05:35:46.492+0000] {taskinstance.py:1956} INFO - Dependencies all met for dep_context=requeueable deps ti=<TaskInstance: deverlop_model.data_sets manual__2024-02-13T05:35:41.214638+00:00 [queued]>
[2024-02-13T05:35:46.493+0000] {taskinstance.py:2170} INFO - Starting attempt 1 of 1
[2024-02-13T05:35:46.515+0000] {taskinstance.py:2191} INFO - Executing <Task(DockerOperator): data_sets> on 2024-02-13 05:35:41.214638+00:00
[2024-02-13T05:35:46.523+0000] {standard_task_runner.py:60} INFO - Started process 429 to run task
[2024-02-13T05:35:46.528+0000] {standard_task_runner.py:87} INFO - Running: ['***', 'tasks', 'run', 'deverlop_model', 'data_sets', 'manual__2024-02-13T05:35:41.214638+00:00', '--job-id', '4', '--raw', '--subdir', 'DAGS_FOLDER/task.py', '--cfg-path', '/tmp/tmpl3fwb7st']
[2024-02-13T05:35:46.535+0000] {standard_task_runner.py:88} INFO - Job 4: Subtask data_sets
[2024-02-13T05:35:46.587+0000] {task_command.py:423} INFO - Running <TaskInstance: deverlop_model.data_sets manual__2024-02-13T05:35:41.214638+00:00 [running]> on host 8253c98da9f8
[2024-02-13T05:35:46.671+0000] {taskinstance.py:2480} INFO - Exporting env vars: AIRFLOW_CTX_DAG_OWNER='rtn' AIRFLOW_CTX_DAG_ID='deverlop_model' AIRFLOW_CTX_TASK_ID='data_sets' AIRFLOW_CTX_EXECUTION_DATE='2024-02-13T05:35:41.214638+00:00' AIRFLOW_CTX_TRY_NUMBER='1' AIRFLOW_CTX_DAG_RUN_ID='manual__2024-02-13T05:35:41.214638+00:00'
[2024-02-13T05:35:46.726+0000] {docker.py:486} INFO - Pulling docker image python:3.8
[2024-02-13T05:35:51.692+0000] {docker.py:500} INFO - 3.8: Pulling from library/python
[2024-02-13T05:35:52.575+0000] {docker.py:500} INFO - 6a299ae9cfd9: Pulling fs layer
[2024-02-13T05:35:52.576+0000] {docker.py:500} INFO - e08e8703b2fb: Pulling fs layer
[2024-02-13T05:35:52.577+0000] {docker.py:500} INFO - 68e92d11b04e: Pulling fs layer
[2024-02-13T05:35:52.578+0000] {docker.py:500} INFO - 5b9fe7fef9be: Pulling fs layer
[2024-02-13T05:35:52.578+0000] {docker.py:500} INFO - 09864a904dd0: Pulling fs layer
[2024-02-13T05:35:52.579+0000] {docker.py:500} INFO - 5b9fe7fef9be: Waiting
[2024-02-13T05:35:52.579+0000] {docker.py:500} INFO - a1422769d5be: Pulling fs layer
[2024-02-13T05:35:52.580+0000] {docker.py:500} INFO - 09864a904dd0: Waiting
[2024-02-13T05:35:52.581+0000] {docker.py:500} INFO - a1422769d5be: Waiting
[2024-02-13T05:35:52.582+0000] {docker.py:500} INFO - fad1ae7101cd: Pulling fs layer
[2024-02-13T05:35:52.582+0000] {docker.py:500} INFO - 96467e04897d: Pulling fs layer
[2024-02-13T05:35:52.583+0000] {docker.py:500} INFO - fad1ae7101cd: Waiting
[2024-02-13T05:35:52.583+0000] {docker.py:500} INFO - 96467e04897d: Waiting
[2024-02-13T05:35:55.047+0000] {docker.py:500} INFO - e08e8703b2fb: Downloading
[2024-02-13T05:35:55.289+0000] {docker.py:500} INFO - 6a299ae9cfd9: Downloading
[2024-02-13T05:35:55.354+0000] {docker.py:500} INFO - 68e92d11b04e: Downloading
[2024-02-13T05:35:57.010+0000] {docker.py:500} INFO - e08e8703b2fb: Verifying Checksum
[2024-02-13T05:35:57.012+0000] {docker.py:500} INFO - e08e8703b2fb: Download complete
[2024-02-13T05:35:57.530+0000] {docker.py:500} INFO - 6a299ae9cfd9: Download complete
[2024-02-13T05:35:57.721+0000] {docker.py:500} INFO - 6a299ae9cfd9: Extracting
[2024-02-13T05:35:58.138+0000] {docker.py:500} INFO - 5b9fe7fef9be: Downloading
[2024-02-13T05:35:58.813+0000] {docker.py:500} INFO - 09864a904dd0: Downloading
[2024-02-13T05:35:59.604+0000] {docker.py:500} INFO - 09864a904dd0: Download complete
[2024-02-13T05:36:00.999+0000] {docker.py:500} INFO - a1422769d5be: Downloading
[2024-02-13T05:36:01.491+0000] {docker.py:500} INFO - 6a299ae9cfd9: Pull complete
[2024-02-13T05:36:01.577+0000] {docker.py:500} INFO - e08e8703b2fb: Extracting
[2024-02-13T05:36:02.122+0000] {docker.py:500} INFO - 68e92d11b04e: Verifying Checksum
[2024-02-13T05:36:02.123+0000] {docker.py:500} INFO - 68e92d11b04e: Download complete
[2024-02-13T05:36:02.628+0000] {docker.py:500} INFO - e08e8703b2fb: Pull complete
[2024-02-13T05:36:02.677+0000] {docker.py:500} INFO - 68e92d11b04e: Extracting
[2024-02-13T05:36:03.201+0000] {docker.py:500} INFO - fad1ae7101cd: Downloading
[2024-02-13T05:36:03.202+0000] {docker.py:500} INFO - fad1ae7101cd: Verifying Checksum
[2024-02-13T05:36:03.204+0000] {docker.py:500} INFO - fad1ae7101cd: Download complete
[2024-02-13T05:36:04.360+0000] {docker.py:500} INFO - 96467e04897d: Downloading
[2024-02-13T05:36:04.662+0000] {docker.py:500} INFO - a1422769d5be: Verifying Checksum
[2024-02-13T05:36:04.663+0000] {docker.py:500} INFO - a1422769d5be: Download complete
[2024-02-13T05:36:04.864+0000] {docker.py:500} INFO - 96467e04897d: Verifying Checksum
[2024-02-13T05:36:04.865+0000] {docker.py:500} INFO - 96467e04897d: Download complete
[2024-02-13T05:36:05.926+0000] {docker.py:500} INFO - 5b9fe7fef9be: Verifying Checksum
[2024-02-13T05:36:05.927+0000] {docker.py:500} INFO - 5b9fe7fef9be: Download complete
[2024-02-13T05:36:06.565+0000] {docker.py:500} INFO - 68e92d11b04e: Pull complete
[2024-02-13T05:36:06.645+0000] {docker.py:500} INFO - 5b9fe7fef9be: Extracting
[2024-02-13T05:36:14.031+0000] {docker.py:500} INFO - 5b9fe7fef9be: Pull complete
[2024-02-13T05:36:14.035+0000] {docker.py:500} INFO - 09864a904dd0: Extracting
[2024-02-13T05:36:14.362+0000] {docker.py:500} INFO - 09864a904dd0: Pull complete
[2024-02-13T05:36:14.377+0000] {docker.py:500} INFO - a1422769d5be: Extracting
[2024-02-13T05:36:15.187+0000] {docker.py:500} INFO - a1422769d5be: Pull complete
[2024-02-13T05:36:15.193+0000] {docker.py:500} INFO - fad1ae7101cd: Extracting
[2024-02-13T05:36:15.214+0000] {docker.py:500} INFO - fad1ae7101cd: Pull complete
[2024-02-13T05:36:15.218+0000] {docker.py:500} INFO - 96467e04897d: Extracting
[2024-02-13T05:36:15.500+0000] {docker.py:500} INFO - 96467e04897d: Pull complete
[2024-02-13T05:36:15.515+0000] {docker.py:495} INFO - Digest: sha256:afc3b723caef31e03dfa343e8bcdeee8ad4fd11e2672eb3365e5fd59fafa3c09
[2024-02-13T05:36:15.520+0000] {docker.py:495} INFO - Status: Downloaded newer image for python:3.8
[2024-02-13T05:36:15.523+0000] {docker.py:359} INFO - Starting docker container from image python:3.8
[2024-02-13T05:36:17.391+0000] {docker.py:429} INFO - WARNING: Running pip as the 'root' user can result in broken permissions and conflicting behaviour with the system package manager. It is recommended to use a virtual environment instead: https://pip.pypa.io/warnings/venv
[2024-02-13T05:36:17.570+0000] {docker.py:429} INFO - [notice] A new release of pip is available: 23.0.1 -> 24.0
[notice] To update, run: pip install --upgrade pip
[2024-02-13T05:36:22.671+0000] {docker.py:429} INFO - READ DATA :  HELLO WORLD  timestamp :  2024-02-13 05:36:22.668201
[2024-02-13T05:36:23.028+0000] {taskinstance.py:1138} INFO - Marking task as SUCCESS. dag_id=deverlop_model, task_id=data_sets, execution_date=20240213T053541, start_date=20240213T053546, end_date=20240213T053623
[2024-02-13T05:36:23.074+0000] {local_task_job_runner.py:234} INFO - Task exited with return code 0
[2024-02-13T05:36:23.097+0000] {taskinstance.py:3280} INFO - 1 downstream tasks scheduled from follow-on schedule check
