[2024-02-14T02:07:25.031+0000] {taskinstance.py:1956} INFO - Dependencies all met for dep_context=non-requeueable deps ti=<TaskInstance: deverlop_model.StartJob scheduled__2024-01-01T02:00:00+00:00 [queued]>
[2024-02-14T02:07:25.047+0000] {taskinstance.py:1956} INFO - Dependencies all met for dep_context=requeueable deps ti=<TaskInstance: deverlop_model.StartJob scheduled__2024-01-01T02:00:00+00:00 [queued]>
[2024-02-14T02:07:25.053+0000] {taskinstance.py:2170} INFO - Starting attempt 1 of 1
[2024-02-14T02:07:25.088+0000] {taskinstance.py:2191} INFO - Executing <Task(BashOperator): StartJob> on 2024-01-01 02:00:00+00:00
[2024-02-14T02:07:25.103+0000] {standard_task_runner.py:60} INFO - Started process 468 to run task
[2024-02-14T02:07:25.107+0000] {standard_task_runner.py:87} INFO - Running: ['***', 'tasks', 'run', 'deverlop_model', 'StartJob', 'scheduled__2024-01-01T02:00:00+00:00', '--job-id', '50', '--raw', '--subdir', 'DAGS_FOLDER/task.py', '--cfg-path', '/tmp/tmphdfjc1j8']
[2024-02-14T02:07:25.110+0000] {standard_task_runner.py:88} INFO - Job 50: Subtask StartJob
[2024-02-14T02:07:25.195+0000] {task_command.py:423} INFO - Running <TaskInstance: deverlop_model.StartJob scheduled__2024-01-01T02:00:00+00:00 [running]> on host 6e2ff7d2ffd0
[2024-02-14T02:07:25.308+0000] {taskinstance.py:2480} INFO - Exporting env vars: AIRFLOW_CTX_DAG_OWNER='rtn' AIRFLOW_CTX_DAG_ID='deverlop_model' AIRFLOW_CTX_TASK_ID='StartJob' AIRFLOW_CTX_EXECUTION_DATE='2024-01-01T02:00:00+00:00' AIRFLOW_CTX_TRY_NUMBER='1' AIRFLOW_CTX_DAG_RUN_ID='scheduled__2024-01-01T02:00:00+00:00'
[2024-02-14T02:07:25.311+0000] {subprocess.py:63} INFO - Tmp dir root location: /tmp
[2024-02-14T02:07:25.313+0000] {subprocess.py:75} INFO - Running command: ['/usr/bin/bash', '-c', 'echo StartJob']
[2024-02-14T02:07:25.334+0000] {subprocess.py:86} INFO - Output:
[2024-02-14T02:07:25.335+0000] {subprocess.py:93} INFO - StartJob
[2024-02-14T02:07:25.337+0000] {subprocess.py:97} INFO - Command exited with return code 0
[2024-02-14T02:07:25.377+0000] {taskinstance.py:1138} INFO - Marking task as SUCCESS. dag_id=deverlop_model, task_id=StartJob, execution_date=20240101T020000, start_date=20240214T020725, end_date=20240214T020725
[2024-02-14T02:07:25.446+0000] {local_task_job_runner.py:234} INFO - Task exited with return code 0
[2024-02-14T02:07:25.484+0000] {taskinstance.py:3280} INFO - 1 downstream tasks scheduled from follow-on schedule check
[2024-02-14T03:56:18.726+0000] {taskinstance.py:1956} INFO - Dependencies all met for dep_context=non-requeueable deps ti=<TaskInstance: deverlop_model.StartJob scheduled__2024-01-01T02:00:00+00:00 [queued]>
[2024-02-14T03:56:18.762+0000] {taskinstance.py:1956} INFO - Dependencies all met for dep_context=requeueable deps ti=<TaskInstance: deverlop_model.StartJob scheduled__2024-01-01T02:00:00+00:00 [queued]>
[2024-02-14T03:56:18.764+0000] {taskinstance.py:2170} INFO - Starting attempt 1 of 1
[2024-02-14T03:56:18.810+0000] {taskinstance.py:2191} INFO - Executing <Task(BashOperator): StartJob> on 2024-01-01 02:00:00+00:00
[2024-02-14T03:56:18.828+0000] {standard_task_runner.py:60} INFO - Started process 3683 to run task
[2024-02-14T03:56:18.830+0000] {standard_task_runner.py:87} INFO - Running: ['***', 'tasks', 'run', 'deverlop_model', 'StartJob', 'scheduled__2024-01-01T02:00:00+00:00', '--job-id', '491', '--raw', '--subdir', 'DAGS_FOLDER/task.py', '--cfg-path', '/tmp/tmpiijjmt5u']
[2024-02-14T03:56:18.835+0000] {standard_task_runner.py:88} INFO - Job 491: Subtask StartJob
[2024-02-14T03:56:18.949+0000] {task_command.py:423} INFO - Running <TaskInstance: deverlop_model.StartJob scheduled__2024-01-01T02:00:00+00:00 [running]> on host 6e2ff7d2ffd0
[2024-02-14T03:56:19.109+0000] {taskinstance.py:2480} INFO - Exporting env vars: AIRFLOW_CTX_DAG_OWNER='***' AIRFLOW_CTX_DAG_ID='deverlop_model' AIRFLOW_CTX_TASK_ID='StartJob' AIRFLOW_CTX_EXECUTION_DATE='2024-01-01T02:00:00+00:00' AIRFLOW_CTX_TRY_NUMBER='1' AIRFLOW_CTX_DAG_RUN_ID='scheduled__2024-01-01T02:00:00+00:00'
[2024-02-14T03:56:19.114+0000] {subprocess.py:63} INFO - Tmp dir root location: /tmp
[2024-02-14T03:56:19.121+0000] {subprocess.py:75} INFO - Running command: ['/usr/bin/bash', '-c', "\n            echo StartJob && \n            if [ ! -e '/opt/***/dags/data/2024-02-14' ]; then\n                mkdir /opt/***/dags/data/2024-02-14 \n            fi && \n            if [ ! -e '/opt/***/dags/data/2024-02-14/data' ]; then\n                mkdir /opt/***/dags/data/2024-02-14/data\n            fi && \n            if [ ! -e '/opt/***/dags/data/2024-02-14/model' ]; then\n                mkdir /opt/***/dags/data/2024-02-14/model\n            fi\n        "]
[2024-02-14T03:56:19.161+0000] {subprocess.py:86} INFO - Output:
[2024-02-14T03:56:19.164+0000] {subprocess.py:93} INFO - StartJob
[2024-02-14T03:56:19.177+0000] {subprocess.py:97} INFO - Command exited with return code 0
[2024-02-14T03:56:19.263+0000] {taskinstance.py:1138} INFO - Marking task as SUCCESS. dag_id=deverlop_model, task_id=StartJob, execution_date=20240101T020000, start_date=20240214T035618, end_date=20240214T035619
[2024-02-14T03:56:19.331+0000] {local_task_job_runner.py:234} INFO - Task exited with return code 0
[2024-02-14T03:56:19.386+0000] {taskinstance.py:3280} INFO - 1 downstream tasks scheduled from follow-on schedule check
