[2024-02-14T02:07:09.824+0000] {taskinstance.py:1956} INFO - Dependencies all met for dep_context=non-requeueable deps ti=<TaskInstance: deverlop_model.StartJob scheduled__2024-01-01T01:05:00+00:00 [queued]>
[2024-02-14T02:07:09.852+0000] {taskinstance.py:1956} INFO - Dependencies all met for dep_context=requeueable deps ti=<TaskInstance: deverlop_model.StartJob scheduled__2024-01-01T01:05:00+00:00 [queued]>
[2024-02-14T02:07:09.855+0000] {taskinstance.py:2170} INFO - Starting attempt 1 of 1
[2024-02-14T02:07:09.942+0000] {taskinstance.py:2191} INFO - Executing <Task(BashOperator): StartJob> on 2024-01-01 01:05:00+00:00
[2024-02-14T02:07:09.966+0000] {standard_task_runner.py:60} INFO - Started process 381 to run task
[2024-02-14T02:07:09.974+0000] {standard_task_runner.py:87} INFO - Running: ['***', 'tasks', 'run', 'deverlop_model', 'StartJob', 'scheduled__2024-01-01T01:05:00+00:00', '--job-id', '25', '--raw', '--subdir', 'DAGS_FOLDER/task.py', '--cfg-path', '/tmp/tmpeysyqfhx']
[2024-02-14T02:07:09.985+0000] {standard_task_runner.py:88} INFO - Job 25: Subtask StartJob
[2024-02-14T02:07:10.244+0000] {task_command.py:423} INFO - Running <TaskInstance: deverlop_model.StartJob scheduled__2024-01-01T01:05:00+00:00 [running]> on host 6e2ff7d2ffd0
[2024-02-14T02:07:10.407+0000] {taskinstance.py:2480} INFO - Exporting env vars: AIRFLOW_CTX_DAG_OWNER='rtn' AIRFLOW_CTX_DAG_ID='deverlop_model' AIRFLOW_CTX_TASK_ID='StartJob' AIRFLOW_CTX_EXECUTION_DATE='2024-01-01T01:05:00+00:00' AIRFLOW_CTX_TRY_NUMBER='1' AIRFLOW_CTX_DAG_RUN_ID='scheduled__2024-01-01T01:05:00+00:00'
[2024-02-14T02:07:10.410+0000] {subprocess.py:63} INFO - Tmp dir root location: /tmp
[2024-02-14T02:07:10.412+0000] {subprocess.py:75} INFO - Running command: ['/usr/bin/bash', '-c', 'echo StartJob']
[2024-02-14T02:07:10.437+0000] {subprocess.py:86} INFO - Output:
[2024-02-14T02:07:10.441+0000] {subprocess.py:93} INFO - StartJob
[2024-02-14T02:07:10.442+0000] {subprocess.py:97} INFO - Command exited with return code 0
[2024-02-14T02:07:10.496+0000] {taskinstance.py:1138} INFO - Marking task as SUCCESS. dag_id=deverlop_model, task_id=StartJob, execution_date=20240101T010500, start_date=20240214T020709, end_date=20240214T020710
[2024-02-14T02:07:10.558+0000] {local_task_job_runner.py:234} INFO - Task exited with return code 0
[2024-02-14T02:07:10.604+0000] {taskinstance.py:3280} INFO - 1 downstream tasks scheduled from follow-on schedule check
[2024-02-14T03:53:50.242+0000] {taskinstance.py:1956} INFO - Dependencies all met for dep_context=non-requeueable deps ti=<TaskInstance: deverlop_model.StartJob scheduled__2024-01-01T01:05:00+00:00 [queued]>
[2024-02-14T03:53:50.298+0000] {taskinstance.py:1956} INFO - Dependencies all met for dep_context=requeueable deps ti=<TaskInstance: deverlop_model.StartJob scheduled__2024-01-01T01:05:00+00:00 [queued]>
[2024-02-14T03:53:50.299+0000] {taskinstance.py:2170} INFO - Starting attempt 1 of 1
[2024-02-14T03:53:50.345+0000] {taskinstance.py:2191} INFO - Executing <Task(BashOperator): StartJob> on 2024-01-01 01:05:00+00:00
[2024-02-14T03:53:50.390+0000] {standard_task_runner.py:60} INFO - Started process 3455 to run task
[2024-02-14T03:53:50.416+0000] {standard_task_runner.py:87} INFO - Running: ['***', 'tasks', 'run', 'deverlop_model', 'StartJob', 'scheduled__2024-01-01T01:05:00+00:00', '--job-id', '439', '--raw', '--subdir', 'DAGS_FOLDER/task.py', '--cfg-path', '/tmp/tmpwiwtbz33']
[2024-02-14T03:53:50.432+0000] {standard_task_runner.py:88} INFO - Job 439: Subtask StartJob
[2024-02-14T03:53:50.643+0000] {task_command.py:423} INFO - Running <TaskInstance: deverlop_model.StartJob scheduled__2024-01-01T01:05:00+00:00 [running]> on host 6e2ff7d2ffd0
[2024-02-14T03:53:50.777+0000] {taskinstance.py:2480} INFO - Exporting env vars: AIRFLOW_CTX_DAG_OWNER='rtn' AIRFLOW_CTX_DAG_ID='deverlop_model' AIRFLOW_CTX_TASK_ID='StartJob' AIRFLOW_CTX_EXECUTION_DATE='2024-01-01T01:05:00+00:00' AIRFLOW_CTX_TRY_NUMBER='1' AIRFLOW_CTX_DAG_RUN_ID='scheduled__2024-01-01T01:05:00+00:00'
[2024-02-14T03:53:50.781+0000] {subprocess.py:63} INFO - Tmp dir root location: /tmp
[2024-02-14T03:53:50.786+0000] {subprocess.py:75} INFO - Running command: ['/usr/bin/bash', '-c', "\n            echo StartJob && \n            if [ ! -e '/opt/***/dags/data/2024-02-14' ]; then\n                mkdir /opt/***/dags/data/2024-02-14 \n            fi && \n            if [ ! -e '/opt/***/dags/data/2024-02-14/data' ]; then\n                mkdir /opt/***/dags/data/2024-02-14/data\n            fi && \n            if [ ! -e '/opt/***/dags/data/2024-02-14/model' ]; then\n                mkdir /opt/***/dags/data/2024-02-14/model\n            fi\n        "]
[2024-02-14T03:53:50.813+0000] {subprocess.py:86} INFO - Output:
[2024-02-14T03:53:50.815+0000] {subprocess.py:93} INFO - StartJob
[2024-02-14T03:53:50.835+0000] {subprocess.py:97} INFO - Command exited with return code 0
[2024-02-14T03:53:50.877+0000] {taskinstance.py:1138} INFO - Marking task as SUCCESS. dag_id=deverlop_model, task_id=StartJob, execution_date=20240101T010500, start_date=20240214T035350, end_date=20240214T035350
[2024-02-14T03:53:50.950+0000] {local_task_job_runner.py:234} INFO - Task exited with return code 0
[2024-02-14T03:53:50.982+0000] {taskinstance.py:3280} INFO - 1 downstream tasks scheduled from follow-on schedule check
[2024-02-14T03:56:03.274+0000] {taskinstance.py:1956} INFO - Dependencies all met for dep_context=non-requeueable deps ti=<TaskInstance: deverlop_model.StartJob scheduled__2024-01-01T01:05:00+00:00 [queued]>
[2024-02-14T03:56:03.289+0000] {taskinstance.py:1956} INFO - Dependencies all met for dep_context=requeueable deps ti=<TaskInstance: deverlop_model.StartJob scheduled__2024-01-01T01:05:00+00:00 [queued]>
[2024-02-14T03:56:03.291+0000] {taskinstance.py:2170} INFO - Starting attempt 1 of 1
[2024-02-14T03:56:04.738+0000] {taskinstance.py:2191} INFO - Executing <Task(BashOperator): StartJob> on 2024-01-01 01:05:00+00:00
[2024-02-14T03:56:04.823+0000] {standard_task_runner.py:60} INFO - Started process 3595 to run task
[2024-02-14T03:56:04.871+0000] {standard_task_runner.py:87} INFO - Running: ['***', 'tasks', 'run', 'deverlop_model', 'StartJob', 'scheduled__2024-01-01T01:05:00+00:00', '--job-id', '463', '--raw', '--subdir', 'DAGS_FOLDER/task.py', '--cfg-path', '/tmp/tmpwnoq2rsr']
[2024-02-14T03:56:05.019+0000] {standard_task_runner.py:88} INFO - Job 463: Subtask StartJob
[2024-02-14T03:56:05.314+0000] {task_command.py:423} INFO - Running <TaskInstance: deverlop_model.StartJob scheduled__2024-01-01T01:05:00+00:00 [running]> on host 6e2ff7d2ffd0
[2024-02-14T03:56:05.552+0000] {taskinstance.py:2480} INFO - Exporting env vars: AIRFLOW_CTX_DAG_OWNER='***' AIRFLOW_CTX_DAG_ID='deverlop_model' AIRFLOW_CTX_TASK_ID='StartJob' AIRFLOW_CTX_EXECUTION_DATE='2024-01-01T01:05:00+00:00' AIRFLOW_CTX_TRY_NUMBER='1' AIRFLOW_CTX_DAG_RUN_ID='scheduled__2024-01-01T01:05:00+00:00'
[2024-02-14T03:56:05.577+0000] {subprocess.py:63} INFO - Tmp dir root location: /tmp
[2024-02-14T03:56:05.593+0000] {subprocess.py:75} INFO - Running command: ['/usr/bin/bash', '-c', "\n            echo StartJob && \n            if [ ! -e '/opt/***/dags/data/2024-02-14' ]; then\n                mkdir /opt/***/dags/data/2024-02-14 \n            fi && \n            if [ ! -e '/opt/***/dags/data/2024-02-14/data' ]; then\n                mkdir /opt/***/dags/data/2024-02-14/data\n            fi && \n            if [ ! -e '/opt/***/dags/data/2024-02-14/model' ]; then\n                mkdir /opt/***/dags/data/2024-02-14/model\n            fi\n        "]
[2024-02-14T03:56:05.623+0000] {subprocess.py:86} INFO - Output:
[2024-02-14T03:56:05.625+0000] {subprocess.py:93} INFO - StartJob
[2024-02-14T03:56:05.634+0000] {subprocess.py:97} INFO - Command exited with return code 0
[2024-02-14T03:56:05.710+0000] {taskinstance.py:1138} INFO - Marking task as SUCCESS. dag_id=deverlop_model, task_id=StartJob, execution_date=20240101T010500, start_date=20240214T035603, end_date=20240214T035605
[2024-02-14T03:56:05.798+0000] {local_task_job_runner.py:234} INFO - Task exited with return code 0
[2024-02-14T03:56:05.841+0000] {taskinstance.py:3280} INFO - 1 downstream tasks scheduled from follow-on schedule check
