[2024-02-14T02:07:09.735+0000] {taskinstance.py:1956} INFO - Dependencies all met for dep_context=non-requeueable deps ti=<TaskInstance: deverlop_model.StartJob scheduled__2024-01-01T01:15:00+00:00 [queued]>
[2024-02-14T02:07:09.764+0000] {taskinstance.py:1956} INFO - Dependencies all met for dep_context=requeueable deps ti=<TaskInstance: deverlop_model.StartJob scheduled__2024-01-01T01:15:00+00:00 [queued]>
[2024-02-14T02:07:09.766+0000] {taskinstance.py:2170} INFO - Starting attempt 1 of 1
[2024-02-14T02:07:09.801+0000] {taskinstance.py:2191} INFO - Executing <Task(BashOperator): StartJob> on 2024-01-01 01:15:00+00:00
[2024-02-14T02:07:09.815+0000] {standard_task_runner.py:60} INFO - Started process 380 to run task
[2024-02-14T02:07:09.822+0000] {standard_task_runner.py:87} INFO - Running: ['***', 'tasks', 'run', 'deverlop_model', 'StartJob', 'scheduled__2024-01-01T01:15:00+00:00', '--job-id', '24', '--raw', '--subdir', 'DAGS_FOLDER/task.py', '--cfg-path', '/tmp/tmpa2wmsfwi']
[2024-02-14T02:07:09.828+0000] {standard_task_runner.py:88} INFO - Job 24: Subtask StartJob
[2024-02-14T02:07:10.001+0000] {task_command.py:423} INFO - Running <TaskInstance: deverlop_model.StartJob scheduled__2024-01-01T01:15:00+00:00 [running]> on host 6e2ff7d2ffd0
[2024-02-14T02:07:10.261+0000] {taskinstance.py:2480} INFO - Exporting env vars: AIRFLOW_CTX_DAG_OWNER='rtn' AIRFLOW_CTX_DAG_ID='deverlop_model' AIRFLOW_CTX_TASK_ID='StartJob' AIRFLOW_CTX_EXECUTION_DATE='2024-01-01T01:15:00+00:00' AIRFLOW_CTX_TRY_NUMBER='1' AIRFLOW_CTX_DAG_RUN_ID='scheduled__2024-01-01T01:15:00+00:00'
[2024-02-14T02:07:10.267+0000] {subprocess.py:63} INFO - Tmp dir root location: /tmp
[2024-02-14T02:07:10.273+0000] {subprocess.py:75} INFO - Running command: ['/usr/bin/bash', '-c', 'echo StartJob']
[2024-02-14T02:07:10.305+0000] {subprocess.py:86} INFO - Output:
[2024-02-14T02:07:10.312+0000] {subprocess.py:93} INFO - StartJob
[2024-02-14T02:07:10.315+0000] {subprocess.py:97} INFO - Command exited with return code 0
[2024-02-14T02:07:10.362+0000] {taskinstance.py:1138} INFO - Marking task as SUCCESS. dag_id=deverlop_model, task_id=StartJob, execution_date=20240101T011500, start_date=20240214T020709, end_date=20240214T020710
[2024-02-14T02:07:10.407+0000] {local_task_job_runner.py:234} INFO - Task exited with return code 0
[2024-02-14T02:07:10.447+0000] {taskinstance.py:3280} INFO - 1 downstream tasks scheduled from follow-on schedule check
[2024-02-14T03:53:51.123+0000] {taskinstance.py:1956} INFO - Dependencies all met for dep_context=non-requeueable deps ti=<TaskInstance: deverlop_model.StartJob scheduled__2024-01-01T01:15:00+00:00 [queued]>
[2024-02-14T03:53:51.132+0000] {taskinstance.py:1956} INFO - Dependencies all met for dep_context=requeueable deps ti=<TaskInstance: deverlop_model.StartJob scheduled__2024-01-01T01:15:00+00:00 [queued]>
[2024-02-14T03:53:51.133+0000] {taskinstance.py:2170} INFO - Starting attempt 1 of 1
[2024-02-14T03:53:51.149+0000] {taskinstance.py:2191} INFO - Executing <Task(BashOperator): StartJob> on 2024-01-01 01:15:00+00:00
[2024-02-14T03:53:51.158+0000] {standard_task_runner.py:60} INFO - Started process 3461 to run task
[2024-02-14T03:53:51.162+0000] {standard_task_runner.py:87} INFO - Running: ['***', 'tasks', 'run', 'deverlop_model', 'StartJob', 'scheduled__2024-01-01T01:15:00+00:00', '--job-id', '443', '--raw', '--subdir', 'DAGS_FOLDER/task.py', '--cfg-path', '/tmp/tmpoqg71nwk']
[2024-02-14T03:53:51.165+0000] {standard_task_runner.py:88} INFO - Job 443: Subtask StartJob
[2024-02-14T03:53:51.228+0000] {task_command.py:423} INFO - Running <TaskInstance: deverlop_model.StartJob scheduled__2024-01-01T01:15:00+00:00 [running]> on host 6e2ff7d2ffd0
[2024-02-14T03:53:51.306+0000] {taskinstance.py:2480} INFO - Exporting env vars: AIRFLOW_CTX_DAG_OWNER='rtn' AIRFLOW_CTX_DAG_ID='deverlop_model' AIRFLOW_CTX_TASK_ID='StartJob' AIRFLOW_CTX_EXECUTION_DATE='2024-01-01T01:15:00+00:00' AIRFLOW_CTX_TRY_NUMBER='1' AIRFLOW_CTX_DAG_RUN_ID='scheduled__2024-01-01T01:15:00+00:00'
[2024-02-14T03:53:51.308+0000] {subprocess.py:63} INFO - Tmp dir root location: /tmp
[2024-02-14T03:53:51.311+0000] {subprocess.py:75} INFO - Running command: ['/usr/bin/bash', '-c', "\n            echo StartJob && \n            if [ ! -e '/opt/***/dags/data/2024-02-14' ]; then\n                mkdir /opt/***/dags/data/2024-02-14 \n            fi && \n            if [ ! -e '/opt/***/dags/data/2024-02-14/data' ]; then\n                mkdir /opt/***/dags/data/2024-02-14/data\n            fi && \n            if [ ! -e '/opt/***/dags/data/2024-02-14/model' ]; then\n                mkdir /opt/***/dags/data/2024-02-14/model\n            fi\n        "]
[2024-02-14T03:53:51.328+0000] {subprocess.py:86} INFO - Output:
[2024-02-14T03:53:51.329+0000] {subprocess.py:93} INFO - StartJob
[2024-02-14T03:53:51.333+0000] {subprocess.py:97} INFO - Command exited with return code 0
[2024-02-14T03:53:51.367+0000] {taskinstance.py:1138} INFO - Marking task as SUCCESS. dag_id=deverlop_model, task_id=StartJob, execution_date=20240101T011500, start_date=20240214T035351, end_date=20240214T035351
[2024-02-14T03:53:51.415+0000] {local_task_job_runner.py:234} INFO - Task exited with return code 0
[2024-02-14T03:53:51.453+0000] {taskinstance.py:3280} INFO - 1 downstream tasks scheduled from follow-on schedule check
[2024-02-14T03:56:05.618+0000] {taskinstance.py:1956} INFO - Dependencies all met for dep_context=non-requeueable deps ti=<TaskInstance: deverlop_model.StartJob scheduled__2024-01-01T01:15:00+00:00 [queued]>
[2024-02-14T03:56:05.641+0000] {taskinstance.py:1956} INFO - Dependencies all met for dep_context=requeueable deps ti=<TaskInstance: deverlop_model.StartJob scheduled__2024-01-01T01:15:00+00:00 [queued]>
[2024-02-14T03:56:05.654+0000] {taskinstance.py:2170} INFO - Starting attempt 1 of 1
[2024-02-14T03:56:05.683+0000] {taskinstance.py:2191} INFO - Executing <Task(BashOperator): StartJob> on 2024-01-01 01:15:00+00:00
[2024-02-14T03:56:05.697+0000] {standard_task_runner.py:60} INFO - Started process 3601 to run task
[2024-02-14T03:56:05.705+0000] {standard_task_runner.py:87} INFO - Running: ['***', 'tasks', 'run', 'deverlop_model', 'StartJob', 'scheduled__2024-01-01T01:15:00+00:00', '--job-id', '470', '--raw', '--subdir', 'DAGS_FOLDER/task.py', '--cfg-path', '/tmp/tmp9p3obczv']
[2024-02-14T03:56:05.724+0000] {standard_task_runner.py:88} INFO - Job 470: Subtask StartJob
[2024-02-14T03:56:05.826+0000] {task_command.py:423} INFO - Running <TaskInstance: deverlop_model.StartJob scheduled__2024-01-01T01:15:00+00:00 [running]> on host 6e2ff7d2ffd0
[2024-02-14T03:56:05.928+0000] {taskinstance.py:2480} INFO - Exporting env vars: AIRFLOW_CTX_DAG_OWNER='***' AIRFLOW_CTX_DAG_ID='deverlop_model' AIRFLOW_CTX_TASK_ID='StartJob' AIRFLOW_CTX_EXECUTION_DATE='2024-01-01T01:15:00+00:00' AIRFLOW_CTX_TRY_NUMBER='1' AIRFLOW_CTX_DAG_RUN_ID='scheduled__2024-01-01T01:15:00+00:00'
[2024-02-14T03:56:05.932+0000] {subprocess.py:63} INFO - Tmp dir root location: /tmp
[2024-02-14T03:56:05.934+0000] {subprocess.py:75} INFO - Running command: ['/usr/bin/bash', '-c', "\n            echo StartJob && \n            if [ ! -e '/opt/***/dags/data/2024-02-14' ]; then\n                mkdir /opt/***/dags/data/2024-02-14 \n            fi && \n            if [ ! -e '/opt/***/dags/data/2024-02-14/data' ]; then\n                mkdir /opt/***/dags/data/2024-02-14/data\n            fi && \n            if [ ! -e '/opt/***/dags/data/2024-02-14/model' ]; then\n                mkdir /opt/***/dags/data/2024-02-14/model\n            fi\n        "]
[2024-02-14T03:56:05.953+0000] {subprocess.py:86} INFO - Output:
[2024-02-14T03:56:05.956+0000] {subprocess.py:93} INFO - StartJob
[2024-02-14T03:56:05.958+0000] {subprocess.py:97} INFO - Command exited with return code 0
[2024-02-14T03:56:05.993+0000] {taskinstance.py:1138} INFO - Marking task as SUCCESS. dag_id=deverlop_model, task_id=StartJob, execution_date=20240101T011500, start_date=20240214T035605, end_date=20240214T035605
[2024-02-14T03:56:06.044+0000] {local_task_job_runner.py:234} INFO - Task exited with return code 0
[2024-02-14T03:56:06.082+0000] {taskinstance.py:3280} INFO - 1 downstream tasks scheduled from follow-on schedule check
