[2024-02-14T03:34:37.679+0000] {taskinstance.py:1956} INFO - Dependencies all met for dep_context=non-requeueable deps ti=<TaskInstance: deverlop_model.StartJob scheduled__2024-02-01T01:40:00+00:00 [queued]>
[2024-02-14T03:34:37.694+0000] {taskinstance.py:1956} INFO - Dependencies all met for dep_context=requeueable deps ti=<TaskInstance: deverlop_model.StartJob scheduled__2024-02-01T01:40:00+00:00 [queued]>
[2024-02-14T03:34:37.696+0000] {taskinstance.py:2170} INFO - Starting attempt 1 of 1
[2024-02-14T03:34:37.719+0000] {taskinstance.py:2191} INFO - Executing <Task(BashOperator): StartJob> on 2024-02-01 01:40:00+00:00
[2024-02-14T03:34:37.730+0000] {standard_task_runner.py:60} INFO - Started process 2544 to run task
[2024-02-14T03:34:37.736+0000] {standard_task_runner.py:87} INFO - Running: ['***', 'tasks', 'run', 'deverlop_model', 'StartJob', 'scheduled__2024-02-01T01:40:00+00:00', '--job-id', '262', '--raw', '--subdir', 'DAGS_FOLDER/task.py', '--cfg-path', '/tmp/tmpzvvpjvgg']
[2024-02-14T03:34:37.740+0000] {standard_task_runner.py:88} INFO - Job 262: Subtask StartJob
[2024-02-14T03:34:37.805+0000] {task_command.py:423} INFO - Running <TaskInstance: deverlop_model.StartJob scheduled__2024-02-01T01:40:00+00:00 [running]> on host 6e2ff7d2ffd0
[2024-02-14T03:34:37.906+0000] {taskinstance.py:2480} INFO - Exporting env vars: AIRFLOW_CTX_DAG_OWNER='rtn' AIRFLOW_CTX_DAG_ID='deverlop_model' AIRFLOW_CTX_TASK_ID='StartJob' AIRFLOW_CTX_EXECUTION_DATE='2024-02-01T01:40:00+00:00' AIRFLOW_CTX_TRY_NUMBER='1' AIRFLOW_CTX_DAG_RUN_ID='scheduled__2024-02-01T01:40:00+00:00'
[2024-02-14T03:34:37.909+0000] {subprocess.py:63} INFO - Tmp dir root location: /tmp
[2024-02-14T03:34:37.910+0000] {subprocess.py:75} INFO - Running command: ['/usr/bin/bash', '-c', "\n            echo StartJob && \n            if [ ! -e '/opt/***/dags/data/2024-02-14' ]; then\n                mkdir /opt/***/dags/data/2024-02-14 \n            fi && \n            if [ ! -e '/opt/***/dags/data/2024-02-14/data' ]; then\n                mkdir /opt/***/dags/data/2024-02-14/data\n            fi && \n            if [ ! -e '/opt/***/dags/data/2024-02-14/model' ]; then\n                mkdir /opt/***/dags/data/2024-02-14/model\n            fi\n        "]
[2024-02-14T03:34:37.933+0000] {subprocess.py:86} INFO - Output:
[2024-02-14T03:34:37.936+0000] {subprocess.py:93} INFO - StartJob
[2024-02-14T03:34:37.942+0000] {subprocess.py:97} INFO - Command exited with return code 0
[2024-02-14T03:34:37.981+0000] {taskinstance.py:1138} INFO - Marking task as SUCCESS. dag_id=deverlop_model, task_id=StartJob, execution_date=20240201T014000, start_date=20240214T033437, end_date=20240214T033437
[2024-02-14T03:34:38.037+0000] {local_task_job_runner.py:234} INFO - Task exited with return code 0
[2024-02-14T03:34:38.080+0000] {taskinstance.py:3280} INFO - 1 downstream tasks scheduled from follow-on schedule check
[2024-02-14T03:38:12.626+0000] {taskinstance.py:1956} INFO - Dependencies all met for dep_context=non-requeueable deps ti=<TaskInstance: deverlop_model.StartJob scheduled__2024-02-01T01:40:00+00:00 [queued]>
[2024-02-14T03:38:12.640+0000] {taskinstance.py:1956} INFO - Dependencies all met for dep_context=requeueable deps ti=<TaskInstance: deverlop_model.StartJob scheduled__2024-02-01T01:40:00+00:00 [queued]>
[2024-02-14T03:38:12.641+0000] {taskinstance.py:2170} INFO - Starting attempt 1 of 1
[2024-02-14T03:38:12.663+0000] {taskinstance.py:2191} INFO - Executing <Task(BashOperator): StartJob> on 2024-02-01 01:40:00+00:00
[2024-02-14T03:38:12.678+0000] {standard_task_runner.py:60} INFO - Started process 2861 to run task
[2024-02-14T03:38:12.682+0000] {standard_task_runner.py:87} INFO - Running: ['***', 'tasks', 'run', 'deverlop_model', 'StartJob', 'scheduled__2024-02-01T01:40:00+00:00', '--job-id', '337', '--raw', '--subdir', 'DAGS_FOLDER/task.py', '--cfg-path', '/tmp/tmpafdscirg']
[2024-02-14T03:38:12.685+0000] {standard_task_runner.py:88} INFO - Job 337: Subtask StartJob
[2024-02-14T03:38:12.754+0000] {task_command.py:423} INFO - Running <TaskInstance: deverlop_model.StartJob scheduled__2024-02-01T01:40:00+00:00 [running]> on host 6e2ff7d2ffd0
[2024-02-14T03:38:12.868+0000] {taskinstance.py:2480} INFO - Exporting env vars: AIRFLOW_CTX_DAG_OWNER='rtn' AIRFLOW_CTX_DAG_ID='deverlop_model' AIRFLOW_CTX_TASK_ID='StartJob' AIRFLOW_CTX_EXECUTION_DATE='2024-02-01T01:40:00+00:00' AIRFLOW_CTX_TRY_NUMBER='1' AIRFLOW_CTX_DAG_RUN_ID='scheduled__2024-02-01T01:40:00+00:00'
[2024-02-14T03:38:12.873+0000] {subprocess.py:63} INFO - Tmp dir root location: /tmp
[2024-02-14T03:38:12.875+0000] {subprocess.py:75} INFO - Running command: ['/usr/bin/bash', '-c', "\n            echo StartJob && \n            if [ ! -e '/opt/***/dags/data/2024-02-14' ]; then\n                mkdir /opt/***/dags/data/2024-02-14 \n            fi && \n            if [ ! -e '/opt/***/dags/data/2024-02-14/data' ]; then\n                mkdir /opt/***/dags/data/2024-02-14/data\n            fi && \n            if [ ! -e '/opt/***/dags/data/2024-02-14/model' ]; then\n                mkdir /opt/***/dags/data/2024-02-14/model\n            fi\n        "]
[2024-02-14T03:38:12.899+0000] {subprocess.py:86} INFO - Output:
[2024-02-14T03:38:12.903+0000] {subprocess.py:93} INFO - StartJob
[2024-02-14T03:38:12.912+0000] {subprocess.py:97} INFO - Command exited with return code 0
[2024-02-14T03:38:12.946+0000] {taskinstance.py:1138} INFO - Marking task as SUCCESS. dag_id=deverlop_model, task_id=StartJob, execution_date=20240201T014000, start_date=20240214T033812, end_date=20240214T033812
[2024-02-14T03:38:13.029+0000] {local_task_job_runner.py:234} INFO - Task exited with return code 0
[2024-02-14T03:38:13.072+0000] {taskinstance.py:3280} INFO - 1 downstream tasks scheduled from follow-on schedule check
[2024-02-14T03:39:37.521+0000] {taskinstance.py:1956} INFO - Dependencies all met for dep_context=non-requeueable deps ti=<TaskInstance: deverlop_model.StartJob scheduled__2024-02-01T01:40:00+00:00 [queued]>
[2024-02-14T03:39:37.536+0000] {taskinstance.py:1956} INFO - Dependencies all met for dep_context=requeueable deps ti=<TaskInstance: deverlop_model.StartJob scheduled__2024-02-01T01:40:00+00:00 [queued]>
[2024-02-14T03:39:37.537+0000] {taskinstance.py:2170} INFO - Starting attempt 1 of 1
[2024-02-14T03:39:37.554+0000] {taskinstance.py:2191} INFO - Executing <Task(BashOperator): StartJob> on 2024-02-01 01:40:00+00:00
[2024-02-14T03:39:37.564+0000] {standard_task_runner.py:60} INFO - Started process 3074 to run task
[2024-02-14T03:39:37.568+0000] {standard_task_runner.py:87} INFO - Running: ['***', 'tasks', 'run', 'deverlop_model', 'StartJob', 'scheduled__2024-02-01T01:40:00+00:00', '--job-id', '390', '--raw', '--subdir', 'DAGS_FOLDER/task.py', '--cfg-path', '/tmp/tmp91payba9']
[2024-02-14T03:39:37.571+0000] {standard_task_runner.py:88} INFO - Job 390: Subtask StartJob
[2024-02-14T03:39:37.630+0000] {task_command.py:423} INFO - Running <TaskInstance: deverlop_model.StartJob scheduled__2024-02-01T01:40:00+00:00 [running]> on host 6e2ff7d2ffd0
[2024-02-14T03:39:37.720+0000] {taskinstance.py:2480} INFO - Exporting env vars: AIRFLOW_CTX_DAG_OWNER='rtn' AIRFLOW_CTX_DAG_ID='deverlop_model' AIRFLOW_CTX_TASK_ID='StartJob' AIRFLOW_CTX_EXECUTION_DATE='2024-02-01T01:40:00+00:00' AIRFLOW_CTX_TRY_NUMBER='1' AIRFLOW_CTX_DAG_RUN_ID='scheduled__2024-02-01T01:40:00+00:00'
[2024-02-14T03:39:37.724+0000] {subprocess.py:63} INFO - Tmp dir root location: /tmp
[2024-02-14T03:39:37.725+0000] {subprocess.py:75} INFO - Running command: ['/usr/bin/bash', '-c', "\n            echo StartJob && \n            if [ ! -e '/opt/***/dags/data/2024-02-14' ]; then\n                mkdir /opt/***/dags/data/2024-02-14 \n            fi && \n            if [ ! -e '/opt/***/dags/data/2024-02-14/data' ]; then\n                mkdir /opt/***/dags/data/2024-02-14/data\n            fi && \n            if [ ! -e '/opt/***/dags/data/2024-02-14/model' ]; then\n                mkdir /opt/***/dags/data/2024-02-14/model\n            fi\n        "]
[2024-02-14T03:39:37.747+0000] {subprocess.py:86} INFO - Output:
[2024-02-14T03:39:37.749+0000] {subprocess.py:93} INFO - StartJob
[2024-02-14T03:39:37.751+0000] {subprocess.py:97} INFO - Command exited with return code 0
[2024-02-14T03:39:37.794+0000] {taskinstance.py:1138} INFO - Marking task as SUCCESS. dag_id=deverlop_model, task_id=StartJob, execution_date=20240201T014000, start_date=20240214T033937, end_date=20240214T033937
[2024-02-14T03:39:37.863+0000] {local_task_job_runner.py:234} INFO - Task exited with return code 0
[2024-02-14T03:39:37.907+0000] {taskinstance.py:3280} INFO - 1 downstream tasks scheduled from follow-on schedule check
