[2024-02-14T02:07:28.139+0000] {taskinstance.py:1956} INFO - Dependencies all met for dep_context=non-requeueable deps ti=<TaskInstance: deverlop_model.StartJob scheduled__2024-01-01T02:05:00+00:00 [queued]>
[2024-02-14T02:07:28.166+0000] {taskinstance.py:1956} INFO - Dependencies all met for dep_context=requeueable deps ti=<TaskInstance: deverlop_model.StartJob scheduled__2024-01-01T02:05:00+00:00 [queued]>
[2024-02-14T02:07:28.167+0000] {taskinstance.py:2170} INFO - Starting attempt 1 of 1
[2024-02-14T02:07:28.219+0000] {taskinstance.py:2191} INFO - Executing <Task(BashOperator): StartJob> on 2024-01-01 02:05:00+00:00
[2024-02-14T02:07:28.237+0000] {standard_task_runner.py:60} INFO - Started process 497 to run task
[2024-02-14T02:07:28.243+0000] {standard_task_runner.py:87} INFO - Running: ['***', 'tasks', 'run', 'deverlop_model', 'StartJob', 'scheduled__2024-01-01T02:05:00+00:00', '--job-id', '58', '--raw', '--subdir', 'DAGS_FOLDER/task.py', '--cfg-path', '/tmp/tmpsm9f90nr']
[2024-02-14T02:07:28.251+0000] {standard_task_runner.py:88} INFO - Job 58: Subtask StartJob
[2024-02-14T02:07:28.351+0000] {task_command.py:423} INFO - Running <TaskInstance: deverlop_model.StartJob scheduled__2024-01-01T02:05:00+00:00 [running]> on host 6e2ff7d2ffd0
[2024-02-14T02:07:28.508+0000] {taskinstance.py:2480} INFO - Exporting env vars: AIRFLOW_CTX_DAG_OWNER='rtn' AIRFLOW_CTX_DAG_ID='deverlop_model' AIRFLOW_CTX_TASK_ID='StartJob' AIRFLOW_CTX_EXECUTION_DATE='2024-01-01T02:05:00+00:00' AIRFLOW_CTX_TRY_NUMBER='1' AIRFLOW_CTX_DAG_RUN_ID='scheduled__2024-01-01T02:05:00+00:00'
[2024-02-14T02:07:28.514+0000] {subprocess.py:63} INFO - Tmp dir root location: /tmp
[2024-02-14T02:07:28.516+0000] {subprocess.py:75} INFO - Running command: ['/usr/bin/bash', '-c', 'echo StartJob']
[2024-02-14T02:07:28.540+0000] {subprocess.py:86} INFO - Output:
[2024-02-14T02:07:28.543+0000] {subprocess.py:93} INFO - StartJob
[2024-02-14T02:07:28.544+0000] {subprocess.py:97} INFO - Command exited with return code 0
[2024-02-14T02:07:28.583+0000] {taskinstance.py:1138} INFO - Marking task as SUCCESS. dag_id=deverlop_model, task_id=StartJob, execution_date=20240101T020500, start_date=20240214T020728, end_date=20240214T020728
[2024-02-14T02:07:28.627+0000] {local_task_job_runner.py:234} INFO - Task exited with return code 0
[2024-02-14T02:07:28.671+0000] {taskinstance.py:3280} INFO - 1 downstream tasks scheduled from follow-on schedule check
[2024-02-14T03:56:22.468+0000] {taskinstance.py:1956} INFO - Dependencies all met for dep_context=non-requeueable deps ti=<TaskInstance: deverlop_model.StartJob scheduled__2024-01-01T02:05:00+00:00 [queued]>
[2024-02-14T03:56:22.487+0000] {taskinstance.py:1956} INFO - Dependencies all met for dep_context=requeueable deps ti=<TaskInstance: deverlop_model.StartJob scheduled__2024-01-01T02:05:00+00:00 [queued]>
[2024-02-14T03:56:22.488+0000] {taskinstance.py:2170} INFO - Starting attempt 1 of 1
[2024-02-14T03:56:22.510+0000] {taskinstance.py:2191} INFO - Executing <Task(BashOperator): StartJob> on 2024-01-01 02:05:00+00:00
[2024-02-14T03:56:22.522+0000] {standard_task_runner.py:60} INFO - Started process 3712 to run task
[2024-02-14T03:56:22.525+0000] {standard_task_runner.py:87} INFO - Running: ['***', 'tasks', 'run', 'deverlop_model', 'StartJob', 'scheduled__2024-01-01T02:05:00+00:00', '--job-id', '501', '--raw', '--subdir', 'DAGS_FOLDER/task.py', '--cfg-path', '/tmp/tmprojps5ct']
[2024-02-14T03:56:22.530+0000] {standard_task_runner.py:88} INFO - Job 501: Subtask StartJob
[2024-02-14T03:56:22.603+0000] {task_command.py:423} INFO - Running <TaskInstance: deverlop_model.StartJob scheduled__2024-01-01T02:05:00+00:00 [running]> on host 6e2ff7d2ffd0
[2024-02-14T03:56:22.689+0000] {taskinstance.py:2480} INFO - Exporting env vars: AIRFLOW_CTX_DAG_OWNER='***' AIRFLOW_CTX_DAG_ID='deverlop_model' AIRFLOW_CTX_TASK_ID='StartJob' AIRFLOW_CTX_EXECUTION_DATE='2024-01-01T02:05:00+00:00' AIRFLOW_CTX_TRY_NUMBER='1' AIRFLOW_CTX_DAG_RUN_ID='scheduled__2024-01-01T02:05:00+00:00'
[2024-02-14T03:56:22.692+0000] {subprocess.py:63} INFO - Tmp dir root location: /tmp
[2024-02-14T03:56:22.694+0000] {subprocess.py:75} INFO - Running command: ['/usr/bin/bash', '-c', "\n            echo StartJob && \n            if [ ! -e '/opt/***/dags/data/2024-02-14' ]; then\n                mkdir /opt/***/dags/data/2024-02-14 \n            fi && \n            if [ ! -e '/opt/***/dags/data/2024-02-14/data' ]; then\n                mkdir /opt/***/dags/data/2024-02-14/data\n            fi && \n            if [ ! -e '/opt/***/dags/data/2024-02-14/model' ]; then\n                mkdir /opt/***/dags/data/2024-02-14/model\n            fi\n        "]
[2024-02-14T03:56:22.715+0000] {subprocess.py:86} INFO - Output:
[2024-02-14T03:56:22.717+0000] {subprocess.py:93} INFO - StartJob
[2024-02-14T03:56:22.719+0000] {subprocess.py:97} INFO - Command exited with return code 0
[2024-02-14T03:56:22.747+0000] {taskinstance.py:1138} INFO - Marking task as SUCCESS. dag_id=deverlop_model, task_id=StartJob, execution_date=20240101T020500, start_date=20240214T035622, end_date=20240214T035622
[2024-02-14T03:56:22.781+0000] {local_task_job_runner.py:234} INFO - Task exited with return code 0
[2024-02-14T03:56:22.808+0000] {taskinstance.py:3280} INFO - 1 downstream tasks scheduled from follow-on schedule check
