[2024-02-14T02:07:08.850+0000] {taskinstance.py:1956} INFO - Dependencies all met for dep_context=non-requeueable deps ti=<TaskInstance: deverlop_model.StartJob scheduled__2024-01-01T01:00:00+00:00 [queued]>
[2024-02-14T02:07:08.877+0000] {taskinstance.py:1956} INFO - Dependencies all met for dep_context=requeueable deps ti=<TaskInstance: deverlop_model.StartJob scheduled__2024-01-01T01:00:00+00:00 [queued]>
[2024-02-14T02:07:08.882+0000] {taskinstance.py:2170} INFO - Starting attempt 1 of 1
[2024-02-14T02:07:08.933+0000] {taskinstance.py:2191} INFO - Executing <Task(BashOperator): StartJob> on 2024-01-01 01:00:00+00:00
[2024-02-14T02:07:08.962+0000] {standard_task_runner.py:60} INFO - Started process 374 to run task
[2024-02-14T02:07:08.977+0000] {standard_task_runner.py:87} INFO - Running: ['***', 'tasks', 'run', 'deverlop_model', 'StartJob', 'scheduled__2024-01-01T01:00:00+00:00', '--job-id', '22', '--raw', '--subdir', 'DAGS_FOLDER/task.py', '--cfg-path', '/tmp/tmp40nesvwc']
[2024-02-14T02:07:08.981+0000] {standard_task_runner.py:88} INFO - Job 22: Subtask StartJob
[2024-02-14T02:07:09.295+0000] {task_command.py:423} INFO - Running <TaskInstance: deverlop_model.StartJob scheduled__2024-01-01T01:00:00+00:00 [running]> on host 6e2ff7d2ffd0
[2024-02-14T02:07:09.676+0000] {taskinstance.py:2480} INFO - Exporting env vars: AIRFLOW_CTX_DAG_OWNER='rtn' AIRFLOW_CTX_DAG_ID='deverlop_model' AIRFLOW_CTX_TASK_ID='StartJob' AIRFLOW_CTX_EXECUTION_DATE='2024-01-01T01:00:00+00:00' AIRFLOW_CTX_TRY_NUMBER='1' AIRFLOW_CTX_DAG_RUN_ID='scheduled__2024-01-01T01:00:00+00:00'
[2024-02-14T02:07:09.724+0000] {subprocess.py:63} INFO - Tmp dir root location: /tmp
[2024-02-14T02:07:09.740+0000] {subprocess.py:75} INFO - Running command: ['/usr/bin/bash', '-c', 'echo StartJob']
[2024-02-14T02:07:09.796+0000] {subprocess.py:86} INFO - Output:
[2024-02-14T02:07:09.798+0000] {subprocess.py:93} INFO - StartJob
[2024-02-14T02:07:09.800+0000] {subprocess.py:97} INFO - Command exited with return code 0
[2024-02-14T02:07:09.962+0000] {taskinstance.py:1138} INFO - Marking task as SUCCESS. dag_id=deverlop_model, task_id=StartJob, execution_date=20240101T010000, start_date=20240214T020708, end_date=20240214T020709
[2024-02-14T02:07:10.075+0000] {local_task_job_runner.py:234} INFO - Task exited with return code 0
[2024-02-14T02:07:10.161+0000] {taskinstance.py:3280} INFO - 1 downstream tasks scheduled from follow-on schedule check
[2024-02-14T03:53:49.506+0000] {taskinstance.py:1956} INFO - Dependencies all met for dep_context=non-requeueable deps ti=<TaskInstance: deverlop_model.StartJob scheduled__2024-01-01T01:00:00+00:00 [queued]>
[2024-02-14T03:53:49.553+0000] {taskinstance.py:1956} INFO - Dependencies all met for dep_context=requeueable deps ti=<TaskInstance: deverlop_model.StartJob scheduled__2024-01-01T01:00:00+00:00 [queued]>
[2024-02-14T03:53:49.574+0000] {taskinstance.py:2170} INFO - Starting attempt 1 of 1
[2024-02-14T03:53:49.635+0000] {taskinstance.py:2191} INFO - Executing <Task(BashOperator): StartJob> on 2024-01-01 01:00:00+00:00
[2024-02-14T03:53:49.704+0000] {standard_task_runner.py:60} INFO - Started process 3451 to run task
[2024-02-14T03:53:49.711+0000] {standard_task_runner.py:87} INFO - Running: ['***', 'tasks', 'run', 'deverlop_model', 'StartJob', 'scheduled__2024-01-01T01:00:00+00:00', '--job-id', '436', '--raw', '--subdir', 'DAGS_FOLDER/task.py', '--cfg-path', '/tmp/tmpv6xgc02z']
[2024-02-14T03:53:49.717+0000] {standard_task_runner.py:88} INFO - Job 436: Subtask StartJob
[2024-02-14T03:53:50.256+0000] {task_command.py:423} INFO - Running <TaskInstance: deverlop_model.StartJob scheduled__2024-01-01T01:00:00+00:00 [running]> on host 6e2ff7d2ffd0
[2024-02-14T03:53:50.618+0000] {taskinstance.py:2480} INFO - Exporting env vars: AIRFLOW_CTX_DAG_OWNER='rtn' AIRFLOW_CTX_DAG_ID='deverlop_model' AIRFLOW_CTX_TASK_ID='StartJob' AIRFLOW_CTX_EXECUTION_DATE='2024-01-01T01:00:00+00:00' AIRFLOW_CTX_TRY_NUMBER='1' AIRFLOW_CTX_DAG_RUN_ID='scheduled__2024-01-01T01:00:00+00:00'
[2024-02-14T03:53:50.623+0000] {subprocess.py:63} INFO - Tmp dir root location: /tmp
[2024-02-14T03:53:50.626+0000] {subprocess.py:75} INFO - Running command: ['/usr/bin/bash', '-c', "\n            echo StartJob && \n            if [ ! -e '/opt/***/dags/data/2024-02-14' ]; then\n                mkdir /opt/***/dags/data/2024-02-14 \n            fi && \n            if [ ! -e '/opt/***/dags/data/2024-02-14/data' ]; then\n                mkdir /opt/***/dags/data/2024-02-14/data\n            fi && \n            if [ ! -e '/opt/***/dags/data/2024-02-14/model' ]; then\n                mkdir /opt/***/dags/data/2024-02-14/model\n            fi\n        "]
[2024-02-14T03:53:50.654+0000] {subprocess.py:86} INFO - Output:
[2024-02-14T03:53:50.657+0000] {subprocess.py:93} INFO - StartJob
[2024-02-14T03:53:50.665+0000] {subprocess.py:97} INFO - Command exited with return code 0
[2024-02-14T03:53:50.707+0000] {taskinstance.py:1138} INFO - Marking task as SUCCESS. dag_id=deverlop_model, task_id=StartJob, execution_date=20240101T010000, start_date=20240214T035349, end_date=20240214T035350
[2024-02-14T03:53:50.768+0000] {local_task_job_runner.py:234} INFO - Task exited with return code 0
[2024-02-14T03:53:50.808+0000] {taskinstance.py:3280} INFO - 1 downstream tasks scheduled from follow-on schedule check
[2024-02-14T03:56:02.505+0000] {taskinstance.py:1956} INFO - Dependencies all met for dep_context=non-requeueable deps ti=<TaskInstance: deverlop_model.StartJob scheduled__2024-01-01T01:00:00+00:00 [queued]>
[2024-02-14T03:56:02.531+0000] {taskinstance.py:1956} INFO - Dependencies all met for dep_context=requeueable deps ti=<TaskInstance: deverlop_model.StartJob scheduled__2024-01-01T01:00:00+00:00 [queued]>
[2024-02-14T03:56:02.536+0000] {taskinstance.py:2170} INFO - Starting attempt 1 of 1
[2024-02-14T03:56:02.591+0000] {taskinstance.py:2191} INFO - Executing <Task(BashOperator): StartJob> on 2024-01-01 01:00:00+00:00
[2024-02-14T03:56:02.625+0000] {standard_task_runner.py:60} INFO - Started process 3572 to run task
[2024-02-14T03:56:02.640+0000] {standard_task_runner.py:87} INFO - Running: ['***', 'tasks', 'run', 'deverlop_model', 'StartJob', 'scheduled__2024-01-01T01:00:00+00:00', '--job-id', '460', '--raw', '--subdir', 'DAGS_FOLDER/task.py', '--cfg-path', '/tmp/tmpbi9huklm']
[2024-02-14T03:56:02.671+0000] {standard_task_runner.py:88} INFO - Job 460: Subtask StartJob
[2024-02-14T03:56:02.808+0000] {task_command.py:423} INFO - Running <TaskInstance: deverlop_model.StartJob scheduled__2024-01-01T01:00:00+00:00 [running]> on host 6e2ff7d2ffd0
[2024-02-14T03:56:02.947+0000] {taskinstance.py:2480} INFO - Exporting env vars: AIRFLOW_CTX_DAG_OWNER='***' AIRFLOW_CTX_DAG_ID='deverlop_model' AIRFLOW_CTX_TASK_ID='StartJob' AIRFLOW_CTX_EXECUTION_DATE='2024-01-01T01:00:00+00:00' AIRFLOW_CTX_TRY_NUMBER='1' AIRFLOW_CTX_DAG_RUN_ID='scheduled__2024-01-01T01:00:00+00:00'
[2024-02-14T03:56:02.955+0000] {subprocess.py:63} INFO - Tmp dir root location: /tmp
[2024-02-14T03:56:02.959+0000] {subprocess.py:75} INFO - Running command: ['/usr/bin/bash', '-c', "\n            echo StartJob && \n            if [ ! -e '/opt/***/dags/data/2024-02-14' ]; then\n                mkdir /opt/***/dags/data/2024-02-14 \n            fi && \n            if [ ! -e '/opt/***/dags/data/2024-02-14/data' ]; then\n                mkdir /opt/***/dags/data/2024-02-14/data\n            fi && \n            if [ ! -e '/opt/***/dags/data/2024-02-14/model' ]; then\n                mkdir /opt/***/dags/data/2024-02-14/model\n            fi\n        "]
[2024-02-14T03:56:02.990+0000] {subprocess.py:86} INFO - Output:
[2024-02-14T03:56:02.992+0000] {subprocess.py:93} INFO - StartJob
[2024-02-14T03:56:02.995+0000] {subprocess.py:97} INFO - Command exited with return code 0
[2024-02-14T03:56:03.046+0000] {taskinstance.py:1138} INFO - Marking task as SUCCESS. dag_id=deverlop_model, task_id=StartJob, execution_date=20240101T010000, start_date=20240214T035602, end_date=20240214T035603
[2024-02-14T03:56:03.142+0000] {local_task_job_runner.py:234} INFO - Task exited with return code 0
[2024-02-14T03:56:04.534+0000] {taskinstance.py:3280} INFO - 0 downstream tasks scheduled from follow-on schedule check
[2024-02-14T04:00:42.225+0000] {taskinstance.py:1956} INFO - Dependencies all met for dep_context=non-requeueable deps ti=<TaskInstance: deverlop_model.StartJob scheduled__2024-01-01T01:00:00+00:00 [queued]>
[2024-02-14T04:00:42.242+0000] {taskinstance.py:1956} INFO - Dependencies all met for dep_context=requeueable deps ti=<TaskInstance: deverlop_model.StartJob scheduled__2024-01-01T01:00:00+00:00 [queued]>
[2024-02-14T04:00:42.243+0000] {taskinstance.py:2170} INFO - Starting attempt 1 of 1
[2024-02-14T04:00:42.261+0000] {taskinstance.py:2191} INFO - Executing <Task(BashOperator): StartJob> on 2024-01-01 01:00:00+00:00
[2024-02-14T04:00:42.272+0000] {standard_task_runner.py:60} INFO - Started process 3862 to run task
[2024-02-14T04:00:42.278+0000] {standard_task_runner.py:87} INFO - Running: ['***', 'tasks', 'run', 'deverlop_model', 'StartJob', 'scheduled__2024-01-01T01:00:00+00:00', '--job-id', '527', '--raw', '--subdir', 'DAGS_FOLDER/task.py', '--cfg-path', '/tmp/tmpf5mlcio7']
[2024-02-14T04:00:42.283+0000] {standard_task_runner.py:88} INFO - Job 527: Subtask StartJob
[2024-02-14T04:00:42.340+0000] {task_command.py:423} INFO - Running <TaskInstance: deverlop_model.StartJob scheduled__2024-01-01T01:00:00+00:00 [running]> on host 6e2ff7d2ffd0
[2024-02-14T04:00:42.430+0000] {taskinstance.py:2480} INFO - Exporting env vars: AIRFLOW_CTX_DAG_OWNER='***' AIRFLOW_CTX_DAG_ID='deverlop_model' AIRFLOW_CTX_TASK_ID='StartJob' AIRFLOW_CTX_EXECUTION_DATE='2024-01-01T01:00:00+00:00' AIRFLOW_CTX_TRY_NUMBER='1' AIRFLOW_CTX_DAG_RUN_ID='scheduled__2024-01-01T01:00:00+00:00'
[2024-02-14T04:00:42.434+0000] {subprocess.py:63} INFO - Tmp dir root location: /tmp
[2024-02-14T04:00:42.436+0000] {subprocess.py:75} INFO - Running command: ['/usr/bin/bash', '-c', "\n            echo StartJob && \n            if [ ! -e '/opt/***/dags/data/2024-02-14' ]; then\n                mkdir /opt/***/dags/data/2024-02-14 \n            fi && \n            if [ ! -e '/opt/***/dags/data/2024-02-14/data' ]; then\n                mkdir /opt/***/dags/data/2024-02-14/data\n            fi && \n            if [ ! -e '/opt/***/dags/data/2024-02-14/model' ]; then\n                mkdir /opt/***/dags/data/2024-02-14/model\n            fi\n        "]
[2024-02-14T04:00:42.458+0000] {subprocess.py:86} INFO - Output:
[2024-02-14T04:00:42.460+0000] {subprocess.py:93} INFO - StartJob
[2024-02-14T04:00:42.462+0000] {subprocess.py:97} INFO - Command exited with return code 0
[2024-02-14T04:00:42.493+0000] {taskinstance.py:1138} INFO - Marking task as SUCCESS. dag_id=deverlop_model, task_id=StartJob, execution_date=20240101T010000, start_date=20240214T040042, end_date=20240214T040042
[2024-02-14T04:00:42.531+0000] {local_task_job_runner.py:234} INFO - Task exited with return code 0
[2024-02-14T04:00:42.573+0000] {taskinstance.py:3280} INFO - 1 downstream tasks scheduled from follow-on schedule check
