[2024-02-14T03:34:42.752+0000] {taskinstance.py:1956} INFO - Dependencies all met for dep_context=non-requeueable deps ti=<TaskInstance: deverlop_model.StartJob scheduled__2024-02-01T02:35:00+00:00 [queued]>
[2024-02-14T03:34:42.769+0000] {taskinstance.py:1956} INFO - Dependencies all met for dep_context=requeueable deps ti=<TaskInstance: deverlop_model.StartJob scheduled__2024-02-01T02:35:00+00:00 [queued]>
[2024-02-14T03:34:42.770+0000] {taskinstance.py:2170} INFO - Starting attempt 1 of 1
[2024-02-14T03:34:42.798+0000] {taskinstance.py:2191} INFO - Executing <Task(BashOperator): StartJob> on 2024-02-01 02:35:00+00:00
[2024-02-14T03:34:42.812+0000] {standard_task_runner.py:60} INFO - Started process 2619 to run task
[2024-02-14T03:34:42.816+0000] {standard_task_runner.py:87} INFO - Running: ['***', 'tasks', 'run', 'deverlop_model', 'StartJob', 'scheduled__2024-02-01T02:35:00+00:00', '--job-id', '281', '--raw', '--subdir', 'DAGS_FOLDER/task.py', '--cfg-path', '/tmp/tmpe7b2domh']
[2024-02-14T03:34:42.820+0000] {standard_task_runner.py:88} INFO - Job 281: Subtask StartJob
[2024-02-14T03:34:42.917+0000] {task_command.py:423} INFO - Running <TaskInstance: deverlop_model.StartJob scheduled__2024-02-01T02:35:00+00:00 [running]> on host 6e2ff7d2ffd0
[2024-02-14T03:34:43.061+0000] {taskinstance.py:2480} INFO - Exporting env vars: AIRFLOW_CTX_DAG_OWNER='rtn' AIRFLOW_CTX_DAG_ID='deverlop_model' AIRFLOW_CTX_TASK_ID='StartJob' AIRFLOW_CTX_EXECUTION_DATE='2024-02-01T02:35:00+00:00' AIRFLOW_CTX_TRY_NUMBER='1' AIRFLOW_CTX_DAG_RUN_ID='scheduled__2024-02-01T02:35:00+00:00'
[2024-02-14T03:34:43.069+0000] {subprocess.py:63} INFO - Tmp dir root location: /tmp
[2024-02-14T03:34:43.071+0000] {subprocess.py:75} INFO - Running command: ['/usr/bin/bash', '-c', "\n            echo StartJob && \n            if [ ! -e '/opt/***/dags/data/2024-02-14' ]; then\n                mkdir /opt/***/dags/data/2024-02-14 \n            fi && \n            if [ ! -e '/opt/***/dags/data/2024-02-14/data' ]; then\n                mkdir /opt/***/dags/data/2024-02-14/data\n            fi && \n            if [ ! -e '/opt/***/dags/data/2024-02-14/model' ]; then\n                mkdir /opt/***/dags/data/2024-02-14/model\n            fi\n        "]
[2024-02-14T03:34:43.102+0000] {subprocess.py:86} INFO - Output:
[2024-02-14T03:34:43.104+0000] {subprocess.py:93} INFO - StartJob
[2024-02-14T03:34:43.110+0000] {subprocess.py:97} INFO - Command exited with return code 0
[2024-02-14T03:34:43.161+0000] {taskinstance.py:1138} INFO - Marking task as SUCCESS. dag_id=deverlop_model, task_id=StartJob, execution_date=20240201T023500, start_date=20240214T033442, end_date=20240214T033443
[2024-02-14T03:34:43.193+0000] {local_task_job_runner.py:234} INFO - Task exited with return code 0
[2024-02-14T03:34:43.234+0000] {taskinstance.py:3280} INFO - 1 downstream tasks scheduled from follow-on schedule check
[2024-02-14T03:39:43.078+0000] {taskinstance.py:1956} INFO - Dependencies all met for dep_context=non-requeueable deps ti=<TaskInstance: deverlop_model.StartJob scheduled__2024-02-01T02:35:00+00:00 [queued]>
[2024-02-14T03:39:43.090+0000] {taskinstance.py:1956} INFO - Dependencies all met for dep_context=requeueable deps ti=<TaskInstance: deverlop_model.StartJob scheduled__2024-02-01T02:35:00+00:00 [queued]>
[2024-02-14T03:39:43.091+0000] {taskinstance.py:2170} INFO - Starting attempt 1 of 1
[2024-02-14T03:39:43.112+0000] {taskinstance.py:2191} INFO - Executing <Task(BashOperator): StartJob> on 2024-02-01 02:35:00+00:00
[2024-02-14T03:39:43.123+0000] {standard_task_runner.py:60} INFO - Started process 3150 to run task
[2024-02-14T03:39:43.128+0000] {standard_task_runner.py:87} INFO - Running: ['***', 'tasks', 'run', 'deverlop_model', 'StartJob', 'scheduled__2024-02-01T02:35:00+00:00', '--job-id', '412', '--raw', '--subdir', 'DAGS_FOLDER/task.py', '--cfg-path', '/tmp/tmpsjip2b4c']
[2024-02-14T03:39:43.131+0000] {standard_task_runner.py:88} INFO - Job 412: Subtask StartJob
[2024-02-14T03:39:43.190+0000] {task_command.py:423} INFO - Running <TaskInstance: deverlop_model.StartJob scheduled__2024-02-01T02:35:00+00:00 [running]> on host 6e2ff7d2ffd0
[2024-02-14T03:39:43.282+0000] {taskinstance.py:2480} INFO - Exporting env vars: AIRFLOW_CTX_DAG_OWNER='rtn' AIRFLOW_CTX_DAG_ID='deverlop_model' AIRFLOW_CTX_TASK_ID='StartJob' AIRFLOW_CTX_EXECUTION_DATE='2024-02-01T02:35:00+00:00' AIRFLOW_CTX_TRY_NUMBER='1' AIRFLOW_CTX_DAG_RUN_ID='scheduled__2024-02-01T02:35:00+00:00'
[2024-02-14T03:39:43.285+0000] {subprocess.py:63} INFO - Tmp dir root location: /tmp
[2024-02-14T03:39:43.286+0000] {subprocess.py:75} INFO - Running command: ['/usr/bin/bash', '-c', "\n            echo StartJob && \n            if [ ! -e '/opt/***/dags/data/2024-02-14' ]; then\n                mkdir /opt/***/dags/data/2024-02-14 \n            fi && \n            if [ ! -e '/opt/***/dags/data/2024-02-14/data' ]; then\n                mkdir /opt/***/dags/data/2024-02-14/data\n            fi && \n            if [ ! -e '/opt/***/dags/data/2024-02-14/model' ]; then\n                mkdir /opt/***/dags/data/2024-02-14/model\n            fi\n        "]
[2024-02-14T03:39:43.307+0000] {subprocess.py:86} INFO - Output:
[2024-02-14T03:39:43.309+0000] {subprocess.py:93} INFO - StartJob
[2024-02-14T03:39:43.311+0000] {subprocess.py:97} INFO - Command exited with return code 0
[2024-02-14T03:39:43.340+0000] {taskinstance.py:1138} INFO - Marking task as SUCCESS. dag_id=deverlop_model, task_id=StartJob, execution_date=20240201T023500, start_date=20240214T033943, end_date=20240214T033943
[2024-02-14T03:39:43.380+0000] {local_task_job_runner.py:234} INFO - Task exited with return code 0
[2024-02-14T03:39:43.409+0000] {taskinstance.py:3280} INFO - 1 downstream tasks scheduled from follow-on schedule check
