[2024-02-14T02:07:01.678+0000] {taskinstance.py:1956} INFO - Dependencies all met for dep_context=non-requeueable deps ti=<TaskInstance: deverlop_model.StartJob scheduled__2024-01-01T00:25:00+00:00 [queued]>
[2024-02-14T02:07:01.697+0000] {taskinstance.py:1956} INFO - Dependencies all met for dep_context=requeueable deps ti=<TaskInstance: deverlop_model.StartJob scheduled__2024-01-01T00:25:00+00:00 [queued]>
[2024-02-14T02:07:01.698+0000] {taskinstance.py:2170} INFO - Starting attempt 1 of 1
[2024-02-14T02:07:01.768+0000] {taskinstance.py:2191} INFO - Executing <Task(BashOperator): StartJob> on 2024-01-01 00:25:00+00:00
[2024-02-14T02:07:01.813+0000] {standard_task_runner.py:60} INFO - Started process 338 to run task
[2024-02-14T02:07:01.936+0000] {standard_task_runner.py:87} INFO - Running: ['***', 'tasks', 'run', 'deverlop_model', 'StartJob', 'scheduled__2024-01-01T00:25:00+00:00', '--job-id', '13', '--raw', '--subdir', 'DAGS_FOLDER/task.py', '--cfg-path', '/tmp/tmp280n6_tw']
[2024-02-14T02:07:01.949+0000] {standard_task_runner.py:88} INFO - Job 13: Subtask StartJob
[2024-02-14T02:07:02.337+0000] {task_command.py:423} INFO - Running <TaskInstance: deverlop_model.StartJob scheduled__2024-01-01T00:25:00+00:00 [running]> on host 6e2ff7d2ffd0
[2024-02-14T02:07:02.667+0000] {taskinstance.py:2480} INFO - Exporting env vars: AIRFLOW_CTX_DAG_OWNER='rtn' AIRFLOW_CTX_DAG_ID='deverlop_model' AIRFLOW_CTX_TASK_ID='StartJob' AIRFLOW_CTX_EXECUTION_DATE='2024-01-01T00:25:00+00:00' AIRFLOW_CTX_TRY_NUMBER='1' AIRFLOW_CTX_DAG_RUN_ID='scheduled__2024-01-01T00:25:00+00:00'
[2024-02-14T02:07:02.673+0000] {subprocess.py:63} INFO - Tmp dir root location: /tmp
[2024-02-14T02:07:02.675+0000] {subprocess.py:75} INFO - Running command: ['/usr/bin/bash', '-c', 'echo StartJob']
[2024-02-14T02:07:02.718+0000] {subprocess.py:86} INFO - Output:
[2024-02-14T02:07:02.719+0000] {subprocess.py:93} INFO - StartJob
[2024-02-14T02:07:02.720+0000] {subprocess.py:97} INFO - Command exited with return code 0
[2024-02-14T02:07:02.792+0000] {taskinstance.py:1138} INFO - Marking task as SUCCESS. dag_id=deverlop_model, task_id=StartJob, execution_date=20240101T002500, start_date=20240214T020701, end_date=20240214T020702
[2024-02-14T02:07:02.901+0000] {local_task_job_runner.py:234} INFO - Task exited with return code 0
[2024-02-14T02:07:02.972+0000] {taskinstance.py:3280} INFO - 1 downstream tasks scheduled from follow-on schedule check
[2024-02-14T03:53:45.779+0000] {taskinstance.py:1956} INFO - Dependencies all met for dep_context=non-requeueable deps ti=<TaskInstance: deverlop_model.StartJob scheduled__2024-01-01T00:25:00+00:00 [queued]>
[2024-02-14T03:53:45.812+0000] {taskinstance.py:1956} INFO - Dependencies all met for dep_context=requeueable deps ti=<TaskInstance: deverlop_model.StartJob scheduled__2024-01-01T00:25:00+00:00 [queued]>
[2024-02-14T03:53:45.813+0000] {taskinstance.py:2170} INFO - Starting attempt 1 of 1
[2024-02-14T03:53:45.851+0000] {taskinstance.py:2191} INFO - Executing <Task(BashOperator): StartJob> on 2024-01-01 00:25:00+00:00
[2024-02-14T03:53:45.867+0000] {standard_task_runner.py:60} INFO - Started process 3414 to run task
[2024-02-14T03:53:45.871+0000] {standard_task_runner.py:87} INFO - Running: ['***', 'tasks', 'run', 'deverlop_model', 'StartJob', 'scheduled__2024-01-01T00:25:00+00:00', '--job-id', '426', '--raw', '--subdir', 'DAGS_FOLDER/task.py', '--cfg-path', '/tmp/tmpjn3_spw6']
[2024-02-14T03:53:45.875+0000] {standard_task_runner.py:88} INFO - Job 426: Subtask StartJob
[2024-02-14T03:53:46.016+0000] {task_command.py:423} INFO - Running <TaskInstance: deverlop_model.StartJob scheduled__2024-01-01T00:25:00+00:00 [running]> on host 6e2ff7d2ffd0
[2024-02-14T03:53:46.264+0000] {taskinstance.py:2480} INFO - Exporting env vars: AIRFLOW_CTX_DAG_OWNER='rtn' AIRFLOW_CTX_DAG_ID='deverlop_model' AIRFLOW_CTX_TASK_ID='StartJob' AIRFLOW_CTX_EXECUTION_DATE='2024-01-01T00:25:00+00:00' AIRFLOW_CTX_TRY_NUMBER='1' AIRFLOW_CTX_DAG_RUN_ID='scheduled__2024-01-01T00:25:00+00:00'
[2024-02-14T03:53:46.277+0000] {subprocess.py:63} INFO - Tmp dir root location: /tmp
[2024-02-14T03:53:46.279+0000] {subprocess.py:75} INFO - Running command: ['/usr/bin/bash', '-c', "\n            echo StartJob && \n            if [ ! -e '/opt/***/dags/data/2024-02-14' ]; then\n                mkdir /opt/***/dags/data/2024-02-14 \n            fi && \n            if [ ! -e '/opt/***/dags/data/2024-02-14/data' ]; then\n                mkdir /opt/***/dags/data/2024-02-14/data\n            fi && \n            if [ ! -e '/opt/***/dags/data/2024-02-14/model' ]; then\n                mkdir /opt/***/dags/data/2024-02-14/model\n            fi\n        "]
[2024-02-14T03:53:46.324+0000] {subprocess.py:86} INFO - Output:
[2024-02-14T03:53:46.327+0000] {subprocess.py:93} INFO - StartJob
[2024-02-14T03:53:46.362+0000] {subprocess.py:97} INFO - Command exited with return code 0
[2024-02-14T03:53:46.469+0000] {taskinstance.py:1138} INFO - Marking task as SUCCESS. dag_id=deverlop_model, task_id=StartJob, execution_date=20240101T002500, start_date=20240214T035345, end_date=20240214T035346
[2024-02-14T03:53:46.562+0000] {local_task_job_runner.py:234} INFO - Task exited with return code 0
[2024-02-14T03:53:46.643+0000] {taskinstance.py:3280} INFO - 1 downstream tasks scheduled from follow-on schedule check
[2024-02-14T03:55:59.661+0000] {taskinstance.py:1956} INFO - Dependencies all met for dep_context=non-requeueable deps ti=<TaskInstance: deverlop_model.StartJob scheduled__2024-01-01T00:25:00+00:00 [queued]>
[2024-02-14T03:55:59.679+0000] {taskinstance.py:1956} INFO - Dependencies all met for dep_context=requeueable deps ti=<TaskInstance: deverlop_model.StartJob scheduled__2024-01-01T00:25:00+00:00 [queued]>
[2024-02-14T03:55:59.681+0000] {taskinstance.py:2170} INFO - Starting attempt 1 of 1
[2024-02-14T03:55:59.711+0000] {taskinstance.py:2191} INFO - Executing <Task(BashOperator): StartJob> on 2024-01-01 00:25:00+00:00
[2024-02-14T03:55:59.723+0000] {standard_task_runner.py:60} INFO - Started process 3526 to run task
[2024-02-14T03:55:59.727+0000] {standard_task_runner.py:87} INFO - Running: ['***', 'tasks', 'run', 'deverlop_model', 'StartJob', 'scheduled__2024-01-01T00:25:00+00:00', '--job-id', '449', '--raw', '--subdir', 'DAGS_FOLDER/task.py', '--cfg-path', '/tmp/tmppq4wd85q']
[2024-02-14T03:55:59.731+0000] {standard_task_runner.py:88} INFO - Job 449: Subtask StartJob
[2024-02-14T03:55:59.810+0000] {task_command.py:423} INFO - Running <TaskInstance: deverlop_model.StartJob scheduled__2024-01-01T00:25:00+00:00 [running]> on host 6e2ff7d2ffd0
[2024-02-14T03:55:59.939+0000] {taskinstance.py:2480} INFO - Exporting env vars: AIRFLOW_CTX_DAG_OWNER='***' AIRFLOW_CTX_DAG_ID='deverlop_model' AIRFLOW_CTX_TASK_ID='StartJob' AIRFLOW_CTX_EXECUTION_DATE='2024-01-01T00:25:00+00:00' AIRFLOW_CTX_TRY_NUMBER='1' AIRFLOW_CTX_DAG_RUN_ID='scheduled__2024-01-01T00:25:00+00:00'
[2024-02-14T03:55:59.945+0000] {subprocess.py:63} INFO - Tmp dir root location: /tmp
[2024-02-14T03:55:59.947+0000] {subprocess.py:75} INFO - Running command: ['/usr/bin/bash', '-c', "\n            echo StartJob && \n            if [ ! -e '/opt/***/dags/data/2024-02-14' ]; then\n                mkdir /opt/***/dags/data/2024-02-14 \n            fi && \n            if [ ! -e '/opt/***/dags/data/2024-02-14/data' ]; then\n                mkdir /opt/***/dags/data/2024-02-14/data\n            fi && \n            if [ ! -e '/opt/***/dags/data/2024-02-14/model' ]; then\n                mkdir /opt/***/dags/data/2024-02-14/model\n            fi\n        "]
[2024-02-14T03:55:59.975+0000] {subprocess.py:86} INFO - Output:
[2024-02-14T03:55:59.976+0000] {subprocess.py:93} INFO - StartJob
[2024-02-14T03:55:59.982+0000] {subprocess.py:97} INFO - Command exited with return code 0
[2024-02-14T03:56:00.028+0000] {taskinstance.py:1138} INFO - Marking task as SUCCESS. dag_id=deverlop_model, task_id=StartJob, execution_date=20240101T002500, start_date=20240214T035559, end_date=20240214T035600
[2024-02-14T03:56:00.078+0000] {local_task_job_runner.py:234} INFO - Task exited with return code 0
[2024-02-14T03:56:00.207+0000] {taskinstance.py:3280} INFO - 1 downstream tasks scheduled from follow-on schedule check
[2024-02-14T04:00:39.571+0000] {taskinstance.py:1956} INFO - Dependencies all met for dep_context=non-requeueable deps ti=<TaskInstance: deverlop_model.StartJob scheduled__2024-01-01T00:25:00+00:00 [queued]>
[2024-02-14T04:00:39.583+0000] {taskinstance.py:1956} INFO - Dependencies all met for dep_context=requeueable deps ti=<TaskInstance: deverlop_model.StartJob scheduled__2024-01-01T00:25:00+00:00 [queued]>
[2024-02-14T04:00:39.584+0000] {taskinstance.py:2170} INFO - Starting attempt 1 of 1
[2024-02-14T04:00:39.602+0000] {taskinstance.py:2191} INFO - Executing <Task(BashOperator): StartJob> on 2024-01-01 00:25:00+00:00
[2024-02-14T04:00:39.615+0000] {standard_task_runner.py:60} INFO - Started process 3824 to run task
[2024-02-14T04:00:39.618+0000] {standard_task_runner.py:87} INFO - Running: ['***', 'tasks', 'run', 'deverlop_model', 'StartJob', 'scheduled__2024-01-01T00:25:00+00:00', '--job-id', '514', '--raw', '--subdir', 'DAGS_FOLDER/task.py', '--cfg-path', '/tmp/tmp6yddgv1u']
[2024-02-14T04:00:39.622+0000] {standard_task_runner.py:88} INFO - Job 514: Subtask StartJob
[2024-02-14T04:00:39.682+0000] {task_command.py:423} INFO - Running <TaskInstance: deverlop_model.StartJob scheduled__2024-01-01T00:25:00+00:00 [running]> on host 6e2ff7d2ffd0
[2024-02-14T04:00:39.808+0000] {taskinstance.py:2480} INFO - Exporting env vars: AIRFLOW_CTX_DAG_OWNER='***' AIRFLOW_CTX_DAG_ID='deverlop_model' AIRFLOW_CTX_TASK_ID='StartJob' AIRFLOW_CTX_EXECUTION_DATE='2024-01-01T00:25:00+00:00' AIRFLOW_CTX_TRY_NUMBER='1' AIRFLOW_CTX_DAG_RUN_ID='scheduled__2024-01-01T00:25:00+00:00'
[2024-02-14T04:00:39.813+0000] {subprocess.py:63} INFO - Tmp dir root location: /tmp
[2024-02-14T04:00:39.817+0000] {subprocess.py:75} INFO - Running command: ['/usr/bin/bash', '-c', "\n            echo StartJob && \n            if [ ! -e '/opt/***/dags/data/2024-02-14' ]; then\n                mkdir /opt/***/dags/data/2024-02-14 \n            fi && \n            if [ ! -e '/opt/***/dags/data/2024-02-14/data' ]; then\n                mkdir /opt/***/dags/data/2024-02-14/data\n            fi && \n            if [ ! -e '/opt/***/dags/data/2024-02-14/model' ]; then\n                mkdir /opt/***/dags/data/2024-02-14/model\n            fi\n        "]
[2024-02-14T04:00:39.872+0000] {subprocess.py:86} INFO - Output:
[2024-02-14T04:00:39.875+0000] {subprocess.py:93} INFO - StartJob
[2024-02-14T04:00:39.901+0000] {subprocess.py:97} INFO - Command exited with return code 0
[2024-02-14T04:00:39.969+0000] {taskinstance.py:1138} INFO - Marking task as SUCCESS. dag_id=deverlop_model, task_id=StartJob, execution_date=20240101T002500, start_date=20240214T040039, end_date=20240214T040039
[2024-02-14T04:00:40.039+0000] {local_task_job_runner.py:234} INFO - Task exited with return code 0
[2024-02-14T04:00:40.077+0000] {taskinstance.py:3280} INFO - 1 downstream tasks scheduled from follow-on schedule check
