[2024-02-13T16:45:52.981+0000] {taskinstance.py:1956} INFO - Dependencies all met for dep_context=non-requeueable deps ti=<TaskInstance: deverlop_model.Start_job scheduled__2022-01-01T00:40:00+00:00 [queued]>
[2024-02-13T16:45:53.018+0000] {taskinstance.py:1956} INFO - Dependencies all met for dep_context=requeueable deps ti=<TaskInstance: deverlop_model.Start_job scheduled__2022-01-01T00:40:00+00:00 [queued]>
[2024-02-13T16:45:53.024+0000] {taskinstance.py:2170} INFO - Starting attempt 1 of 1
[2024-02-13T16:45:53.133+0000] {taskinstance.py:2191} INFO - Executing <Task(BashOperator): Start_job> on 2022-01-01 00:40:00+00:00
[2024-02-13T16:45:53.180+0000] {standard_task_runner.py:60} INFO - Started process 619 to run task
[2024-02-13T16:45:53.218+0000] {standard_task_runner.py:87} INFO - Running: ['***', 'tasks', 'run', 'deverlop_model', 'Start_job', 'scheduled__2022-01-01T00:40:00+00:00', '--job-id', '28', '--raw', '--subdir', 'DAGS_FOLDER/task.py', '--cfg-path', '/tmp/tmpq2mmq92j']
[2024-02-13T16:45:53.252+0000] {standard_task_runner.py:88} INFO - Job 28: Subtask Start_job
[2024-02-13T16:45:53.634+0000] {task_command.py:423} INFO - Running <TaskInstance: deverlop_model.Start_job scheduled__2022-01-01T00:40:00+00:00 [running]> on host a5e5e25b3882
[2024-02-13T16:45:53.804+0000] {taskinstance.py:2480} INFO - Exporting env vars: AIRFLOW_CTX_DAG_OWNER='rtn' AIRFLOW_CTX_DAG_ID='deverlop_model' AIRFLOW_CTX_TASK_ID='Start_job' AIRFLOW_CTX_EXECUTION_DATE='2022-01-01T00:40:00+00:00' AIRFLOW_CTX_TRY_NUMBER='1' AIRFLOW_CTX_DAG_RUN_ID='scheduled__2022-01-01T00:40:00+00:00'
[2024-02-13T16:45:53.811+0000] {subprocess.py:63} INFO - Tmp dir root location: /tmp
[2024-02-13T16:45:53.818+0000] {subprocess.py:75} INFO - Running command: ['/usr/bin/bash', '-c', 'echo START JOBS']
[2024-02-13T16:45:53.855+0000] {subprocess.py:86} INFO - Output:
[2024-02-13T16:45:53.859+0000] {subprocess.py:93} INFO - START JOBS
[2024-02-13T16:45:53.861+0000] {subprocess.py:97} INFO - Command exited with return code 0
[2024-02-13T16:45:53.928+0000] {taskinstance.py:1138} INFO - Marking task as SUCCESS. dag_id=deverlop_model, task_id=Start_job, execution_date=20220101T004000, start_date=20240213T164552, end_date=20240213T164553
[2024-02-13T16:45:53.985+0000] {local_task_job_runner.py:234} INFO - Task exited with return code 0
[2024-02-13T16:45:54.278+0000] {taskinstance.py:3280} INFO - 1 downstream tasks scheduled from follow-on schedule check
[2024-02-13T16:47:28.672+0000] {taskinstance.py:1956} INFO - Dependencies all met for dep_context=non-requeueable deps ti=<TaskInstance: deverlop_model.Start_job scheduled__2022-01-01T00:40:00+00:00 [queued]>
[2024-02-13T16:47:28.687+0000] {taskinstance.py:1956} INFO - Dependencies all met for dep_context=requeueable deps ti=<TaskInstance: deverlop_model.Start_job scheduled__2022-01-01T00:40:00+00:00 [queued]>
[2024-02-13T16:47:28.688+0000] {taskinstance.py:2170} INFO - Starting attempt 1 of 1
[2024-02-13T16:47:28.713+0000] {taskinstance.py:2191} INFO - Executing <Task(BashOperator): Start_job> on 2022-01-01 00:40:00+00:00
[2024-02-13T16:47:28.737+0000] {standard_task_runner.py:60} INFO - Started process 758 to run task
[2024-02-13T16:47:28.741+0000] {standard_task_runner.py:87} INFO - Running: ['***', 'tasks', 'run', 'deverlop_model', 'Start_job', 'scheduled__2022-01-01T00:40:00+00:00', '--job-id', '64', '--raw', '--subdir', 'DAGS_FOLDER/task.py', '--cfg-path', '/tmp/tmp02gs6ij3']
[2024-02-13T16:47:28.744+0000] {standard_task_runner.py:88} INFO - Job 64: Subtask Start_job
[2024-02-13T16:47:28.821+0000] {task_command.py:423} INFO - Running <TaskInstance: deverlop_model.Start_job scheduled__2022-01-01T00:40:00+00:00 [running]> on host a5e5e25b3882
[2024-02-13T16:47:28.940+0000] {taskinstance.py:2480} INFO - Exporting env vars: AIRFLOW_CTX_DAG_OWNER='rtn' AIRFLOW_CTX_DAG_ID='deverlop_model' AIRFLOW_CTX_TASK_ID='Start_job' AIRFLOW_CTX_EXECUTION_DATE='2022-01-01T00:40:00+00:00' AIRFLOW_CTX_TRY_NUMBER='1' AIRFLOW_CTX_DAG_RUN_ID='scheduled__2022-01-01T00:40:00+00:00'
[2024-02-13T16:47:28.944+0000] {subprocess.py:63} INFO - Tmp dir root location: /tmp
[2024-02-13T16:47:28.945+0000] {subprocess.py:75} INFO - Running command: ['/usr/bin/bash', '-c', 'echo START JOBS']
[2024-02-13T16:47:28.971+0000] {subprocess.py:86} INFO - Output:
[2024-02-13T16:47:28.979+0000] {subprocess.py:93} INFO - START JOBS
[2024-02-13T16:47:28.981+0000] {subprocess.py:97} INFO - Command exited with return code 0
[2024-02-13T16:47:29.039+0000] {taskinstance.py:1138} INFO - Marking task as SUCCESS. dag_id=deverlop_model, task_id=Start_job, execution_date=20220101T004000, start_date=20240213T164728, end_date=20240213T164729
[2024-02-13T16:47:29.091+0000] {local_task_job_runner.py:234} INFO - Task exited with return code 0
[2024-02-13T16:47:29.127+0000] {taskinstance.py:3280} INFO - 1 downstream tasks scheduled from follow-on schedule check
