[2024-02-13T16:45:57.875+0000] {taskinstance.py:1956} INFO - Dependencies all met for dep_context=non-requeueable deps ti=<TaskInstance: deverlop_model.Start_job scheduled__2022-01-01T01:10:00+00:00 [queued]>
[2024-02-13T16:45:57.915+0000] {taskinstance.py:1956} INFO - Dependencies all met for dep_context=requeueable deps ti=<TaskInstance: deverlop_model.Start_job scheduled__2022-01-01T01:10:00+00:00 [queued]>
[2024-02-13T16:45:57.917+0000] {taskinstance.py:2170} INFO - Starting attempt 1 of 1
[2024-02-13T16:45:57.948+0000] {taskinstance.py:2191} INFO - Executing <Task(BashOperator): Start_job> on 2022-01-01 01:10:00+00:00
[2024-02-13T16:45:57.964+0000] {standard_task_runner.py:60} INFO - Started process 641 to run task
[2024-02-13T16:45:57.968+0000] {standard_task_runner.py:87} INFO - Running: ['***', 'tasks', 'run', 'deverlop_model', 'Start_job', 'scheduled__2022-01-01T01:10:00+00:00', '--job-id', '36', '--raw', '--subdir', 'DAGS_FOLDER/task.py', '--cfg-path', '/tmp/tmp0a47i1sl']
[2024-02-13T16:45:57.976+0000] {standard_task_runner.py:88} INFO - Job 36: Subtask Start_job
[2024-02-13T16:45:58.054+0000] {task_command.py:423} INFO - Running <TaskInstance: deverlop_model.Start_job scheduled__2022-01-01T01:10:00+00:00 [running]> on host a5e5e25b3882
[2024-02-13T16:45:58.177+0000] {taskinstance.py:2480} INFO - Exporting env vars: AIRFLOW_CTX_DAG_OWNER='rtn' AIRFLOW_CTX_DAG_ID='deverlop_model' AIRFLOW_CTX_TASK_ID='Start_job' AIRFLOW_CTX_EXECUTION_DATE='2022-01-01T01:10:00+00:00' AIRFLOW_CTX_TRY_NUMBER='1' AIRFLOW_CTX_DAG_RUN_ID='scheduled__2022-01-01T01:10:00+00:00'
[2024-02-13T16:45:58.180+0000] {subprocess.py:63} INFO - Tmp dir root location: /tmp
[2024-02-13T16:45:58.183+0000] {subprocess.py:75} INFO - Running command: ['/usr/bin/bash', '-c', 'echo START JOBS']
[2024-02-13T16:45:58.215+0000] {subprocess.py:86} INFO - Output:
[2024-02-13T16:45:58.217+0000] {subprocess.py:93} INFO - START JOBS
[2024-02-13T16:45:58.218+0000] {subprocess.py:97} INFO - Command exited with return code 0
[2024-02-13T16:45:58.265+0000] {taskinstance.py:1138} INFO - Marking task as SUCCESS. dag_id=deverlop_model, task_id=Start_job, execution_date=20220101T011000, start_date=20240213T164557, end_date=20240213T164558
[2024-02-13T16:45:58.307+0000] {local_task_job_runner.py:234} INFO - Task exited with return code 0
[2024-02-13T16:45:58.360+0000] {taskinstance.py:3280} INFO - 1 downstream tasks scheduled from follow-on schedule check
[2024-02-13T16:47:31.595+0000] {taskinstance.py:1956} INFO - Dependencies all met for dep_context=non-requeueable deps ti=<TaskInstance: deverlop_model.Start_job scheduled__2022-01-01T01:10:00+00:00 [queued]>
[2024-02-13T16:47:31.608+0000] {taskinstance.py:1956} INFO - Dependencies all met for dep_context=requeueable deps ti=<TaskInstance: deverlop_model.Start_job scheduled__2022-01-01T01:10:00+00:00 [queued]>
[2024-02-13T16:47:31.609+0000] {taskinstance.py:2170} INFO - Starting attempt 1 of 1
[2024-02-13T16:47:31.634+0000] {taskinstance.py:2191} INFO - Executing <Task(BashOperator): Start_job> on 2022-01-01 01:10:00+00:00
[2024-02-13T16:47:31.645+0000] {standard_task_runner.py:60} INFO - Started process 802 to run task
[2024-02-13T16:47:31.649+0000] {standard_task_runner.py:87} INFO - Running: ['***', 'tasks', 'run', 'deverlop_model', 'Start_job', 'scheduled__2022-01-01T01:10:00+00:00', '--job-id', '76', '--raw', '--subdir', 'DAGS_FOLDER/task.py', '--cfg-path', '/tmp/tmpd8l1merl']
[2024-02-13T16:47:31.652+0000] {standard_task_runner.py:88} INFO - Job 76: Subtask Start_job
[2024-02-13T16:47:31.738+0000] {task_command.py:423} INFO - Running <TaskInstance: deverlop_model.Start_job scheduled__2022-01-01T01:10:00+00:00 [running]> on host a5e5e25b3882
[2024-02-13T16:47:31.866+0000] {taskinstance.py:2480} INFO - Exporting env vars: AIRFLOW_CTX_DAG_OWNER='rtn' AIRFLOW_CTX_DAG_ID='deverlop_model' AIRFLOW_CTX_TASK_ID='Start_job' AIRFLOW_CTX_EXECUTION_DATE='2022-01-01T01:10:00+00:00' AIRFLOW_CTX_TRY_NUMBER='1' AIRFLOW_CTX_DAG_RUN_ID='scheduled__2022-01-01T01:10:00+00:00'
[2024-02-13T16:47:31.872+0000] {subprocess.py:63} INFO - Tmp dir root location: /tmp
[2024-02-13T16:47:31.875+0000] {subprocess.py:75} INFO - Running command: ['/usr/bin/bash', '-c', 'echo START JOBS']
[2024-02-13T16:47:31.895+0000] {subprocess.py:86} INFO - Output:
[2024-02-13T16:47:31.897+0000] {subprocess.py:93} INFO - START JOBS
[2024-02-13T16:47:31.898+0000] {subprocess.py:97} INFO - Command exited with return code 0
[2024-02-13T16:47:31.937+0000] {taskinstance.py:1138} INFO - Marking task as SUCCESS. dag_id=deverlop_model, task_id=Start_job, execution_date=20220101T011000, start_date=20240213T164731, end_date=20240213T164731
[2024-02-13T16:47:31.985+0000] {local_task_job_runner.py:234} INFO - Task exited with return code 0
[2024-02-13T16:47:32.022+0000] {taskinstance.py:3280} INFO - 1 downstream tasks scheduled from follow-on schedule check
