[2024-02-14T03:34:39.262+0000] {taskinstance.py:1956} INFO - Dependencies all met for dep_context=non-requeueable deps ti=<TaskInstance: deverlop_model.prepare_data_set scheduled__2024-02-01T00:00:00+00:00 [queued]>
[2024-02-14T03:34:39.278+0000] {taskinstance.py:1956} INFO - Dependencies all met for dep_context=requeueable deps ti=<TaskInstance: deverlop_model.prepare_data_set scheduled__2024-02-01T00:00:00+00:00 [queued]>
[2024-02-14T03:34:39.279+0000] {taskinstance.py:2170} INFO - Starting attempt 1 of 1
[2024-02-14T03:34:39.340+0000] {taskinstance.py:2191} INFO - Executing <Task(DockerOperator): prepare_data_set> on 2024-02-01 00:00:00+00:00
[2024-02-14T03:34:39.357+0000] {standard_task_runner.py:60} INFO - Started process 2570 to run task
[2024-02-14T03:34:39.367+0000] {standard_task_runner.py:87} INFO - Running: ['***', 'tasks', 'run', 'deverlop_model', 'prepare_data_set', 'scheduled__2024-02-01T00:00:00+00:00', '--job-id', '267', '--raw', '--subdir', 'DAGS_FOLDER/task.py', '--cfg-path', '/tmp/tmp4ws_dih3']
[2024-02-14T03:34:39.371+0000] {standard_task_runner.py:88} INFO - Job 267: Subtask prepare_data_set
[2024-02-14T03:34:39.501+0000] {task_command.py:423} INFO - Running <TaskInstance: deverlop_model.prepare_data_set scheduled__2024-02-01T00:00:00+00:00 [running]> on host 6e2ff7d2ffd0
[2024-02-14T03:34:39.623+0000] {taskinstance.py:2480} INFO - Exporting env vars: AIRFLOW_CTX_DAG_OWNER='rtn' AIRFLOW_CTX_DAG_ID='deverlop_model' AIRFLOW_CTX_TASK_ID='prepare_data_set' AIRFLOW_CTX_EXECUTION_DATE='2024-02-01T00:00:00+00:00' AIRFLOW_CTX_TRY_NUMBER='1' AIRFLOW_CTX_DAG_RUN_ID='scheduled__2024-02-01T00:00:00+00:00'
[2024-02-14T03:34:39.660+0000] {docker.py:359} INFO - Starting docker container from image python:3.8
[2024-02-14T03:34:43.370+0000] {docker.py:429} INFO - WARNING: Running pip as the 'root' user can result in broken permissions and conflicting behaviour with the system package manager. It is recommended to use a virtual environment instead: https://pip.pypa.io/warnings/venv
[2024-02-14T03:34:43.607+0000] {docker.py:429} INFO - [notice] A new release of pip is available: 23.0.1 -> 24.0
[notice] To update, run: pip install --upgrade pip
[2024-02-14T03:34:48.804+0000] {docker.py:429} INFO - READ DATA :  DataSets : 2024-02-14 03:34:36.408539  timestamp :  2024-02-14 03:34:48.801357
[2024-02-14T03:34:49.245+0000] {taskinstance.py:1138} INFO - Marking task as SUCCESS. dag_id=deverlop_model, task_id=prepare_data_set, execution_date=20240201T000000, start_date=20240214T033439, end_date=20240214T033449
[2024-02-14T03:34:49.299+0000] {local_task_job_runner.py:234} INFO - Task exited with return code 0
[2024-02-14T03:34:49.318+0000] {taskinstance.py:3280} INFO - 2 downstream tasks scheduled from follow-on schedule check
[2024-02-14T03:38:13.720+0000] {taskinstance.py:1956} INFO - Dependencies all met for dep_context=non-requeueable deps ti=<TaskInstance: deverlop_model.prepare_data_set scheduled__2024-02-01T00:00:00+00:00 [queued]>
[2024-02-14T03:38:13.754+0000] {taskinstance.py:1956} INFO - Dependencies all met for dep_context=requeueable deps ti=<TaskInstance: deverlop_model.prepare_data_set scheduled__2024-02-01T00:00:00+00:00 [queued]>
[2024-02-14T03:38:13.756+0000] {taskinstance.py:2170} INFO - Starting attempt 1 of 1
[2024-02-14T03:38:13.798+0000] {taskinstance.py:2191} INFO - Executing <Task(DockerOperator): prepare_data_set> on 2024-02-01 00:00:00+00:00
[2024-02-14T03:38:13.828+0000] {standard_task_runner.py:60} INFO - Started process 2877 to run task
[2024-02-14T03:38:13.832+0000] {standard_task_runner.py:87} INFO - Running: ['***', 'tasks', 'run', 'deverlop_model', 'prepare_data_set', 'scheduled__2024-02-01T00:00:00+00:00', '--job-id', '340', '--raw', '--subdir', 'DAGS_FOLDER/task.py', '--cfg-path', '/tmp/tmpg1yhym8r']
[2024-02-14T03:38:13.837+0000] {standard_task_runner.py:88} INFO - Job 340: Subtask prepare_data_set
[2024-02-14T03:38:13.985+0000] {task_command.py:423} INFO - Running <TaskInstance: deverlop_model.prepare_data_set scheduled__2024-02-01T00:00:00+00:00 [running]> on host 6e2ff7d2ffd0
[2024-02-14T03:38:14.164+0000] {taskinstance.py:2480} INFO - Exporting env vars: AIRFLOW_CTX_DAG_OWNER='rtn' AIRFLOW_CTX_DAG_ID='deverlop_model' AIRFLOW_CTX_TASK_ID='prepare_data_set' AIRFLOW_CTX_EXECUTION_DATE='2024-02-01T00:00:00+00:00' AIRFLOW_CTX_TRY_NUMBER='1' AIRFLOW_CTX_DAG_RUN_ID='scheduled__2024-02-01T00:00:00+00:00'
[2024-02-14T03:38:14.227+0000] {docker.py:359} INFO - Starting docker container from image python:3.8
[2024-02-14T03:38:17.445+0000] {docker.py:429} INFO - WARNING: Running pip as the 'root' user can result in broken permissions and conflicting behaviour with the system package manager. It is recommended to use a virtual environment instead: https://pip.pypa.io/warnings/venv
[2024-02-14T03:38:17.712+0000] {docker.py:429} INFO - [notice] A new release of pip is available: 23.0.1 -> 24.0
[notice] To update, run: pip install --upgrade pip
[2024-02-14T03:38:22.806+0000] {docker.py:429} INFO - READ DATA :  DataSets : 2024-02-14 03:38:11.069217  timestamp :  2024-02-14 03:38:22.803514
[2024-02-14T03:38:23.359+0000] {taskinstance.py:1138} INFO - Marking task as SUCCESS. dag_id=deverlop_model, task_id=prepare_data_set, execution_date=20240201T000000, start_date=20240214T033813, end_date=20240214T033823
[2024-02-14T03:38:23.396+0000] {local_task_job_runner.py:234} INFO - Task exited with return code 0
[2024-02-14T03:38:23.425+0000] {taskinstance.py:3280} INFO - 2 downstream tasks scheduled from follow-on schedule check
[2024-02-14T03:39:43.456+0000] {taskinstance.py:1956} INFO - Dependencies all met for dep_context=non-requeueable deps ti=<TaskInstance: deverlop_model.prepare_data_set scheduled__2024-02-01T00:00:00+00:00 [queued]>
[2024-02-14T03:39:43.469+0000] {taskinstance.py:1956} INFO - Dependencies all met for dep_context=requeueable deps ti=<TaskInstance: deverlop_model.prepare_data_set scheduled__2024-02-01T00:00:00+00:00 [queued]>
[2024-02-14T03:39:43.470+0000] {taskinstance.py:2170} INFO - Starting attempt 1 of 1
[2024-02-14T03:39:43.485+0000] {taskinstance.py:2191} INFO - Executing <Task(DockerOperator): prepare_data_set> on 2024-02-01 00:00:00+00:00
[2024-02-14T03:39:43.495+0000] {standard_task_runner.py:60} INFO - Started process 3155 to run task
[2024-02-14T03:39:43.499+0000] {standard_task_runner.py:87} INFO - Running: ['***', 'tasks', 'run', 'deverlop_model', 'prepare_data_set', 'scheduled__2024-02-01T00:00:00+00:00', '--job-id', '414', '--raw', '--subdir', 'DAGS_FOLDER/task.py', '--cfg-path', '/tmp/tmpzpblk0fo']
[2024-02-14T03:39:43.502+0000] {standard_task_runner.py:88} INFO - Job 414: Subtask prepare_data_set
[2024-02-14T03:39:43.558+0000] {task_command.py:423} INFO - Running <TaskInstance: deverlop_model.prepare_data_set scheduled__2024-02-01T00:00:00+00:00 [running]> on host 6e2ff7d2ffd0
[2024-02-14T03:39:43.642+0000] {taskinstance.py:2480} INFO - Exporting env vars: AIRFLOW_CTX_DAG_OWNER='rtn' AIRFLOW_CTX_DAG_ID='deverlop_model' AIRFLOW_CTX_TASK_ID='prepare_data_set' AIRFLOW_CTX_EXECUTION_DATE='2024-02-01T00:00:00+00:00' AIRFLOW_CTX_TRY_NUMBER='1' AIRFLOW_CTX_DAG_RUN_ID='scheduled__2024-02-01T00:00:00+00:00'
[2024-02-14T03:39:43.662+0000] {docker.py:359} INFO - Starting docker container from image python:3.8
[2024-02-14T03:39:45.746+0000] {docker.py:429} INFO - WARNING: Running pip as the 'root' user can result in broken permissions and conflicting behaviour with the system package manager. It is recommended to use a virtual environment instead: https://pip.pypa.io/warnings/venv
[2024-02-14T03:39:45.903+0000] {docker.py:429} INFO - [notice] A new release of pip is available: 23.0.1 -> 24.0
[notice] To update, run: pip install --upgrade pip
[2024-02-14T03:39:50.995+0000] {docker.py:429} INFO - READ DATA :  DataSets : 2024-02-14 03:39:49.572882  timestamp :  2024-02-14 03:39:50.992790
[2024-02-14T03:39:51.308+0000] {taskinstance.py:1138} INFO - Marking task as SUCCESS. dag_id=deverlop_model, task_id=prepare_data_set, execution_date=20240201T000000, start_date=20240214T033943, end_date=20240214T033951
[2024-02-14T03:39:51.331+0000] {local_task_job_runner.py:234} INFO - Task exited with return code 0
[2024-02-14T03:39:51.346+0000] {taskinstance.py:3280} INFO - 2 downstream tasks scheduled from follow-on schedule check
