[2024-02-14T02:07:17.666+0000] {taskinstance.py:1956} INFO - Dependencies all met for dep_context=non-requeueable deps ti=<TaskInstance: deverlop_model.StartJob scheduled__2024-01-01T01:20:00+00:00 [queued]>
[2024-02-14T02:07:17.675+0000] {taskinstance.py:1956} INFO - Dependencies all met for dep_context=requeueable deps ti=<TaskInstance: deverlop_model.StartJob scheduled__2024-01-01T01:20:00+00:00 [queued]>
[2024-02-14T02:07:17.676+0000] {taskinstance.py:2170} INFO - Starting attempt 1 of 1
[2024-02-14T02:07:17.689+0000] {taskinstance.py:2191} INFO - Executing <Task(BashOperator): StartJob> on 2024-01-01 01:20:00+00:00
[2024-02-14T02:07:17.700+0000] {standard_task_runner.py:60} INFO - Started process 420 to run task
[2024-02-14T02:07:17.711+0000] {standard_task_runner.py:87} INFO - Running: ['***', 'tasks', 'run', 'deverlop_model', 'StartJob', 'scheduled__2024-01-01T01:20:00+00:00', '--job-id', '40', '--raw', '--subdir', 'DAGS_FOLDER/task.py', '--cfg-path', '/tmp/tmpc68hxka9']
[2024-02-14T02:07:17.714+0000] {standard_task_runner.py:88} INFO - Job 40: Subtask StartJob
[2024-02-14T02:07:17.764+0000] {task_command.py:423} INFO - Running <TaskInstance: deverlop_model.StartJob scheduled__2024-01-01T01:20:00+00:00 [running]> on host 6e2ff7d2ffd0
[2024-02-14T02:07:17.839+0000] {taskinstance.py:2480} INFO - Exporting env vars: AIRFLOW_CTX_DAG_OWNER='rtn' AIRFLOW_CTX_DAG_ID='deverlop_model' AIRFLOW_CTX_TASK_ID='StartJob' AIRFLOW_CTX_EXECUTION_DATE='2024-01-01T01:20:00+00:00' AIRFLOW_CTX_TRY_NUMBER='1' AIRFLOW_CTX_DAG_RUN_ID='scheduled__2024-01-01T01:20:00+00:00'
[2024-02-14T02:07:17.842+0000] {subprocess.py:63} INFO - Tmp dir root location: /tmp
[2024-02-14T02:07:17.843+0000] {subprocess.py:75} INFO - Running command: ['/usr/bin/bash', '-c', 'echo StartJob']
[2024-02-14T02:07:17.861+0000] {subprocess.py:86} INFO - Output:
[2024-02-14T02:07:17.863+0000] {subprocess.py:93} INFO - StartJob
[2024-02-14T02:07:17.864+0000] {subprocess.py:97} INFO - Command exited with return code 0
[2024-02-14T02:07:17.895+0000] {taskinstance.py:1138} INFO - Marking task as SUCCESS. dag_id=deverlop_model, task_id=StartJob, execution_date=20240101T012000, start_date=20240214T020717, end_date=20240214T020717
[2024-02-14T02:07:17.924+0000] {local_task_job_runner.py:234} INFO - Task exited with return code 0
[2024-02-14T02:07:17.954+0000] {taskinstance.py:3280} INFO - 1 downstream tasks scheduled from follow-on schedule check
[2024-02-14T03:56:08.170+0000] {taskinstance.py:1956} INFO - Dependencies all met for dep_context=non-requeueable deps ti=<TaskInstance: deverlop_model.StartJob scheduled__2024-01-01T01:20:00+00:00 [queued]>
[2024-02-14T03:56:08.177+0000] {taskinstance.py:1956} INFO - Dependencies all met for dep_context=requeueable deps ti=<TaskInstance: deverlop_model.StartJob scheduled__2024-01-01T01:20:00+00:00 [queued]>
[2024-02-14T03:56:08.178+0000] {taskinstance.py:2170} INFO - Starting attempt 1 of 1
[2024-02-14T03:56:08.187+0000] {taskinstance.py:2191} INFO - Executing <Task(BashOperator): StartJob> on 2024-01-01 01:20:00+00:00
[2024-02-14T03:56:08.195+0000] {standard_task_runner.py:60} INFO - Started process 3617 to run task
[2024-02-14T03:56:08.198+0000] {standard_task_runner.py:87} INFO - Running: ['***', 'tasks', 'run', 'deverlop_model', 'StartJob', 'scheduled__2024-01-01T01:20:00+00:00', '--job-id', '476', '--raw', '--subdir', 'DAGS_FOLDER/task.py', '--cfg-path', '/tmp/tmp6skwb41y']
[2024-02-14T03:56:08.200+0000] {standard_task_runner.py:88} INFO - Job 476: Subtask StartJob
[2024-02-14T03:56:08.246+0000] {task_command.py:423} INFO - Running <TaskInstance: deverlop_model.StartJob scheduled__2024-01-01T01:20:00+00:00 [running]> on host 6e2ff7d2ffd0
[2024-02-14T03:56:08.310+0000] {taskinstance.py:2480} INFO - Exporting env vars: AIRFLOW_CTX_DAG_OWNER='***' AIRFLOW_CTX_DAG_ID='deverlop_model' AIRFLOW_CTX_TASK_ID='StartJob' AIRFLOW_CTX_EXECUTION_DATE='2024-01-01T01:20:00+00:00' AIRFLOW_CTX_TRY_NUMBER='1' AIRFLOW_CTX_DAG_RUN_ID='scheduled__2024-01-01T01:20:00+00:00'
[2024-02-14T03:56:08.312+0000] {subprocess.py:63} INFO - Tmp dir root location: /tmp
[2024-02-14T03:56:08.313+0000] {subprocess.py:75} INFO - Running command: ['/usr/bin/bash', '-c', "\n            echo StartJob && \n            if [ ! -e '/opt/***/dags/data/2024-02-14' ]; then\n                mkdir /opt/***/dags/data/2024-02-14 \n            fi && \n            if [ ! -e '/opt/***/dags/data/2024-02-14/data' ]; then\n                mkdir /opt/***/dags/data/2024-02-14/data\n            fi && \n            if [ ! -e '/opt/***/dags/data/2024-02-14/model' ]; then\n                mkdir /opt/***/dags/data/2024-02-14/model\n            fi\n        "]
[2024-02-14T03:56:08.326+0000] {subprocess.py:86} INFO - Output:
[2024-02-14T03:56:08.327+0000] {subprocess.py:93} INFO - StartJob
[2024-02-14T03:56:08.328+0000] {subprocess.py:97} INFO - Command exited with return code 0
[2024-02-14T03:56:08.348+0000] {taskinstance.py:1138} INFO - Marking task as SUCCESS. dag_id=deverlop_model, task_id=StartJob, execution_date=20240101T012000, start_date=20240214T035608, end_date=20240214T035608
[2024-02-14T03:56:08.370+0000] {local_task_job_runner.py:234} INFO - Task exited with return code 0
[2024-02-14T03:56:08.391+0000] {taskinstance.py:3280} INFO - 1 downstream tasks scheduled from follow-on schedule check
