[2024-02-13T16:47:45.080+0000] {taskinstance.py:1956} INFO - Dependencies all met for dep_context=non-requeueable deps ti=<TaskInstance: deverlop_model.data_sets scheduled__2022-01-01T01:40:00+00:00 [queued]>
[2024-02-13T16:47:45.094+0000] {taskinstance.py:1956} INFO - Dependencies all met for dep_context=requeueable deps ti=<TaskInstance: deverlop_model.data_sets scheduled__2022-01-01T01:40:00+00:00 [queued]>
[2024-02-13T16:47:45.095+0000] {taskinstance.py:2170} INFO - Starting attempt 1 of 1
[2024-02-13T16:47:45.125+0000] {taskinstance.py:2191} INFO - Executing <Task(DockerOperator): data_sets> on 2022-01-01 01:40:00+00:00
[2024-02-13T16:47:45.138+0000] {standard_task_runner.py:60} INFO - Started process 905 to run task
[2024-02-13T16:47:45.147+0000] {standard_task_runner.py:87} INFO - Running: ['***', 'tasks', 'run', 'deverlop_model', 'data_sets', 'scheduled__2022-01-01T01:40:00+00:00', '--job-id', '104', '--raw', '--subdir', 'DAGS_FOLDER/task.py', '--cfg-path', '/tmp/tmp3cf9gsj5']
[2024-02-13T16:47:45.154+0000] {standard_task_runner.py:88} INFO - Job 104: Subtask data_sets
[2024-02-13T16:47:45.295+0000] {task_command.py:423} INFO - Running <TaskInstance: deverlop_model.data_sets scheduled__2022-01-01T01:40:00+00:00 [running]> on host a5e5e25b3882
[2024-02-13T16:47:45.677+0000] {taskinstance.py:2480} INFO - Exporting env vars: AIRFLOW_CTX_DAG_OWNER='rtn' AIRFLOW_CTX_DAG_ID='deverlop_model' AIRFLOW_CTX_TASK_ID='data_sets' AIRFLOW_CTX_EXECUTION_DATE='2022-01-01T01:40:00+00:00' AIRFLOW_CTX_TRY_NUMBER='1' AIRFLOW_CTX_DAG_RUN_ID='scheduled__2022-01-01T01:40:00+00:00'
[2024-02-13T16:47:45.715+0000] {docker.py:359} INFO - Starting docker container from image python:3.8
[2024-02-13T16:47:45.723+0000] {taskinstance.py:2698} ERROR - Task failed with exception
Traceback (most recent call last):
  File "/home/airflow/.local/lib/python3.8/site-packages/docker/api/client.py", line 265, in _raise_for_status
    response.raise_for_status()
  File "/home/airflow/.local/lib/python3.8/site-packages/requests/models.py", line 1021, in raise_for_status
    raise HTTPError(http_error_msg, response=self)
requests.exceptions.HTTPError: 409 Client Error: Conflict for url: http+docker://localhost/v1.43/containers/create?name=data_sets

The above exception was the direct cause of the following exception:

Traceback (most recent call last):
  File "/home/airflow/.local/lib/python3.8/site-packages/airflow/models/taskinstance.py", line 433, in _execute_task
    result = execute_callable(context=context, **execute_callable_kwargs)
  File "/home/airflow/.local/lib/python3.8/site-packages/airflow/providers/docker/operators/docker.py", line 502, in execute
    return self._run_image()
  File "/home/airflow/.local/lib/python3.8/site-packages/airflow/providers/docker/operators/docker.py", line 376, in _run_image
    return self._run_image_with_mounts(self.mounts, add_tmp_variable=False)
  File "/home/airflow/.local/lib/python3.8/site-packages/airflow/providers/docker/operators/docker.py", line 391, in _run_image_with_mounts
    self.container = self.cli.create_container(
  File "/home/airflow/.local/lib/python3.8/site-packages/docker/api/container.py", line 439, in create_container
    return self.create_container_from_config(config, name, platform)
  File "/home/airflow/.local/lib/python3.8/site-packages/docker/api/container.py", line 456, in create_container_from_config
    return self._result(res, True)
  File "/home/airflow/.local/lib/python3.8/site-packages/docker/api/client.py", line 271, in _result
    self._raise_for_status(response)
  File "/home/airflow/.local/lib/python3.8/site-packages/docker/api/client.py", line 267, in _raise_for_status
    raise create_api_error_from_http_exception(e) from e
  File "/home/airflow/.local/lib/python3.8/site-packages/docker/errors.py", line 39, in create_api_error_from_http_exception
    raise cls(e, response=response, explanation=explanation) from e
docker.errors.APIError: 409 Client Error for http+docker://localhost/v1.43/containers/create?name=data_sets: Conflict ("Conflict. The container name "/data_sets" is already in use by container "d5f1b76ccbca89324de2c25a7e4ad37278ac11d7f47fbe6aa17323aa32b27680". You have to remove (or rename) that container to be able to reuse that name.")
[2024-02-13T16:47:45.750+0000] {taskinstance.py:1138} INFO - Marking task as FAILED. dag_id=deverlop_model, task_id=data_sets, execution_date=20220101T014000, start_date=20240213T164745, end_date=20240213T164745
[2024-02-13T16:47:45.994+0000] {standard_task_runner.py:107} ERROR - Failed to execute job 104 for task data_sets (409 Client Error for http+docker://localhost/v1.43/containers/create?name=data_sets: Conflict ("Conflict. The container name "/data_sets" is already in use by container "d5f1b76ccbca89324de2c25a7e4ad37278ac11d7f47fbe6aa17323aa32b27680". You have to remove (or rename) that container to be able to reuse that name."); 905)
[2024-02-13T16:47:46.023+0000] {local_task_job_runner.py:234} INFO - Task exited with return code 1
[2024-02-13T16:47:46.083+0000] {taskinstance.py:3280} INFO - 0 downstream tasks scheduled from follow-on schedule check
