[2024-02-14T02:07:24.661+0000] {taskinstance.py:1956} INFO - Dependencies all met for dep_context=non-requeueable deps ti=<TaskInstance: deverlop_model.StartJob scheduled__2024-01-01T01:55:00+00:00 [queued]>
[2024-02-14T02:07:24.674+0000] {taskinstance.py:1956} INFO - Dependencies all met for dep_context=requeueable deps ti=<TaskInstance: deverlop_model.StartJob scheduled__2024-01-01T01:55:00+00:00 [queued]>
[2024-02-14T02:07:24.678+0000] {taskinstance.py:2170} INFO - Starting attempt 1 of 1
[2024-02-14T02:07:24.704+0000] {taskinstance.py:2191} INFO - Executing <Task(BashOperator): StartJob> on 2024-01-01 01:55:00+00:00
[2024-02-14T02:07:24.713+0000] {standard_task_runner.py:60} INFO - Started process 461 to run task
[2024-02-14T02:07:24.717+0000] {standard_task_runner.py:87} INFO - Running: ['***', 'tasks', 'run', 'deverlop_model', 'StartJob', 'scheduled__2024-01-01T01:55:00+00:00', '--job-id', '49', '--raw', '--subdir', 'DAGS_FOLDER/task.py', '--cfg-path', '/tmp/tmpwarv8kr8']
[2024-02-14T02:07:24.720+0000] {standard_task_runner.py:88} INFO - Job 49: Subtask StartJob
[2024-02-14T02:07:24.799+0000] {task_command.py:423} INFO - Running <TaskInstance: deverlop_model.StartJob scheduled__2024-01-01T01:55:00+00:00 [running]> on host 6e2ff7d2ffd0
[2024-02-14T02:07:24.954+0000] {taskinstance.py:2480} INFO - Exporting env vars: AIRFLOW_CTX_DAG_OWNER='rtn' AIRFLOW_CTX_DAG_ID='deverlop_model' AIRFLOW_CTX_TASK_ID='StartJob' AIRFLOW_CTX_EXECUTION_DATE='2024-01-01T01:55:00+00:00' AIRFLOW_CTX_TRY_NUMBER='1' AIRFLOW_CTX_DAG_RUN_ID='scheduled__2024-01-01T01:55:00+00:00'
[2024-02-14T02:07:24.959+0000] {subprocess.py:63} INFO - Tmp dir root location: /tmp
[2024-02-14T02:07:24.966+0000] {subprocess.py:75} INFO - Running command: ['/usr/bin/bash', '-c', 'echo StartJob']
[2024-02-14T02:07:24.998+0000] {subprocess.py:86} INFO - Output:
[2024-02-14T02:07:24.999+0000] {subprocess.py:93} INFO - StartJob
[2024-02-14T02:07:25.001+0000] {subprocess.py:97} INFO - Command exited with return code 0
[2024-02-14T02:07:25.051+0000] {taskinstance.py:1138} INFO - Marking task as SUCCESS. dag_id=deverlop_model, task_id=StartJob, execution_date=20240101T015500, start_date=20240214T020724, end_date=20240214T020725
[2024-02-14T02:07:25.144+0000] {local_task_job_runner.py:234} INFO - Task exited with return code 0
[2024-02-14T02:07:25.199+0000] {taskinstance.py:3280} INFO - 1 downstream tasks scheduled from follow-on schedule check
[2024-02-14T03:56:16.440+0000] {taskinstance.py:1956} INFO - Dependencies all met for dep_context=non-requeueable deps ti=<TaskInstance: deverlop_model.StartJob scheduled__2024-01-01T01:55:00+00:00 [queued]>
[2024-02-14T03:56:16.457+0000] {taskinstance.py:1956} INFO - Dependencies all met for dep_context=requeueable deps ti=<TaskInstance: deverlop_model.StartJob scheduled__2024-01-01T01:55:00+00:00 [queued]>
[2024-02-14T03:56:16.457+0000] {taskinstance.py:2170} INFO - Starting attempt 1 of 1
[2024-02-14T03:56:16.483+0000] {taskinstance.py:2191} INFO - Executing <Task(BashOperator): StartJob> on 2024-01-01 01:55:00+00:00
[2024-02-14T03:56:16.494+0000] {standard_task_runner.py:60} INFO - Started process 3664 to run task
[2024-02-14T03:56:16.499+0000] {standard_task_runner.py:87} INFO - Running: ['***', 'tasks', 'run', 'deverlop_model', 'StartJob', 'scheduled__2024-01-01T01:55:00+00:00', '--job-id', '486', '--raw', '--subdir', 'DAGS_FOLDER/task.py', '--cfg-path', '/tmp/tmp1ayl3d4x']
[2024-02-14T03:56:16.503+0000] {standard_task_runner.py:88} INFO - Job 486: Subtask StartJob
[2024-02-14T03:56:16.631+0000] {task_command.py:423} INFO - Running <TaskInstance: deverlop_model.StartJob scheduled__2024-01-01T01:55:00+00:00 [running]> on host 6e2ff7d2ffd0
[2024-02-14T03:56:16.847+0000] {taskinstance.py:2480} INFO - Exporting env vars: AIRFLOW_CTX_DAG_OWNER='***' AIRFLOW_CTX_DAG_ID='deverlop_model' AIRFLOW_CTX_TASK_ID='StartJob' AIRFLOW_CTX_EXECUTION_DATE='2024-01-01T01:55:00+00:00' AIRFLOW_CTX_TRY_NUMBER='1' AIRFLOW_CTX_DAG_RUN_ID='scheduled__2024-01-01T01:55:00+00:00'
[2024-02-14T03:56:16.852+0000] {subprocess.py:63} INFO - Tmp dir root location: /tmp
[2024-02-14T03:56:16.858+0000] {subprocess.py:75} INFO - Running command: ['/usr/bin/bash', '-c', "\n            echo StartJob && \n            if [ ! -e '/opt/***/dags/data/2024-02-14' ]; then\n                mkdir /opt/***/dags/data/2024-02-14 \n            fi && \n            if [ ! -e '/opt/***/dags/data/2024-02-14/data' ]; then\n                mkdir /opt/***/dags/data/2024-02-14/data\n            fi && \n            if [ ! -e '/opt/***/dags/data/2024-02-14/model' ]; then\n                mkdir /opt/***/dags/data/2024-02-14/model\n            fi\n        "]
[2024-02-14T03:56:16.914+0000] {subprocess.py:86} INFO - Output:
[2024-02-14T03:56:16.921+0000] {subprocess.py:93} INFO - StartJob
[2024-02-14T03:56:16.937+0000] {subprocess.py:97} INFO - Command exited with return code 0
[2024-02-14T03:56:17.030+0000] {taskinstance.py:1138} INFO - Marking task as SUCCESS. dag_id=deverlop_model, task_id=StartJob, execution_date=20240101T015500, start_date=20240214T035616, end_date=20240214T035617
[2024-02-14T03:56:17.108+0000] {local_task_job_runner.py:234} INFO - Task exited with return code 0
[2024-02-14T03:56:17.348+0000] {taskinstance.py:3280} INFO - 0 downstream tasks scheduled from follow-on schedule check
