[2024-02-14T02:07:16.500+0000] {taskinstance.py:1956} INFO - Dependencies all met for dep_context=non-requeueable deps ti=<TaskInstance: deverlop_model.data_sets scheduled__2024-01-01T01:00:00+00:00 [queued]>
[2024-02-14T02:07:16.510+0000] {taskinstance.py:1956} INFO - Dependencies all met for dep_context=requeueable deps ti=<TaskInstance: deverlop_model.data_sets scheduled__2024-01-01T01:00:00+00:00 [queued]>
[2024-02-14T02:07:16.511+0000] {taskinstance.py:2170} INFO - Starting attempt 1 of 1
[2024-02-14T02:07:16.525+0000] {taskinstance.py:2191} INFO - Executing <Task(DockerOperator): data_sets> on 2024-01-01 01:00:00+00:00
[2024-02-14T02:07:16.535+0000] {standard_task_runner.py:60} INFO - Started process 417 to run task
[2024-02-14T02:07:16.539+0000] {standard_task_runner.py:87} INFO - Running: ['***', 'tasks', 'run', 'deverlop_model', 'data_sets', 'scheduled__2024-01-01T01:00:00+00:00', '--job-id', '39', '--raw', '--subdir', 'DAGS_FOLDER/task.py', '--cfg-path', '/tmp/tmphg1be8v1']
[2024-02-14T02:07:16.542+0000] {standard_task_runner.py:88} INFO - Job 39: Subtask data_sets
[2024-02-14T02:07:16.597+0000] {task_command.py:423} INFO - Running <TaskInstance: deverlop_model.data_sets scheduled__2024-01-01T01:00:00+00:00 [running]> on host 6e2ff7d2ffd0
[2024-02-14T02:07:16.721+0000] {taskinstance.py:2480} INFO - Exporting env vars: AIRFLOW_CTX_DAG_OWNER='rtn' AIRFLOW_CTX_DAG_ID='deverlop_model' AIRFLOW_CTX_TASK_ID='data_sets' AIRFLOW_CTX_EXECUTION_DATE='2024-01-01T01:00:00+00:00' AIRFLOW_CTX_TRY_NUMBER='1' AIRFLOW_CTX_DAG_RUN_ID='scheduled__2024-01-01T01:00:00+00:00'
[2024-02-14T02:07:16.744+0000] {docker.py:359} INFO - Starting docker container from image python:3.8
[2024-02-14T02:07:16.748+0000] {taskinstance.py:2698} ERROR - Task failed with exception
Traceback (most recent call last):
  File "/home/airflow/.local/lib/python3.8/site-packages/docker/api/client.py", line 265, in _raise_for_status
    response.raise_for_status()
  File "/home/airflow/.local/lib/python3.8/site-packages/requests/models.py", line 1021, in raise_for_status
    raise HTTPError(http_error_msg, response=self)
requests.exceptions.HTTPError: 409 Client Error: Conflict for url: http+docker://localhost/v1.43/containers/create?name=data_sets

The above exception was the direct cause of the following exception:

Traceback (most recent call last):
  File "/home/airflow/.local/lib/python3.8/site-packages/airflow/models/taskinstance.py", line 433, in _execute_task
    result = execute_callable(context=context, **execute_callable_kwargs)
  File "/home/airflow/.local/lib/python3.8/site-packages/airflow/providers/docker/operators/docker.py", line 502, in execute
    return self._run_image()
  File "/home/airflow/.local/lib/python3.8/site-packages/airflow/providers/docker/operators/docker.py", line 376, in _run_image
    return self._run_image_with_mounts(self.mounts, add_tmp_variable=False)
  File "/home/airflow/.local/lib/python3.8/site-packages/airflow/providers/docker/operators/docker.py", line 391, in _run_image_with_mounts
    self.container = self.cli.create_container(
  File "/home/airflow/.local/lib/python3.8/site-packages/docker/api/container.py", line 439, in create_container
    return self.create_container_from_config(config, name, platform)
  File "/home/airflow/.local/lib/python3.8/site-packages/docker/api/container.py", line 456, in create_container_from_config
    return self._result(res, True)
  File "/home/airflow/.local/lib/python3.8/site-packages/docker/api/client.py", line 271, in _result
    self._raise_for_status(response)
  File "/home/airflow/.local/lib/python3.8/site-packages/docker/api/client.py", line 267, in _raise_for_status
    raise create_api_error_from_http_exception(e) from e
  File "/home/airflow/.local/lib/python3.8/site-packages/docker/errors.py", line 39, in create_api_error_from_http_exception
    raise cls(e, response=response, explanation=explanation) from e
docker.errors.APIError: 409 Client Error for http+docker://localhost/v1.43/containers/create?name=data_sets: Conflict ("Conflict. The container name "/data_sets" is already in use by container "f661e6f476acc9921c18047679c78f76d8accdecaba0c5595bc6d40f78c57c87". You have to remove (or rename) that container to be able to reuse that name.")
[2024-02-14T02:07:16.757+0000] {taskinstance.py:1138} INFO - Marking task as FAILED. dag_id=deverlop_model, task_id=data_sets, execution_date=20240101T010000, start_date=20240214T020716, end_date=20240214T020716
[2024-02-14T02:07:16.767+0000] {standard_task_runner.py:107} ERROR - Failed to execute job 39 for task data_sets (409 Client Error for http+docker://localhost/v1.43/containers/create?name=data_sets: Conflict ("Conflict. The container name "/data_sets" is already in use by container "f661e6f476acc9921c18047679c78f76d8accdecaba0c5595bc6d40f78c57c87". You have to remove (or rename) that container to be able to reuse that name."); 417)
[2024-02-14T02:07:16.791+0000] {local_task_job_runner.py:234} INFO - Task exited with return code 1
[2024-02-14T02:07:16.813+0000] {taskinstance.py:3280} INFO - 0 downstream tasks scheduled from follow-on schedule check
[2024-02-14T03:56:07.088+0000] {taskinstance.py:1956} INFO - Dependencies all met for dep_context=non-requeueable deps ti=<TaskInstance: deverlop_model.data_sets scheduled__2024-01-01T01:00:00+00:00 [queued]>
[2024-02-14T03:56:07.103+0000] {taskinstance.py:1956} INFO - Dependencies all met for dep_context=requeueable deps ti=<TaskInstance: deverlop_model.data_sets scheduled__2024-01-01T01:00:00+00:00 [queued]>
[2024-02-14T03:56:07.104+0000] {taskinstance.py:2170} INFO - Starting attempt 1 of 1
[2024-02-14T03:56:07.150+0000] {taskinstance.py:2191} INFO - Executing <Task(DockerOperator): data_sets> on 2024-01-01 01:00:00+00:00
[2024-02-14T03:56:07.160+0000] {standard_task_runner.py:60} INFO - Started process 3609 to run task
[2024-02-14T03:56:07.164+0000] {standard_task_runner.py:87} INFO - Running: ['***', 'tasks', 'run', 'deverlop_model', 'data_sets', 'scheduled__2024-01-01T01:00:00+00:00', '--job-id', '472', '--raw', '--subdir', 'DAGS_FOLDER/task.py', '--cfg-path', '/tmp/tmpc_0im0c2']
[2024-02-14T03:56:07.169+0000] {standard_task_runner.py:88} INFO - Job 472: Subtask data_sets
[2024-02-14T03:56:07.239+0000] {task_command.py:423} INFO - Running <TaskInstance: deverlop_model.data_sets scheduled__2024-01-01T01:00:00+00:00 [running]> on host 6e2ff7d2ffd0
[2024-02-14T03:56:07.335+0000] {taskinstance.py:2480} INFO - Exporting env vars: AIRFLOW_CTX_DAG_OWNER='***' AIRFLOW_CTX_DAG_ID='deverlop_model' AIRFLOW_CTX_TASK_ID='data_sets' AIRFLOW_CTX_EXECUTION_DATE='2024-01-01T01:00:00+00:00' AIRFLOW_CTX_TRY_NUMBER='1' AIRFLOW_CTX_DAG_RUN_ID='scheduled__2024-01-01T01:00:00+00:00'
[2024-02-14T03:56:07.359+0000] {docker.py:359} INFO - Starting docker container from image python:3.8
[2024-02-14T03:56:07.366+0000] {taskinstance.py:2698} ERROR - Task failed with exception
Traceback (most recent call last):
  File "/home/airflow/.local/lib/python3.8/site-packages/docker/api/client.py", line 265, in _raise_for_status
    response.raise_for_status()
  File "/home/airflow/.local/lib/python3.8/site-packages/requests/models.py", line 1021, in raise_for_status
    raise HTTPError(http_error_msg, response=self)
requests.exceptions.HTTPError: 409 Client Error: Conflict for url: http+docker://localhost/v1.43/containers/create?name=data_sets

The above exception was the direct cause of the following exception:

Traceback (most recent call last):
  File "/home/airflow/.local/lib/python3.8/site-packages/airflow/models/taskinstance.py", line 433, in _execute_task
    result = execute_callable(context=context, **execute_callable_kwargs)
  File "/home/airflow/.local/lib/python3.8/site-packages/airflow/providers/docker/operators/docker.py", line 502, in execute
    return self._run_image()
  File "/home/airflow/.local/lib/python3.8/site-packages/airflow/providers/docker/operators/docker.py", line 376, in _run_image
    return self._run_image_with_mounts(self.mounts, add_tmp_variable=False)
  File "/home/airflow/.local/lib/python3.8/site-packages/airflow/providers/docker/operators/docker.py", line 391, in _run_image_with_mounts
    self.container = self.cli.create_container(
  File "/home/airflow/.local/lib/python3.8/site-packages/docker/api/container.py", line 439, in create_container
    return self.create_container_from_config(config, name, platform)
  File "/home/airflow/.local/lib/python3.8/site-packages/docker/api/container.py", line 456, in create_container_from_config
    return self._result(res, True)
  File "/home/airflow/.local/lib/python3.8/site-packages/docker/api/client.py", line 271, in _result
    self._raise_for_status(response)
  File "/home/airflow/.local/lib/python3.8/site-packages/docker/api/client.py", line 267, in _raise_for_status
    raise create_api_error_from_http_exception(e) from e
  File "/home/airflow/.local/lib/python3.8/site-packages/docker/errors.py", line 39, in create_api_error_from_http_exception
    raise cls(e, response=response, explanation=explanation) from e
docker.errors.APIError: 409 Client Error for http+docker://localhost/v1.43/containers/create?name=data_sets: Conflict ("Conflict. The container name "/data_sets" is already in use by container "104e823f5bb6edd84aecdaae8ece217358a6f0121aaf37224b972a491d3a68ce". You have to remove (or rename) that container to be able to reuse that name.")
[2024-02-14T03:56:07.380+0000] {taskinstance.py:1138} INFO - Marking task as FAILED. dag_id=deverlop_model, task_id=data_sets, execution_date=20240101T010000, start_date=20240214T035607, end_date=20240214T035607
[2024-02-14T03:56:07.398+0000] {standard_task_runner.py:107} ERROR - Failed to execute job 472 for task data_sets (409 Client Error for http+docker://localhost/v1.43/containers/create?name=data_sets: Conflict ("Conflict. The container name "/data_sets" is already in use by container "104e823f5bb6edd84aecdaae8ece217358a6f0121aaf37224b972a491d3a68ce". You have to remove (or rename) that container to be able to reuse that name."); 3609)
[2024-02-14T03:56:07.421+0000] {local_task_job_runner.py:234} INFO - Task exited with return code 1
[2024-02-14T03:56:07.449+0000] {taskinstance.py:3280} INFO - 0 downstream tasks scheduled from follow-on schedule check
