[2024-02-14T03:34:37.275+0000] {taskinstance.py:1956} INFO - Dependencies all met for dep_context=non-requeueable deps ti=<TaskInstance: deverlop_model.StartJob scheduled__2024-02-01T01:30:00+00:00 [queued]>
[2024-02-14T03:34:37.285+0000] {taskinstance.py:1956} INFO - Dependencies all met for dep_context=requeueable deps ti=<TaskInstance: deverlop_model.StartJob scheduled__2024-02-01T01:30:00+00:00 [queued]>
[2024-02-14T03:34:37.286+0000] {taskinstance.py:2170} INFO - Starting attempt 1 of 1
[2024-02-14T03:34:37.313+0000] {taskinstance.py:2191} INFO - Executing <Task(BashOperator): StartJob> on 2024-02-01 01:30:00+00:00
[2024-02-14T03:34:37.324+0000] {standard_task_runner.py:60} INFO - Started process 2536 to run task
[2024-02-14T03:34:37.329+0000] {standard_task_runner.py:87} INFO - Running: ['***', 'tasks', 'run', 'deverlop_model', 'StartJob', 'scheduled__2024-02-01T01:30:00+00:00', '--job-id', '260', '--raw', '--subdir', 'DAGS_FOLDER/task.py', '--cfg-path', '/tmp/tmpslkf9bia']
[2024-02-14T03:34:37.332+0000] {standard_task_runner.py:88} INFO - Job 260: Subtask StartJob
[2024-02-14T03:34:37.399+0000] {task_command.py:423} INFO - Running <TaskInstance: deverlop_model.StartJob scheduled__2024-02-01T01:30:00+00:00 [running]> on host 6e2ff7d2ffd0
[2024-02-14T03:34:37.507+0000] {taskinstance.py:2480} INFO - Exporting env vars: AIRFLOW_CTX_DAG_OWNER='rtn' AIRFLOW_CTX_DAG_ID='deverlop_model' AIRFLOW_CTX_TASK_ID='StartJob' AIRFLOW_CTX_EXECUTION_DATE='2024-02-01T01:30:00+00:00' AIRFLOW_CTX_TRY_NUMBER='1' AIRFLOW_CTX_DAG_RUN_ID='scheduled__2024-02-01T01:30:00+00:00'
[2024-02-14T03:34:37.512+0000] {subprocess.py:63} INFO - Tmp dir root location: /tmp
[2024-02-14T03:34:37.514+0000] {subprocess.py:75} INFO - Running command: ['/usr/bin/bash', '-c', "\n            echo StartJob && \n            if [ ! -e '/opt/***/dags/data/2024-02-14' ]; then\n                mkdir /opt/***/dags/data/2024-02-14 \n            fi && \n            if [ ! -e '/opt/***/dags/data/2024-02-14/data' ]; then\n                mkdir /opt/***/dags/data/2024-02-14/data\n            fi && \n            if [ ! -e '/opt/***/dags/data/2024-02-14/model' ]; then\n                mkdir /opt/***/dags/data/2024-02-14/model\n            fi\n        "]
[2024-02-14T03:34:37.538+0000] {subprocess.py:86} INFO - Output:
[2024-02-14T03:34:37.540+0000] {subprocess.py:93} INFO - StartJob
[2024-02-14T03:34:37.546+0000] {subprocess.py:97} INFO - Command exited with return code 0
[2024-02-14T03:34:37.588+0000] {taskinstance.py:1138} INFO - Marking task as SUCCESS. dag_id=deverlop_model, task_id=StartJob, execution_date=20240201T013000, start_date=20240214T033437, end_date=20240214T033437
[2024-02-14T03:34:37.623+0000] {local_task_job_runner.py:234} INFO - Task exited with return code 0
[2024-02-14T03:34:37.662+0000] {taskinstance.py:3280} INFO - 1 downstream tasks scheduled from follow-on schedule check
[2024-02-14T03:38:12.299+0000] {taskinstance.py:1956} INFO - Dependencies all met for dep_context=non-requeueable deps ti=<TaskInstance: deverlop_model.StartJob scheduled__2024-02-01T01:30:00+00:00 [queued]>
[2024-02-14T03:38:12.313+0000] {taskinstance.py:1956} INFO - Dependencies all met for dep_context=requeueable deps ti=<TaskInstance: deverlop_model.StartJob scheduled__2024-02-01T01:30:00+00:00 [queued]>
[2024-02-14T03:38:12.314+0000] {taskinstance.py:2170} INFO - Starting attempt 1 of 1
[2024-02-14T03:38:12.489+0000] {taskinstance.py:2191} INFO - Executing <Task(BashOperator): StartJob> on 2024-02-01 01:30:00+00:00
[2024-02-14T03:38:12.499+0000] {standard_task_runner.py:60} INFO - Started process 2858 to run task
[2024-02-14T03:38:12.505+0000] {standard_task_runner.py:87} INFO - Running: ['***', 'tasks', 'run', 'deverlop_model', 'StartJob', 'scheduled__2024-02-01T01:30:00+00:00', '--job-id', '335', '--raw', '--subdir', 'DAGS_FOLDER/task.py', '--cfg-path', '/tmp/tmpt_7u9oi6']
[2024-02-14T03:38:12.509+0000] {standard_task_runner.py:88} INFO - Job 335: Subtask StartJob
[2024-02-14T03:38:12.608+0000] {task_command.py:423} INFO - Running <TaskInstance: deverlop_model.StartJob scheduled__2024-02-01T01:30:00+00:00 [running]> on host 6e2ff7d2ffd0
[2024-02-14T03:38:12.713+0000] {taskinstance.py:2480} INFO - Exporting env vars: AIRFLOW_CTX_DAG_OWNER='rtn' AIRFLOW_CTX_DAG_ID='deverlop_model' AIRFLOW_CTX_TASK_ID='StartJob' AIRFLOW_CTX_EXECUTION_DATE='2024-02-01T01:30:00+00:00' AIRFLOW_CTX_TRY_NUMBER='1' AIRFLOW_CTX_DAG_RUN_ID='scheduled__2024-02-01T01:30:00+00:00'
[2024-02-14T03:38:12.716+0000] {subprocess.py:63} INFO - Tmp dir root location: /tmp
[2024-02-14T03:38:12.719+0000] {subprocess.py:75} INFO - Running command: ['/usr/bin/bash', '-c', "\n            echo StartJob && \n            if [ ! -e '/opt/***/dags/data/2024-02-14' ]; then\n                mkdir /opt/***/dags/data/2024-02-14 \n            fi && \n            if [ ! -e '/opt/***/dags/data/2024-02-14/data' ]; then\n                mkdir /opt/***/dags/data/2024-02-14/data\n            fi && \n            if [ ! -e '/opt/***/dags/data/2024-02-14/model' ]; then\n                mkdir /opt/***/dags/data/2024-02-14/model\n            fi\n        "]
[2024-02-14T03:38:12.743+0000] {subprocess.py:86} INFO - Output:
[2024-02-14T03:38:12.746+0000] {subprocess.py:93} INFO - StartJob
[2024-02-14T03:38:12.751+0000] {subprocess.py:97} INFO - Command exited with return code 0
[2024-02-14T03:38:12.791+0000] {taskinstance.py:1138} INFO - Marking task as SUCCESS. dag_id=deverlop_model, task_id=StartJob, execution_date=20240201T013000, start_date=20240214T033812, end_date=20240214T033812
[2024-02-14T03:38:12.838+0000] {local_task_job_runner.py:234} INFO - Task exited with return code 0
[2024-02-14T03:38:12.967+0000] {taskinstance.py:3280} INFO - 1 downstream tasks scheduled from follow-on schedule check
[2024-02-14T03:39:37.027+0000] {taskinstance.py:1956} INFO - Dependencies all met for dep_context=non-requeueable deps ti=<TaskInstance: deverlop_model.StartJob scheduled__2024-02-01T01:30:00+00:00 [queued]>
[2024-02-14T03:39:37.039+0000] {taskinstance.py:1956} INFO - Dependencies all met for dep_context=requeueable deps ti=<TaskInstance: deverlop_model.StartJob scheduled__2024-02-01T01:30:00+00:00 [queued]>
[2024-02-14T03:39:37.040+0000] {taskinstance.py:2170} INFO - Starting attempt 1 of 1
[2024-02-14T03:39:37.063+0000] {taskinstance.py:2191} INFO - Executing <Task(BashOperator): StartJob> on 2024-02-01 01:30:00+00:00
[2024-02-14T03:39:37.073+0000] {standard_task_runner.py:60} INFO - Started process 3065 to run task
[2024-02-14T03:39:37.077+0000] {standard_task_runner.py:87} INFO - Running: ['***', 'tasks', 'run', 'deverlop_model', 'StartJob', 'scheduled__2024-02-01T01:30:00+00:00', '--job-id', '388', '--raw', '--subdir', 'DAGS_FOLDER/task.py', '--cfg-path', '/tmp/tmpi6rv0q2z']
[2024-02-14T03:39:37.080+0000] {standard_task_runner.py:88} INFO - Job 388: Subtask StartJob
[2024-02-14T03:39:37.141+0000] {task_command.py:423} INFO - Running <TaskInstance: deverlop_model.StartJob scheduled__2024-02-01T01:30:00+00:00 [running]> on host 6e2ff7d2ffd0
[2024-02-14T03:39:37.238+0000] {taskinstance.py:2480} INFO - Exporting env vars: AIRFLOW_CTX_DAG_OWNER='rtn' AIRFLOW_CTX_DAG_ID='deverlop_model' AIRFLOW_CTX_TASK_ID='StartJob' AIRFLOW_CTX_EXECUTION_DATE='2024-02-01T01:30:00+00:00' AIRFLOW_CTX_TRY_NUMBER='1' AIRFLOW_CTX_DAG_RUN_ID='scheduled__2024-02-01T01:30:00+00:00'
[2024-02-14T03:39:37.242+0000] {subprocess.py:63} INFO - Tmp dir root location: /tmp
[2024-02-14T03:39:37.244+0000] {subprocess.py:75} INFO - Running command: ['/usr/bin/bash', '-c', "\n            echo StartJob && \n            if [ ! -e '/opt/***/dags/data/2024-02-14' ]; then\n                mkdir /opt/***/dags/data/2024-02-14 \n            fi && \n            if [ ! -e '/opt/***/dags/data/2024-02-14/data' ]; then\n                mkdir /opt/***/dags/data/2024-02-14/data\n            fi && \n            if [ ! -e '/opt/***/dags/data/2024-02-14/model' ]; then\n                mkdir /opt/***/dags/data/2024-02-14/model\n            fi\n        "]
[2024-02-14T03:39:37.268+0000] {subprocess.py:86} INFO - Output:
[2024-02-14T03:39:37.270+0000] {subprocess.py:93} INFO - StartJob
[2024-02-14T03:39:37.273+0000] {subprocess.py:97} INFO - Command exited with return code 0
[2024-02-14T03:39:37.321+0000] {taskinstance.py:1138} INFO - Marking task as SUCCESS. dag_id=deverlop_model, task_id=StartJob, execution_date=20240201T013000, start_date=20240214T033937, end_date=20240214T033937
[2024-02-14T03:39:37.373+0000] {local_task_job_runner.py:234} INFO - Task exited with return code 0
[2024-02-14T03:39:37.417+0000] {taskinstance.py:3280} INFO - 1 downstream tasks scheduled from follow-on schedule check
