[2024-02-14T02:07:02.144+0000] {taskinstance.py:1956} INFO - Dependencies all met for dep_context=non-requeueable deps ti=<TaskInstance: deverlop_model.StartJob scheduled__2024-01-01T00:30:00+00:00 [queued]>
[2024-02-14T02:07:02.181+0000] {taskinstance.py:1956} INFO - Dependencies all met for dep_context=requeueable deps ti=<TaskInstance: deverlop_model.StartJob scheduled__2024-01-01T00:30:00+00:00 [queued]>
[2024-02-14T02:07:02.185+0000] {taskinstance.py:2170} INFO - Starting attempt 1 of 1
[2024-02-14T02:07:02.334+0000] {taskinstance.py:2191} INFO - Executing <Task(BashOperator): StartJob> on 2024-01-01 00:30:00+00:00
[2024-02-14T02:07:02.364+0000] {standard_task_runner.py:60} INFO - Started process 343 to run task
[2024-02-14T02:07:02.418+0000] {standard_task_runner.py:87} INFO - Running: ['***', 'tasks', 'run', 'deverlop_model', 'StartJob', 'scheduled__2024-01-01T00:30:00+00:00', '--job-id', '14', '--raw', '--subdir', 'DAGS_FOLDER/task.py', '--cfg-path', '/tmp/tmp3eptjz08']
[2024-02-14T02:07:02.463+0000] {standard_task_runner.py:88} INFO - Job 14: Subtask StartJob
[2024-02-14T02:07:02.731+0000] {task_command.py:423} INFO - Running <TaskInstance: deverlop_model.StartJob scheduled__2024-01-01T00:30:00+00:00 [running]> on host 6e2ff7d2ffd0
[2024-02-14T02:07:02.942+0000] {taskinstance.py:2480} INFO - Exporting env vars: AIRFLOW_CTX_DAG_OWNER='rtn' AIRFLOW_CTX_DAG_ID='deverlop_model' AIRFLOW_CTX_TASK_ID='StartJob' AIRFLOW_CTX_EXECUTION_DATE='2024-01-01T00:30:00+00:00' AIRFLOW_CTX_TRY_NUMBER='1' AIRFLOW_CTX_DAG_RUN_ID='scheduled__2024-01-01T00:30:00+00:00'
[2024-02-14T02:07:02.951+0000] {subprocess.py:63} INFO - Tmp dir root location: /tmp
[2024-02-14T02:07:02.958+0000] {subprocess.py:75} INFO - Running command: ['/usr/bin/bash', '-c', 'echo StartJob']
[2024-02-14T02:07:03.619+0000] {subprocess.py:86} INFO - Output:
[2024-02-14T02:07:03.621+0000] {subprocess.py:93} INFO - StartJob
[2024-02-14T02:07:03.627+0000] {subprocess.py:97} INFO - Command exited with return code 0
[2024-02-14T02:07:03.732+0000] {taskinstance.py:1138} INFO - Marking task as SUCCESS. dag_id=deverlop_model, task_id=StartJob, execution_date=20240101T003000, start_date=20240214T020702, end_date=20240214T020703
[2024-02-14T02:07:03.803+0000] {local_task_job_runner.py:234} INFO - Task exited with return code 0
[2024-02-14T02:07:04.123+0000] {taskinstance.py:3280} INFO - 1 downstream tasks scheduled from follow-on schedule check
[2024-02-14T03:53:45.976+0000] {taskinstance.py:1956} INFO - Dependencies all met for dep_context=non-requeueable deps ti=<TaskInstance: deverlop_model.StartJob scheduled__2024-01-01T00:30:00+00:00 [queued]>
[2024-02-14T03:53:45.993+0000] {taskinstance.py:1956} INFO - Dependencies all met for dep_context=requeueable deps ti=<TaskInstance: deverlop_model.StartJob scheduled__2024-01-01T00:30:00+00:00 [queued]>
[2024-02-14T03:53:45.995+0000] {taskinstance.py:2170} INFO - Starting attempt 1 of 1
[2024-02-14T03:53:46.021+0000] {taskinstance.py:2191} INFO - Executing <Task(BashOperator): StartJob> on 2024-01-01 00:30:00+00:00
[2024-02-14T03:53:46.035+0000] {standard_task_runner.py:60} INFO - Started process 3417 to run task
[2024-02-14T03:53:46.045+0000] {standard_task_runner.py:87} INFO - Running: ['***', 'tasks', 'run', 'deverlop_model', 'StartJob', 'scheduled__2024-01-01T00:30:00+00:00', '--job-id', '427', '--raw', '--subdir', 'DAGS_FOLDER/task.py', '--cfg-path', '/tmp/tmpc9725r3t']
[2024-02-14T03:53:46.053+0000] {standard_task_runner.py:88} INFO - Job 427: Subtask StartJob
[2024-02-14T03:53:46.192+0000] {task_command.py:423} INFO - Running <TaskInstance: deverlop_model.StartJob scheduled__2024-01-01T00:30:00+00:00 [running]> on host 6e2ff7d2ffd0
[2024-02-14T03:53:46.393+0000] {taskinstance.py:2480} INFO - Exporting env vars: AIRFLOW_CTX_DAG_OWNER='rtn' AIRFLOW_CTX_DAG_ID='deverlop_model' AIRFLOW_CTX_TASK_ID='StartJob' AIRFLOW_CTX_EXECUTION_DATE='2024-01-01T00:30:00+00:00' AIRFLOW_CTX_TRY_NUMBER='1' AIRFLOW_CTX_DAG_RUN_ID='scheduled__2024-01-01T00:30:00+00:00'
[2024-02-14T03:53:46.405+0000] {subprocess.py:63} INFO - Tmp dir root location: /tmp
[2024-02-14T03:53:46.427+0000] {subprocess.py:75} INFO - Running command: ['/usr/bin/bash', '-c', "\n            echo StartJob && \n            if [ ! -e '/opt/***/dags/data/2024-02-14' ]; then\n                mkdir /opt/***/dags/data/2024-02-14 \n            fi && \n            if [ ! -e '/opt/***/dags/data/2024-02-14/data' ]; then\n                mkdir /opt/***/dags/data/2024-02-14/data\n            fi && \n            if [ ! -e '/opt/***/dags/data/2024-02-14/model' ]; then\n                mkdir /opt/***/dags/data/2024-02-14/model\n            fi\n        "]
[2024-02-14T03:53:46.470+0000] {subprocess.py:86} INFO - Output:
[2024-02-14T03:53:46.473+0000] {subprocess.py:93} INFO - StartJob
[2024-02-14T03:53:46.483+0000] {subprocess.py:97} INFO - Command exited with return code 0
[2024-02-14T03:53:46.556+0000] {taskinstance.py:1138} INFO - Marking task as SUCCESS. dag_id=deverlop_model, task_id=StartJob, execution_date=20240101T003000, start_date=20240214T035345, end_date=20240214T035346
[2024-02-14T03:53:46.671+0000] {local_task_job_runner.py:234} INFO - Task exited with return code 0
[2024-02-14T03:53:46.759+0000] {taskinstance.py:3280} INFO - 1 downstream tasks scheduled from follow-on schedule check
[2024-02-14T03:55:59.858+0000] {taskinstance.py:1956} INFO - Dependencies all met for dep_context=non-requeueable deps ti=<TaskInstance: deverlop_model.StartJob scheduled__2024-01-01T00:30:00+00:00 [queued]>
[2024-02-14T03:55:59.869+0000] {taskinstance.py:1956} INFO - Dependencies all met for dep_context=requeueable deps ti=<TaskInstance: deverlop_model.StartJob scheduled__2024-01-01T00:30:00+00:00 [queued]>
[2024-02-14T03:55:59.870+0000] {taskinstance.py:2170} INFO - Starting attempt 1 of 1
[2024-02-14T03:55:59.887+0000] {taskinstance.py:2191} INFO - Executing <Task(BashOperator): StartJob> on 2024-01-01 00:30:00+00:00
[2024-02-14T03:55:59.899+0000] {standard_task_runner.py:60} INFO - Started process 3531 to run task
[2024-02-14T03:55:59.906+0000] {standard_task_runner.py:87} INFO - Running: ['***', 'tasks', 'run', 'deverlop_model', 'StartJob', 'scheduled__2024-01-01T00:30:00+00:00', '--job-id', '450', '--raw', '--subdir', 'DAGS_FOLDER/task.py', '--cfg-path', '/tmp/tmpu83mb51j']
[2024-02-14T03:55:59.912+0000] {standard_task_runner.py:88} INFO - Job 450: Subtask StartJob
[2024-02-14T03:55:59.998+0000] {task_command.py:423} INFO - Running <TaskInstance: deverlop_model.StartJob scheduled__2024-01-01T00:30:00+00:00 [running]> on host 6e2ff7d2ffd0
[2024-02-14T03:56:00.112+0000] {taskinstance.py:2480} INFO - Exporting env vars: AIRFLOW_CTX_DAG_OWNER='***' AIRFLOW_CTX_DAG_ID='deverlop_model' AIRFLOW_CTX_TASK_ID='StartJob' AIRFLOW_CTX_EXECUTION_DATE='2024-01-01T00:30:00+00:00' AIRFLOW_CTX_TRY_NUMBER='1' AIRFLOW_CTX_DAG_RUN_ID='scheduled__2024-01-01T00:30:00+00:00'
[2024-02-14T03:56:00.116+0000] {subprocess.py:63} INFO - Tmp dir root location: /tmp
[2024-02-14T03:56:00.118+0000] {subprocess.py:75} INFO - Running command: ['/usr/bin/bash', '-c', "\n            echo StartJob && \n            if [ ! -e '/opt/***/dags/data/2024-02-14' ]; then\n                mkdir /opt/***/dags/data/2024-02-14 \n            fi && \n            if [ ! -e '/opt/***/dags/data/2024-02-14/data' ]; then\n                mkdir /opt/***/dags/data/2024-02-14/data\n            fi && \n            if [ ! -e '/opt/***/dags/data/2024-02-14/model' ]; then\n                mkdir /opt/***/dags/data/2024-02-14/model\n            fi\n        "]
[2024-02-14T03:56:00.139+0000] {subprocess.py:86} INFO - Output:
[2024-02-14T03:56:00.141+0000] {subprocess.py:93} INFO - StartJob
[2024-02-14T03:56:00.146+0000] {subprocess.py:97} INFO - Command exited with return code 0
[2024-02-14T03:56:00.178+0000] {taskinstance.py:1138} INFO - Marking task as SUCCESS. dag_id=deverlop_model, task_id=StartJob, execution_date=20240101T003000, start_date=20240214T035559, end_date=20240214T035600
[2024-02-14T03:56:00.242+0000] {local_task_job_runner.py:234} INFO - Task exited with return code 0
[2024-02-14T03:56:00.284+0000] {taskinstance.py:3280} INFO - 1 downstream tasks scheduled from follow-on schedule check
[2024-02-14T04:00:39.828+0000] {taskinstance.py:1956} INFO - Dependencies all met for dep_context=non-requeueable deps ti=<TaskInstance: deverlop_model.StartJob scheduled__2024-01-01T00:30:00+00:00 [queued]>
[2024-02-14T04:00:39.856+0000] {taskinstance.py:1956} INFO - Dependencies all met for dep_context=requeueable deps ti=<TaskInstance: deverlop_model.StartJob scheduled__2024-01-01T00:30:00+00:00 [queued]>
[2024-02-14T04:00:39.858+0000] {taskinstance.py:2170} INFO - Starting attempt 1 of 1
[2024-02-14T04:00:39.907+0000] {taskinstance.py:2191} INFO - Executing <Task(BashOperator): StartJob> on 2024-01-01 00:30:00+00:00
[2024-02-14T04:00:39.920+0000] {standard_task_runner.py:60} INFO - Started process 3831 to run task
[2024-02-14T04:00:39.926+0000] {standard_task_runner.py:87} INFO - Running: ['***', 'tasks', 'run', 'deverlop_model', 'StartJob', 'scheduled__2024-01-01T00:30:00+00:00', '--job-id', '515', '--raw', '--subdir', 'DAGS_FOLDER/task.py', '--cfg-path', '/tmp/tmpufdxcmr2']
[2024-02-14T04:00:39.930+0000] {standard_task_runner.py:88} INFO - Job 515: Subtask StartJob
[2024-02-14T04:00:40.031+0000] {task_command.py:423} INFO - Running <TaskInstance: deverlop_model.StartJob scheduled__2024-01-01T00:30:00+00:00 [running]> on host 6e2ff7d2ffd0
[2024-02-14T04:00:40.152+0000] {taskinstance.py:2480} INFO - Exporting env vars: AIRFLOW_CTX_DAG_OWNER='***' AIRFLOW_CTX_DAG_ID='deverlop_model' AIRFLOW_CTX_TASK_ID='StartJob' AIRFLOW_CTX_EXECUTION_DATE='2024-01-01T00:30:00+00:00' AIRFLOW_CTX_TRY_NUMBER='1' AIRFLOW_CTX_DAG_RUN_ID='scheduled__2024-01-01T00:30:00+00:00'
[2024-02-14T04:00:40.157+0000] {subprocess.py:63} INFO - Tmp dir root location: /tmp
[2024-02-14T04:00:40.160+0000] {subprocess.py:75} INFO - Running command: ['/usr/bin/bash', '-c', "\n            echo StartJob && \n            if [ ! -e '/opt/***/dags/data/2024-02-14' ]; then\n                mkdir /opt/***/dags/data/2024-02-14 \n            fi && \n            if [ ! -e '/opt/***/dags/data/2024-02-14/data' ]; then\n                mkdir /opt/***/dags/data/2024-02-14/data\n            fi && \n            if [ ! -e '/opt/***/dags/data/2024-02-14/model' ]; then\n                mkdir /opt/***/dags/data/2024-02-14/model\n            fi\n        "]
[2024-02-14T04:00:40.185+0000] {subprocess.py:86} INFO - Output:
[2024-02-14T04:00:40.188+0000] {subprocess.py:93} INFO - StartJob
[2024-02-14T04:00:40.194+0000] {subprocess.py:97} INFO - Command exited with return code 0
[2024-02-14T04:00:40.239+0000] {taskinstance.py:1138} INFO - Marking task as SUCCESS. dag_id=deverlop_model, task_id=StartJob, execution_date=20240101T003000, start_date=20240214T040039, end_date=20240214T040040
[2024-02-14T04:00:40.313+0000] {local_task_job_runner.py:234} INFO - Task exited with return code 0
[2024-02-14T04:00:40.354+0000] {taskinstance.py:3280} INFO - 1 downstream tasks scheduled from follow-on schedule check
