[2024-02-14T03:32:50.328+0000] {taskinstance.py:1956} INFO - Dependencies all met for dep_context=non-requeueable deps ti=<TaskInstance: deverlop_model.StartJob scheduled__2024-02-01T00:20:00+00:00 [queued]>
[2024-02-14T03:32:50.363+0000] {taskinstance.py:1956} INFO - Dependencies all met for dep_context=requeueable deps ti=<TaskInstance: deverlop_model.StartJob scheduled__2024-02-01T00:20:00+00:00 [queued]>
[2024-02-14T03:32:50.376+0000] {taskinstance.py:2170} INFO - Starting attempt 1 of 1
[2024-02-14T03:32:50.422+0000] {taskinstance.py:2191} INFO - Executing <Task(BashOperator): StartJob> on 2024-02-01 00:20:00+00:00
[2024-02-14T03:32:50.446+0000] {standard_task_runner.py:60} INFO - Started process 2326 to run task
[2024-02-14T03:32:50.477+0000] {standard_task_runner.py:87} INFO - Running: ['***', 'tasks', 'run', 'deverlop_model', 'StartJob', 'scheduled__2024-02-01T00:20:00+00:00', '--job-id', '207', '--raw', '--subdir', 'DAGS_FOLDER/task.py', '--cfg-path', '/tmp/tmpv3ozmoep']
[2024-02-14T03:32:50.493+0000] {standard_task_runner.py:88} INFO - Job 207: Subtask StartJob
[2024-02-14T03:32:50.904+0000] {task_command.py:423} INFO - Running <TaskInstance: deverlop_model.StartJob scheduled__2024-02-01T00:20:00+00:00 [running]> on host 6e2ff7d2ffd0
[2024-02-14T03:32:51.240+0000] {taskinstance.py:2480} INFO - Exporting env vars: AIRFLOW_CTX_DAG_OWNER='rtn' AIRFLOW_CTX_DAG_ID='deverlop_model' AIRFLOW_CTX_TASK_ID='StartJob' AIRFLOW_CTX_EXECUTION_DATE='2024-02-01T00:20:00+00:00' AIRFLOW_CTX_TRY_NUMBER='1' AIRFLOW_CTX_DAG_RUN_ID='scheduled__2024-02-01T00:20:00+00:00'
[2024-02-14T03:32:51.271+0000] {subprocess.py:63} INFO - Tmp dir root location: /tmp
[2024-02-14T03:32:51.299+0000] {subprocess.py:75} INFO - Running command: ['/usr/bin/bash', '-c', "\n            echo StartJob && \n            if [ ! -e '/opt/***/dags/data/2024-02-14' ]; then\n                mkdir /opt/***/dags/data/2024-02-14 \n            fi && \n            if [ ! -e '/opt/***/dags/data/2024-02-14/data' ]; then\n                mkdir /opt/***/dags/data/2024-02-14/data\n            fi && \n            if [ ! -e '/opt/***/dags/data/2024-02-14/model' ]; then\n                mkdir /opt/***/dags/data/2024-02-14/model\n            fi\n        "]
[2024-02-14T03:32:51.373+0000] {subprocess.py:86} INFO - Output:
[2024-02-14T03:32:51.385+0000] {subprocess.py:93} INFO - StartJob
[2024-02-14T03:32:51.514+0000] {subprocess.py:97} INFO - Command exited with return code 0
[2024-02-14T03:32:51.645+0000] {taskinstance.py:1138} INFO - Marking task as SUCCESS. dag_id=deverlop_model, task_id=StartJob, execution_date=20240201T002000, start_date=20240214T033250, end_date=20240214T033251
[2024-02-14T03:32:51.726+0000] {local_task_job_runner.py:234} INFO - Task exited with return code 0
[2024-02-14T03:32:51.836+0000] {taskinstance.py:3280} INFO - 1 downstream tasks scheduled from follow-on schedule check
[2024-02-14T03:34:20.082+0000] {taskinstance.py:1956} INFO - Dependencies all met for dep_context=non-requeueable deps ti=<TaskInstance: deverlop_model.StartJob scheduled__2024-02-01T00:20:00+00:00 [queued]>
[2024-02-14T03:34:20.096+0000] {taskinstance.py:1956} INFO - Dependencies all met for dep_context=requeueable deps ti=<TaskInstance: deverlop_model.StartJob scheduled__2024-02-01T00:20:00+00:00 [queued]>
[2024-02-14T03:34:20.097+0000] {taskinstance.py:2170} INFO - Starting attempt 1 of 1
[2024-02-14T03:34:20.116+0000] {taskinstance.py:2191} INFO - Executing <Task(BashOperator): StartJob> on 2024-02-01 00:20:00+00:00
[2024-02-14T03:34:20.126+0000] {standard_task_runner.py:60} INFO - Started process 2425 to run task
[2024-02-14T03:34:20.129+0000] {standard_task_runner.py:87} INFO - Running: ['***', 'tasks', 'run', 'deverlop_model', 'StartJob', 'scheduled__2024-02-01T00:20:00+00:00', '--job-id', '228', '--raw', '--subdir', 'DAGS_FOLDER/task.py', '--cfg-path', '/tmp/tmp4zugm99v']
[2024-02-14T03:34:20.133+0000] {standard_task_runner.py:88} INFO - Job 228: Subtask StartJob
[2024-02-14T03:34:20.201+0000] {task_command.py:423} INFO - Running <TaskInstance: deverlop_model.StartJob scheduled__2024-02-01T00:20:00+00:00 [running]> on host 6e2ff7d2ffd0
[2024-02-14T03:34:20.327+0000] {taskinstance.py:2480} INFO - Exporting env vars: AIRFLOW_CTX_DAG_OWNER='rtn' AIRFLOW_CTX_DAG_ID='deverlop_model' AIRFLOW_CTX_TASK_ID='StartJob' AIRFLOW_CTX_EXECUTION_DATE='2024-02-01T00:20:00+00:00' AIRFLOW_CTX_TRY_NUMBER='1' AIRFLOW_CTX_DAG_RUN_ID='scheduled__2024-02-01T00:20:00+00:00'
[2024-02-14T03:34:20.332+0000] {subprocess.py:63} INFO - Tmp dir root location: /tmp
[2024-02-14T03:34:20.336+0000] {subprocess.py:75} INFO - Running command: ['/usr/bin/bash', '-c', "\n            echo StartJob && \n            if [ ! -e '/opt/***/dags/data/2024-02-14' ]; then\n                mkdir /opt/***/dags/data/2024-02-14 \n            fi && \n            if [ ! -e '/opt/***/dags/data/2024-02-14/data' ]; then\n                mkdir /opt/***/dags/data/2024-02-14/data\n            fi && \n            if [ ! -e '/opt/***/dags/data/2024-02-14/model' ]; then\n                mkdir /opt/***/dags/data/2024-02-14/model\n            fi\n        "]
[2024-02-14T03:34:20.361+0000] {subprocess.py:86} INFO - Output:
[2024-02-14T03:34:20.365+0000] {subprocess.py:93} INFO - StartJob
[2024-02-14T03:34:20.371+0000] {subprocess.py:97} INFO - Command exited with return code 0
[2024-02-14T03:34:20.444+0000] {taskinstance.py:1138} INFO - Marking task as SUCCESS. dag_id=deverlop_model, task_id=StartJob, execution_date=20240201T002000, start_date=20240214T033420, end_date=20240214T033420
[2024-02-14T03:34:20.506+0000] {local_task_job_runner.py:234} INFO - Task exited with return code 0
[2024-02-14T03:34:20.552+0000] {taskinstance.py:3280} INFO - 1 downstream tasks scheduled from follow-on schedule check
[2024-02-14T03:37:58.424+0000] {taskinstance.py:1956} INFO - Dependencies all met for dep_context=non-requeueable deps ti=<TaskInstance: deverlop_model.StartJob scheduled__2024-02-01T00:20:00+00:00 [queued]>
[2024-02-14T03:37:58.440+0000] {taskinstance.py:1956} INFO - Dependencies all met for dep_context=requeueable deps ti=<TaskInstance: deverlop_model.StartJob scheduled__2024-02-01T00:20:00+00:00 [queued]>
[2024-02-14T03:37:58.442+0000] {taskinstance.py:2170} INFO - Starting attempt 1 of 1
[2024-02-14T03:37:58.472+0000] {taskinstance.py:2191} INFO - Executing <Task(BashOperator): StartJob> on 2024-02-01 00:20:00+00:00
[2024-02-14T03:37:58.483+0000] {standard_task_runner.py:60} INFO - Started process 2751 to run task
[2024-02-14T03:37:58.493+0000] {standard_task_runner.py:87} INFO - Running: ['***', 'tasks', 'run', 'deverlop_model', 'StartJob', 'scheduled__2024-02-01T00:20:00+00:00', '--job-id', '305', '--raw', '--subdir', 'DAGS_FOLDER/task.py', '--cfg-path', '/tmp/tmptv5ssadn']
[2024-02-14T03:37:58.503+0000] {standard_task_runner.py:88} INFO - Job 305: Subtask StartJob
[2024-02-14T03:37:58.608+0000] {task_command.py:423} INFO - Running <TaskInstance: deverlop_model.StartJob scheduled__2024-02-01T00:20:00+00:00 [running]> on host 6e2ff7d2ffd0
[2024-02-14T03:37:58.726+0000] {taskinstance.py:2480} INFO - Exporting env vars: AIRFLOW_CTX_DAG_OWNER='rtn' AIRFLOW_CTX_DAG_ID='deverlop_model' AIRFLOW_CTX_TASK_ID='StartJob' AIRFLOW_CTX_EXECUTION_DATE='2024-02-01T00:20:00+00:00' AIRFLOW_CTX_TRY_NUMBER='1' AIRFLOW_CTX_DAG_RUN_ID='scheduled__2024-02-01T00:20:00+00:00'
[2024-02-14T03:37:58.730+0000] {subprocess.py:63} INFO - Tmp dir root location: /tmp
[2024-02-14T03:37:58.732+0000] {subprocess.py:75} INFO - Running command: ['/usr/bin/bash', '-c', "\n            echo StartJob && \n            if [ ! -e '/opt/***/dags/data/2024-02-14' ]; then\n                mkdir /opt/***/dags/data/2024-02-14 \n            fi && \n            if [ ! -e '/opt/***/dags/data/2024-02-14/data' ]; then\n                mkdir /opt/***/dags/data/2024-02-14/data\n            fi && \n            if [ ! -e '/opt/***/dags/data/2024-02-14/model' ]; then\n                mkdir /opt/***/dags/data/2024-02-14/model\n            fi\n        "]
[2024-02-14T03:37:58.760+0000] {subprocess.py:86} INFO - Output:
[2024-02-14T03:37:58.762+0000] {subprocess.py:93} INFO - StartJob
[2024-02-14T03:37:58.767+0000] {subprocess.py:97} INFO - Command exited with return code 0
[2024-02-14T03:37:58.802+0000] {taskinstance.py:1138} INFO - Marking task as SUCCESS. dag_id=deverlop_model, task_id=StartJob, execution_date=20240201T002000, start_date=20240214T033758, end_date=20240214T033758
[2024-02-14T03:37:58.866+0000] {local_task_job_runner.py:234} INFO - Task exited with return code 0
[2024-02-14T03:37:58.903+0000] {taskinstance.py:3280} INFO - 1 downstream tasks scheduled from follow-on schedule check
[2024-02-14T03:39:23.660+0000] {taskinstance.py:1956} INFO - Dependencies all met for dep_context=non-requeueable deps ti=<TaskInstance: deverlop_model.StartJob scheduled__2024-02-01T00:20:00+00:00 [queued]>
[2024-02-14T03:39:23.671+0000] {taskinstance.py:1956} INFO - Dependencies all met for dep_context=requeueable deps ti=<TaskInstance: deverlop_model.StartJob scheduled__2024-02-01T00:20:00+00:00 [queued]>
[2024-02-14T03:39:23.671+0000] {taskinstance.py:2170} INFO - Starting attempt 1 of 1
[2024-02-14T03:39:23.692+0000] {taskinstance.py:2191} INFO - Executing <Task(BashOperator): StartJob> on 2024-02-01 00:20:00+00:00
[2024-02-14T03:39:23.707+0000] {standard_task_runner.py:60} INFO - Started process 2955 to run task
[2024-02-14T03:39:23.711+0000] {standard_task_runner.py:87} INFO - Running: ['***', 'tasks', 'run', 'deverlop_model', 'StartJob', 'scheduled__2024-02-01T00:20:00+00:00', '--job-id', '358', '--raw', '--subdir', 'DAGS_FOLDER/task.py', '--cfg-path', '/tmp/tmp083ra9f5']
[2024-02-14T03:39:23.716+0000] {standard_task_runner.py:88} INFO - Job 358: Subtask StartJob
[2024-02-14T03:39:23.793+0000] {task_command.py:423} INFO - Running <TaskInstance: deverlop_model.StartJob scheduled__2024-02-01T00:20:00+00:00 [running]> on host 6e2ff7d2ffd0
[2024-02-14T03:39:23.909+0000] {taskinstance.py:2480} INFO - Exporting env vars: AIRFLOW_CTX_DAG_OWNER='rtn' AIRFLOW_CTX_DAG_ID='deverlop_model' AIRFLOW_CTX_TASK_ID='StartJob' AIRFLOW_CTX_EXECUTION_DATE='2024-02-01T00:20:00+00:00' AIRFLOW_CTX_TRY_NUMBER='1' AIRFLOW_CTX_DAG_RUN_ID='scheduled__2024-02-01T00:20:00+00:00'
[2024-02-14T03:39:23.913+0000] {subprocess.py:63} INFO - Tmp dir root location: /tmp
[2024-02-14T03:39:23.915+0000] {subprocess.py:75} INFO - Running command: ['/usr/bin/bash', '-c', "\n            echo StartJob && \n            if [ ! -e '/opt/***/dags/data/2024-02-14' ]; then\n                mkdir /opt/***/dags/data/2024-02-14 \n            fi && \n            if [ ! -e '/opt/***/dags/data/2024-02-14/data' ]; then\n                mkdir /opt/***/dags/data/2024-02-14/data\n            fi && \n            if [ ! -e '/opt/***/dags/data/2024-02-14/model' ]; then\n                mkdir /opt/***/dags/data/2024-02-14/model\n            fi\n        "]
[2024-02-14T03:39:23.937+0000] {subprocess.py:86} INFO - Output:
[2024-02-14T03:39:23.939+0000] {subprocess.py:93} INFO - StartJob
[2024-02-14T03:39:23.943+0000] {subprocess.py:97} INFO - Command exited with return code 0
[2024-02-14T03:39:23.979+0000] {taskinstance.py:1138} INFO - Marking task as SUCCESS. dag_id=deverlop_model, task_id=StartJob, execution_date=20240201T002000, start_date=20240214T033923, end_date=20240214T033923
[2024-02-14T03:39:24.049+0000] {local_task_job_runner.py:234} INFO - Task exited with return code 0
[2024-02-14T03:39:24.134+0000] {taskinstance.py:3280} INFO - 1 downstream tasks scheduled from follow-on schedule check
[2024-02-14T04:09:30.291+0000] {taskinstance.py:1956} INFO - Dependencies all met for dep_context=non-requeueable deps ti=<TaskInstance: deverlop_model.StartJob scheduled__2024-02-01T00:20:00+00:00 [queued]>
[2024-02-14T04:09:30.307+0000] {taskinstance.py:1956} INFO - Dependencies all met for dep_context=requeueable deps ti=<TaskInstance: deverlop_model.StartJob scheduled__2024-02-01T00:20:00+00:00 [queued]>
[2024-02-14T04:09:30.308+0000] {taskinstance.py:2170} INFO - Starting attempt 1 of 1
[2024-02-14T04:09:30.331+0000] {taskinstance.py:2191} INFO - Executing <Task(BashOperator): StartJob> on 2024-02-01 00:20:00+00:00
[2024-02-14T04:09:30.341+0000] {standard_task_runner.py:60} INFO - Started process 4052 to run task
[2024-02-14T04:09:30.346+0000] {standard_task_runner.py:87} INFO - Running: ['***', 'tasks', 'run', 'deverlop_model', 'StartJob', 'scheduled__2024-02-01T00:20:00+00:00', '--job-id', '538', '--raw', '--subdir', 'DAGS_FOLDER/task.py', '--cfg-path', '/tmp/tmprgq16u8m']
[2024-02-14T04:09:30.350+0000] {standard_task_runner.py:88} INFO - Job 538: Subtask StartJob
[2024-02-14T04:09:30.424+0000] {task_command.py:423} INFO - Running <TaskInstance: deverlop_model.StartJob scheduled__2024-02-01T00:20:00+00:00 [running]> on host 6e2ff7d2ffd0
[2024-02-14T04:09:30.520+0000] {taskinstance.py:2480} INFO - Exporting env vars: AIRFLOW_CTX_DAG_OWNER='rtn' AIRFLOW_CTX_DAG_ID='deverlop_model' AIRFLOW_CTX_TASK_ID='StartJob' AIRFLOW_CTX_EXECUTION_DATE='2024-02-01T00:20:00+00:00' AIRFLOW_CTX_TRY_NUMBER='1' AIRFLOW_CTX_DAG_RUN_ID='scheduled__2024-02-01T00:20:00+00:00'
[2024-02-14T04:09:30.523+0000] {subprocess.py:63} INFO - Tmp dir root location: /tmp
[2024-02-14T04:09:30.525+0000] {subprocess.py:75} INFO - Running command: ['/usr/bin/bash', '-c', "\n            echo StartJob && \n            if [ ! -e '/opt/***/dags/data/2024-02-14' ]; then\n                mkdir /opt/***/dags/data/2024-02-14 \n            fi && \n            if [ ! -e '/opt/***/dags/data/2024-02-14/data' ]; then\n                mkdir /opt/***/dags/data/2024-02-14/data\n            fi && \n            if [ ! -e '/opt/***/dags/data/2024-02-14/model' ]; then\n                mkdir /opt/***/dags/data/2024-02-14/model\n            fi\n        "]
[2024-02-14T04:09:30.550+0000] {subprocess.py:86} INFO - Output:
[2024-02-14T04:09:30.551+0000] {subprocess.py:93} INFO - StartJob
[2024-02-14T04:09:30.559+0000] {subprocess.py:97} INFO - Command exited with return code 0
[2024-02-14T04:09:30.597+0000] {taskinstance.py:1138} INFO - Marking task as SUCCESS. dag_id=deverlop_model, task_id=StartJob, execution_date=20240201T002000, start_date=20240214T040930, end_date=20240214T040930
[2024-02-14T04:09:30.652+0000] {local_task_job_runner.py:234} INFO - Task exited with return code 0
[2024-02-14T04:09:30.706+0000] {taskinstance.py:3280} INFO - 1 downstream tasks scheduled from follow-on schedule check
[2024-02-14T04:14:27.004+0000] {taskinstance.py:1956} INFO - Dependencies all met for dep_context=non-requeueable deps ti=<TaskInstance: deverlop_model.StartJob scheduled__2024-02-01T00:20:00+00:00 [queued]>
[2024-02-14T04:14:27.017+0000] {taskinstance.py:1956} INFO - Dependencies all met for dep_context=requeueable deps ti=<TaskInstance: deverlop_model.StartJob scheduled__2024-02-01T00:20:00+00:00 [queued]>
[2024-02-14T04:14:27.018+0000] {taskinstance.py:2170} INFO - Starting attempt 1 of 1
[2024-02-14T04:14:27.035+0000] {taskinstance.py:2191} INFO - Executing <Task(BashOperator): StartJob> on 2024-02-01 00:20:00+00:00
[2024-02-14T04:14:27.043+0000] {standard_task_runner.py:60} INFO - Started process 4214 to run task
[2024-02-14T04:14:27.048+0000] {standard_task_runner.py:87} INFO - Running: ['***', 'tasks', 'run', 'deverlop_model', 'StartJob', 'scheduled__2024-02-01T00:20:00+00:00', '--job-id', '564', '--raw', '--subdir', 'DAGS_FOLDER/task.py', '--cfg-path', '/tmp/tmpn0p13wzy']
[2024-02-14T04:14:27.055+0000] {standard_task_runner.py:88} INFO - Job 564: Subtask StartJob
[2024-02-14T04:14:27.122+0000] {task_command.py:423} INFO - Running <TaskInstance: deverlop_model.StartJob scheduled__2024-02-01T00:20:00+00:00 [running]> on host 6e2ff7d2ffd0
[2024-02-14T04:14:27.215+0000] {taskinstance.py:2480} INFO - Exporting env vars: AIRFLOW_CTX_DAG_OWNER='rtn' AIRFLOW_CTX_DAG_ID='deverlop_model' AIRFLOW_CTX_TASK_ID='StartJob' AIRFLOW_CTX_EXECUTION_DATE='2024-02-01T00:20:00+00:00' AIRFLOW_CTX_TRY_NUMBER='1' AIRFLOW_CTX_DAG_RUN_ID='scheduled__2024-02-01T00:20:00+00:00'
[2024-02-14T04:14:27.220+0000] {subprocess.py:63} INFO - Tmp dir root location: /tmp
[2024-02-14T04:14:27.222+0000] {subprocess.py:75} INFO - Running command: ['/usr/bin/bash', '-c', "\n            echo StartJob && \n            if [ ! -e '/opt/***/dags/data/2024-02-14' ]; then\n                mkdir /opt/***/dags/data/2024-02-14 \n            fi && \n            if [ ! -e '/opt/***/dags/data/2024-02-14/data' ]; then\n                mkdir /opt/***/dags/data/2024-02-14/data\n            fi && \n            if [ ! -e '/opt/***/dags/data/2024-02-14/model' ]; then\n                mkdir /opt/***/dags/data/2024-02-14/model\n            fi\n        "]
[2024-02-14T04:14:27.243+0000] {subprocess.py:86} INFO - Output:
[2024-02-14T04:14:27.245+0000] {subprocess.py:93} INFO - StartJob
[2024-02-14T04:14:27.251+0000] {subprocess.py:97} INFO - Command exited with return code 0
[2024-02-14T04:14:27.279+0000] {taskinstance.py:1138} INFO - Marking task as SUCCESS. dag_id=deverlop_model, task_id=StartJob, execution_date=20240201T002000, start_date=20240214T041427, end_date=20240214T041427
[2024-02-14T04:14:27.304+0000] {local_task_job_runner.py:234} INFO - Task exited with return code 0
[2024-02-14T04:14:27.392+0000] {taskinstance.py:3280} INFO - 1 downstream tasks scheduled from follow-on schedule check
