[2024-02-14T02:07:28.559+0000] {taskinstance.py:1956} INFO - Dependencies all met for dep_context=non-requeueable deps ti=<TaskInstance: deverlop_model.StartJob scheduled__2024-01-01T02:30:00+00:00 [queued]>
[2024-02-14T02:07:28.573+0000] {taskinstance.py:1956} INFO - Dependencies all met for dep_context=requeueable deps ti=<TaskInstance: deverlop_model.StartJob scheduled__2024-01-01T02:30:00+00:00 [queued]>
[2024-02-14T02:07:28.574+0000] {taskinstance.py:2170} INFO - Starting attempt 1 of 1
[2024-02-14T02:07:28.597+0000] {taskinstance.py:2191} INFO - Executing <Task(BashOperator): StartJob> on 2024-01-01 02:30:00+00:00
[2024-02-14T02:07:28.609+0000] {standard_task_runner.py:60} INFO - Started process 501 to run task
[2024-02-14T02:07:28.612+0000] {standard_task_runner.py:87} INFO - Running: ['***', 'tasks', 'run', 'deverlop_model', 'StartJob', 'scheduled__2024-01-01T02:30:00+00:00', '--job-id', '59', '--raw', '--subdir', 'DAGS_FOLDER/task.py', '--cfg-path', '/tmp/tmpfw3d1oa8']
[2024-02-14T02:07:28.616+0000] {standard_task_runner.py:88} INFO - Job 59: Subtask StartJob
[2024-02-14T02:07:28.688+0000] {task_command.py:423} INFO - Running <TaskInstance: deverlop_model.StartJob scheduled__2024-01-01T02:30:00+00:00 [running]> on host 6e2ff7d2ffd0
[2024-02-14T02:07:28.809+0000] {taskinstance.py:2480} INFO - Exporting env vars: AIRFLOW_CTX_DAG_OWNER='rtn' AIRFLOW_CTX_DAG_ID='deverlop_model' AIRFLOW_CTX_TASK_ID='StartJob' AIRFLOW_CTX_EXECUTION_DATE='2024-01-01T02:30:00+00:00' AIRFLOW_CTX_TRY_NUMBER='1' AIRFLOW_CTX_DAG_RUN_ID='scheduled__2024-01-01T02:30:00+00:00'
[2024-02-14T02:07:28.813+0000] {subprocess.py:63} INFO - Tmp dir root location: /tmp
[2024-02-14T02:07:28.814+0000] {subprocess.py:75} INFO - Running command: ['/usr/bin/bash', '-c', 'echo StartJob']
[2024-02-14T02:07:28.841+0000] {subprocess.py:86} INFO - Output:
[2024-02-14T02:07:28.844+0000] {subprocess.py:93} INFO - StartJob
[2024-02-14T02:07:28.845+0000] {subprocess.py:97} INFO - Command exited with return code 0
[2024-02-14T02:07:28.908+0000] {taskinstance.py:1138} INFO - Marking task as SUCCESS. dag_id=deverlop_model, task_id=StartJob, execution_date=20240101T023000, start_date=20240214T020728, end_date=20240214T020728
[2024-02-14T02:07:28.993+0000] {local_task_job_runner.py:234} INFO - Task exited with return code 0
[2024-02-14T02:07:29.058+0000] {taskinstance.py:3280} INFO - 1 downstream tasks scheduled from follow-on schedule check
[2024-02-14T03:56:19.806+0000] {taskinstance.py:1956} INFO - Dependencies all met for dep_context=non-requeueable deps ti=<TaskInstance: deverlop_model.StartJob scheduled__2024-01-01T02:30:00+00:00 [queued]>
[2024-02-14T03:56:19.834+0000] {taskinstance.py:1956} INFO - Dependencies all met for dep_context=requeueable deps ti=<TaskInstance: deverlop_model.StartJob scheduled__2024-01-01T02:30:00+00:00 [queued]>
[2024-02-14T03:56:19.835+0000] {taskinstance.py:2170} INFO - Starting attempt 1 of 1
[2024-02-14T03:56:20.023+0000] {taskinstance.py:2191} INFO - Executing <Task(BashOperator): StartJob> on 2024-01-01 02:30:00+00:00
[2024-02-14T03:56:20.032+0000] {standard_task_runner.py:60} INFO - Started process 3688 to run task
[2024-02-14T03:56:20.035+0000] {standard_task_runner.py:87} INFO - Running: ['***', 'tasks', 'run', 'deverlop_model', 'StartJob', 'scheduled__2024-01-01T02:30:00+00:00', '--job-id', '494', '--raw', '--subdir', 'DAGS_FOLDER/task.py', '--cfg-path', '/tmp/tmpvm41a6jf']
[2024-02-14T03:56:20.038+0000] {standard_task_runner.py:88} INFO - Job 494: Subtask StartJob
[2024-02-14T03:56:20.241+0000] {task_command.py:423} INFO - Running <TaskInstance: deverlop_model.StartJob scheduled__2024-01-01T02:30:00+00:00 [running]> on host 6e2ff7d2ffd0
[2024-02-14T03:56:20.371+0000] {taskinstance.py:2480} INFO - Exporting env vars: AIRFLOW_CTX_DAG_OWNER='***' AIRFLOW_CTX_DAG_ID='deverlop_model' AIRFLOW_CTX_TASK_ID='StartJob' AIRFLOW_CTX_EXECUTION_DATE='2024-01-01T02:30:00+00:00' AIRFLOW_CTX_TRY_NUMBER='1' AIRFLOW_CTX_DAG_RUN_ID='scheduled__2024-01-01T02:30:00+00:00'
[2024-02-14T03:56:20.373+0000] {subprocess.py:63} INFO - Tmp dir root location: /tmp
[2024-02-14T03:56:20.375+0000] {subprocess.py:75} INFO - Running command: ['/usr/bin/bash', '-c', "\n            echo StartJob && \n            if [ ! -e '/opt/***/dags/data/2024-02-14' ]; then\n                mkdir /opt/***/dags/data/2024-02-14 \n            fi && \n            if [ ! -e '/opt/***/dags/data/2024-02-14/data' ]; then\n                mkdir /opt/***/dags/data/2024-02-14/data\n            fi && \n            if [ ! -e '/opt/***/dags/data/2024-02-14/model' ]; then\n                mkdir /opt/***/dags/data/2024-02-14/model\n            fi\n        "]
[2024-02-14T03:56:20.407+0000] {subprocess.py:86} INFO - Output:
[2024-02-14T03:56:20.410+0000] {subprocess.py:93} INFO - StartJob
[2024-02-14T03:56:20.419+0000] {subprocess.py:97} INFO - Command exited with return code 0
[2024-02-14T03:56:20.466+0000] {taskinstance.py:1138} INFO - Marking task as SUCCESS. dag_id=deverlop_model, task_id=StartJob, execution_date=20240101T023000, start_date=20240214T035619, end_date=20240214T035620
[2024-02-14T03:56:20.531+0000] {local_task_job_runner.py:234} INFO - Task exited with return code 0
[2024-02-14T03:56:20.726+0000] {taskinstance.py:3280} INFO - 1 downstream tasks scheduled from follow-on schedule check
