[2024-02-14T03:34:38.916+0000] {taskinstance.py:1956} INFO - Dependencies all met for dep_context=non-requeueable deps ti=<TaskInstance: deverlop_model.StartJob scheduled__2024-02-01T02:00:00+00:00 [queued]>
[2024-02-14T03:34:38.933+0000] {taskinstance.py:1956} INFO - Dependencies all met for dep_context=requeueable deps ti=<TaskInstance: deverlop_model.StartJob scheduled__2024-02-01T02:00:00+00:00 [queued]>
[2024-02-14T03:34:38.934+0000] {taskinstance.py:2170} INFO - Starting attempt 1 of 1
[2024-02-14T03:34:38.960+0000] {taskinstance.py:2191} INFO - Executing <Task(BashOperator): StartJob> on 2024-02-01 02:00:00+00:00
[2024-02-14T03:34:38.972+0000] {standard_task_runner.py:60} INFO - Started process 2563 to run task
[2024-02-14T03:34:38.978+0000] {standard_task_runner.py:87} INFO - Running: ['***', 'tasks', 'run', 'deverlop_model', 'StartJob', 'scheduled__2024-02-01T02:00:00+00:00', '--job-id', '266', '--raw', '--subdir', 'DAGS_FOLDER/task.py', '--cfg-path', '/tmp/tmp5urm_m06']
[2024-02-14T03:34:38.982+0000] {standard_task_runner.py:88} INFO - Job 266: Subtask StartJob
[2024-02-14T03:34:39.068+0000] {task_command.py:423} INFO - Running <TaskInstance: deverlop_model.StartJob scheduled__2024-02-01T02:00:00+00:00 [running]> on host 6e2ff7d2ffd0
[2024-02-14T03:34:39.199+0000] {taskinstance.py:2480} INFO - Exporting env vars: AIRFLOW_CTX_DAG_OWNER='rtn' AIRFLOW_CTX_DAG_ID='deverlop_model' AIRFLOW_CTX_TASK_ID='StartJob' AIRFLOW_CTX_EXECUTION_DATE='2024-02-01T02:00:00+00:00' AIRFLOW_CTX_TRY_NUMBER='1' AIRFLOW_CTX_DAG_RUN_ID='scheduled__2024-02-01T02:00:00+00:00'
[2024-02-14T03:34:39.202+0000] {subprocess.py:63} INFO - Tmp dir root location: /tmp
[2024-02-14T03:34:39.210+0000] {subprocess.py:75} INFO - Running command: ['/usr/bin/bash', '-c', "\n            echo StartJob && \n            if [ ! -e '/opt/***/dags/data/2024-02-14' ]; then\n                mkdir /opt/***/dags/data/2024-02-14 \n            fi && \n            if [ ! -e '/opt/***/dags/data/2024-02-14/data' ]; then\n                mkdir /opt/***/dags/data/2024-02-14/data\n            fi && \n            if [ ! -e '/opt/***/dags/data/2024-02-14/model' ]; then\n                mkdir /opt/***/dags/data/2024-02-14/model\n            fi\n        "]
[2024-02-14T03:34:39.253+0000] {subprocess.py:86} INFO - Output:
[2024-02-14T03:34:39.254+0000] {subprocess.py:93} INFO - StartJob
[2024-02-14T03:34:39.278+0000] {subprocess.py:97} INFO - Command exited with return code 0
[2024-02-14T03:34:39.355+0000] {taskinstance.py:1138} INFO - Marking task as SUCCESS. dag_id=deverlop_model, task_id=StartJob, execution_date=20240201T020000, start_date=20240214T033438, end_date=20240214T033439
[2024-02-14T03:34:39.438+0000] {local_task_job_runner.py:234} INFO - Task exited with return code 0
[2024-02-14T03:34:39.744+0000] {taskinstance.py:3280} INFO - 0 downstream tasks scheduled from follow-on schedule check
[2024-02-14T03:38:14.204+0000] {taskinstance.py:1956} INFO - Dependencies all met for dep_context=non-requeueable deps ti=<TaskInstance: deverlop_model.StartJob scheduled__2024-02-01T02:00:00+00:00 [queued]>
[2024-02-14T03:38:14.238+0000] {taskinstance.py:1956} INFO - Dependencies all met for dep_context=requeueable deps ti=<TaskInstance: deverlop_model.StartJob scheduled__2024-02-01T02:00:00+00:00 [queued]>
[2024-02-14T03:38:14.242+0000] {taskinstance.py:2170} INFO - Starting attempt 1 of 1
[2024-02-14T03:38:14.274+0000] {taskinstance.py:2191} INFO - Executing <Task(BashOperator): StartJob> on 2024-02-01 02:00:00+00:00
[2024-02-14T03:38:14.300+0000] {standard_task_runner.py:60} INFO - Started process 2883 to run task
[2024-02-14T03:38:14.302+0000] {standard_task_runner.py:87} INFO - Running: ['***', 'tasks', 'run', 'deverlop_model', 'StartJob', 'scheduled__2024-02-01T02:00:00+00:00', '--job-id', '342', '--raw', '--subdir', 'DAGS_FOLDER/task.py', '--cfg-path', '/tmp/tmpd5i701mv']
[2024-02-14T03:38:14.319+0000] {standard_task_runner.py:88} INFO - Job 342: Subtask StartJob
[2024-02-14T03:38:14.435+0000] {task_command.py:423} INFO - Running <TaskInstance: deverlop_model.StartJob scheduled__2024-02-01T02:00:00+00:00 [running]> on host 6e2ff7d2ffd0
[2024-02-14T03:38:14.563+0000] {taskinstance.py:2480} INFO - Exporting env vars: AIRFLOW_CTX_DAG_OWNER='rtn' AIRFLOW_CTX_DAG_ID='deverlop_model' AIRFLOW_CTX_TASK_ID='StartJob' AIRFLOW_CTX_EXECUTION_DATE='2024-02-01T02:00:00+00:00' AIRFLOW_CTX_TRY_NUMBER='1' AIRFLOW_CTX_DAG_RUN_ID='scheduled__2024-02-01T02:00:00+00:00'
[2024-02-14T03:38:14.571+0000] {subprocess.py:63} INFO - Tmp dir root location: /tmp
[2024-02-14T03:38:14.606+0000] {subprocess.py:75} INFO - Running command: ['/usr/bin/bash', '-c', "\n            echo StartJob && \n            if [ ! -e '/opt/***/dags/data/2024-02-14' ]; then\n                mkdir /opt/***/dags/data/2024-02-14 \n            fi && \n            if [ ! -e '/opt/***/dags/data/2024-02-14/data' ]; then\n                mkdir /opt/***/dags/data/2024-02-14/data\n            fi && \n            if [ ! -e '/opt/***/dags/data/2024-02-14/model' ]; then\n                mkdir /opt/***/dags/data/2024-02-14/model\n            fi\n        "]
[2024-02-14T03:38:14.696+0000] {subprocess.py:86} INFO - Output:
[2024-02-14T03:38:14.702+0000] {subprocess.py:93} INFO - StartJob
[2024-02-14T03:38:14.709+0000] {subprocess.py:97} INFO - Command exited with return code 0
[2024-02-14T03:38:14.831+0000] {taskinstance.py:1138} INFO - Marking task as SUCCESS. dag_id=deverlop_model, task_id=StartJob, execution_date=20240201T020000, start_date=20240214T033814, end_date=20240214T033814
[2024-02-14T03:38:14.895+0000] {local_task_job_runner.py:234} INFO - Task exited with return code 0
[2024-02-14T03:38:14.943+0000] {taskinstance.py:3280} INFO - 1 downstream tasks scheduled from follow-on schedule check
[2024-02-14T03:39:38.644+0000] {taskinstance.py:1956} INFO - Dependencies all met for dep_context=non-requeueable deps ti=<TaskInstance: deverlop_model.StartJob scheduled__2024-02-01T02:00:00+00:00 [queued]>
[2024-02-14T03:39:38.674+0000] {taskinstance.py:1956} INFO - Dependencies all met for dep_context=requeueable deps ti=<TaskInstance: deverlop_model.StartJob scheduled__2024-02-01T02:00:00+00:00 [queued]>
[2024-02-14T03:39:38.675+0000] {taskinstance.py:2170} INFO - Starting attempt 1 of 1
[2024-02-14T03:39:38.697+0000] {taskinstance.py:2191} INFO - Executing <Task(BashOperator): StartJob> on 2024-02-01 02:00:00+00:00
[2024-02-14T03:39:38.714+0000] {standard_task_runner.py:60} INFO - Started process 3092 to run task
[2024-02-14T03:39:38.722+0000] {standard_task_runner.py:87} INFO - Running: ['***', 'tasks', 'run', 'deverlop_model', 'StartJob', 'scheduled__2024-02-01T02:00:00+00:00', '--job-id', '394', '--raw', '--subdir', 'DAGS_FOLDER/task.py', '--cfg-path', '/tmp/tmpnf0fq8ek']
[2024-02-14T03:39:38.728+0000] {standard_task_runner.py:88} INFO - Job 394: Subtask StartJob
[2024-02-14T03:39:38.812+0000] {task_command.py:423} INFO - Running <TaskInstance: deverlop_model.StartJob scheduled__2024-02-01T02:00:00+00:00 [running]> on host 6e2ff7d2ffd0
[2024-02-14T03:39:38.934+0000] {taskinstance.py:2480} INFO - Exporting env vars: AIRFLOW_CTX_DAG_OWNER='rtn' AIRFLOW_CTX_DAG_ID='deverlop_model' AIRFLOW_CTX_TASK_ID='StartJob' AIRFLOW_CTX_EXECUTION_DATE='2024-02-01T02:00:00+00:00' AIRFLOW_CTX_TRY_NUMBER='1' AIRFLOW_CTX_DAG_RUN_ID='scheduled__2024-02-01T02:00:00+00:00'
[2024-02-14T03:39:38.939+0000] {subprocess.py:63} INFO - Tmp dir root location: /tmp
[2024-02-14T03:39:38.947+0000] {subprocess.py:75} INFO - Running command: ['/usr/bin/bash', '-c', "\n            echo StartJob && \n            if [ ! -e '/opt/***/dags/data/2024-02-14' ]; then\n                mkdir /opt/***/dags/data/2024-02-14 \n            fi && \n            if [ ! -e '/opt/***/dags/data/2024-02-14/data' ]; then\n                mkdir /opt/***/dags/data/2024-02-14/data\n            fi && \n            if [ ! -e '/opt/***/dags/data/2024-02-14/model' ]; then\n                mkdir /opt/***/dags/data/2024-02-14/model\n            fi\n        "]
[2024-02-14T03:39:38.978+0000] {subprocess.py:86} INFO - Output:
[2024-02-14T03:39:38.981+0000] {subprocess.py:93} INFO - StartJob
[2024-02-14T03:39:38.984+0000] {subprocess.py:97} INFO - Command exited with return code 0
[2024-02-14T03:39:39.059+0000] {taskinstance.py:1138} INFO - Marking task as SUCCESS. dag_id=deverlop_model, task_id=StartJob, execution_date=20240201T020000, start_date=20240214T033938, end_date=20240214T033939
[2024-02-14T03:39:39.147+0000] {local_task_job_runner.py:234} INFO - Task exited with return code 0
[2024-02-14T03:39:39.208+0000] {taskinstance.py:3280} INFO - 1 downstream tasks scheduled from follow-on schedule check
