[2024-02-14T02:07:14.008+0000] {taskinstance.py:1956} INFO - Dependencies all met for dep_context=non-requeueable deps ti=<TaskInstance: deverlop_model.data_sets scheduled__2024-01-01T00:15:00+00:00 [queued]>
[2024-02-14T02:07:14.025+0000] {taskinstance.py:1956} INFO - Dependencies all met for dep_context=requeueable deps ti=<TaskInstance: deverlop_model.data_sets scheduled__2024-01-01T00:15:00+00:00 [queued]>
[2024-02-14T02:07:14.026+0000] {taskinstance.py:2170} INFO - Starting attempt 1 of 1
[2024-02-14T02:07:14.059+0000] {taskinstance.py:2191} INFO - Executing <Task(DockerOperator): data_sets> on 2024-01-01 00:15:00+00:00
[2024-02-14T02:07:14.071+0000] {standard_task_runner.py:60} INFO - Started process 404 to run task
[2024-02-14T02:07:14.075+0000] {standard_task_runner.py:87} INFO - Running: ['***', 'tasks', 'run', 'deverlop_model', 'data_sets', 'scheduled__2024-01-01T00:15:00+00:00', '--job-id', '27', '--raw', '--subdir', 'DAGS_FOLDER/task.py', '--cfg-path', '/tmp/tmpdf7cm923']
[2024-02-14T02:07:14.082+0000] {standard_task_runner.py:88} INFO - Job 27: Subtask data_sets
[2024-02-14T02:07:14.252+0000] {task_command.py:423} INFO - Running <TaskInstance: deverlop_model.data_sets scheduled__2024-01-01T00:15:00+00:00 [running]> on host 6e2ff7d2ffd0
[2024-02-14T02:07:14.566+0000] {taskinstance.py:2480} INFO - Exporting env vars: AIRFLOW_CTX_DAG_OWNER='rtn' AIRFLOW_CTX_DAG_ID='deverlop_model' AIRFLOW_CTX_TASK_ID='data_sets' AIRFLOW_CTX_EXECUTION_DATE='2024-01-01T00:15:00+00:00' AIRFLOW_CTX_TRY_NUMBER='1' AIRFLOW_CTX_DAG_RUN_ID='scheduled__2024-01-01T00:15:00+00:00'
[2024-02-14T02:07:14.637+0000] {docker.py:359} INFO - Starting docker container from image python:3.8
[2024-02-14T02:07:14.645+0000] {taskinstance.py:2698} ERROR - Task failed with exception
Traceback (most recent call last):
  File "/home/airflow/.local/lib/python3.8/site-packages/docker/api/client.py", line 265, in _raise_for_status
    response.raise_for_status()
  File "/home/airflow/.local/lib/python3.8/site-packages/requests/models.py", line 1021, in raise_for_status
    raise HTTPError(http_error_msg, response=self)
requests.exceptions.HTTPError: 409 Client Error: Conflict for url: http+docker://localhost/v1.43/containers/create?name=data_sets

The above exception was the direct cause of the following exception:

Traceback (most recent call last):
  File "/home/airflow/.local/lib/python3.8/site-packages/airflow/models/taskinstance.py", line 433, in _execute_task
    result = execute_callable(context=context, **execute_callable_kwargs)
  File "/home/airflow/.local/lib/python3.8/site-packages/airflow/providers/docker/operators/docker.py", line 502, in execute
    return self._run_image()
  File "/home/airflow/.local/lib/python3.8/site-packages/airflow/providers/docker/operators/docker.py", line 376, in _run_image
    return self._run_image_with_mounts(self.mounts, add_tmp_variable=False)
  File "/home/airflow/.local/lib/python3.8/site-packages/airflow/providers/docker/operators/docker.py", line 391, in _run_image_with_mounts
    self.container = self.cli.create_container(
  File "/home/airflow/.local/lib/python3.8/site-packages/docker/api/container.py", line 439, in create_container
    return self.create_container_from_config(config, name, platform)
  File "/home/airflow/.local/lib/python3.8/site-packages/docker/api/container.py", line 456, in create_container_from_config
    return self._result(res, True)
  File "/home/airflow/.local/lib/python3.8/site-packages/docker/api/client.py", line 271, in _result
    self._raise_for_status(response)
  File "/home/airflow/.local/lib/python3.8/site-packages/docker/api/client.py", line 267, in _raise_for_status
    raise create_api_error_from_http_exception(e) from e
  File "/home/airflow/.local/lib/python3.8/site-packages/docker/errors.py", line 39, in create_api_error_from_http_exception
    raise cls(e, response=response, explanation=explanation) from e
docker.errors.APIError: 409 Client Error for http+docker://localhost/v1.43/containers/create?name=data_sets: Conflict ("Conflict. The container name "/data_sets" is already in use by container "f661e6f476acc9921c18047679c78f76d8accdecaba0c5595bc6d40f78c57c87". You have to remove (or rename) that container to be able to reuse that name.")
[2024-02-14T02:07:14.666+0000] {taskinstance.py:1138} INFO - Marking task as FAILED. dag_id=deverlop_model, task_id=data_sets, execution_date=20240101T001500, start_date=20240214T020714, end_date=20240214T020714
[2024-02-14T02:07:14.688+0000] {standard_task_runner.py:107} ERROR - Failed to execute job 27 for task data_sets (409 Client Error for http+docker://localhost/v1.43/containers/create?name=data_sets: Conflict ("Conflict. The container name "/data_sets" is already in use by container "f661e6f476acc9921c18047679c78f76d8accdecaba0c5595bc6d40f78c57c87". You have to remove (or rename) that container to be able to reuse that name."); 404)
[2024-02-14T02:07:14.740+0000] {local_task_job_runner.py:234} INFO - Task exited with return code 1
[2024-02-14T02:07:14.776+0000] {taskinstance.py:3280} INFO - 0 downstream tasks scheduled from follow-on schedule check
[2024-02-14T03:53:50.924+0000] {taskinstance.py:1956} INFO - Dependencies all met for dep_context=non-requeueable deps ti=<TaskInstance: deverlop_model.data_sets scheduled__2024-01-01T00:15:00+00:00 [queued]>
[2024-02-14T03:53:50.939+0000] {taskinstance.py:1956} INFO - Dependencies all met for dep_context=requeueable deps ti=<TaskInstance: deverlop_model.data_sets scheduled__2024-01-01T00:15:00+00:00 [queued]>
[2024-02-14T03:53:50.940+0000] {taskinstance.py:2170} INFO - Starting attempt 1 of 1
[2024-02-14T03:53:50.956+0000] {taskinstance.py:2191} INFO - Executing <Task(DockerOperator): data_sets> on 2024-01-01 00:15:00+00:00
[2024-02-14T03:53:50.966+0000] {standard_task_runner.py:60} INFO - Started process 3459 to run task
[2024-02-14T03:53:50.969+0000] {standard_task_runner.py:87} INFO - Running: ['***', 'tasks', 'run', 'deverlop_model', 'data_sets', 'scheduled__2024-01-01T00:15:00+00:00', '--job-id', '441', '--raw', '--subdir', 'DAGS_FOLDER/task.py', '--cfg-path', '/tmp/tmpewdupblu']
[2024-02-14T03:53:50.973+0000] {standard_task_runner.py:88} INFO - Job 441: Subtask data_sets
[2024-02-14T03:53:51.047+0000] {task_command.py:423} INFO - Running <TaskInstance: deverlop_model.data_sets scheduled__2024-01-01T00:15:00+00:00 [running]> on host 6e2ff7d2ffd0
[2024-02-14T03:53:51.147+0000] {taskinstance.py:2480} INFO - Exporting env vars: AIRFLOW_CTX_DAG_OWNER='rtn' AIRFLOW_CTX_DAG_ID='deverlop_model' AIRFLOW_CTX_TASK_ID='data_sets' AIRFLOW_CTX_EXECUTION_DATE='2024-01-01T00:15:00+00:00' AIRFLOW_CTX_TRY_NUMBER='1' AIRFLOW_CTX_DAG_RUN_ID='scheduled__2024-01-01T00:15:00+00:00'
[2024-02-14T03:53:51.176+0000] {docker.py:359} INFO - Starting docker container from image python:3.8
[2024-02-14T03:53:51.182+0000] {taskinstance.py:2698} ERROR - Task failed with exception
Traceback (most recent call last):
  File "/home/airflow/.local/lib/python3.8/site-packages/docker/api/client.py", line 265, in _raise_for_status
    response.raise_for_status()
  File "/home/airflow/.local/lib/python3.8/site-packages/requests/models.py", line 1021, in raise_for_status
    raise HTTPError(http_error_msg, response=self)
requests.exceptions.HTTPError: 409 Client Error: Conflict for url: http+docker://localhost/v1.43/containers/create?name=data_sets

The above exception was the direct cause of the following exception:

Traceback (most recent call last):
  File "/home/airflow/.local/lib/python3.8/site-packages/airflow/models/taskinstance.py", line 433, in _execute_task
    result = execute_callable(context=context, **execute_callable_kwargs)
  File "/home/airflow/.local/lib/python3.8/site-packages/airflow/providers/docker/operators/docker.py", line 502, in execute
    return self._run_image()
  File "/home/airflow/.local/lib/python3.8/site-packages/airflow/providers/docker/operators/docker.py", line 376, in _run_image
    return self._run_image_with_mounts(self.mounts, add_tmp_variable=False)
  File "/home/airflow/.local/lib/python3.8/site-packages/airflow/providers/docker/operators/docker.py", line 391, in _run_image_with_mounts
    self.container = self.cli.create_container(
  File "/home/airflow/.local/lib/python3.8/site-packages/docker/api/container.py", line 439, in create_container
    return self.create_container_from_config(config, name, platform)
  File "/home/airflow/.local/lib/python3.8/site-packages/docker/api/container.py", line 456, in create_container_from_config
    return self._result(res, True)
  File "/home/airflow/.local/lib/python3.8/site-packages/docker/api/client.py", line 271, in _result
    self._raise_for_status(response)
  File "/home/airflow/.local/lib/python3.8/site-packages/docker/api/client.py", line 267, in _raise_for_status
    raise create_api_error_from_http_exception(e) from e
  File "/home/airflow/.local/lib/python3.8/site-packages/docker/errors.py", line 39, in create_api_error_from_http_exception
    raise cls(e, response=response, explanation=explanation) from e
docker.errors.APIError: 409 Client Error for http+docker://localhost/v1.43/containers/create?name=data_sets: Conflict ("Conflict. The container name "/data_sets" is already in use by container "517de75a5b6962ac41c5d9b17a26201f8e538ce57b12f724e039342c35cd03d0". You have to remove (or rename) that container to be able to reuse that name.")
[2024-02-14T03:53:51.193+0000] {taskinstance.py:1138} INFO - Marking task as FAILED. dag_id=deverlop_model, task_id=data_sets, execution_date=20240101T001500, start_date=20240214T035350, end_date=20240214T035351
[2024-02-14T03:53:51.210+0000] {standard_task_runner.py:107} ERROR - Failed to execute job 441 for task data_sets (409 Client Error for http+docker://localhost/v1.43/containers/create?name=data_sets: Conflict ("Conflict. The container name "/data_sets" is already in use by container "517de75a5b6962ac41c5d9b17a26201f8e538ce57b12f724e039342c35cd03d0". You have to remove (or rename) that container to be able to reuse that name."); 3459)
[2024-02-14T03:53:51.262+0000] {local_task_job_runner.py:234} INFO - Task exited with return code 1
[2024-02-14T03:53:51.286+0000] {taskinstance.py:3280} INFO - 0 downstream tasks scheduled from follow-on schedule check
[2024-02-14T03:56:01.974+0000] {taskinstance.py:1956} INFO - Dependencies all met for dep_context=non-requeueable deps ti=<TaskInstance: deverlop_model.data_sets scheduled__2024-01-01T00:15:00+00:00 [queued]>
[2024-02-14T03:56:02.004+0000] {taskinstance.py:1956} INFO - Dependencies all met for dep_context=requeueable deps ti=<TaskInstance: deverlop_model.data_sets scheduled__2024-01-01T00:15:00+00:00 [queued]>
[2024-02-14T03:56:02.008+0000] {taskinstance.py:2170} INFO - Starting attempt 1 of 1
[2024-02-14T03:56:02.037+0000] {taskinstance.py:2191} INFO - Executing <Task(DockerOperator): data_sets> on 2024-01-01 00:15:00+00:00
[2024-02-14T03:56:02.075+0000] {standard_task_runner.py:60} INFO - Started process 3564 to run task
[2024-02-14T03:56:02.089+0000] {standard_task_runner.py:87} INFO - Running: ['***', 'tasks', 'run', 'deverlop_model', 'data_sets', 'scheduled__2024-01-01T00:15:00+00:00', '--job-id', '459', '--raw', '--subdir', 'DAGS_FOLDER/task.py', '--cfg-path', '/tmp/tmpqazuslm7']
[2024-02-14T03:56:02.094+0000] {standard_task_runner.py:88} INFO - Job 459: Subtask data_sets
[2024-02-14T03:56:02.236+0000] {task_command.py:423} INFO - Running <TaskInstance: deverlop_model.data_sets scheduled__2024-01-01T00:15:00+00:00 [running]> on host 6e2ff7d2ffd0
[2024-02-14T03:56:02.383+0000] {taskinstance.py:2480} INFO - Exporting env vars: AIRFLOW_CTX_DAG_OWNER='***' AIRFLOW_CTX_DAG_ID='deverlop_model' AIRFLOW_CTX_TASK_ID='data_sets' AIRFLOW_CTX_EXECUTION_DATE='2024-01-01T00:15:00+00:00' AIRFLOW_CTX_TRY_NUMBER='1' AIRFLOW_CTX_DAG_RUN_ID='scheduled__2024-01-01T00:15:00+00:00'
[2024-02-14T03:56:02.429+0000] {docker.py:359} INFO - Starting docker container from image python:3.8
[2024-02-14T03:56:02.452+0000] {taskinstance.py:2698} ERROR - Task failed with exception
Traceback (most recent call last):
  File "/home/airflow/.local/lib/python3.8/site-packages/docker/api/client.py", line 265, in _raise_for_status
    response.raise_for_status()
  File "/home/airflow/.local/lib/python3.8/site-packages/requests/models.py", line 1021, in raise_for_status
    raise HTTPError(http_error_msg, response=self)
requests.exceptions.HTTPError: 409 Client Error: Conflict for url: http+docker://localhost/v1.43/containers/create?name=data_sets

The above exception was the direct cause of the following exception:

Traceback (most recent call last):
  File "/home/airflow/.local/lib/python3.8/site-packages/airflow/models/taskinstance.py", line 433, in _execute_task
    result = execute_callable(context=context, **execute_callable_kwargs)
  File "/home/airflow/.local/lib/python3.8/site-packages/airflow/providers/docker/operators/docker.py", line 502, in execute
    return self._run_image()
  File "/home/airflow/.local/lib/python3.8/site-packages/airflow/providers/docker/operators/docker.py", line 376, in _run_image
    return self._run_image_with_mounts(self.mounts, add_tmp_variable=False)
  File "/home/airflow/.local/lib/python3.8/site-packages/airflow/providers/docker/operators/docker.py", line 391, in _run_image_with_mounts
    self.container = self.cli.create_container(
  File "/home/airflow/.local/lib/python3.8/site-packages/docker/api/container.py", line 439, in create_container
    return self.create_container_from_config(config, name, platform)
  File "/home/airflow/.local/lib/python3.8/site-packages/docker/api/container.py", line 456, in create_container_from_config
    return self._result(res, True)
  File "/home/airflow/.local/lib/python3.8/site-packages/docker/api/client.py", line 271, in _result
    self._raise_for_status(response)
  File "/home/airflow/.local/lib/python3.8/site-packages/docker/api/client.py", line 267, in _raise_for_status
    raise create_api_error_from_http_exception(e) from e
  File "/home/airflow/.local/lib/python3.8/site-packages/docker/errors.py", line 39, in create_api_error_from_http_exception
    raise cls(e, response=response, explanation=explanation) from e
docker.errors.APIError: 409 Client Error for http+docker://localhost/v1.43/containers/create?name=data_sets: Conflict ("Conflict. The container name "/data_sets" is already in use by container "104e823f5bb6edd84aecdaae8ece217358a6f0121aaf37224b972a491d3a68ce". You have to remove (or rename) that container to be able to reuse that name.")
[2024-02-14T03:56:02.510+0000] {taskinstance.py:1138} INFO - Marking task as FAILED. dag_id=deverlop_model, task_id=data_sets, execution_date=20240101T001500, start_date=20240214T035601, end_date=20240214T035602
[2024-02-14T03:56:02.551+0000] {standard_task_runner.py:107} ERROR - Failed to execute job 459 for task data_sets (409 Client Error for http+docker://localhost/v1.43/containers/create?name=data_sets: Conflict ("Conflict. The container name "/data_sets" is already in use by container "104e823f5bb6edd84aecdaae8ece217358a6f0121aaf37224b972a491d3a68ce". You have to remove (or rename) that container to be able to reuse that name."); 3564)
[2024-02-14T03:56:02.594+0000] {local_task_job_runner.py:234} INFO - Task exited with return code 1
[2024-02-14T03:56:02.638+0000] {taskinstance.py:3280} INFO - 0 downstream tasks scheduled from follow-on schedule check
[2024-02-14T04:00:41.655+0000] {taskinstance.py:1956} INFO - Dependencies all met for dep_context=non-requeueable deps ti=<TaskInstance: deverlop_model.data_sets scheduled__2024-01-01T00:15:00+00:00 [queued]>
[2024-02-14T04:00:41.668+0000] {taskinstance.py:1956} INFO - Dependencies all met for dep_context=requeueable deps ti=<TaskInstance: deverlop_model.data_sets scheduled__2024-01-01T00:15:00+00:00 [queued]>
[2024-02-14T04:00:41.669+0000] {taskinstance.py:2170} INFO - Starting attempt 1 of 1
[2024-02-14T04:00:41.692+0000] {taskinstance.py:2191} INFO - Executing <Task(DockerOperator): data_sets> on 2024-01-01 00:15:00+00:00
[2024-02-14T04:00:41.703+0000] {standard_task_runner.py:60} INFO - Started process 3856 to run task
[2024-02-14T04:00:41.707+0000] {standard_task_runner.py:87} INFO - Running: ['***', 'tasks', 'run', 'deverlop_model', 'data_sets', 'scheduled__2024-01-01T00:15:00+00:00', '--job-id', '522', '--raw', '--subdir', 'DAGS_FOLDER/task.py', '--cfg-path', '/tmp/tmponak_feg']
[2024-02-14T04:00:41.711+0000] {standard_task_runner.py:88} INFO - Job 522: Subtask data_sets
[2024-02-14T04:00:41.775+0000] {task_command.py:423} INFO - Running <TaskInstance: deverlop_model.data_sets scheduled__2024-01-01T00:15:00+00:00 [running]> on host 6e2ff7d2ffd0
[2024-02-14T04:00:41.872+0000] {taskinstance.py:2480} INFO - Exporting env vars: AIRFLOW_CTX_DAG_OWNER='***' AIRFLOW_CTX_DAG_ID='deverlop_model' AIRFLOW_CTX_TASK_ID='data_sets' AIRFLOW_CTX_EXECUTION_DATE='2024-01-01T00:15:00+00:00' AIRFLOW_CTX_TRY_NUMBER='1' AIRFLOW_CTX_DAG_RUN_ID='scheduled__2024-01-01T00:15:00+00:00'
[2024-02-14T04:00:41.894+0000] {docker.py:359} INFO - Starting docker container from image python:3.8
[2024-02-14T04:00:41.901+0000] {taskinstance.py:2698} ERROR - Task failed with exception
Traceback (most recent call last):
  File "/home/airflow/.local/lib/python3.8/site-packages/docker/api/client.py", line 265, in _raise_for_status
    response.raise_for_status()
  File "/home/airflow/.local/lib/python3.8/site-packages/requests/models.py", line 1021, in raise_for_status
    raise HTTPError(http_error_msg, response=self)
requests.exceptions.HTTPError: 409 Client Error: Conflict for url: http+docker://localhost/v1.43/containers/create?name=data_sets

The above exception was the direct cause of the following exception:

Traceback (most recent call last):
  File "/home/airflow/.local/lib/python3.8/site-packages/airflow/models/taskinstance.py", line 433, in _execute_task
    result = execute_callable(context=context, **execute_callable_kwargs)
  File "/home/airflow/.local/lib/python3.8/site-packages/airflow/providers/docker/operators/docker.py", line 502, in execute
    return self._run_image()
  File "/home/airflow/.local/lib/python3.8/site-packages/airflow/providers/docker/operators/docker.py", line 376, in _run_image
    return self._run_image_with_mounts(self.mounts, add_tmp_variable=False)
  File "/home/airflow/.local/lib/python3.8/site-packages/airflow/providers/docker/operators/docker.py", line 391, in _run_image_with_mounts
    self.container = self.cli.create_container(
  File "/home/airflow/.local/lib/python3.8/site-packages/docker/api/container.py", line 439, in create_container
    return self.create_container_from_config(config, name, platform)
  File "/home/airflow/.local/lib/python3.8/site-packages/docker/api/container.py", line 456, in create_container_from_config
    return self._result(res, True)
  File "/home/airflow/.local/lib/python3.8/site-packages/docker/api/client.py", line 271, in _result
    self._raise_for_status(response)
  File "/home/airflow/.local/lib/python3.8/site-packages/docker/api/client.py", line 267, in _raise_for_status
    raise create_api_error_from_http_exception(e) from e
  File "/home/airflow/.local/lib/python3.8/site-packages/docker/errors.py", line 39, in create_api_error_from_http_exception
    raise cls(e, response=response, explanation=explanation) from e
docker.errors.APIError: 409 Client Error for http+docker://localhost/v1.43/containers/create?name=data_sets: Conflict ("Conflict. The container name "/data_sets" is already in use by container "c144ce272830ce2699e57d068fa5e90b11a79f2f16a986319b478cbdcd44119d". You have to remove (or rename) that container to be able to reuse that name.")
[2024-02-14T04:00:41.913+0000] {taskinstance.py:1138} INFO - Marking task as FAILED. dag_id=deverlop_model, task_id=data_sets, execution_date=20240101T001500, start_date=20240214T040041, end_date=20240214T040041
[2024-02-14T04:00:41.927+0000] {standard_task_runner.py:107} ERROR - Failed to execute job 522 for task data_sets (409 Client Error for http+docker://localhost/v1.43/containers/create?name=data_sets: Conflict ("Conflict. The container name "/data_sets" is already in use by container "c144ce272830ce2699e57d068fa5e90b11a79f2f16a986319b478cbdcd44119d". You have to remove (or rename) that container to be able to reuse that name."); 3856)
[2024-02-14T04:00:41.960+0000] {local_task_job_runner.py:234} INFO - Task exited with return code 1
[2024-02-14T04:00:41.999+0000] {taskinstance.py:3280} INFO - 0 downstream tasks scheduled from follow-on schedule check
