[2024-02-14T02:07:27.075+0000] {taskinstance.py:1956} INFO - Dependencies all met for dep_context=non-requeueable deps ti=<TaskInstance: deverlop_model.StartJob scheduled__2024-01-01T02:20:00+00:00 [queued]>
[2024-02-14T02:07:27.107+0000] {taskinstance.py:1956} INFO - Dependencies all met for dep_context=requeueable deps ti=<TaskInstance: deverlop_model.StartJob scheduled__2024-01-01T02:20:00+00:00 [queued]>
[2024-02-14T02:07:27.119+0000] {taskinstance.py:2170} INFO - Starting attempt 1 of 1
[2024-02-14T02:07:27.348+0000] {taskinstance.py:2191} INFO - Executing <Task(BashOperator): StartJob> on 2024-01-01 02:20:00+00:00
[2024-02-14T02:07:27.370+0000] {standard_task_runner.py:60} INFO - Started process 490 to run task
[2024-02-14T02:07:27.382+0000] {standard_task_runner.py:87} INFO - Running: ['***', 'tasks', 'run', 'deverlop_model', 'StartJob', 'scheduled__2024-01-01T02:20:00+00:00', '--job-id', '55', '--raw', '--subdir', 'DAGS_FOLDER/task.py', '--cfg-path', '/tmp/tmpa41zlbu3']
[2024-02-14T02:07:27.396+0000] {standard_task_runner.py:88} INFO - Job 55: Subtask StartJob
[2024-02-14T02:07:27.520+0000] {task_command.py:423} INFO - Running <TaskInstance: deverlop_model.StartJob scheduled__2024-01-01T02:20:00+00:00 [running]> on host 6e2ff7d2ffd0
[2024-02-14T02:07:27.762+0000] {taskinstance.py:2480} INFO - Exporting env vars: AIRFLOW_CTX_DAG_OWNER='rtn' AIRFLOW_CTX_DAG_ID='deverlop_model' AIRFLOW_CTX_TASK_ID='StartJob' AIRFLOW_CTX_EXECUTION_DATE='2024-01-01T02:20:00+00:00' AIRFLOW_CTX_TRY_NUMBER='1' AIRFLOW_CTX_DAG_RUN_ID='scheduled__2024-01-01T02:20:00+00:00'
[2024-02-14T02:07:27.779+0000] {subprocess.py:63} INFO - Tmp dir root location: /tmp
[2024-02-14T02:07:27.781+0000] {subprocess.py:75} INFO - Running command: ['/usr/bin/bash', '-c', 'echo StartJob']
[2024-02-14T02:07:27.813+0000] {subprocess.py:86} INFO - Output:
[2024-02-14T02:07:27.815+0000] {subprocess.py:93} INFO - StartJob
[2024-02-14T02:07:27.816+0000] {subprocess.py:97} INFO - Command exited with return code 0
[2024-02-14T02:07:27.870+0000] {taskinstance.py:1138} INFO - Marking task as SUCCESS. dag_id=deverlop_model, task_id=StartJob, execution_date=20240101T022000, start_date=20240214T020727, end_date=20240214T020727
[2024-02-14T02:07:27.938+0000] {local_task_job_runner.py:234} INFO - Task exited with return code 0
[2024-02-14T02:07:27.989+0000] {taskinstance.py:3280} INFO - 1 downstream tasks scheduled from follow-on schedule check
[2024-02-14T03:56:22.787+0000] {taskinstance.py:1956} INFO - Dependencies all met for dep_context=non-requeueable deps ti=<TaskInstance: deverlop_model.StartJob scheduled__2024-01-01T02:20:00+00:00 [queued]>
[2024-02-14T03:56:22.811+0000] {taskinstance.py:1956} INFO - Dependencies all met for dep_context=requeueable deps ti=<TaskInstance: deverlop_model.StartJob scheduled__2024-01-01T02:20:00+00:00 [queued]>
[2024-02-14T03:56:22.812+0000] {taskinstance.py:2170} INFO - Starting attempt 1 of 1
[2024-02-14T03:56:22.827+0000] {taskinstance.py:2191} INFO - Executing <Task(BashOperator): StartJob> on 2024-01-01 02:20:00+00:00
[2024-02-14T03:56:22.835+0000] {standard_task_runner.py:60} INFO - Started process 3714 to run task
[2024-02-14T03:56:22.838+0000] {standard_task_runner.py:87} INFO - Running: ['***', 'tasks', 'run', 'deverlop_model', 'StartJob', 'scheduled__2024-01-01T02:20:00+00:00', '--job-id', '502', '--raw', '--subdir', 'DAGS_FOLDER/task.py', '--cfg-path', '/tmp/tmpwqc5ai15']
[2024-02-14T03:56:22.841+0000] {standard_task_runner.py:88} INFO - Job 502: Subtask StartJob
[2024-02-14T03:56:22.908+0000] {task_command.py:423} INFO - Running <TaskInstance: deverlop_model.StartJob scheduled__2024-01-01T02:20:00+00:00 [running]> on host 6e2ff7d2ffd0
[2024-02-14T03:56:23.010+0000] {taskinstance.py:2480} INFO - Exporting env vars: AIRFLOW_CTX_DAG_OWNER='***' AIRFLOW_CTX_DAG_ID='deverlop_model' AIRFLOW_CTX_TASK_ID='StartJob' AIRFLOW_CTX_EXECUTION_DATE='2024-01-01T02:20:00+00:00' AIRFLOW_CTX_TRY_NUMBER='1' AIRFLOW_CTX_DAG_RUN_ID='scheduled__2024-01-01T02:20:00+00:00'
[2024-02-14T03:56:23.013+0000] {subprocess.py:63} INFO - Tmp dir root location: /tmp
[2024-02-14T03:56:23.015+0000] {subprocess.py:75} INFO - Running command: ['/usr/bin/bash', '-c', "\n            echo StartJob && \n            if [ ! -e '/opt/***/dags/data/2024-02-14' ]; then\n                mkdir /opt/***/dags/data/2024-02-14 \n            fi && \n            if [ ! -e '/opt/***/dags/data/2024-02-14/data' ]; then\n                mkdir /opt/***/dags/data/2024-02-14/data\n            fi && \n            if [ ! -e '/opt/***/dags/data/2024-02-14/model' ]; then\n                mkdir /opt/***/dags/data/2024-02-14/model\n            fi\n        "]
[2024-02-14T03:56:23.034+0000] {subprocess.py:86} INFO - Output:
[2024-02-14T03:56:23.036+0000] {subprocess.py:93} INFO - StartJob
[2024-02-14T03:56:23.038+0000] {subprocess.py:97} INFO - Command exited with return code 0
[2024-02-14T03:56:23.080+0000] {taskinstance.py:1138} INFO - Marking task as SUCCESS. dag_id=deverlop_model, task_id=StartJob, execution_date=20240101T022000, start_date=20240214T035622, end_date=20240214T035623
[2024-02-14T03:56:23.131+0000] {local_task_job_runner.py:234} INFO - Task exited with return code 0
[2024-02-14T03:56:23.229+0000] {taskinstance.py:3280} INFO - 0 downstream tasks scheduled from follow-on schedule check
