[2024-02-14T03:32:47.874+0000] {taskinstance.py:1956} INFO - Dependencies all met for dep_context=non-requeueable deps ti=<TaskInstance: deverlop_model.StartJob scheduled__2024-02-01T00:05:00+00:00 [queued]>
[2024-02-14T03:32:47.888+0000] {taskinstance.py:1956} INFO - Dependencies all met for dep_context=requeueable deps ti=<TaskInstance: deverlop_model.StartJob scheduled__2024-02-01T00:05:00+00:00 [queued]>
[2024-02-14T03:32:47.889+0000] {taskinstance.py:2170} INFO - Starting attempt 1 of 1
[2024-02-14T03:32:48.056+0000] {taskinstance.py:2191} INFO - Executing <Task(BashOperator): StartJob> on 2024-02-01 00:05:00+00:00
[2024-02-14T03:32:48.074+0000] {standard_task_runner.py:60} INFO - Started process 2308 to run task
[2024-02-14T03:32:48.116+0000] {standard_task_runner.py:87} INFO - Running: ['***', 'tasks', 'run', 'deverlop_model', 'StartJob', 'scheduled__2024-02-01T00:05:00+00:00', '--job-id', '204', '--raw', '--subdir', 'DAGS_FOLDER/task.py', '--cfg-path', '/tmp/tmp69mw52ao']
[2024-02-14T03:32:48.136+0000] {standard_task_runner.py:88} INFO - Job 204: Subtask StartJob
[2024-02-14T03:32:48.431+0000] {task_command.py:423} INFO - Running <TaskInstance: deverlop_model.StartJob scheduled__2024-02-01T00:05:00+00:00 [running]> on host 6e2ff7d2ffd0
[2024-02-14T03:32:48.673+0000] {taskinstance.py:2480} INFO - Exporting env vars: AIRFLOW_CTX_DAG_OWNER='rtn' AIRFLOW_CTX_DAG_ID='deverlop_model' AIRFLOW_CTX_TASK_ID='StartJob' AIRFLOW_CTX_EXECUTION_DATE='2024-02-01T00:05:00+00:00' AIRFLOW_CTX_TRY_NUMBER='1' AIRFLOW_CTX_DAG_RUN_ID='scheduled__2024-02-01T00:05:00+00:00'
[2024-02-14T03:32:48.677+0000] {subprocess.py:63} INFO - Tmp dir root location: /tmp
[2024-02-14T03:32:48.684+0000] {subprocess.py:75} INFO - Running command: ['/usr/bin/bash', '-c', "\n            echo StartJob && \n            if [ ! -e '/opt/***/dags/data/2024-02-14' ]; then\n                mkdir /opt/***/dags/data/2024-02-14 \n            fi && \n            if [ ! -e '/opt/***/dags/data/2024-02-14/data' ]; then\n                mkdir /opt/***/dags/data/2024-02-14/data\n            fi && \n            if [ ! -e '/opt/***/dags/data/2024-02-14/model' ]; then\n                mkdir /opt/***/dags/data/2024-02-14/model\n            fi\n        "]
[2024-02-14T03:32:48.744+0000] {subprocess.py:86} INFO - Output:
[2024-02-14T03:32:48.747+0000] {subprocess.py:93} INFO - StartJob
[2024-02-14T03:32:48.774+0000] {subprocess.py:97} INFO - Command exited with return code 0
[2024-02-14T03:32:48.823+0000] {taskinstance.py:1138} INFO - Marking task as SUCCESS. dag_id=deverlop_model, task_id=StartJob, execution_date=20240201T000500, start_date=20240214T033247, end_date=20240214T033248
[2024-02-14T03:32:48.884+0000] {local_task_job_runner.py:234} INFO - Task exited with return code 0
[2024-02-14T03:32:48.966+0000] {taskinstance.py:3280} INFO - 1 downstream tasks scheduled from follow-on schedule check
[2024-02-14T03:34:19.457+0000] {taskinstance.py:1956} INFO - Dependencies all met for dep_context=non-requeueable deps ti=<TaskInstance: deverlop_model.StartJob scheduled__2024-02-01T00:05:00+00:00 [queued]>
[2024-02-14T03:34:19.468+0000] {taskinstance.py:1956} INFO - Dependencies all met for dep_context=requeueable deps ti=<TaskInstance: deverlop_model.StartJob scheduled__2024-02-01T00:05:00+00:00 [queued]>
[2024-02-14T03:34:19.469+0000] {taskinstance.py:2170} INFO - Starting attempt 1 of 1
[2024-02-14T03:34:19.584+0000] {taskinstance.py:2191} INFO - Executing <Task(BashOperator): StartJob> on 2024-02-01 00:05:00+00:00
[2024-02-14T03:34:19.594+0000] {standard_task_runner.py:60} INFO - Started process 2414 to run task
[2024-02-14T03:34:19.598+0000] {standard_task_runner.py:87} INFO - Running: ['***', 'tasks', 'run', 'deverlop_model', 'StartJob', 'scheduled__2024-02-01T00:05:00+00:00', '--job-id', '224', '--raw', '--subdir', 'DAGS_FOLDER/task.py', '--cfg-path', '/tmp/tmpsem3pj3w']
[2024-02-14T03:34:19.603+0000] {standard_task_runner.py:88} INFO - Job 224: Subtask StartJob
[2024-02-14T03:34:19.679+0000] {task_command.py:423} INFO - Running <TaskInstance: deverlop_model.StartJob scheduled__2024-02-01T00:05:00+00:00 [running]> on host 6e2ff7d2ffd0
[2024-02-14T03:34:19.779+0000] {taskinstance.py:2480} INFO - Exporting env vars: AIRFLOW_CTX_DAG_OWNER='rtn' AIRFLOW_CTX_DAG_ID='deverlop_model' AIRFLOW_CTX_TASK_ID='StartJob' AIRFLOW_CTX_EXECUTION_DATE='2024-02-01T00:05:00+00:00' AIRFLOW_CTX_TRY_NUMBER='1' AIRFLOW_CTX_DAG_RUN_ID='scheduled__2024-02-01T00:05:00+00:00'
[2024-02-14T03:34:19.783+0000] {subprocess.py:63} INFO - Tmp dir root location: /tmp
[2024-02-14T03:34:19.784+0000] {subprocess.py:75} INFO - Running command: ['/usr/bin/bash', '-c', "\n            echo StartJob && \n            if [ ! -e '/opt/***/dags/data/2024-02-14' ]; then\n                mkdir /opt/***/dags/data/2024-02-14 \n            fi && \n            if [ ! -e '/opt/***/dags/data/2024-02-14/data' ]; then\n                mkdir /opt/***/dags/data/2024-02-14/data\n            fi && \n            if [ ! -e '/opt/***/dags/data/2024-02-14/model' ]; then\n                mkdir /opt/***/dags/data/2024-02-14/model\n            fi\n        "]
[2024-02-14T03:34:19.810+0000] {subprocess.py:86} INFO - Output:
[2024-02-14T03:34:19.812+0000] {subprocess.py:93} INFO - StartJob
[2024-02-14T03:34:19.817+0000] {subprocess.py:97} INFO - Command exited with return code 0
[2024-02-14T03:34:19.853+0000] {taskinstance.py:1138} INFO - Marking task as SUCCESS. dag_id=deverlop_model, task_id=StartJob, execution_date=20240201T000500, start_date=20240214T033419, end_date=20240214T033419
[2024-02-14T03:34:19.895+0000] {local_task_job_runner.py:234} INFO - Task exited with return code 0
[2024-02-14T03:34:19.935+0000] {taskinstance.py:3280} INFO - 1 downstream tasks scheduled from follow-on schedule check
[2024-02-14T03:37:57.581+0000] {taskinstance.py:1956} INFO - Dependencies all met for dep_context=non-requeueable deps ti=<TaskInstance: deverlop_model.StartJob scheduled__2024-02-01T00:05:00+00:00 [queued]>
[2024-02-14T03:37:57.606+0000] {taskinstance.py:1956} INFO - Dependencies all met for dep_context=requeueable deps ti=<TaskInstance: deverlop_model.StartJob scheduled__2024-02-01T00:05:00+00:00 [queued]>
[2024-02-14T03:37:57.609+0000] {taskinstance.py:2170} INFO - Starting attempt 1 of 1
[2024-02-14T03:37:57.843+0000] {taskinstance.py:2191} INFO - Executing <Task(BashOperator): StartJob> on 2024-02-01 00:05:00+00:00
[2024-02-14T03:37:57.860+0000] {standard_task_runner.py:60} INFO - Started process 2741 to run task
[2024-02-14T03:37:57.863+0000] {standard_task_runner.py:87} INFO - Running: ['***', 'tasks', 'run', 'deverlop_model', 'StartJob', 'scheduled__2024-02-01T00:05:00+00:00', '--job-id', '302', '--raw', '--subdir', 'DAGS_FOLDER/task.py', '--cfg-path', '/tmp/tmp28_2z8d6']
[2024-02-14T03:37:57.874+0000] {standard_task_runner.py:88} INFO - Job 302: Subtask StartJob
[2024-02-14T03:37:57.987+0000] {task_command.py:423} INFO - Running <TaskInstance: deverlop_model.StartJob scheduled__2024-02-01T00:05:00+00:00 [running]> on host 6e2ff7d2ffd0
[2024-02-14T03:37:58.195+0000] {taskinstance.py:2480} INFO - Exporting env vars: AIRFLOW_CTX_DAG_OWNER='rtn' AIRFLOW_CTX_DAG_ID='deverlop_model' AIRFLOW_CTX_TASK_ID='StartJob' AIRFLOW_CTX_EXECUTION_DATE='2024-02-01T00:05:00+00:00' AIRFLOW_CTX_TRY_NUMBER='1' AIRFLOW_CTX_DAG_RUN_ID='scheduled__2024-02-01T00:05:00+00:00'
[2024-02-14T03:37:58.200+0000] {subprocess.py:63} INFO - Tmp dir root location: /tmp
[2024-02-14T03:37:58.206+0000] {subprocess.py:75} INFO - Running command: ['/usr/bin/bash', '-c', "\n            echo StartJob && \n            if [ ! -e '/opt/***/dags/data/2024-02-14' ]; then\n                mkdir /opt/***/dags/data/2024-02-14 \n            fi && \n            if [ ! -e '/opt/***/dags/data/2024-02-14/data' ]; then\n                mkdir /opt/***/dags/data/2024-02-14/data\n            fi && \n            if [ ! -e '/opt/***/dags/data/2024-02-14/model' ]; then\n                mkdir /opt/***/dags/data/2024-02-14/model\n            fi\n        "]
[2024-02-14T03:37:58.254+0000] {subprocess.py:86} INFO - Output:
[2024-02-14T03:37:58.257+0000] {subprocess.py:93} INFO - StartJob
[2024-02-14T03:37:58.275+0000] {subprocess.py:97} INFO - Command exited with return code 0
[2024-02-14T03:37:58.354+0000] {taskinstance.py:1138} INFO - Marking task as SUCCESS. dag_id=deverlop_model, task_id=StartJob, execution_date=20240201T000500, start_date=20240214T033757, end_date=20240214T033758
[2024-02-14T03:37:58.432+0000] {local_task_job_runner.py:234} INFO - Task exited with return code 0
[2024-02-14T03:37:58.477+0000] {taskinstance.py:3280} INFO - 1 downstream tasks scheduled from follow-on schedule check
[2024-02-14T03:39:23.101+0000] {taskinstance.py:1956} INFO - Dependencies all met for dep_context=non-requeueable deps ti=<TaskInstance: deverlop_model.StartJob scheduled__2024-02-01T00:05:00+00:00 [queued]>
[2024-02-14T03:39:23.112+0000] {taskinstance.py:1956} INFO - Dependencies all met for dep_context=requeueable deps ti=<TaskInstance: deverlop_model.StartJob scheduled__2024-02-01T00:05:00+00:00 [queued]>
[2024-02-14T03:39:23.113+0000] {taskinstance.py:2170} INFO - Starting attempt 1 of 1
[2024-02-14T03:39:23.131+0000] {taskinstance.py:2191} INFO - Executing <Task(BashOperator): StartJob> on 2024-02-01 00:05:00+00:00
[2024-02-14T03:39:23.139+0000] {standard_task_runner.py:60} INFO - Started process 2943 to run task
[2024-02-14T03:39:23.144+0000] {standard_task_runner.py:87} INFO - Running: ['***', 'tasks', 'run', 'deverlop_model', 'StartJob', 'scheduled__2024-02-01T00:05:00+00:00', '--job-id', '355', '--raw', '--subdir', 'DAGS_FOLDER/task.py', '--cfg-path', '/tmp/tmpmqksid52']
[2024-02-14T03:39:23.149+0000] {standard_task_runner.py:88} INFO - Job 355: Subtask StartJob
[2024-02-14T03:39:23.216+0000] {task_command.py:423} INFO - Running <TaskInstance: deverlop_model.StartJob scheduled__2024-02-01T00:05:00+00:00 [running]> on host 6e2ff7d2ffd0
[2024-02-14T03:39:23.308+0000] {taskinstance.py:2480} INFO - Exporting env vars: AIRFLOW_CTX_DAG_OWNER='rtn' AIRFLOW_CTX_DAG_ID='deverlop_model' AIRFLOW_CTX_TASK_ID='StartJob' AIRFLOW_CTX_EXECUTION_DATE='2024-02-01T00:05:00+00:00' AIRFLOW_CTX_TRY_NUMBER='1' AIRFLOW_CTX_DAG_RUN_ID='scheduled__2024-02-01T00:05:00+00:00'
[2024-02-14T03:39:23.312+0000] {subprocess.py:63} INFO - Tmp dir root location: /tmp
[2024-02-14T03:39:23.314+0000] {subprocess.py:75} INFO - Running command: ['/usr/bin/bash', '-c', "\n            echo StartJob && \n            if [ ! -e '/opt/***/dags/data/2024-02-14' ]; then\n                mkdir /opt/***/dags/data/2024-02-14 \n            fi && \n            if [ ! -e '/opt/***/dags/data/2024-02-14/data' ]; then\n                mkdir /opt/***/dags/data/2024-02-14/data\n            fi && \n            if [ ! -e '/opt/***/dags/data/2024-02-14/model' ]; then\n                mkdir /opt/***/dags/data/2024-02-14/model\n            fi\n        "]
[2024-02-14T03:39:23.335+0000] {subprocess.py:86} INFO - Output:
[2024-02-14T03:39:23.337+0000] {subprocess.py:93} INFO - StartJob
[2024-02-14T03:39:23.357+0000] {subprocess.py:97} INFO - Command exited with return code 0
[2024-02-14T03:39:23.436+0000] {taskinstance.py:1138} INFO - Marking task as SUCCESS. dag_id=deverlop_model, task_id=StartJob, execution_date=20240201T000500, start_date=20240214T033923, end_date=20240214T033923
[2024-02-14T03:39:23.638+0000] {local_task_job_runner.py:234} INFO - Task exited with return code 0
[2024-02-14T03:39:23.673+0000] {taskinstance.py:3280} INFO - 1 downstream tasks scheduled from follow-on schedule check
[2024-02-14T04:09:29.658+0000] {taskinstance.py:1956} INFO - Dependencies all met for dep_context=non-requeueable deps ti=<TaskInstance: deverlop_model.StartJob scheduled__2024-02-01T00:05:00+00:00 [queued]>
[2024-02-14T04:09:29.671+0000] {taskinstance.py:1956} INFO - Dependencies all met for dep_context=requeueable deps ti=<TaskInstance: deverlop_model.StartJob scheduled__2024-02-01T00:05:00+00:00 [queued]>
[2024-02-14T04:09:29.672+0000] {taskinstance.py:2170} INFO - Starting attempt 1 of 1
[2024-02-14T04:09:29.797+0000] {taskinstance.py:2191} INFO - Executing <Task(BashOperator): StartJob> on 2024-02-01 00:05:00+00:00
[2024-02-14T04:09:29.810+0000] {standard_task_runner.py:60} INFO - Started process 4041 to run task
[2024-02-14T04:09:29.816+0000] {standard_task_runner.py:87} INFO - Running: ['***', 'tasks', 'run', 'deverlop_model', 'StartJob', 'scheduled__2024-02-01T00:05:00+00:00', '--job-id', '535', '--raw', '--subdir', 'DAGS_FOLDER/task.py', '--cfg-path', '/tmp/tmpsit84wt4']
[2024-02-14T04:09:29.822+0000] {standard_task_runner.py:88} INFO - Job 535: Subtask StartJob
[2024-02-14T04:09:29.900+0000] {task_command.py:423} INFO - Running <TaskInstance: deverlop_model.StartJob scheduled__2024-02-01T00:05:00+00:00 [running]> on host 6e2ff7d2ffd0
[2024-02-14T04:09:30.018+0000] {taskinstance.py:2480} INFO - Exporting env vars: AIRFLOW_CTX_DAG_OWNER='rtn' AIRFLOW_CTX_DAG_ID='deverlop_model' AIRFLOW_CTX_TASK_ID='StartJob' AIRFLOW_CTX_EXECUTION_DATE='2024-02-01T00:05:00+00:00' AIRFLOW_CTX_TRY_NUMBER='1' AIRFLOW_CTX_DAG_RUN_ID='scheduled__2024-02-01T00:05:00+00:00'
[2024-02-14T04:09:30.022+0000] {subprocess.py:63} INFO - Tmp dir root location: /tmp
[2024-02-14T04:09:30.024+0000] {subprocess.py:75} INFO - Running command: ['/usr/bin/bash', '-c', "\n            echo StartJob && \n            if [ ! -e '/opt/***/dags/data/2024-02-14' ]; then\n                mkdir /opt/***/dags/data/2024-02-14 \n            fi && \n            if [ ! -e '/opt/***/dags/data/2024-02-14/data' ]; then\n                mkdir /opt/***/dags/data/2024-02-14/data\n            fi && \n            if [ ! -e '/opt/***/dags/data/2024-02-14/model' ]; then\n                mkdir /opt/***/dags/data/2024-02-14/model\n            fi\n        "]
[2024-02-14T04:09:30.048+0000] {subprocess.py:86} INFO - Output:
[2024-02-14T04:09:30.050+0000] {subprocess.py:93} INFO - StartJob
[2024-02-14T04:09:30.054+0000] {subprocess.py:97} INFO - Command exited with return code 0
[2024-02-14T04:09:30.086+0000] {taskinstance.py:1138} INFO - Marking task as SUCCESS. dag_id=deverlop_model, task_id=StartJob, execution_date=20240201T000500, start_date=20240214T040929, end_date=20240214T040930
[2024-02-14T04:09:30.152+0000] {local_task_job_runner.py:234} INFO - Task exited with return code 0
[2024-02-14T04:09:30.201+0000] {taskinstance.py:3280} INFO - 1 downstream tasks scheduled from follow-on schedule check
[2024-02-14T04:14:26.501+0000] {taskinstance.py:1956} INFO - Dependencies all met for dep_context=non-requeueable deps ti=<TaskInstance: deverlop_model.StartJob scheduled__2024-02-01T00:05:00+00:00 [queued]>
[2024-02-14T04:14:26.513+0000] {taskinstance.py:1956} INFO - Dependencies all met for dep_context=requeueable deps ti=<TaskInstance: deverlop_model.StartJob scheduled__2024-02-01T00:05:00+00:00 [queued]>
[2024-02-14T04:14:26.514+0000] {taskinstance.py:2170} INFO - Starting attempt 1 of 1
[2024-02-14T04:14:26.532+0000] {taskinstance.py:2191} INFO - Executing <Task(BashOperator): StartJob> on 2024-02-01 00:05:00+00:00
[2024-02-14T04:14:26.541+0000] {standard_task_runner.py:60} INFO - Started process 4205 to run task
[2024-02-14T04:14:26.545+0000] {standard_task_runner.py:87} INFO - Running: ['***', 'tasks', 'run', 'deverlop_model', 'StartJob', 'scheduled__2024-02-01T00:05:00+00:00', '--job-id', '561', '--raw', '--subdir', 'DAGS_FOLDER/task.py', '--cfg-path', '/tmp/tmpvhpk4ddi']
[2024-02-14T04:14:26.548+0000] {standard_task_runner.py:88} INFO - Job 561: Subtask StartJob
[2024-02-14T04:14:26.612+0000] {task_command.py:423} INFO - Running <TaskInstance: deverlop_model.StartJob scheduled__2024-02-01T00:05:00+00:00 [running]> on host 6e2ff7d2ffd0
[2024-02-14T04:14:26.702+0000] {taskinstance.py:2480} INFO - Exporting env vars: AIRFLOW_CTX_DAG_OWNER='rtn' AIRFLOW_CTX_DAG_ID='deverlop_model' AIRFLOW_CTX_TASK_ID='StartJob' AIRFLOW_CTX_EXECUTION_DATE='2024-02-01T00:05:00+00:00' AIRFLOW_CTX_TRY_NUMBER='1' AIRFLOW_CTX_DAG_RUN_ID='scheduled__2024-02-01T00:05:00+00:00'
[2024-02-14T04:14:26.705+0000] {subprocess.py:63} INFO - Tmp dir root location: /tmp
[2024-02-14T04:14:26.706+0000] {subprocess.py:75} INFO - Running command: ['/usr/bin/bash', '-c', "\n            echo StartJob && \n            if [ ! -e '/opt/***/dags/data/2024-02-14' ]; then\n                mkdir /opt/***/dags/data/2024-02-14 \n            fi && \n            if [ ! -e '/opt/***/dags/data/2024-02-14/data' ]; then\n                mkdir /opt/***/dags/data/2024-02-14/data\n            fi && \n            if [ ! -e '/opt/***/dags/data/2024-02-14/model' ]; then\n                mkdir /opt/***/dags/data/2024-02-14/model\n            fi\n        "]
[2024-02-14T04:14:26.726+0000] {subprocess.py:86} INFO - Output:
[2024-02-14T04:14:26.728+0000] {subprocess.py:93} INFO - StartJob
[2024-02-14T04:14:26.732+0000] {subprocess.py:97} INFO - Command exited with return code 0
[2024-02-14T04:14:26.761+0000] {taskinstance.py:1138} INFO - Marking task as SUCCESS. dag_id=deverlop_model, task_id=StartJob, execution_date=20240201T000500, start_date=20240214T041426, end_date=20240214T041426
[2024-02-14T04:14:26.798+0000] {local_task_job_runner.py:234} INFO - Task exited with return code 0
[2024-02-14T04:14:27.384+0000] {taskinstance.py:3280} INFO - 0 downstream tasks scheduled from follow-on schedule check
