[2024-02-14T02:07:06.868+0000] {taskinstance.py:1956} INFO - Dependencies all met for dep_context=non-requeueable deps ti=<TaskInstance: deverlop_model.StartJob scheduled__2024-01-01T00:55:00+00:00 [queued]>
[2024-02-14T02:07:06.930+0000] {taskinstance.py:1956} INFO - Dependencies all met for dep_context=requeueable deps ti=<TaskInstance: deverlop_model.StartJob scheduled__2024-01-01T00:55:00+00:00 [queued]>
[2024-02-14T02:07:06.938+0000] {taskinstance.py:2170} INFO - Starting attempt 1 of 1
[2024-02-14T02:07:07.006+0000] {taskinstance.py:2191} INFO - Executing <Task(BashOperator): StartJob> on 2024-01-01 00:55:00+00:00
[2024-02-14T02:07:07.041+0000] {standard_task_runner.py:60} INFO - Started process 370 to run task
[2024-02-14T02:07:07.046+0000] {standard_task_runner.py:87} INFO - Running: ['***', 'tasks', 'run', 'deverlop_model', 'StartJob', 'scheduled__2024-01-01T00:55:00+00:00', '--job-id', '20', '--raw', '--subdir', 'DAGS_FOLDER/task.py', '--cfg-path', '/tmp/tmpqtkgfkfk']
[2024-02-14T02:07:07.060+0000] {standard_task_runner.py:88} INFO - Job 20: Subtask StartJob
[2024-02-14T02:07:07.216+0000] {task_command.py:423} INFO - Running <TaskInstance: deverlop_model.StartJob scheduled__2024-01-01T00:55:00+00:00 [running]> on host 6e2ff7d2ffd0
[2024-02-14T02:07:07.458+0000] {taskinstance.py:2480} INFO - Exporting env vars: AIRFLOW_CTX_DAG_OWNER='rtn' AIRFLOW_CTX_DAG_ID='deverlop_model' AIRFLOW_CTX_TASK_ID='StartJob' AIRFLOW_CTX_EXECUTION_DATE='2024-01-01T00:55:00+00:00' AIRFLOW_CTX_TRY_NUMBER='1' AIRFLOW_CTX_DAG_RUN_ID='scheduled__2024-01-01T00:55:00+00:00'
[2024-02-14T02:07:07.468+0000] {subprocess.py:63} INFO - Tmp dir root location: /tmp
[2024-02-14T02:07:07.485+0000] {subprocess.py:75} INFO - Running command: ['/usr/bin/bash', '-c', 'echo StartJob']
[2024-02-14T02:07:07.528+0000] {subprocess.py:86} INFO - Output:
[2024-02-14T02:07:07.532+0000] {subprocess.py:93} INFO - StartJob
[2024-02-14T02:07:07.534+0000] {subprocess.py:97} INFO - Command exited with return code 0
[2024-02-14T02:07:07.617+0000] {taskinstance.py:1138} INFO - Marking task as SUCCESS. dag_id=deverlop_model, task_id=StartJob, execution_date=20240101T005500, start_date=20240214T020706, end_date=20240214T020707
[2024-02-14T02:07:07.735+0000] {local_task_job_runner.py:234} INFO - Task exited with return code 0
[2024-02-14T02:07:07.785+0000] {taskinstance.py:3280} INFO - 1 downstream tasks scheduled from follow-on schedule check
[2024-02-14T03:53:47.104+0000] {taskinstance.py:1956} INFO - Dependencies all met for dep_context=non-requeueable deps ti=<TaskInstance: deverlop_model.StartJob scheduled__2024-01-01T00:55:00+00:00 [queued]>
[2024-02-14T03:53:47.123+0000] {taskinstance.py:1956} INFO - Dependencies all met for dep_context=requeueable deps ti=<TaskInstance: deverlop_model.StartJob scheduled__2024-01-01T00:55:00+00:00 [queued]>
[2024-02-14T03:53:47.126+0000] {taskinstance.py:2170} INFO - Starting attempt 1 of 1
[2024-02-14T03:53:47.204+0000] {taskinstance.py:2191} INFO - Executing <Task(BashOperator): StartJob> on 2024-01-01 00:55:00+00:00
[2024-02-14T03:53:47.245+0000] {standard_task_runner.py:60} INFO - Started process 3428 to run task
[2024-02-14T03:53:47.260+0000] {standard_task_runner.py:87} INFO - Running: ['***', 'tasks', 'run', 'deverlop_model', 'StartJob', 'scheduled__2024-01-01T00:55:00+00:00', '--job-id', '430', '--raw', '--subdir', 'DAGS_FOLDER/task.py', '--cfg-path', '/tmp/tmpbm4po0js']
[2024-02-14T03:53:47.283+0000] {standard_task_runner.py:88} INFO - Job 430: Subtask StartJob
[2024-02-14T03:53:47.472+0000] {task_command.py:423} INFO - Running <TaskInstance: deverlop_model.StartJob scheduled__2024-01-01T00:55:00+00:00 [running]> on host 6e2ff7d2ffd0
[2024-02-14T03:53:47.680+0000] {taskinstance.py:2480} INFO - Exporting env vars: AIRFLOW_CTX_DAG_OWNER='rtn' AIRFLOW_CTX_DAG_ID='deverlop_model' AIRFLOW_CTX_TASK_ID='StartJob' AIRFLOW_CTX_EXECUTION_DATE='2024-01-01T00:55:00+00:00' AIRFLOW_CTX_TRY_NUMBER='1' AIRFLOW_CTX_DAG_RUN_ID='scheduled__2024-01-01T00:55:00+00:00'
[2024-02-14T03:53:47.701+0000] {subprocess.py:63} INFO - Tmp dir root location: /tmp
[2024-02-14T03:53:47.709+0000] {subprocess.py:75} INFO - Running command: ['/usr/bin/bash', '-c', "\n            echo StartJob && \n            if [ ! -e '/opt/***/dags/data/2024-02-14' ]; then\n                mkdir /opt/***/dags/data/2024-02-14 \n            fi && \n            if [ ! -e '/opt/***/dags/data/2024-02-14/data' ]; then\n                mkdir /opt/***/dags/data/2024-02-14/data\n            fi && \n            if [ ! -e '/opt/***/dags/data/2024-02-14/model' ]; then\n                mkdir /opt/***/dags/data/2024-02-14/model\n            fi\n        "]
[2024-02-14T03:53:47.812+0000] {subprocess.py:86} INFO - Output:
[2024-02-14T03:53:47.816+0000] {subprocess.py:93} INFO - StartJob
[2024-02-14T03:53:47.821+0000] {subprocess.py:97} INFO - Command exited with return code 0
[2024-02-14T03:53:47.921+0000] {taskinstance.py:1138} INFO - Marking task as SUCCESS. dag_id=deverlop_model, task_id=StartJob, execution_date=20240101T005500, start_date=20240214T035347, end_date=20240214T035347
[2024-02-14T03:53:48.002+0000] {local_task_job_runner.py:234} INFO - Task exited with return code 0
[2024-02-14T03:53:48.062+0000] {taskinstance.py:3280} INFO - 1 downstream tasks scheduled from follow-on schedule check
[2024-02-14T03:56:01.722+0000] {taskinstance.py:1956} INFO - Dependencies all met for dep_context=non-requeueable deps ti=<TaskInstance: deverlop_model.StartJob scheduled__2024-01-01T00:55:00+00:00 [queued]>
[2024-02-14T03:56:01.738+0000] {taskinstance.py:1956} INFO - Dependencies all met for dep_context=requeueable deps ti=<TaskInstance: deverlop_model.StartJob scheduled__2024-01-01T00:55:00+00:00 [queued]>
[2024-02-14T03:56:01.739+0000] {taskinstance.py:2170} INFO - Starting attempt 1 of 1
[2024-02-14T03:56:01.769+0000] {taskinstance.py:2191} INFO - Executing <Task(BashOperator): StartJob> on 2024-01-01 00:55:00+00:00
[2024-02-14T03:56:01.782+0000] {standard_task_runner.py:60} INFO - Started process 3561 to run task
[2024-02-14T03:56:01.792+0000] {standard_task_runner.py:87} INFO - Running: ['***', 'tasks', 'run', 'deverlop_model', 'StartJob', 'scheduled__2024-01-01T00:55:00+00:00', '--job-id', '457', '--raw', '--subdir', 'DAGS_FOLDER/task.py', '--cfg-path', '/tmp/tmpsxdzmbam']
[2024-02-14T03:56:01.802+0000] {standard_task_runner.py:88} INFO - Job 457: Subtask StartJob
[2024-02-14T03:56:01.929+0000] {task_command.py:423} INFO - Running <TaskInstance: deverlop_model.StartJob scheduled__2024-01-01T00:55:00+00:00 [running]> on host 6e2ff7d2ffd0
[2024-02-14T03:56:02.085+0000] {taskinstance.py:2480} INFO - Exporting env vars: AIRFLOW_CTX_DAG_OWNER='***' AIRFLOW_CTX_DAG_ID='deverlop_model' AIRFLOW_CTX_TASK_ID='StartJob' AIRFLOW_CTX_EXECUTION_DATE='2024-01-01T00:55:00+00:00' AIRFLOW_CTX_TRY_NUMBER='1' AIRFLOW_CTX_DAG_RUN_ID='scheduled__2024-01-01T00:55:00+00:00'
[2024-02-14T03:56:02.088+0000] {subprocess.py:63} INFO - Tmp dir root location: /tmp
[2024-02-14T03:56:02.091+0000] {subprocess.py:75} INFO - Running command: ['/usr/bin/bash', '-c', "\n            echo StartJob && \n            if [ ! -e '/opt/***/dags/data/2024-02-14' ]; then\n                mkdir /opt/***/dags/data/2024-02-14 \n            fi && \n            if [ ! -e '/opt/***/dags/data/2024-02-14/data' ]; then\n                mkdir /opt/***/dags/data/2024-02-14/data\n            fi && \n            if [ ! -e '/opt/***/dags/data/2024-02-14/model' ]; then\n                mkdir /opt/***/dags/data/2024-02-14/model\n            fi\n        "]
[2024-02-14T03:56:02.179+0000] {subprocess.py:86} INFO - Output:
[2024-02-14T03:56:02.181+0000] {subprocess.py:93} INFO - StartJob
[2024-02-14T03:56:02.190+0000] {subprocess.py:97} INFO - Command exited with return code 0
[2024-02-14T03:56:02.255+0000] {taskinstance.py:1138} INFO - Marking task as SUCCESS. dag_id=deverlop_model, task_id=StartJob, execution_date=20240101T005500, start_date=20240214T035601, end_date=20240214T035602
[2024-02-14T03:56:02.327+0000] {local_task_job_runner.py:234} INFO - Task exited with return code 0
[2024-02-14T03:56:02.389+0000] {taskinstance.py:3280} INFO - 1 downstream tasks scheduled from follow-on schedule check
[2024-02-14T04:00:41.670+0000] {taskinstance.py:1956} INFO - Dependencies all met for dep_context=non-requeueable deps ti=<TaskInstance: deverlop_model.StartJob scheduled__2024-01-01T00:55:00+00:00 [queued]>
[2024-02-14T04:00:41.683+0000] {taskinstance.py:1956} INFO - Dependencies all met for dep_context=requeueable deps ti=<TaskInstance: deverlop_model.StartJob scheduled__2024-01-01T00:55:00+00:00 [queued]>
[2024-02-14T04:00:41.684+0000] {taskinstance.py:2170} INFO - Starting attempt 1 of 1
[2024-02-14T04:00:41.703+0000] {taskinstance.py:2191} INFO - Executing <Task(BashOperator): StartJob> on 2024-01-01 00:55:00+00:00
[2024-02-14T04:00:41.719+0000] {standard_task_runner.py:60} INFO - Started process 3857 to run task
[2024-02-14T04:00:41.723+0000] {standard_task_runner.py:87} INFO - Running: ['***', 'tasks', 'run', 'deverlop_model', 'StartJob', 'scheduled__2024-01-01T00:55:00+00:00', '--job-id', '523', '--raw', '--subdir', 'DAGS_FOLDER/task.py', '--cfg-path', '/tmp/tmptityon37']
[2024-02-14T04:00:41.727+0000] {standard_task_runner.py:88} INFO - Job 523: Subtask StartJob
[2024-02-14T04:00:41.791+0000] {task_command.py:423} INFO - Running <TaskInstance: deverlop_model.StartJob scheduled__2024-01-01T00:55:00+00:00 [running]> on host 6e2ff7d2ffd0
[2024-02-14T04:00:41.883+0000] {taskinstance.py:2480} INFO - Exporting env vars: AIRFLOW_CTX_DAG_OWNER='***' AIRFLOW_CTX_DAG_ID='deverlop_model' AIRFLOW_CTX_TASK_ID='StartJob' AIRFLOW_CTX_EXECUTION_DATE='2024-01-01T00:55:00+00:00' AIRFLOW_CTX_TRY_NUMBER='1' AIRFLOW_CTX_DAG_RUN_ID='scheduled__2024-01-01T00:55:00+00:00'
[2024-02-14T04:00:41.887+0000] {subprocess.py:63} INFO - Tmp dir root location: /tmp
[2024-02-14T04:00:41.889+0000] {subprocess.py:75} INFO - Running command: ['/usr/bin/bash', '-c', "\n            echo StartJob && \n            if [ ! -e '/opt/***/dags/data/2024-02-14' ]; then\n                mkdir /opt/***/dags/data/2024-02-14 \n            fi && \n            if [ ! -e '/opt/***/dags/data/2024-02-14/data' ]; then\n                mkdir /opt/***/dags/data/2024-02-14/data\n            fi && \n            if [ ! -e '/opt/***/dags/data/2024-02-14/model' ]; then\n                mkdir /opt/***/dags/data/2024-02-14/model\n            fi\n        "]
[2024-02-14T04:00:41.907+0000] {subprocess.py:86} INFO - Output:
[2024-02-14T04:00:41.909+0000] {subprocess.py:93} INFO - StartJob
[2024-02-14T04:00:41.911+0000] {subprocess.py:97} INFO - Command exited with return code 0
[2024-02-14T04:00:41.942+0000] {taskinstance.py:1138} INFO - Marking task as SUCCESS. dag_id=deverlop_model, task_id=StartJob, execution_date=20240101T005500, start_date=20240214T040041, end_date=20240214T040041
[2024-02-14T04:00:42.016+0000] {local_task_job_runner.py:234} INFO - Task exited with return code 0
[2024-02-14T04:00:42.051+0000] {taskinstance.py:3280} INFO - 1 downstream tasks scheduled from follow-on schedule check
