[2024-02-13T06:56:52.426+0000] {taskinstance.py:1956} INFO - Dependencies all met for dep_context=non-requeueable deps ti=<TaskInstance: deverlop_model.data_sets manual__2024-02-13T06:56:49.084028+00:00 [queued]>
[2024-02-13T06:56:52.436+0000] {taskinstance.py:1956} INFO - Dependencies all met for dep_context=requeueable deps ti=<TaskInstance: deverlop_model.data_sets manual__2024-02-13T06:56:49.084028+00:00 [queued]>
[2024-02-13T06:56:52.437+0000] {taskinstance.py:2170} INFO - Starting attempt 1 of 1
[2024-02-13T06:56:52.455+0000] {taskinstance.py:2191} INFO - Executing <Task(DockerOperator): data_sets> on 2024-02-13 06:56:49.084028+00:00
[2024-02-13T06:56:52.464+0000] {standard_task_runner.py:60} INFO - Started process 167 to run task
[2024-02-13T06:56:52.468+0000] {standard_task_runner.py:87} INFO - Running: ['***', 'tasks', 'run', 'deverlop_model', 'data_sets', 'manual__2024-02-13T06:56:49.084028+00:00', '--job-id', '11', '--raw', '--subdir', 'DAGS_FOLDER/task.py', '--cfg-path', '/tmp/tmpvwis9bep']
[2024-02-13T06:56:52.470+0000] {standard_task_runner.py:88} INFO - Job 11: Subtask data_sets
[2024-02-13T06:56:52.524+0000] {task_command.py:423} INFO - Running <TaskInstance: deverlop_model.data_sets manual__2024-02-13T06:56:49.084028+00:00 [running]> on host 3346c6dff994
[2024-02-13T06:56:52.619+0000] {taskinstance.py:2480} INFO - Exporting env vars: AIRFLOW_CTX_DAG_OWNER='rtn' AIRFLOW_CTX_DAG_ID='deverlop_model' AIRFLOW_CTX_TASK_ID='data_sets' AIRFLOW_CTX_EXECUTION_DATE='2024-02-13T06:56:49.084028+00:00' AIRFLOW_CTX_TRY_NUMBER='1' AIRFLOW_CTX_DAG_RUN_ID='manual__2024-02-13T06:56:49.084028+00:00'
[2024-02-13T06:56:52.651+0000] {docker.py:486} INFO - Pulling docker image python:3.8
[2024-02-13T06:56:56.083+0000] {docker.py:500} INFO - 3.8: Pulling from library/python
[2024-02-13T06:56:56.962+0000] {docker.py:500} INFO - 6a299ae9cfd9: Pulling fs layer
[2024-02-13T06:56:56.963+0000] {docker.py:500} INFO - e08e8703b2fb: Pulling fs layer
[2024-02-13T06:56:56.965+0000] {docker.py:500} INFO - 68e92d11b04e: Pulling fs layer
[2024-02-13T06:56:56.965+0000] {docker.py:500} INFO - 5b9fe7fef9be: Pulling fs layer
[2024-02-13T06:56:56.966+0000] {docker.py:500} INFO - 09864a904dd0: Pulling fs layer
[2024-02-13T06:56:56.966+0000] {docker.py:500} INFO - a1422769d5be: Pulling fs layer
[2024-02-13T06:56:56.967+0000] {docker.py:500} INFO - fad1ae7101cd: Pulling fs layer
[2024-02-13T06:56:56.967+0000] {docker.py:500} INFO - 96467e04897d: Pulling fs layer
[2024-02-13T06:56:56.968+0000] {docker.py:500} INFO - 09864a904dd0: Waiting
[2024-02-13T06:56:56.968+0000] {docker.py:500} INFO - a1422769d5be: Waiting
[2024-02-13T06:56:56.969+0000] {docker.py:500} INFO - fad1ae7101cd: Waiting
[2024-02-13T06:56:56.969+0000] {docker.py:500} INFO - 96467e04897d: Waiting
[2024-02-13T06:56:56.970+0000] {docker.py:500} INFO - 5b9fe7fef9be: Waiting
[2024-02-13T06:56:58.044+0000] {docker.py:500} INFO - e08e8703b2fb: Downloading
[2024-02-13T06:56:58.062+0000] {docker.py:500} INFO - 6a299ae9cfd9: Downloading
[2024-02-13T06:56:58.088+0000] {docker.py:500} INFO - 68e92d11b04e: Downloading
[2024-02-13T06:57:00.740+0000] {docker.py:500} INFO - e08e8703b2fb: Verifying Checksum
[2024-02-13T06:57:00.742+0000] {docker.py:500} INFO - e08e8703b2fb: Download complete
[2024-02-13T06:57:01.162+0000] {docker.py:500} INFO - 6a299ae9cfd9: Download complete
[2024-02-13T06:57:01.244+0000] {docker.py:500} INFO - 6a299ae9cfd9: Extracting
[2024-02-13T06:57:01.842+0000] {docker.py:500} INFO - 5b9fe7fef9be: Downloading
[2024-02-13T06:57:02.330+0000] {docker.py:500} INFO - 09864a904dd0: Downloading
[2024-02-13T06:57:03.662+0000] {docker.py:500} INFO - 68e92d11b04e: Verifying Checksum
[2024-02-13T06:57:03.663+0000] {docker.py:500} INFO - 68e92d11b04e: Download complete
[2024-02-13T06:57:04.061+0000] {docker.py:500} INFO - 09864a904dd0: Verifying Checksum
[2024-02-13T06:57:04.062+0000] {docker.py:500} INFO - 09864a904dd0: Download complete
[2024-02-13T06:57:04.313+0000] {docker.py:500} INFO - 6a299ae9cfd9: Pull complete
[2024-02-13T06:57:04.390+0000] {docker.py:500} INFO - e08e8703b2fb: Extracting
[2024-02-13T06:57:04.828+0000] {docker.py:500} INFO - a1422769d5be: Downloading
[2024-02-13T06:57:05.062+0000] {docker.py:500} INFO - fad1ae7101cd: Download complete
[2024-02-13T06:57:05.406+0000] {docker.py:500} INFO - e08e8703b2fb: Pull complete
[2024-02-13T06:57:05.455+0000] {docker.py:500} INFO - 68e92d11b04e: Extracting
[2024-02-13T06:57:06.308+0000] {docker.py:500} INFO - a1422769d5be: Verifying Checksum
[2024-02-13T06:57:06.309+0000] {docker.py:500} INFO - a1422769d5be: Download complete
[2024-02-13T06:57:06.444+0000] {docker.py:500} INFO - 96467e04897d: Downloading
[2024-02-13T06:57:06.877+0000] {docker.py:500} INFO - 96467e04897d: Verifying Checksum
[2024-02-13T06:57:06.878+0000] {docker.py:500} INFO - 96467e04897d: Download complete
[2024-02-13T06:57:12.424+0000] {docker.py:500} INFO - 5b9fe7fef9be: Verifying Checksum
[2024-02-13T06:57:12.425+0000] {docker.py:500} INFO - 5b9fe7fef9be: Download complete
[2024-02-13T06:57:34.056+0000] {docker.py:500} INFO - 68e92d11b04e: Pull complete
[2024-02-13T06:57:34.287+0000] {docker.py:500} INFO - 5b9fe7fef9be: Extracting
[2024-02-13T06:58:03.423+0000] {docker.py:500} INFO - 5b9fe7fef9be: Pull complete
[2024-02-13T06:58:03.440+0000] {docker.py:500} INFO - 09864a904dd0: Extracting
[2024-02-13T06:58:03.928+0000] {docker.py:500} INFO - 09864a904dd0: Pull complete
[2024-02-13T06:58:03.950+0000] {docker.py:500} INFO - a1422769d5be: Extracting
[2024-02-13T06:58:04.784+0000] {docker.py:500} INFO - a1422769d5be: Pull complete
[2024-02-13T06:58:04.789+0000] {docker.py:500} INFO - fad1ae7101cd: Extracting
[2024-02-13T06:58:04.814+0000] {docker.py:500} INFO - fad1ae7101cd: Pull complete
[2024-02-13T06:58:04.819+0000] {docker.py:500} INFO - 96467e04897d: Extracting
[2024-02-13T06:58:05.201+0000] {docker.py:500} INFO - 96467e04897d: Pull complete
[2024-02-13T06:58:05.224+0000] {docker.py:495} INFO - Digest: sha256:afc3b723caef31e03dfa343e8bcdeee8ad4fd11e2672eb3365e5fd59fafa3c09
[2024-02-13T06:58:05.233+0000] {docker.py:495} INFO - Status: Downloaded newer image for python:3.8
[2024-02-13T06:58:05.238+0000] {docker.py:359} INFO - Starting docker container from image python:3.8
[2024-02-13T06:58:07.969+0000] {docker.py:429} INFO - WARNING: Running pip as the 'root' user can result in broken permissions and conflicting behaviour with the system package manager. It is recommended to use a virtual environment instead: https://pip.pypa.io/warnings/venv
[2024-02-13T06:58:08.150+0000] {docker.py:429} INFO - [notice] A new release of pip is available: 23.0.1 -> 24.0
[notice] To update, run: pip install --upgrade pip
[2024-02-13T06:58:13.282+0000] {docker.py:429} INFO - READ DATA :  HELLO WORLD  timestamp :  2024-02-13 06:58:13.279764
[2024-02-13T06:58:15.274+0000] {taskinstance.py:1138} INFO - Marking task as SUCCESS. dag_id=deverlop_model, task_id=data_sets, execution_date=20240213T065649, start_date=20240213T065652, end_date=20240213T065815
[2024-02-13T06:58:15.324+0000] {local_task_job_runner.py:234} INFO - Task exited with return code 0
[2024-02-13T06:58:15.343+0000] {taskinstance.py:3280} INFO - 1 downstream tasks scheduled from follow-on schedule check
