[2024-02-14T03:32:47.699+0000] {taskinstance.py:1956} INFO - Dependencies all met for dep_context=non-requeueable deps ti=<TaskInstance: deverlop_model.StartJob scheduled__2024-02-01T00:00:00+00:00 [queued]>
[2024-02-14T03:32:47.712+0000] {taskinstance.py:1956} INFO - Dependencies all met for dep_context=requeueable deps ti=<TaskInstance: deverlop_model.StartJob scheduled__2024-02-01T00:00:00+00:00 [queued]>
[2024-02-14T03:32:47.713+0000] {taskinstance.py:2170} INFO - Starting attempt 1 of 1
[2024-02-14T03:32:47.736+0000] {taskinstance.py:2191} INFO - Executing <Task(BashOperator): StartJob> on 2024-02-01 00:00:00+00:00
[2024-02-14T03:32:47.748+0000] {standard_task_runner.py:60} INFO - Started process 2305 to run task
[2024-02-14T03:32:47.754+0000] {standard_task_runner.py:87} INFO - Running: ['***', 'tasks', 'run', 'deverlop_model', 'StartJob', 'scheduled__2024-02-01T00:00:00+00:00', '--job-id', '203', '--raw', '--subdir', 'DAGS_FOLDER/task.py', '--cfg-path', '/tmp/tmpgcf11fv7']
[2024-02-14T03:32:47.763+0000] {standard_task_runner.py:88} INFO - Job 203: Subtask StartJob
[2024-02-14T03:32:47.858+0000] {task_command.py:423} INFO - Running <TaskInstance: deverlop_model.StartJob scheduled__2024-02-01T00:00:00+00:00 [running]> on host 6e2ff7d2ffd0
[2024-02-14T03:32:48.028+0000] {taskinstance.py:2480} INFO - Exporting env vars: AIRFLOW_CTX_DAG_OWNER='rtn' AIRFLOW_CTX_DAG_ID='deverlop_model' AIRFLOW_CTX_TASK_ID='StartJob' AIRFLOW_CTX_EXECUTION_DATE='2024-02-01T00:00:00+00:00' AIRFLOW_CTX_TRY_NUMBER='1' AIRFLOW_CTX_DAG_RUN_ID='scheduled__2024-02-01T00:00:00+00:00'
[2024-02-14T03:32:48.037+0000] {subprocess.py:63} INFO - Tmp dir root location: /tmp
[2024-02-14T03:32:48.044+0000] {subprocess.py:75} INFO - Running command: ['/usr/bin/bash', '-c', "\n            echo StartJob && \n            if [ ! -e '/opt/***/dags/data/2024-02-14' ]; then\n                mkdir /opt/***/dags/data/2024-02-14 \n            fi && \n            if [ ! -e '/opt/***/dags/data/2024-02-14/data' ]; then\n                mkdir /opt/***/dags/data/2024-02-14/data\n            fi && \n            if [ ! -e '/opt/***/dags/data/2024-02-14/model' ]; then\n                mkdir /opt/***/dags/data/2024-02-14/model\n            fi\n        "]
[2024-02-14T03:32:48.134+0000] {subprocess.py:86} INFO - Output:
[2024-02-14T03:32:48.137+0000] {subprocess.py:93} INFO - StartJob
[2024-02-14T03:32:48.153+0000] {subprocess.py:97} INFO - Command exited with return code 0
[2024-02-14T03:32:48.242+0000] {taskinstance.py:1138} INFO - Marking task as SUCCESS. dag_id=deverlop_model, task_id=StartJob, execution_date=20240201T000000, start_date=20240214T033247, end_date=20240214T033248
[2024-02-14T03:32:48.538+0000] {local_task_job_runner.py:234} INFO - Task exited with return code 0
[2024-02-14T03:32:48.585+0000] {taskinstance.py:3280} INFO - 1 downstream tasks scheduled from follow-on schedule check
[2024-02-14T03:34:19.511+0000] {taskinstance.py:1956} INFO - Dependencies all met for dep_context=non-requeueable deps ti=<TaskInstance: deverlop_model.StartJob scheduled__2024-02-01T00:00:00+00:00 [queued]>
[2024-02-14T03:34:19.522+0000] {taskinstance.py:1956} INFO - Dependencies all met for dep_context=requeueable deps ti=<TaskInstance: deverlop_model.StartJob scheduled__2024-02-01T00:00:00+00:00 [queued]>
[2024-02-14T03:34:19.523+0000] {taskinstance.py:2170} INFO - Starting attempt 1 of 1
[2024-02-14T03:34:19.582+0000] {taskinstance.py:2191} INFO - Executing <Task(BashOperator): StartJob> on 2024-02-01 00:00:00+00:00
[2024-02-14T03:34:19.594+0000] {standard_task_runner.py:60} INFO - Started process 2413 to run task
[2024-02-14T03:34:19.600+0000] {standard_task_runner.py:87} INFO - Running: ['***', 'tasks', 'run', 'deverlop_model', 'StartJob', 'scheduled__2024-02-01T00:00:00+00:00', '--job-id', '225', '--raw', '--subdir', 'DAGS_FOLDER/task.py', '--cfg-path', '/tmp/tmp_3ptp26x']
[2024-02-14T03:34:19.605+0000] {standard_task_runner.py:88} INFO - Job 225: Subtask StartJob
[2024-02-14T03:34:19.680+0000] {task_command.py:423} INFO - Running <TaskInstance: deverlop_model.StartJob scheduled__2024-02-01T00:00:00+00:00 [running]> on host 6e2ff7d2ffd0
[2024-02-14T03:34:19.781+0000] {taskinstance.py:2480} INFO - Exporting env vars: AIRFLOW_CTX_DAG_OWNER='rtn' AIRFLOW_CTX_DAG_ID='deverlop_model' AIRFLOW_CTX_TASK_ID='StartJob' AIRFLOW_CTX_EXECUTION_DATE='2024-02-01T00:00:00+00:00' AIRFLOW_CTX_TRY_NUMBER='1' AIRFLOW_CTX_DAG_RUN_ID='scheduled__2024-02-01T00:00:00+00:00'
[2024-02-14T03:34:19.784+0000] {subprocess.py:63} INFO - Tmp dir root location: /tmp
[2024-02-14T03:34:19.786+0000] {subprocess.py:75} INFO - Running command: ['/usr/bin/bash', '-c', "\n            echo StartJob && \n            if [ ! -e '/opt/***/dags/data/2024-02-14' ]; then\n                mkdir /opt/***/dags/data/2024-02-14 \n            fi && \n            if [ ! -e '/opt/***/dags/data/2024-02-14/data' ]; then\n                mkdir /opt/***/dags/data/2024-02-14/data\n            fi && \n            if [ ! -e '/opt/***/dags/data/2024-02-14/model' ]; then\n                mkdir /opt/***/dags/data/2024-02-14/model\n            fi\n        "]
[2024-02-14T03:34:19.816+0000] {subprocess.py:86} INFO - Output:
[2024-02-14T03:34:19.818+0000] {subprocess.py:93} INFO - StartJob
[2024-02-14T03:34:19.828+0000] {subprocess.py:97} INFO - Command exited with return code 0
[2024-02-14T03:34:19.863+0000] {taskinstance.py:1138} INFO - Marking task as SUCCESS. dag_id=deverlop_model, task_id=StartJob, execution_date=20240201T000000, start_date=20240214T033419, end_date=20240214T033419
[2024-02-14T03:34:19.935+0000] {local_task_job_runner.py:234} INFO - Task exited with return code 0
[2024-02-14T03:34:19.984+0000] {taskinstance.py:3280} INFO - 1 downstream tasks scheduled from follow-on schedule check
[2024-02-14T03:37:57.375+0000] {taskinstance.py:1956} INFO - Dependencies all met for dep_context=non-requeueable deps ti=<TaskInstance: deverlop_model.StartJob scheduled__2024-02-01T00:00:00+00:00 [queued]>
[2024-02-14T03:37:57.387+0000] {taskinstance.py:1956} INFO - Dependencies all met for dep_context=requeueable deps ti=<TaskInstance: deverlop_model.StartJob scheduled__2024-02-01T00:00:00+00:00 [queued]>
[2024-02-14T03:37:57.390+0000] {taskinstance.py:2170} INFO - Starting attempt 1 of 1
[2024-02-14T03:37:57.416+0000] {taskinstance.py:2191} INFO - Executing <Task(BashOperator): StartJob> on 2024-02-01 00:00:00+00:00
[2024-02-14T03:37:57.426+0000] {standard_task_runner.py:60} INFO - Started process 2737 to run task
[2024-02-14T03:37:57.430+0000] {standard_task_runner.py:87} INFO - Running: ['***', 'tasks', 'run', 'deverlop_model', 'StartJob', 'scheduled__2024-02-01T00:00:00+00:00', '--job-id', '301', '--raw', '--subdir', 'DAGS_FOLDER/task.py', '--cfg-path', '/tmp/tmp47m_tfof']
[2024-02-14T03:37:57.439+0000] {standard_task_runner.py:88} INFO - Job 301: Subtask StartJob
[2024-02-14T03:37:57.587+0000] {task_command.py:423} INFO - Running <TaskInstance: deverlop_model.StartJob scheduled__2024-02-01T00:00:00+00:00 [running]> on host 6e2ff7d2ffd0
[2024-02-14T03:37:57.745+0000] {taskinstance.py:2480} INFO - Exporting env vars: AIRFLOW_CTX_DAG_OWNER='rtn' AIRFLOW_CTX_DAG_ID='deverlop_model' AIRFLOW_CTX_TASK_ID='StartJob' AIRFLOW_CTX_EXECUTION_DATE='2024-02-01T00:00:00+00:00' AIRFLOW_CTX_TRY_NUMBER='1' AIRFLOW_CTX_DAG_RUN_ID='scheduled__2024-02-01T00:00:00+00:00'
[2024-02-14T03:37:57.749+0000] {subprocess.py:63} INFO - Tmp dir root location: /tmp
[2024-02-14T03:37:57.751+0000] {subprocess.py:75} INFO - Running command: ['/usr/bin/bash', '-c', "\n            echo StartJob && \n            if [ ! -e '/opt/***/dags/data/2024-02-14' ]; then\n                mkdir /opt/***/dags/data/2024-02-14 \n            fi && \n            if [ ! -e '/opt/***/dags/data/2024-02-14/data' ]; then\n                mkdir /opt/***/dags/data/2024-02-14/data\n            fi && \n            if [ ! -e '/opt/***/dags/data/2024-02-14/model' ]; then\n                mkdir /opt/***/dags/data/2024-02-14/model\n            fi\n        "]
[2024-02-14T03:37:57.774+0000] {subprocess.py:86} INFO - Output:
[2024-02-14T03:37:57.776+0000] {subprocess.py:93} INFO - StartJob
[2024-02-14T03:37:57.783+0000] {subprocess.py:97} INFO - Command exited with return code 0
[2024-02-14T03:37:57.841+0000] {taskinstance.py:1138} INFO - Marking task as SUCCESS. dag_id=deverlop_model, task_id=StartJob, execution_date=20240201T000000, start_date=20240214T033757, end_date=20240214T033757
[2024-02-14T03:37:57.913+0000] {local_task_job_runner.py:234} INFO - Task exited with return code 0
[2024-02-14T03:37:57.967+0000] {taskinstance.py:3280} INFO - 1 downstream tasks scheduled from follow-on schedule check
[2024-02-14T03:39:22.998+0000] {taskinstance.py:1956} INFO - Dependencies all met for dep_context=non-requeueable deps ti=<TaskInstance: deverlop_model.StartJob scheduled__2024-02-01T00:00:00+00:00 [queued]>
[2024-02-14T03:39:23.008+0000] {taskinstance.py:1956} INFO - Dependencies all met for dep_context=requeueable deps ti=<TaskInstance: deverlop_model.StartJob scheduled__2024-02-01T00:00:00+00:00 [queued]>
[2024-02-14T03:39:23.009+0000] {taskinstance.py:2170} INFO - Starting attempt 1 of 1
[2024-02-14T03:39:23.027+0000] {taskinstance.py:2191} INFO - Executing <Task(BashOperator): StartJob> on 2024-02-01 00:00:00+00:00
[2024-02-14T03:39:23.037+0000] {standard_task_runner.py:60} INFO - Started process 2941 to run task
[2024-02-14T03:39:23.042+0000] {standard_task_runner.py:87} INFO - Running: ['***', 'tasks', 'run', 'deverlop_model', 'StartJob', 'scheduled__2024-02-01T00:00:00+00:00', '--job-id', '354', '--raw', '--subdir', 'DAGS_FOLDER/task.py', '--cfg-path', '/tmp/tmp2fz85at4']
[2024-02-14T03:39:23.045+0000] {standard_task_runner.py:88} INFO - Job 354: Subtask StartJob
[2024-02-14T03:39:23.111+0000] {task_command.py:423} INFO - Running <TaskInstance: deverlop_model.StartJob scheduled__2024-02-01T00:00:00+00:00 [running]> on host 6e2ff7d2ffd0
[2024-02-14T03:39:23.207+0000] {taskinstance.py:2480} INFO - Exporting env vars: AIRFLOW_CTX_DAG_OWNER='rtn' AIRFLOW_CTX_DAG_ID='deverlop_model' AIRFLOW_CTX_TASK_ID='StartJob' AIRFLOW_CTX_EXECUTION_DATE='2024-02-01T00:00:00+00:00' AIRFLOW_CTX_TRY_NUMBER='1' AIRFLOW_CTX_DAG_RUN_ID='scheduled__2024-02-01T00:00:00+00:00'
[2024-02-14T03:39:23.211+0000] {subprocess.py:63} INFO - Tmp dir root location: /tmp
[2024-02-14T03:39:23.213+0000] {subprocess.py:75} INFO - Running command: ['/usr/bin/bash', '-c', "\n            echo StartJob && \n            if [ ! -e '/opt/***/dags/data/2024-02-14' ]; then\n                mkdir /opt/***/dags/data/2024-02-14 \n            fi && \n            if [ ! -e '/opt/***/dags/data/2024-02-14/data' ]; then\n                mkdir /opt/***/dags/data/2024-02-14/data\n            fi && \n            if [ ! -e '/opt/***/dags/data/2024-02-14/model' ]; then\n                mkdir /opt/***/dags/data/2024-02-14/model\n            fi\n        "]
[2024-02-14T03:39:23.231+0000] {subprocess.py:86} INFO - Output:
[2024-02-14T03:39:23.233+0000] {subprocess.py:93} INFO - StartJob
[2024-02-14T03:39:23.238+0000] {subprocess.py:97} INFO - Command exited with return code 0
[2024-02-14T03:39:23.273+0000] {taskinstance.py:1138} INFO - Marking task as SUCCESS. dag_id=deverlop_model, task_id=StartJob, execution_date=20240201T000000, start_date=20240214T033922, end_date=20240214T033923
[2024-02-14T03:39:23.336+0000] {local_task_job_runner.py:234} INFO - Task exited with return code 0
[2024-02-14T03:39:23.380+0000] {taskinstance.py:3280} INFO - 1 downstream tasks scheduled from follow-on schedule check
[2024-02-14T04:09:29.466+0000] {taskinstance.py:1956} INFO - Dependencies all met for dep_context=non-requeueable deps ti=<TaskInstance: deverlop_model.StartJob scheduled__2024-02-01T00:00:00+00:00 [queued]>
[2024-02-14T04:09:29.479+0000] {taskinstance.py:1956} INFO - Dependencies all met for dep_context=requeueable deps ti=<TaskInstance: deverlop_model.StartJob scheduled__2024-02-01T00:00:00+00:00 [queued]>
[2024-02-14T04:09:29.480+0000] {taskinstance.py:2170} INFO - Starting attempt 1 of 1
[2024-02-14T04:09:29.508+0000] {taskinstance.py:2191} INFO - Executing <Task(BashOperator): StartJob> on 2024-02-01 00:00:00+00:00
[2024-02-14T04:09:29.526+0000] {standard_task_runner.py:60} INFO - Started process 4037 to run task
[2024-02-14T04:09:29.537+0000] {standard_task_runner.py:87} INFO - Running: ['***', 'tasks', 'run', 'deverlop_model', 'StartJob', 'scheduled__2024-02-01T00:00:00+00:00', '--job-id', '534', '--raw', '--subdir', 'DAGS_FOLDER/task.py', '--cfg-path', '/tmp/tmp_485g6ax']
[2024-02-14T04:09:29.542+0000] {standard_task_runner.py:88} INFO - Job 534: Subtask StartJob
[2024-02-14T04:09:29.663+0000] {task_command.py:423} INFO - Running <TaskInstance: deverlop_model.StartJob scheduled__2024-02-01T00:00:00+00:00 [running]> on host 6e2ff7d2ffd0
[2024-02-14T04:09:29.756+0000] {taskinstance.py:2480} INFO - Exporting env vars: AIRFLOW_CTX_DAG_OWNER='rtn' AIRFLOW_CTX_DAG_ID='deverlop_model' AIRFLOW_CTX_TASK_ID='StartJob' AIRFLOW_CTX_EXECUTION_DATE='2024-02-01T00:00:00+00:00' AIRFLOW_CTX_TRY_NUMBER='1' AIRFLOW_CTX_DAG_RUN_ID='scheduled__2024-02-01T00:00:00+00:00'
[2024-02-14T04:09:29.760+0000] {subprocess.py:63} INFO - Tmp dir root location: /tmp
[2024-02-14T04:09:29.761+0000] {subprocess.py:75} INFO - Running command: ['/usr/bin/bash', '-c', "\n            echo StartJob && \n            if [ ! -e '/opt/***/dags/data/2024-02-14' ]; then\n                mkdir /opt/***/dags/data/2024-02-14 \n            fi && \n            if [ ! -e '/opt/***/dags/data/2024-02-14/data' ]; then\n                mkdir /opt/***/dags/data/2024-02-14/data\n            fi && \n            if [ ! -e '/opt/***/dags/data/2024-02-14/model' ]; then\n                mkdir /opt/***/dags/data/2024-02-14/model\n            fi\n        "]
[2024-02-14T04:09:29.783+0000] {subprocess.py:86} INFO - Output:
[2024-02-14T04:09:29.784+0000] {subprocess.py:93} INFO - StartJob
[2024-02-14T04:09:29.794+0000] {subprocess.py:97} INFO - Command exited with return code 0
[2024-02-14T04:09:29.835+0000] {taskinstance.py:1138} INFO - Marking task as SUCCESS. dag_id=deverlop_model, task_id=StartJob, execution_date=20240201T000000, start_date=20240214T040929, end_date=20240214T040929
[2024-02-14T04:09:29.884+0000] {local_task_job_runner.py:234} INFO - Task exited with return code 0
[2024-02-14T04:09:29.920+0000] {taskinstance.py:3280} INFO - 1 downstream tasks scheduled from follow-on schedule check
[2024-02-14T04:14:26.287+0000] {taskinstance.py:1956} INFO - Dependencies all met for dep_context=non-requeueable deps ti=<TaskInstance: deverlop_model.StartJob scheduled__2024-02-01T00:00:00+00:00 [queued]>
[2024-02-14T04:14:26.301+0000] {taskinstance.py:1956} INFO - Dependencies all met for dep_context=requeueable deps ti=<TaskInstance: deverlop_model.StartJob scheduled__2024-02-01T00:00:00+00:00 [queued]>
[2024-02-14T04:14:26.303+0000] {taskinstance.py:2170} INFO - Starting attempt 1 of 1
[2024-02-14T04:14:26.332+0000] {taskinstance.py:2191} INFO - Executing <Task(BashOperator): StartJob> on 2024-02-01 00:00:00+00:00
[2024-02-14T04:14:26.369+0000] {standard_task_runner.py:60} INFO - Started process 4204 to run task
[2024-02-14T04:14:26.375+0000] {standard_task_runner.py:87} INFO - Running: ['***', 'tasks', 'run', 'deverlop_model', 'StartJob', 'scheduled__2024-02-01T00:00:00+00:00', '--job-id', '560', '--raw', '--subdir', 'DAGS_FOLDER/task.py', '--cfg-path', '/tmp/tmp0iq70dxu']
[2024-02-14T04:14:26.384+0000] {standard_task_runner.py:88} INFO - Job 560: Subtask StartJob
[2024-02-14T04:14:26.478+0000] {task_command.py:423} INFO - Running <TaskInstance: deverlop_model.StartJob scheduled__2024-02-01T00:00:00+00:00 [running]> on host 6e2ff7d2ffd0
[2024-02-14T04:14:26.564+0000] {taskinstance.py:2480} INFO - Exporting env vars: AIRFLOW_CTX_DAG_OWNER='rtn' AIRFLOW_CTX_DAG_ID='deverlop_model' AIRFLOW_CTX_TASK_ID='StartJob' AIRFLOW_CTX_EXECUTION_DATE='2024-02-01T00:00:00+00:00' AIRFLOW_CTX_TRY_NUMBER='1' AIRFLOW_CTX_DAG_RUN_ID='scheduled__2024-02-01T00:00:00+00:00'
[2024-02-14T04:14:26.567+0000] {subprocess.py:63} INFO - Tmp dir root location: /tmp
[2024-02-14T04:14:26.569+0000] {subprocess.py:75} INFO - Running command: ['/usr/bin/bash', '-c', "\n            echo StartJob && \n            if [ ! -e '/opt/***/dags/data/2024-02-14' ]; then\n                mkdir /opt/***/dags/data/2024-02-14 \n            fi && \n            if [ ! -e '/opt/***/dags/data/2024-02-14/data' ]; then\n                mkdir /opt/***/dags/data/2024-02-14/data\n            fi && \n            if [ ! -e '/opt/***/dags/data/2024-02-14/model' ]; then\n                mkdir /opt/***/dags/data/2024-02-14/model\n            fi\n        "]
[2024-02-14T04:14:26.590+0000] {subprocess.py:86} INFO - Output:
[2024-02-14T04:14:26.592+0000] {subprocess.py:93} INFO - StartJob
[2024-02-14T04:14:26.597+0000] {subprocess.py:97} INFO - Command exited with return code 0
[2024-02-14T04:14:26.634+0000] {taskinstance.py:1138} INFO - Marking task as SUCCESS. dag_id=deverlop_model, task_id=StartJob, execution_date=20240201T000000, start_date=20240214T041426, end_date=20240214T041426
[2024-02-14T04:14:26.675+0000] {local_task_job_runner.py:234} INFO - Task exited with return code 0
[2024-02-14T04:14:27.381+0000] {taskinstance.py:3280} INFO - 0 downstream tasks scheduled from follow-on schedule check
