[2024-02-13T16:45:53.958+0000] {taskinstance.py:1956} INFO - Dependencies all met for dep_context=non-requeueable deps ti=<TaskInstance: deverlop_model.Start_job scheduled__2022-01-01T01:00:00+00:00 [queued]>
[2024-02-13T16:45:54.000+0000] {taskinstance.py:1956} INFO - Dependencies all met for dep_context=requeueable deps ti=<TaskInstance: deverlop_model.Start_job scheduled__2022-01-01T01:00:00+00:00 [queued]>
[2024-02-13T16:45:54.002+0000] {taskinstance.py:2170} INFO - Starting attempt 1 of 1
[2024-02-13T16:45:54.055+0000] {taskinstance.py:2191} INFO - Executing <Task(BashOperator): Start_job> on 2022-01-01 01:00:00+00:00
[2024-02-13T16:45:54.070+0000] {standard_task_runner.py:60} INFO - Started process 625 to run task
[2024-02-13T16:45:54.088+0000] {standard_task_runner.py:87} INFO - Running: ['***', 'tasks', 'run', 'deverlop_model', 'Start_job', 'scheduled__2022-01-01T01:00:00+00:00', '--job-id', '29', '--raw', '--subdir', 'DAGS_FOLDER/task.py', '--cfg-path', '/tmp/tmpaf7ua_uo']
[2024-02-13T16:45:54.095+0000] {standard_task_runner.py:88} INFO - Job 29: Subtask Start_job
[2024-02-13T16:45:54.562+0000] {task_command.py:423} INFO - Running <TaskInstance: deverlop_model.Start_job scheduled__2022-01-01T01:00:00+00:00 [running]> on host a5e5e25b3882
[2024-02-13T16:45:54.936+0000] {taskinstance.py:2480} INFO - Exporting env vars: AIRFLOW_CTX_DAG_OWNER='rtn' AIRFLOW_CTX_DAG_ID='deverlop_model' AIRFLOW_CTX_TASK_ID='Start_job' AIRFLOW_CTX_EXECUTION_DATE='2022-01-01T01:00:00+00:00' AIRFLOW_CTX_TRY_NUMBER='1' AIRFLOW_CTX_DAG_RUN_ID='scheduled__2022-01-01T01:00:00+00:00'
[2024-02-13T16:45:54.946+0000] {subprocess.py:63} INFO - Tmp dir root location: /tmp
[2024-02-13T16:45:54.960+0000] {subprocess.py:75} INFO - Running command: ['/usr/bin/bash', '-c', 'echo START JOBS']
[2024-02-13T16:45:55.021+0000] {subprocess.py:86} INFO - Output:
[2024-02-13T16:45:55.027+0000] {subprocess.py:93} INFO - START JOBS
[2024-02-13T16:45:55.030+0000] {subprocess.py:97} INFO - Command exited with return code 0
[2024-02-13T16:45:55.153+0000] {taskinstance.py:1138} INFO - Marking task as SUCCESS. dag_id=deverlop_model, task_id=Start_job, execution_date=20220101T010000, start_date=20240213T164553, end_date=20240213T164555
[2024-02-13T16:45:55.282+0000] {local_task_job_runner.py:234} INFO - Task exited with return code 0
[2024-02-13T16:45:55.367+0000] {taskinstance.py:3280} INFO - 1 downstream tasks scheduled from follow-on schedule check
[2024-02-13T16:47:30.460+0000] {taskinstance.py:1956} INFO - Dependencies all met for dep_context=non-requeueable deps ti=<TaskInstance: deverlop_model.Start_job scheduled__2022-01-01T01:00:00+00:00 [queued]>
[2024-02-13T16:47:30.474+0000] {taskinstance.py:1956} INFO - Dependencies all met for dep_context=requeueable deps ti=<TaskInstance: deverlop_model.Start_job scheduled__2022-01-01T01:00:00+00:00 [queued]>
[2024-02-13T16:47:30.476+0000] {taskinstance.py:2170} INFO - Starting attempt 1 of 1
[2024-02-13T16:47:30.498+0000] {taskinstance.py:2191} INFO - Executing <Task(BashOperator): Start_job> on 2022-01-01 01:00:00+00:00
[2024-02-13T16:47:30.516+0000] {standard_task_runner.py:60} INFO - Started process 786 to run task
[2024-02-13T16:47:30.522+0000] {standard_task_runner.py:87} INFO - Running: ['***', 'tasks', 'run', 'deverlop_model', 'Start_job', 'scheduled__2022-01-01T01:00:00+00:00', '--job-id', '70', '--raw', '--subdir', 'DAGS_FOLDER/task.py', '--cfg-path', '/tmp/tmpsqcmshw8']
[2024-02-13T16:47:30.526+0000] {standard_task_runner.py:88} INFO - Job 70: Subtask Start_job
[2024-02-13T16:47:30.618+0000] {task_command.py:423} INFO - Running <TaskInstance: deverlop_model.Start_job scheduled__2022-01-01T01:00:00+00:00 [running]> on host a5e5e25b3882
[2024-02-13T16:47:30.766+0000] {taskinstance.py:2480} INFO - Exporting env vars: AIRFLOW_CTX_DAG_OWNER='rtn' AIRFLOW_CTX_DAG_ID='deverlop_model' AIRFLOW_CTX_TASK_ID='Start_job' AIRFLOW_CTX_EXECUTION_DATE='2022-01-01T01:00:00+00:00' AIRFLOW_CTX_TRY_NUMBER='1' AIRFLOW_CTX_DAG_RUN_ID='scheduled__2022-01-01T01:00:00+00:00'
[2024-02-13T16:47:30.775+0000] {subprocess.py:63} INFO - Tmp dir root location: /tmp
[2024-02-13T16:47:30.778+0000] {subprocess.py:75} INFO - Running command: ['/usr/bin/bash', '-c', 'echo START JOBS']
[2024-02-13T16:47:30.818+0000] {subprocess.py:86} INFO - Output:
[2024-02-13T16:47:30.821+0000] {subprocess.py:93} INFO - START JOBS
[2024-02-13T16:47:30.826+0000] {subprocess.py:97} INFO - Command exited with return code 0
[2024-02-13T16:47:30.891+0000] {taskinstance.py:1138} INFO - Marking task as SUCCESS. dag_id=deverlop_model, task_id=Start_job, execution_date=20220101T010000, start_date=20240213T164730, end_date=20240213T164730
[2024-02-13T16:47:30.952+0000] {local_task_job_runner.py:234} INFO - Task exited with return code 0
[2024-02-13T16:47:31.210+0000] {taskinstance.py:3280} INFO - 0 downstream tasks scheduled from follow-on schedule check
