[2024-02-14T03:34:39.700+0000] {taskinstance.py:1956} INFO - Dependencies all met for dep_context=non-requeueable deps ti=<TaskInstance: deverlop_model.StartJob scheduled__2024-02-01T02:05:00+00:00 [queued]>
[2024-02-14T03:34:39.714+0000] {taskinstance.py:1956} INFO - Dependencies all met for dep_context=requeueable deps ti=<TaskInstance: deverlop_model.StartJob scheduled__2024-02-01T02:05:00+00:00 [queued]>
[2024-02-14T03:34:39.718+0000] {taskinstance.py:2170} INFO - Starting attempt 1 of 1
[2024-02-14T03:34:39.741+0000] {taskinstance.py:2191} INFO - Executing <Task(BashOperator): StartJob> on 2024-02-01 02:05:00+00:00
[2024-02-14T03:34:39.756+0000] {standard_task_runner.py:60} INFO - Started process 2573 to run task
[2024-02-14T03:34:39.761+0000] {standard_task_runner.py:87} INFO - Running: ['***', 'tasks', 'run', 'deverlop_model', 'StartJob', 'scheduled__2024-02-01T02:05:00+00:00', '--job-id', '269', '--raw', '--subdir', 'DAGS_FOLDER/task.py', '--cfg-path', '/tmp/tmp_031mm1z']
[2024-02-14T03:34:39.767+0000] {standard_task_runner.py:88} INFO - Job 269: Subtask StartJob
[2024-02-14T03:34:39.865+0000] {task_command.py:423} INFO - Running <TaskInstance: deverlop_model.StartJob scheduled__2024-02-01T02:05:00+00:00 [running]> on host 6e2ff7d2ffd0
[2024-02-14T03:34:40.074+0000] {taskinstance.py:2480} INFO - Exporting env vars: AIRFLOW_CTX_DAG_OWNER='rtn' AIRFLOW_CTX_DAG_ID='deverlop_model' AIRFLOW_CTX_TASK_ID='StartJob' AIRFLOW_CTX_EXECUTION_DATE='2024-02-01T02:05:00+00:00' AIRFLOW_CTX_TRY_NUMBER='1' AIRFLOW_CTX_DAG_RUN_ID='scheduled__2024-02-01T02:05:00+00:00'
[2024-02-14T03:34:40.081+0000] {subprocess.py:63} INFO - Tmp dir root location: /tmp
[2024-02-14T03:34:40.084+0000] {subprocess.py:75} INFO - Running command: ['/usr/bin/bash', '-c', "\n            echo StartJob && \n            if [ ! -e '/opt/***/dags/data/2024-02-14' ]; then\n                mkdir /opt/***/dags/data/2024-02-14 \n            fi && \n            if [ ! -e '/opt/***/dags/data/2024-02-14/data' ]; then\n                mkdir /opt/***/dags/data/2024-02-14/data\n            fi && \n            if [ ! -e '/opt/***/dags/data/2024-02-14/model' ]; then\n                mkdir /opt/***/dags/data/2024-02-14/model\n            fi\n        "]
[2024-02-14T03:34:40.111+0000] {subprocess.py:86} INFO - Output:
[2024-02-14T03:34:40.114+0000] {subprocess.py:93} INFO - StartJob
[2024-02-14T03:34:40.117+0000] {subprocess.py:97} INFO - Command exited with return code 0
[2024-02-14T03:34:40.152+0000] {taskinstance.py:1138} INFO - Marking task as SUCCESS. dag_id=deverlop_model, task_id=StartJob, execution_date=20240201T020500, start_date=20240214T033439, end_date=20240214T033440
[2024-02-14T03:34:40.217+0000] {local_task_job_runner.py:234} INFO - Task exited with return code 0
[2024-02-14T03:34:40.274+0000] {taskinstance.py:3280} INFO - 1 downstream tasks scheduled from follow-on schedule check
[2024-02-14T03:38:14.858+0000] {taskinstance.py:1956} INFO - Dependencies all met for dep_context=non-requeueable deps ti=<TaskInstance: deverlop_model.StartJob scheduled__2024-02-01T02:05:00+00:00 [queued]>
[2024-02-14T03:38:14.875+0000] {taskinstance.py:1956} INFO - Dependencies all met for dep_context=requeueable deps ti=<TaskInstance: deverlop_model.StartJob scheduled__2024-02-01T02:05:00+00:00 [queued]>
[2024-02-14T03:38:14.876+0000] {taskinstance.py:2170} INFO - Starting attempt 1 of 1
[2024-02-14T03:38:14.914+0000] {taskinstance.py:2191} INFO - Executing <Task(BashOperator): StartJob> on 2024-02-01 02:05:00+00:00
[2024-02-14T03:38:14.935+0000] {standard_task_runner.py:60} INFO - Started process 2892 to run task
[2024-02-14T03:38:14.949+0000] {standard_task_runner.py:87} INFO - Running: ['***', 'tasks', 'run', 'deverlop_model', 'StartJob', 'scheduled__2024-02-01T02:05:00+00:00', '--job-id', '344', '--raw', '--subdir', 'DAGS_FOLDER/task.py', '--cfg-path', '/tmp/tmp7r1f5u0a']
[2024-02-14T03:38:14.955+0000] {standard_task_runner.py:88} INFO - Job 344: Subtask StartJob
[2024-02-14T03:38:15.088+0000] {task_command.py:423} INFO - Running <TaskInstance: deverlop_model.StartJob scheduled__2024-02-01T02:05:00+00:00 [running]> on host 6e2ff7d2ffd0
[2024-02-14T03:38:15.243+0000] {taskinstance.py:2480} INFO - Exporting env vars: AIRFLOW_CTX_DAG_OWNER='rtn' AIRFLOW_CTX_DAG_ID='deverlop_model' AIRFLOW_CTX_TASK_ID='StartJob' AIRFLOW_CTX_EXECUTION_DATE='2024-02-01T02:05:00+00:00' AIRFLOW_CTX_TRY_NUMBER='1' AIRFLOW_CTX_DAG_RUN_ID='scheduled__2024-02-01T02:05:00+00:00'
[2024-02-14T03:38:15.252+0000] {subprocess.py:63} INFO - Tmp dir root location: /tmp
[2024-02-14T03:38:15.261+0000] {subprocess.py:75} INFO - Running command: ['/usr/bin/bash', '-c', "\n            echo StartJob && \n            if [ ! -e '/opt/***/dags/data/2024-02-14' ]; then\n                mkdir /opt/***/dags/data/2024-02-14 \n            fi && \n            if [ ! -e '/opt/***/dags/data/2024-02-14/data' ]; then\n                mkdir /opt/***/dags/data/2024-02-14/data\n            fi && \n            if [ ! -e '/opt/***/dags/data/2024-02-14/model' ]; then\n                mkdir /opt/***/dags/data/2024-02-14/model\n            fi\n        "]
[2024-02-14T03:38:15.298+0000] {subprocess.py:86} INFO - Output:
[2024-02-14T03:38:15.301+0000] {subprocess.py:93} INFO - StartJob
[2024-02-14T03:38:15.309+0000] {subprocess.py:97} INFO - Command exited with return code 0
[2024-02-14T03:38:15.357+0000] {taskinstance.py:1138} INFO - Marking task as SUCCESS. dag_id=deverlop_model, task_id=StartJob, execution_date=20240201T020500, start_date=20240214T033814, end_date=20240214T033815
[2024-02-14T03:38:15.441+0000] {local_task_job_runner.py:234} INFO - Task exited with return code 0
[2024-02-14T03:38:15.488+0000] {taskinstance.py:3280} INFO - 1 downstream tasks scheduled from follow-on schedule check
[2024-02-14T03:39:39.070+0000] {taskinstance.py:1956} INFO - Dependencies all met for dep_context=non-requeueable deps ti=<TaskInstance: deverlop_model.StartJob scheduled__2024-02-01T02:05:00+00:00 [queued]>
[2024-02-14T03:39:39.106+0000] {taskinstance.py:1956} INFO - Dependencies all met for dep_context=requeueable deps ti=<TaskInstance: deverlop_model.StartJob scheduled__2024-02-01T02:05:00+00:00 [queued]>
[2024-02-14T03:39:39.108+0000] {taskinstance.py:2170} INFO - Starting attempt 1 of 1
[2024-02-14T03:39:39.165+0000] {taskinstance.py:2191} INFO - Executing <Task(BashOperator): StartJob> on 2024-02-01 02:05:00+00:00
[2024-02-14T03:39:39.178+0000] {standard_task_runner.py:60} INFO - Started process 3101 to run task
[2024-02-14T03:39:39.192+0000] {standard_task_runner.py:87} INFO - Running: ['***', 'tasks', 'run', 'deverlop_model', 'StartJob', 'scheduled__2024-02-01T02:05:00+00:00', '--job-id', '395', '--raw', '--subdir', 'DAGS_FOLDER/task.py', '--cfg-path', '/tmp/tmpobp5ag3x']
[2024-02-14T03:39:39.199+0000] {standard_task_runner.py:88} INFO - Job 395: Subtask StartJob
[2024-02-14T03:39:39.303+0000] {task_command.py:423} INFO - Running <TaskInstance: deverlop_model.StartJob scheduled__2024-02-01T02:05:00+00:00 [running]> on host 6e2ff7d2ffd0
[2024-02-14T03:39:39.433+0000] {taskinstance.py:2480} INFO - Exporting env vars: AIRFLOW_CTX_DAG_OWNER='rtn' AIRFLOW_CTX_DAG_ID='deverlop_model' AIRFLOW_CTX_TASK_ID='StartJob' AIRFLOW_CTX_EXECUTION_DATE='2024-02-01T02:05:00+00:00' AIRFLOW_CTX_TRY_NUMBER='1' AIRFLOW_CTX_DAG_RUN_ID='scheduled__2024-02-01T02:05:00+00:00'
[2024-02-14T03:39:39.440+0000] {subprocess.py:63} INFO - Tmp dir root location: /tmp
[2024-02-14T03:39:39.445+0000] {subprocess.py:75} INFO - Running command: ['/usr/bin/bash', '-c', "\n            echo StartJob && \n            if [ ! -e '/opt/***/dags/data/2024-02-14' ]; then\n                mkdir /opt/***/dags/data/2024-02-14 \n            fi && \n            if [ ! -e '/opt/***/dags/data/2024-02-14/data' ]; then\n                mkdir /opt/***/dags/data/2024-02-14/data\n            fi && \n            if [ ! -e '/opt/***/dags/data/2024-02-14/model' ]; then\n                mkdir /opt/***/dags/data/2024-02-14/model\n            fi\n        "]
[2024-02-14T03:39:39.480+0000] {subprocess.py:86} INFO - Output:
[2024-02-14T03:39:39.482+0000] {subprocess.py:93} INFO - StartJob
[2024-02-14T03:39:39.494+0000] {subprocess.py:97} INFO - Command exited with return code 0
[2024-02-14T03:39:39.539+0000] {taskinstance.py:1138} INFO - Marking task as SUCCESS. dag_id=deverlop_model, task_id=StartJob, execution_date=20240201T020500, start_date=20240214T033939, end_date=20240214T033939
[2024-02-14T03:39:39.613+0000] {local_task_job_runner.py:234} INFO - Task exited with return code 0
[2024-02-14T03:39:39.653+0000] {taskinstance.py:3280} INFO - 1 downstream tasks scheduled from follow-on schedule check
