[2024-02-14T02:07:27.817+0000] {taskinstance.py:1956} INFO - Dependencies all met for dep_context=non-requeueable deps ti=<TaskInstance: deverlop_model.StartJob scheduled__2024-01-01T02:25:00+00:00 [queued]>
[2024-02-14T02:07:27.838+0000] {taskinstance.py:1956} INFO - Dependencies all met for dep_context=requeueable deps ti=<TaskInstance: deverlop_model.StartJob scheduled__2024-01-01T02:25:00+00:00 [queued]>
[2024-02-14T02:07:27.840+0000] {taskinstance.py:2170} INFO - Starting attempt 1 of 1
[2024-02-14T02:07:27.870+0000] {taskinstance.py:2191} INFO - Executing <Task(BashOperator): StartJob> on 2024-01-01 02:25:00+00:00
[2024-02-14T02:07:27.914+0000] {standard_task_runner.py:60} INFO - Started process 495 to run task
[2024-02-14T02:07:27.919+0000] {standard_task_runner.py:87} INFO - Running: ['***', 'tasks', 'run', 'deverlop_model', 'StartJob', 'scheduled__2024-01-01T02:25:00+00:00', '--job-id', '56', '--raw', '--subdir', 'DAGS_FOLDER/task.py', '--cfg-path', '/tmp/tmpmeq3bqiz']
[2024-02-14T02:07:27.924+0000] {standard_task_runner.py:88} INFO - Job 56: Subtask StartJob
[2024-02-14T02:07:28.037+0000] {task_command.py:423} INFO - Running <TaskInstance: deverlop_model.StartJob scheduled__2024-01-01T02:25:00+00:00 [running]> on host 6e2ff7d2ffd0
[2024-02-14T02:07:28.200+0000] {taskinstance.py:2480} INFO - Exporting env vars: AIRFLOW_CTX_DAG_OWNER='rtn' AIRFLOW_CTX_DAG_ID='deverlop_model' AIRFLOW_CTX_TASK_ID='StartJob' AIRFLOW_CTX_EXECUTION_DATE='2024-01-01T02:25:00+00:00' AIRFLOW_CTX_TRY_NUMBER='1' AIRFLOW_CTX_DAG_RUN_ID='scheduled__2024-01-01T02:25:00+00:00'
[2024-02-14T02:07:28.204+0000] {subprocess.py:63} INFO - Tmp dir root location: /tmp
[2024-02-14T02:07:28.209+0000] {subprocess.py:75} INFO - Running command: ['/usr/bin/bash', '-c', 'echo StartJob']
[2024-02-14T02:07:28.245+0000] {subprocess.py:86} INFO - Output:
[2024-02-14T02:07:28.249+0000] {subprocess.py:93} INFO - StartJob
[2024-02-14T02:07:28.250+0000] {subprocess.py:97} INFO - Command exited with return code 0
[2024-02-14T02:07:28.306+0000] {taskinstance.py:1138} INFO - Marking task as SUCCESS. dag_id=deverlop_model, task_id=StartJob, execution_date=20240101T022500, start_date=20240214T020727, end_date=20240214T020728
[2024-02-14T02:07:28.350+0000] {local_task_job_runner.py:234} INFO - Task exited with return code 0
[2024-02-14T02:07:28.411+0000] {taskinstance.py:3280} INFO - 1 downstream tasks scheduled from follow-on schedule check
[2024-02-14T03:56:20.853+0000] {taskinstance.py:1956} INFO - Dependencies all met for dep_context=non-requeueable deps ti=<TaskInstance: deverlop_model.StartJob scheduled__2024-01-01T02:25:00+00:00 [queued]>
[2024-02-14T03:56:20.870+0000] {taskinstance.py:1956} INFO - Dependencies all met for dep_context=requeueable deps ti=<TaskInstance: deverlop_model.StartJob scheduled__2024-01-01T02:25:00+00:00 [queued]>
[2024-02-14T03:56:20.871+0000] {taskinstance.py:2170} INFO - Starting attempt 1 of 1
[2024-02-14T03:56:20.889+0000] {taskinstance.py:2191} INFO - Executing <Task(BashOperator): StartJob> on 2024-01-01 02:25:00+00:00
[2024-02-14T03:56:20.898+0000] {standard_task_runner.py:60} INFO - Started process 3697 to run task
[2024-02-14T03:56:20.903+0000] {standard_task_runner.py:87} INFO - Running: ['***', 'tasks', 'run', 'deverlop_model', 'StartJob', 'scheduled__2024-01-01T02:25:00+00:00', '--job-id', '496', '--raw', '--subdir', 'DAGS_FOLDER/task.py', '--cfg-path', '/tmp/tmp9t_vcinx']
[2024-02-14T03:56:20.906+0000] {standard_task_runner.py:88} INFO - Job 496: Subtask StartJob
[2024-02-14T03:56:20.994+0000] {task_command.py:423} INFO - Running <TaskInstance: deverlop_model.StartJob scheduled__2024-01-01T02:25:00+00:00 [running]> on host 6e2ff7d2ffd0
[2024-02-14T03:56:21.128+0000] {taskinstance.py:2480} INFO - Exporting env vars: AIRFLOW_CTX_DAG_OWNER='***' AIRFLOW_CTX_DAG_ID='deverlop_model' AIRFLOW_CTX_TASK_ID='StartJob' AIRFLOW_CTX_EXECUTION_DATE='2024-01-01T02:25:00+00:00' AIRFLOW_CTX_TRY_NUMBER='1' AIRFLOW_CTX_DAG_RUN_ID='scheduled__2024-01-01T02:25:00+00:00'
[2024-02-14T03:56:21.130+0000] {subprocess.py:63} INFO - Tmp dir root location: /tmp
[2024-02-14T03:56:21.135+0000] {subprocess.py:75} INFO - Running command: ['/usr/bin/bash', '-c', "\n            echo StartJob && \n            if [ ! -e '/opt/***/dags/data/2024-02-14' ]; then\n                mkdir /opt/***/dags/data/2024-02-14 \n            fi && \n            if [ ! -e '/opt/***/dags/data/2024-02-14/data' ]; then\n                mkdir /opt/***/dags/data/2024-02-14/data\n            fi && \n            if [ ! -e '/opt/***/dags/data/2024-02-14/model' ]; then\n                mkdir /opt/***/dags/data/2024-02-14/model\n            fi\n        "]
[2024-02-14T03:56:21.156+0000] {subprocess.py:86} INFO - Output:
[2024-02-14T03:56:21.158+0000] {subprocess.py:93} INFO - StartJob
[2024-02-14T03:56:21.161+0000] {subprocess.py:97} INFO - Command exited with return code 0
[2024-02-14T03:56:21.211+0000] {taskinstance.py:1138} INFO - Marking task as SUCCESS. dag_id=deverlop_model, task_id=StartJob, execution_date=20240101T022500, start_date=20240214T035620, end_date=20240214T035621
[2024-02-14T03:56:21.276+0000] {local_task_job_runner.py:234} INFO - Task exited with return code 0
[2024-02-14T03:56:21.323+0000] {taskinstance.py:3280} INFO - 1 downstream tasks scheduled from follow-on schedule check
