[2024-02-13T06:22:21.308+0000] {taskinstance.py:1956} INFO - Dependencies all met for dep_context=non-requeueable deps ti=<TaskInstance: deverlop_model.data_sets manual__2024-02-13T06:22:18.083568+00:00 [queued]>
[2024-02-13T06:22:21.316+0000] {taskinstance.py:1956} INFO - Dependencies all met for dep_context=requeueable deps ti=<TaskInstance: deverlop_model.data_sets manual__2024-02-13T06:22:18.083568+00:00 [queued]>
[2024-02-13T06:22:21.317+0000] {taskinstance.py:2170} INFO - Starting attempt 1 of 1
[2024-02-13T06:22:21.332+0000] {taskinstance.py:2191} INFO - Executing <Task(DockerOperator): data_sets> on 2024-02-13 06:22:18.083568+00:00
[2024-02-13T06:22:21.340+0000] {standard_task_runner.py:60} INFO - Started process 139 to run task
[2024-02-13T06:22:21.342+0000] {standard_task_runner.py:87} INFO - Running: ['***', 'tasks', 'run', 'deverlop_model', 'data_sets', 'manual__2024-02-13T06:22:18.083568+00:00', '--job-id', '6', '--raw', '--subdir', 'DAGS_FOLDER/task.py', '--cfg-path', '/tmp/tmppxtdt218']
[2024-02-13T06:22:21.345+0000] {standard_task_runner.py:88} INFO - Job 6: Subtask data_sets
[2024-02-13T06:22:21.400+0000] {task_command.py:423} INFO - Running <TaskInstance: deverlop_model.data_sets manual__2024-02-13T06:22:18.083568+00:00 [running]> on host 62adf0b4add5
[2024-02-13T06:22:21.484+0000] {taskinstance.py:2480} INFO - Exporting env vars: AIRFLOW_CTX_DAG_OWNER='rtn' AIRFLOW_CTX_DAG_ID='deverlop_model' AIRFLOW_CTX_TASK_ID='data_sets' AIRFLOW_CTX_EXECUTION_DATE='2024-02-13T06:22:18.083568+00:00' AIRFLOW_CTX_TRY_NUMBER='1' AIRFLOW_CTX_DAG_RUN_ID='manual__2024-02-13T06:22:18.083568+00:00'
[2024-02-13T06:22:21.516+0000] {docker.py:486} INFO - Pulling docker image python:3.8
[2024-02-13T06:22:24.886+0000] {docker.py:500} INFO - 3.8: Pulling from library/python
[2024-02-13T06:22:25.711+0000] {docker.py:500} INFO - 6a299ae9cfd9: Pulling fs layer
[2024-02-13T06:22:25.712+0000] {docker.py:500} INFO - e08e8703b2fb: Pulling fs layer
[2024-02-13T06:22:25.712+0000] {docker.py:500} INFO - 68e92d11b04e: Pulling fs layer
[2024-02-13T06:22:25.713+0000] {docker.py:500} INFO - 5b9fe7fef9be: Pulling fs layer
[2024-02-13T06:22:25.713+0000] {docker.py:500} INFO - 09864a904dd0: Pulling fs layer
[2024-02-13T06:22:25.714+0000] {docker.py:500} INFO - a1422769d5be: Pulling fs layer
[2024-02-13T06:22:25.715+0000] {docker.py:500} INFO - fad1ae7101cd: Pulling fs layer
[2024-02-13T06:22:25.715+0000] {docker.py:500} INFO - 96467e04897d: Pulling fs layer
[2024-02-13T06:22:25.715+0000] {docker.py:500} INFO - 5b9fe7fef9be: Waiting
[2024-02-13T06:22:25.717+0000] {docker.py:500} INFO - 09864a904dd0: Waiting
[2024-02-13T06:22:25.717+0000] {docker.py:500} INFO - a1422769d5be: Waiting
[2024-02-13T06:22:25.718+0000] {docker.py:500} INFO - fad1ae7101cd: Waiting
[2024-02-13T06:22:25.719+0000] {docker.py:500} INFO - 96467e04897d: Waiting
[2024-02-13T06:22:26.748+0000] {docker.py:500} INFO - e08e8703b2fb: Downloading
[2024-02-13T06:22:26.817+0000] {docker.py:500} INFO - 68e92d11b04e: Downloading
[2024-02-13T06:22:26.823+0000] {docker.py:500} INFO - 6a299ae9cfd9: Downloading
[2024-02-13T06:22:29.916+0000] {docker.py:500} INFO - e08e8703b2fb: Verifying Checksum
[2024-02-13T06:22:31.243+0000] {docker.py:500} INFO - 5b9fe7fef9be: Downloading
[2024-02-13T06:22:32.279+0000] {docker.py:500} INFO - 6a299ae9cfd9: Verifying Checksum
[2024-02-13T06:22:32.280+0000] {docker.py:500} INFO - 6a299ae9cfd9: Download complete
[2024-02-13T06:22:32.354+0000] {docker.py:500} INFO - 6a299ae9cfd9: Extracting
[2024-02-13T06:22:33.381+0000] {docker.py:500} INFO - 09864a904dd0: Downloading
[2024-02-13T06:22:34.533+0000] {docker.py:500} INFO - 09864a904dd0: Verifying Checksum
[2024-02-13T06:22:34.534+0000] {docker.py:500} INFO - 09864a904dd0: Download complete
[2024-02-13T06:22:35.065+0000] {docker.py:500} INFO - 6a299ae9cfd9: Pull complete
[2024-02-13T06:22:35.118+0000] {docker.py:500} INFO - e08e8703b2fb: Extracting
[2024-02-13T06:22:35.576+0000] {docker.py:500} INFO - 68e92d11b04e: Verifying Checksum
[2024-02-13T06:22:35.577+0000] {docker.py:500} INFO - 68e92d11b04e: Download complete
[2024-02-13T06:22:35.754+0000] {docker.py:500} INFO - a1422769d5be: Downloading
[2024-02-13T06:22:36.091+0000] {docker.py:500} INFO - e08e8703b2fb: Pull complete
[2024-02-13T06:22:36.140+0000] {docker.py:500} INFO - 68e92d11b04e: Extracting
[2024-02-13T06:22:36.892+0000] {docker.py:500} INFO - fad1ae7101cd: Download complete
[2024-02-13T06:22:36.905+0000] {docker.py:500} INFO - a1422769d5be: Verifying Checksum
[2024-02-13T06:22:36.906+0000] {docker.py:500} INFO - a1422769d5be: Download complete
[2024-02-13T06:22:37.926+0000] {docker.py:500} INFO - 96467e04897d: Downloading
[2024-02-13T06:22:38.343+0000] {docker.py:500} INFO - 96467e04897d: Verifying Checksum
[2024-02-13T06:22:38.344+0000] {docker.py:500} INFO - 96467e04897d: Download complete
[2024-02-13T06:22:40.004+0000] {docker.py:500} INFO - 68e92d11b04e: Pull complete
[2024-02-13T06:22:44.035+0000] {docker.py:500} INFO - 5b9fe7fef9be: Verifying Checksum
[2024-02-13T06:22:44.036+0000] {docker.py:500} INFO - 5b9fe7fef9be: Download complete
[2024-02-13T06:22:44.154+0000] {docker.py:500} INFO - 5b9fe7fef9be: Extracting
[2024-02-13T06:22:51.554+0000] {docker.py:500} INFO - 5b9fe7fef9be: Pull complete
[2024-02-13T06:22:51.560+0000] {docker.py:500} INFO - 09864a904dd0: Extracting
[2024-02-13T06:22:51.933+0000] {docker.py:500} INFO - 09864a904dd0: Pull complete
[2024-02-13T06:22:51.947+0000] {docker.py:500} INFO - a1422769d5be: Extracting
[2024-02-13T06:22:52.460+0000] {docker.py:500} INFO - a1422769d5be: Pull complete
[2024-02-13T06:22:52.464+0000] {docker.py:500} INFO - fad1ae7101cd: Extracting
[2024-02-13T06:22:52.483+0000] {docker.py:500} INFO - fad1ae7101cd: Pull complete
[2024-02-13T06:22:52.488+0000] {docker.py:500} INFO - 96467e04897d: Extracting
[2024-02-13T06:22:52.905+0000] {docker.py:500} INFO - 96467e04897d: Pull complete
[2024-02-13T06:22:52.924+0000] {docker.py:495} INFO - Digest: sha256:afc3b723caef31e03dfa343e8bcdeee8ad4fd11e2672eb3365e5fd59fafa3c09
[2024-02-13T06:22:52.929+0000] {docker.py:495} INFO - Status: Downloaded newer image for python:3.8
[2024-02-13T06:22:52.937+0000] {docker.py:359} INFO - Starting docker container from image python:3.8
[2024-02-13T06:22:52.948+0000] {taskinstance.py:2698} ERROR - Task failed with exception
Traceback (most recent call last):
  File "/home/airflow/.local/lib/python3.8/site-packages/docker/api/client.py", line 265, in _raise_for_status
    response.raise_for_status()
  File "/home/airflow/.local/lib/python3.8/site-packages/requests/models.py", line 1021, in raise_for_status
    raise HTTPError(http_error_msg, response=self)
requests.exceptions.HTTPError: 409 Client Error: Conflict for url: http+docker://localhost/v1.43/containers/create?name=data_sets

The above exception was the direct cause of the following exception:

Traceback (most recent call last):
  File "/home/airflow/.local/lib/python3.8/site-packages/airflow/models/taskinstance.py", line 433, in _execute_task
    result = execute_callable(context=context, **execute_callable_kwargs)
  File "/home/airflow/.local/lib/python3.8/site-packages/airflow/providers/docker/operators/docker.py", line 502, in execute
    return self._run_image()
  File "/home/airflow/.local/lib/python3.8/site-packages/airflow/providers/docker/operators/docker.py", line 376, in _run_image
    return self._run_image_with_mounts(self.mounts, add_tmp_variable=False)
  File "/home/airflow/.local/lib/python3.8/site-packages/airflow/providers/docker/operators/docker.py", line 391, in _run_image_with_mounts
    self.container = self.cli.create_container(
  File "/home/airflow/.local/lib/python3.8/site-packages/docker/api/container.py", line 439, in create_container
    return self.create_container_from_config(config, name, platform)
  File "/home/airflow/.local/lib/python3.8/site-packages/docker/api/container.py", line 456, in create_container_from_config
    return self._result(res, True)
  File "/home/airflow/.local/lib/python3.8/site-packages/docker/api/client.py", line 271, in _result
    self._raise_for_status(response)
  File "/home/airflow/.local/lib/python3.8/site-packages/docker/api/client.py", line 267, in _raise_for_status
    raise create_api_error_from_http_exception(e) from e
  File "/home/airflow/.local/lib/python3.8/site-packages/docker/errors.py", line 39, in create_api_error_from_http_exception
    raise cls(e, response=response, explanation=explanation) from e
docker.errors.APIError: 409 Client Error for http+docker://localhost/v1.43/containers/create?name=data_sets: Conflict ("Conflict. The container name "/data_sets" is already in use by container "85c12c64c2d8e36daebeec294673bb15b8104b37c3de974b6f8e3cd915e0b96d". You have to remove (or rename) that container to be able to reuse that name.")
[2024-02-13T06:22:53.075+0000] {taskinstance.py:1138} INFO - Marking task as FAILED. dag_id=deverlop_model, task_id=data_sets, execution_date=20240213T062218, start_date=20240213T062221, end_date=20240213T062253
[2024-02-13T06:22:53.169+0000] {standard_task_runner.py:107} ERROR - Failed to execute job 6 for task data_sets (409 Client Error for http+docker://localhost/v1.43/containers/create?name=data_sets: Conflict ("Conflict. The container name "/data_sets" is already in use by container "85c12c64c2d8e36daebeec294673bb15b8104b37c3de974b6f8e3cd915e0b96d". You have to remove (or rename) that container to be able to reuse that name."); 139)
[2024-02-13T06:22:53.186+0000] {local_task_job_runner.py:234} INFO - Task exited with return code 1
[2024-02-13T06:22:53.211+0000] {taskinstance.py:3280} INFO - 0 downstream tasks scheduled from follow-on schedule check
