[2024-02-14T02:07:23.396+0000] {taskinstance.py:1956} INFO - Dependencies all met for dep_context=non-requeueable deps ti=<TaskInstance: deverlop_model.StartJob scheduled__2024-01-01T01:25:00+00:00 [queued]>
[2024-02-14T02:07:23.406+0000] {taskinstance.py:1956} INFO - Dependencies all met for dep_context=requeueable deps ti=<TaskInstance: deverlop_model.StartJob scheduled__2024-01-01T01:25:00+00:00 [queued]>
[2024-02-14T02:07:23.407+0000] {taskinstance.py:2170} INFO - Starting attempt 1 of 1
[2024-02-14T02:07:23.427+0000] {taskinstance.py:2191} INFO - Executing <Task(BashOperator): StartJob> on 2024-01-01 01:25:00+00:00
[2024-02-14T02:07:23.438+0000] {standard_task_runner.py:60} INFO - Started process 440 to run task
[2024-02-14T02:07:23.443+0000] {standard_task_runner.py:87} INFO - Running: ['***', 'tasks', 'run', 'deverlop_model', 'StartJob', 'scheduled__2024-01-01T01:25:00+00:00', '--job-id', '43', '--raw', '--subdir', 'DAGS_FOLDER/task.py', '--cfg-path', '/tmp/tmpcf24q79b']
[2024-02-14T02:07:23.447+0000] {standard_task_runner.py:88} INFO - Job 43: Subtask StartJob
[2024-02-14T02:07:23.520+0000] {task_command.py:423} INFO - Running <TaskInstance: deverlop_model.StartJob scheduled__2024-01-01T01:25:00+00:00 [running]> on host 6e2ff7d2ffd0
[2024-02-14T02:07:23.609+0000] {taskinstance.py:2480} INFO - Exporting env vars: AIRFLOW_CTX_DAG_OWNER='rtn' AIRFLOW_CTX_DAG_ID='deverlop_model' AIRFLOW_CTX_TASK_ID='StartJob' AIRFLOW_CTX_EXECUTION_DATE='2024-01-01T01:25:00+00:00' AIRFLOW_CTX_TRY_NUMBER='1' AIRFLOW_CTX_DAG_RUN_ID='scheduled__2024-01-01T01:25:00+00:00'
[2024-02-14T02:07:23.611+0000] {subprocess.py:63} INFO - Tmp dir root location: /tmp
[2024-02-14T02:07:23.613+0000] {subprocess.py:75} INFO - Running command: ['/usr/bin/bash', '-c', 'echo StartJob']
[2024-02-14T02:07:23.629+0000] {subprocess.py:86} INFO - Output:
[2024-02-14T02:07:23.630+0000] {subprocess.py:93} INFO - StartJob
[2024-02-14T02:07:23.631+0000] {subprocess.py:97} INFO - Command exited with return code 0
[2024-02-14T02:07:23.665+0000] {taskinstance.py:1138} INFO - Marking task as SUCCESS. dag_id=deverlop_model, task_id=StartJob, execution_date=20240101T012500, start_date=20240214T020723, end_date=20240214T020723
[2024-02-14T02:07:23.697+0000] {local_task_job_runner.py:234} INFO - Task exited with return code 0
[2024-02-14T02:07:23.732+0000] {taskinstance.py:3280} INFO - 1 downstream tasks scheduled from follow-on schedule check
[2024-02-14T03:56:12.526+0000] {taskinstance.py:1956} INFO - Dependencies all met for dep_context=non-requeueable deps ti=<TaskInstance: deverlop_model.StartJob scheduled__2024-01-01T01:25:00+00:00 [queued]>
[2024-02-14T03:56:12.533+0000] {taskinstance.py:1956} INFO - Dependencies all met for dep_context=requeueable deps ti=<TaskInstance: deverlop_model.StartJob scheduled__2024-01-01T01:25:00+00:00 [queued]>
[2024-02-14T03:56:12.534+0000] {taskinstance.py:2170} INFO - Starting attempt 1 of 1
[2024-02-14T03:56:12.545+0000] {taskinstance.py:2191} INFO - Executing <Task(BashOperator): StartJob> on 2024-01-01 01:25:00+00:00
[2024-02-14T03:56:12.551+0000] {standard_task_runner.py:60} INFO - Started process 3624 to run task
[2024-02-14T03:56:12.554+0000] {standard_task_runner.py:87} INFO - Running: ['***', 'tasks', 'run', 'deverlop_model', 'StartJob', 'scheduled__2024-01-01T01:25:00+00:00', '--job-id', '478', '--raw', '--subdir', 'DAGS_FOLDER/task.py', '--cfg-path', '/tmp/tmp5ah9l4tw']
[2024-02-14T03:56:12.556+0000] {standard_task_runner.py:88} INFO - Job 478: Subtask StartJob
[2024-02-14T03:56:12.595+0000] {task_command.py:423} INFO - Running <TaskInstance: deverlop_model.StartJob scheduled__2024-01-01T01:25:00+00:00 [running]> on host 6e2ff7d2ffd0
[2024-02-14T03:56:12.650+0000] {taskinstance.py:2480} INFO - Exporting env vars: AIRFLOW_CTX_DAG_OWNER='***' AIRFLOW_CTX_DAG_ID='deverlop_model' AIRFLOW_CTX_TASK_ID='StartJob' AIRFLOW_CTX_EXECUTION_DATE='2024-01-01T01:25:00+00:00' AIRFLOW_CTX_TRY_NUMBER='1' AIRFLOW_CTX_DAG_RUN_ID='scheduled__2024-01-01T01:25:00+00:00'
[2024-02-14T03:56:12.653+0000] {subprocess.py:63} INFO - Tmp dir root location: /tmp
[2024-02-14T03:56:12.655+0000] {subprocess.py:75} INFO - Running command: ['/usr/bin/bash', '-c', "\n            echo StartJob && \n            if [ ! -e '/opt/***/dags/data/2024-02-14' ]; then\n                mkdir /opt/***/dags/data/2024-02-14 \n            fi && \n            if [ ! -e '/opt/***/dags/data/2024-02-14/data' ]; then\n                mkdir /opt/***/dags/data/2024-02-14/data\n            fi && \n            if [ ! -e '/opt/***/dags/data/2024-02-14/model' ]; then\n                mkdir /opt/***/dags/data/2024-02-14/model\n            fi\n        "]
[2024-02-14T03:56:12.672+0000] {subprocess.py:86} INFO - Output:
[2024-02-14T03:56:12.673+0000] {subprocess.py:93} INFO - StartJob
[2024-02-14T03:56:12.677+0000] {subprocess.py:97} INFO - Command exited with return code 0
[2024-02-14T03:56:12.700+0000] {taskinstance.py:1138} INFO - Marking task as SUCCESS. dag_id=deverlop_model, task_id=StartJob, execution_date=20240101T012500, start_date=20240214T035612, end_date=20240214T035612
[2024-02-14T03:56:12.727+0000] {local_task_job_runner.py:234} INFO - Task exited with return code 0
[2024-02-14T03:56:12.756+0000] {taskinstance.py:3280} INFO - 1 downstream tasks scheduled from follow-on schedule check
