[2024-02-12T15:09:41.840+0000] {taskinstance.py:1956} INFO - Dependencies all met for dep_context=non-requeueable deps ti=<TaskInstance: deverlop_model.end manual__2024-02-12T15:09:33.555016+00:00 [queued]>
[2024-02-12T15:09:41.847+0000] {taskinstance.py:1956} INFO - Dependencies all met for dep_context=requeueable deps ti=<TaskInstance: deverlop_model.end manual__2024-02-12T15:09:33.555016+00:00 [queued]>
[2024-02-12T15:09:41.847+0000] {taskinstance.py:2170} INFO - Starting attempt 1 of 1
[2024-02-12T15:09:41.858+0000] {taskinstance.py:2191} INFO - Executing <Task(_PythonDecoratedOperator): end> on 2024-02-12 15:09:33.555016+00:00
[2024-02-12T15:09:41.863+0000] {standard_task_runner.py:60} INFO - Started process 1365 to run task
[2024-02-12T15:09:41.866+0000] {standard_task_runner.py:87} INFO - Running: ['***', 'tasks', 'run', 'deverlop_model', 'end', 'manual__2024-02-12T15:09:33.555016+00:00', '--job-id', '50', '--raw', '--subdir', 'DAGS_FOLDER/task.py', '--cfg-path', '/tmp/tmpwdejbqkj']
[2024-02-12T15:09:41.871+0000] {standard_task_runner.py:88} INFO - Job 50: Subtask end
[2024-02-12T15:09:41.911+0000] {task_command.py:423} INFO - Running <TaskInstance: deverlop_model.end manual__2024-02-12T15:09:33.555016+00:00 [running]> on host 5fc906926aab
[2024-02-12T15:09:41.971+0000] {taskinstance.py:2480} INFO - Exporting env vars: AIRFLOW_CTX_DAG_OWNER='rtn' AIRFLOW_CTX_DAG_ID='deverlop_model' AIRFLOW_CTX_TASK_ID='end' AIRFLOW_CTX_EXECUTION_DATE='2024-02-12T15:09:33.555016+00:00' AIRFLOW_CTX_TRY_NUMBER='1' AIRFLOW_CTX_DAG_RUN_ID='manual__2024-02-12T15:09:33.555016+00:00'
[2024-02-12T15:09:41.973+0000] {taskinstance.py:2698} ERROR - Task failed with exception
Traceback (most recent call last):
  File "/home/airflow/.local/lib/python3.8/site-packages/airflow/models/taskinstance.py", line 433, in _execute_task
    result = execute_callable(context=context, **execute_callable_kwargs)
  File "/home/airflow/.local/lib/python3.8/site-packages/airflow/decorators/base.py", line 241, in execute
    return_value = super().execute(context)
  File "/home/airflow/.local/lib/python3.8/site-packages/airflow/operators/python.py", line 199, in execute
    return_value = self.execute_callable()
  File "/home/airflow/.local/lib/python3.8/site-packages/airflow/operators/python.py", line 216, in execute_callable
    return self.python_callable(*self.op_args, **self.op_kwargs)
  File "/opt/airflow/dags/task.py", line 36, in end
    with open("./data/output/datasets.txt" , 'r') as file :
FileNotFoundError: [Errno 2] No such file or directory: './data/output/datasets.txt'
[2024-02-12T15:09:41.982+0000] {taskinstance.py:1138} INFO - Marking task as FAILED. dag_id=deverlop_model, task_id=end, execution_date=20240212T150933, start_date=20240212T150941, end_date=20240212T150941
[2024-02-12T15:09:41.991+0000] {standard_task_runner.py:107} ERROR - Failed to execute job 50 for task end ([Errno 2] No such file or directory: './data/output/datasets.txt'; 1365)
[2024-02-12T15:09:42.002+0000] {local_task_job_runner.py:234} INFO - Task exited with return code 1
[2024-02-12T15:09:42.015+0000] {taskinstance.py:3280} INFO - 0 downstream tasks scheduled from follow-on schedule check
