[2024-02-14T02:07:08.702+0000] {taskinstance.py:1956} INFO - Dependencies all met for dep_context=non-requeueable deps ti=<TaskInstance: deverlop_model.StartJob scheduled__2024-01-01T01:10:00+00:00 [queued]>
[2024-02-14T02:07:08.741+0000] {taskinstance.py:1956} INFO - Dependencies all met for dep_context=requeueable deps ti=<TaskInstance: deverlop_model.StartJob scheduled__2024-01-01T01:10:00+00:00 [queued]>
[2024-02-14T02:07:08.742+0000] {taskinstance.py:2170} INFO - Starting attempt 1 of 1
[2024-02-14T02:07:08.786+0000] {taskinstance.py:2191} INFO - Executing <Task(BashOperator): StartJob> on 2024-01-01 01:10:00+00:00
[2024-02-14T02:07:08.807+0000] {standard_task_runner.py:60} INFO - Started process 373 to run task
[2024-02-14T02:07:08.825+0000] {standard_task_runner.py:87} INFO - Running: ['***', 'tasks', 'run', 'deverlop_model', 'StartJob', 'scheduled__2024-01-01T01:10:00+00:00', '--job-id', '21', '--raw', '--subdir', 'DAGS_FOLDER/task.py', '--cfg-path', '/tmp/tmpmris44ty']
[2024-02-14T02:07:08.830+0000] {standard_task_runner.py:88} INFO - Job 21: Subtask StartJob
[2024-02-14T02:07:08.997+0000] {task_command.py:423} INFO - Running <TaskInstance: deverlop_model.StartJob scheduled__2024-01-01T01:10:00+00:00 [running]> on host 6e2ff7d2ffd0
[2024-02-14T02:07:09.414+0000] {taskinstance.py:2480} INFO - Exporting env vars: AIRFLOW_CTX_DAG_OWNER='rtn' AIRFLOW_CTX_DAG_ID='deverlop_model' AIRFLOW_CTX_TASK_ID='StartJob' AIRFLOW_CTX_EXECUTION_DATE='2024-01-01T01:10:00+00:00' AIRFLOW_CTX_TRY_NUMBER='1' AIRFLOW_CTX_DAG_RUN_ID='scheduled__2024-01-01T01:10:00+00:00'
[2024-02-14T02:07:09.447+0000] {subprocess.py:63} INFO - Tmp dir root location: /tmp
[2024-02-14T02:07:09.461+0000] {subprocess.py:75} INFO - Running command: ['/usr/bin/bash', '-c', 'echo StartJob']
[2024-02-14T02:07:09.533+0000] {subprocess.py:86} INFO - Output:
[2024-02-14T02:07:09.565+0000] {subprocess.py:93} INFO - StartJob
[2024-02-14T02:07:09.566+0000] {subprocess.py:97} INFO - Command exited with return code 0
[2024-02-14T02:07:09.654+0000] {taskinstance.py:1138} INFO - Marking task as SUCCESS. dag_id=deverlop_model, task_id=StartJob, execution_date=20240101T011000, start_date=20240214T020708, end_date=20240214T020709
[2024-02-14T02:07:09.781+0000] {local_task_job_runner.py:234} INFO - Task exited with return code 0
[2024-02-14T02:07:10.064+0000] {taskinstance.py:3280} INFO - 1 downstream tasks scheduled from follow-on schedule check
[2024-02-14T03:53:49.224+0000] {taskinstance.py:1956} INFO - Dependencies all met for dep_context=non-requeueable deps ti=<TaskInstance: deverlop_model.StartJob scheduled__2024-01-01T01:10:00+00:00 [queued]>
[2024-02-14T03:53:49.243+0000] {taskinstance.py:1956} INFO - Dependencies all met for dep_context=requeueable deps ti=<TaskInstance: deverlop_model.StartJob scheduled__2024-01-01T01:10:00+00:00 [queued]>
[2024-02-14T03:53:49.250+0000] {taskinstance.py:2170} INFO - Starting attempt 1 of 1
[2024-02-14T03:53:49.305+0000] {taskinstance.py:2191} INFO - Executing <Task(BashOperator): StartJob> on 2024-01-01 01:10:00+00:00
[2024-02-14T03:53:49.335+0000] {standard_task_runner.py:60} INFO - Started process 3448 to run task
[2024-02-14T03:53:49.395+0000] {standard_task_runner.py:87} INFO - Running: ['***', 'tasks', 'run', 'deverlop_model', 'StartJob', 'scheduled__2024-01-01T01:10:00+00:00', '--job-id', '435', '--raw', '--subdir', 'DAGS_FOLDER/task.py', '--cfg-path', '/tmp/tmpijduy0ra']
[2024-02-14T03:53:49.410+0000] {standard_task_runner.py:88} INFO - Job 435: Subtask StartJob
[2024-02-14T03:53:49.710+0000] {task_command.py:423} INFO - Running <TaskInstance: deverlop_model.StartJob scheduled__2024-01-01T01:10:00+00:00 [running]> on host 6e2ff7d2ffd0
[2024-02-14T03:53:50.013+0000] {taskinstance.py:2480} INFO - Exporting env vars: AIRFLOW_CTX_DAG_OWNER='rtn' AIRFLOW_CTX_DAG_ID='deverlop_model' AIRFLOW_CTX_TASK_ID='StartJob' AIRFLOW_CTX_EXECUTION_DATE='2024-01-01T01:10:00+00:00' AIRFLOW_CTX_TRY_NUMBER='1' AIRFLOW_CTX_DAG_RUN_ID='scheduled__2024-01-01T01:10:00+00:00'
[2024-02-14T03:53:50.135+0000] {subprocess.py:63} INFO - Tmp dir root location: /tmp
[2024-02-14T03:53:50.170+0000] {subprocess.py:75} INFO - Running command: ['/usr/bin/bash', '-c', "\n            echo StartJob && \n            if [ ! -e '/opt/***/dags/data/2024-02-14' ]; then\n                mkdir /opt/***/dags/data/2024-02-14 \n            fi && \n            if [ ! -e '/opt/***/dags/data/2024-02-14/data' ]; then\n                mkdir /opt/***/dags/data/2024-02-14/data\n            fi && \n            if [ ! -e '/opt/***/dags/data/2024-02-14/model' ]; then\n                mkdir /opt/***/dags/data/2024-02-14/model\n            fi\n        "]
[2024-02-14T03:53:50.303+0000] {subprocess.py:86} INFO - Output:
[2024-02-14T03:53:50.307+0000] {subprocess.py:93} INFO - StartJob
[2024-02-14T03:53:50.311+0000] {subprocess.py:97} INFO - Command exited with return code 0
[2024-02-14T03:53:50.418+0000] {taskinstance.py:1138} INFO - Marking task as SUCCESS. dag_id=deverlop_model, task_id=StartJob, execution_date=20240101T011000, start_date=20240214T035349, end_date=20240214T035350
[2024-02-14T03:53:50.479+0000] {local_task_job_runner.py:234} INFO - Task exited with return code 0
[2024-02-14T03:53:50.555+0000] {taskinstance.py:3280} INFO - 1 downstream tasks scheduled from follow-on schedule check
[2024-02-14T03:56:04.192+0000] {taskinstance.py:1956} INFO - Dependencies all met for dep_context=non-requeueable deps ti=<TaskInstance: deverlop_model.StartJob scheduled__2024-01-01T01:10:00+00:00 [queued]>
[2024-02-14T03:56:04.212+0000] {taskinstance.py:1956} INFO - Dependencies all met for dep_context=requeueable deps ti=<TaskInstance: deverlop_model.StartJob scheduled__2024-01-01T01:10:00+00:00 [queued]>
[2024-02-14T03:56:04.213+0000] {taskinstance.py:2170} INFO - Starting attempt 1 of 1
[2024-02-14T03:56:04.258+0000] {taskinstance.py:2191} INFO - Executing <Task(BashOperator): StartJob> on 2024-01-01 01:10:00+00:00
[2024-02-14T03:56:04.284+0000] {standard_task_runner.py:60} INFO - Started process 3593 to run task
[2024-02-14T03:56:04.364+0000] {standard_task_runner.py:87} INFO - Running: ['***', 'tasks', 'run', 'deverlop_model', 'StartJob', 'scheduled__2024-01-01T01:10:00+00:00', '--job-id', '468', '--raw', '--subdir', 'DAGS_FOLDER/task.py', '--cfg-path', '/tmp/tmpe4xn58tf']
[2024-02-14T03:56:04.388+0000] {standard_task_runner.py:88} INFO - Job 468: Subtask StartJob
[2024-02-14T03:56:05.112+0000] {task_command.py:423} INFO - Running <TaskInstance: deverlop_model.StartJob scheduled__2024-01-01T01:10:00+00:00 [running]> on host 6e2ff7d2ffd0
[2024-02-14T03:56:05.361+0000] {taskinstance.py:2480} INFO - Exporting env vars: AIRFLOW_CTX_DAG_OWNER='***' AIRFLOW_CTX_DAG_ID='deverlop_model' AIRFLOW_CTX_TASK_ID='StartJob' AIRFLOW_CTX_EXECUTION_DATE='2024-01-01T01:10:00+00:00' AIRFLOW_CTX_TRY_NUMBER='1' AIRFLOW_CTX_DAG_RUN_ID='scheduled__2024-01-01T01:10:00+00:00'
[2024-02-14T03:56:05.375+0000] {subprocess.py:63} INFO - Tmp dir root location: /tmp
[2024-02-14T03:56:05.382+0000] {subprocess.py:75} INFO - Running command: ['/usr/bin/bash', '-c', "\n            echo StartJob && \n            if [ ! -e '/opt/***/dags/data/2024-02-14' ]; then\n                mkdir /opt/***/dags/data/2024-02-14 \n            fi && \n            if [ ! -e '/opt/***/dags/data/2024-02-14/data' ]; then\n                mkdir /opt/***/dags/data/2024-02-14/data\n            fi && \n            if [ ! -e '/opt/***/dags/data/2024-02-14/model' ]; then\n                mkdir /opt/***/dags/data/2024-02-14/model\n            fi\n        "]
[2024-02-14T03:56:05.408+0000] {subprocess.py:86} INFO - Output:
[2024-02-14T03:56:05.413+0000] {subprocess.py:93} INFO - StartJob
[2024-02-14T03:56:05.416+0000] {subprocess.py:97} INFO - Command exited with return code 0
[2024-02-14T03:56:05.544+0000] {taskinstance.py:1138} INFO - Marking task as SUCCESS. dag_id=deverlop_model, task_id=StartJob, execution_date=20240101T011000, start_date=20240214T035604, end_date=20240214T035605
[2024-02-14T03:56:05.609+0000] {local_task_job_runner.py:234} INFO - Task exited with return code 0
[2024-02-14T03:56:05.642+0000] {taskinstance.py:3280} INFO - 1 downstream tasks scheduled from follow-on schedule check
