[2024-02-14T02:07:01.621+0000] {taskinstance.py:1956} INFO - Dependencies all met for dep_context=non-requeueable deps ti=<TaskInstance: deverlop_model.StartJob scheduled__2024-01-01T00:10:00+00:00 [queued]>
[2024-02-14T02:07:01.687+0000] {taskinstance.py:1956} INFO - Dependencies all met for dep_context=requeueable deps ti=<TaskInstance: deverlop_model.StartJob scheduled__2024-01-01T00:10:00+00:00 [queued]>
[2024-02-14T02:07:01.705+0000] {taskinstance.py:2170} INFO - Starting attempt 1 of 1
[2024-02-14T02:07:02.036+0000] {taskinstance.py:2191} INFO - Executing <Task(BashOperator): StartJob> on 2024-01-01 00:10:00+00:00
[2024-02-14T02:07:02.067+0000] {standard_task_runner.py:60} INFO - Started process 340 to run task
[2024-02-14T02:07:02.091+0000] {standard_task_runner.py:87} INFO - Running: ['***', 'tasks', 'run', 'deverlop_model', 'StartJob', 'scheduled__2024-01-01T00:10:00+00:00', '--job-id', '12', '--raw', '--subdir', 'DAGS_FOLDER/task.py', '--cfg-path', '/tmp/tmpamqn6k81']
[2024-02-14T02:07:02.111+0000] {standard_task_runner.py:88} INFO - Job 12: Subtask StartJob
[2024-02-14T02:07:02.513+0000] {task_command.py:423} INFO - Running <TaskInstance: deverlop_model.StartJob scheduled__2024-01-01T00:10:00+00:00 [running]> on host 6e2ff7d2ffd0
[2024-02-14T02:07:02.864+0000] {taskinstance.py:2480} INFO - Exporting env vars: AIRFLOW_CTX_DAG_OWNER='rtn' AIRFLOW_CTX_DAG_ID='deverlop_model' AIRFLOW_CTX_TASK_ID='StartJob' AIRFLOW_CTX_EXECUTION_DATE='2024-01-01T00:10:00+00:00' AIRFLOW_CTX_TRY_NUMBER='1' AIRFLOW_CTX_DAG_RUN_ID='scheduled__2024-01-01T00:10:00+00:00'
[2024-02-14T02:07:02.881+0000] {subprocess.py:63} INFO - Tmp dir root location: /tmp
[2024-02-14T02:07:02.897+0000] {subprocess.py:75} INFO - Running command: ['/usr/bin/bash', '-c', 'echo StartJob']
[2024-02-14T02:07:03.637+0000] {subprocess.py:86} INFO - Output:
[2024-02-14T02:07:03.638+0000] {subprocess.py:93} INFO - StartJob
[2024-02-14T02:07:03.640+0000] {subprocess.py:97} INFO - Command exited with return code 0
[2024-02-14T02:07:03.745+0000] {taskinstance.py:1138} INFO - Marking task as SUCCESS. dag_id=deverlop_model, task_id=StartJob, execution_date=20240101T001000, start_date=20240214T020701, end_date=20240214T020703
[2024-02-14T02:07:03.847+0000] {local_task_job_runner.py:234} INFO - Task exited with return code 0
[2024-02-14T02:07:04.157+0000] {taskinstance.py:3280} INFO - 1 downstream tasks scheduled from follow-on schedule check
[2024-02-14T03:53:44.588+0000] {taskinstance.py:1956} INFO - Dependencies all met for dep_context=non-requeueable deps ti=<TaskInstance: deverlop_model.StartJob scheduled__2024-01-01T00:10:00+00:00 [queued]>
[2024-02-14T03:53:44.657+0000] {taskinstance.py:1956} INFO - Dependencies all met for dep_context=requeueable deps ti=<TaskInstance: deverlop_model.StartJob scheduled__2024-01-01T00:10:00+00:00 [queued]>
[2024-02-14T03:53:44.659+0000] {taskinstance.py:2170} INFO - Starting attempt 1 of 1
[2024-02-14T03:53:44.713+0000] {taskinstance.py:2191} INFO - Executing <Task(BashOperator): StartJob> on 2024-01-01 00:10:00+00:00
[2024-02-14T03:53:44.727+0000] {standard_task_runner.py:60} INFO - Started process 3401 to run task
[2024-02-14T03:53:44.734+0000] {standard_task_runner.py:87} INFO - Running: ['***', 'tasks', 'run', 'deverlop_model', 'StartJob', 'scheduled__2024-01-01T00:10:00+00:00', '--job-id', '423', '--raw', '--subdir', 'DAGS_FOLDER/task.py', '--cfg-path', '/tmp/tmps7nicqei']
[2024-02-14T03:53:44.737+0000] {standard_task_runner.py:88} INFO - Job 423: Subtask StartJob
[2024-02-14T03:53:44.813+0000] {task_command.py:423} INFO - Running <TaskInstance: deverlop_model.StartJob scheduled__2024-01-01T00:10:00+00:00 [running]> on host 6e2ff7d2ffd0
[2024-02-14T03:53:45.058+0000] {taskinstance.py:2480} INFO - Exporting env vars: AIRFLOW_CTX_DAG_OWNER='rtn' AIRFLOW_CTX_DAG_ID='deverlop_model' AIRFLOW_CTX_TASK_ID='StartJob' AIRFLOW_CTX_EXECUTION_DATE='2024-01-01T00:10:00+00:00' AIRFLOW_CTX_TRY_NUMBER='1' AIRFLOW_CTX_DAG_RUN_ID='scheduled__2024-01-01T00:10:00+00:00'
[2024-02-14T03:53:45.076+0000] {subprocess.py:63} INFO - Tmp dir root location: /tmp
[2024-02-14T03:53:45.089+0000] {subprocess.py:75} INFO - Running command: ['/usr/bin/bash', '-c', "\n            echo StartJob && \n            if [ ! -e '/opt/***/dags/data/2024-02-14' ]; then\n                mkdir /opt/***/dags/data/2024-02-14 \n            fi && \n            if [ ! -e '/opt/***/dags/data/2024-02-14/data' ]; then\n                mkdir /opt/***/dags/data/2024-02-14/data\n            fi && \n            if [ ! -e '/opt/***/dags/data/2024-02-14/model' ]; then\n                mkdir /opt/***/dags/data/2024-02-14/model\n            fi\n        "]
[2024-02-14T03:53:45.157+0000] {subprocess.py:86} INFO - Output:
[2024-02-14T03:53:45.162+0000] {subprocess.py:93} INFO - StartJob
[2024-02-14T03:53:45.186+0000] {subprocess.py:97} INFO - Command exited with return code 0
[2024-02-14T03:53:45.271+0000] {taskinstance.py:1138} INFO - Marking task as SUCCESS. dag_id=deverlop_model, task_id=StartJob, execution_date=20240101T001000, start_date=20240214T035344, end_date=20240214T035345
[2024-02-14T03:53:45.567+0000] {local_task_job_runner.py:234} INFO - Task exited with return code 0
[2024-02-14T03:53:45.616+0000] {taskinstance.py:3280} INFO - 1 downstream tasks scheduled from follow-on schedule check
[2024-02-14T03:55:58.861+0000] {taskinstance.py:1956} INFO - Dependencies all met for dep_context=non-requeueable deps ti=<TaskInstance: deverlop_model.StartJob scheduled__2024-01-01T00:10:00+00:00 [queued]>
[2024-02-14T03:55:58.873+0000] {taskinstance.py:1956} INFO - Dependencies all met for dep_context=requeueable deps ti=<TaskInstance: deverlop_model.StartJob scheduled__2024-01-01T00:10:00+00:00 [queued]>
[2024-02-14T03:55:58.874+0000] {taskinstance.py:2170} INFO - Starting attempt 1 of 1
[2024-02-14T03:55:58.899+0000] {taskinstance.py:2191} INFO - Executing <Task(BashOperator): StartJob> on 2024-01-01 00:10:00+00:00
[2024-02-14T03:55:58.911+0000] {standard_task_runner.py:60} INFO - Started process 3514 to run task
[2024-02-14T03:55:58.918+0000] {standard_task_runner.py:87} INFO - Running: ['***', 'tasks', 'run', 'deverlop_model', 'StartJob', 'scheduled__2024-01-01T00:10:00+00:00', '--job-id', '446', '--raw', '--subdir', 'DAGS_FOLDER/task.py', '--cfg-path', '/tmp/tmph7g_1mss']
[2024-02-14T03:55:58.929+0000] {standard_task_runner.py:88} INFO - Job 446: Subtask StartJob
[2024-02-14T03:55:59.034+0000] {task_command.py:423} INFO - Running <TaskInstance: deverlop_model.StartJob scheduled__2024-01-01T00:10:00+00:00 [running]> on host 6e2ff7d2ffd0
[2024-02-14T03:55:59.218+0000] {taskinstance.py:2480} INFO - Exporting env vars: AIRFLOW_CTX_DAG_OWNER='***' AIRFLOW_CTX_DAG_ID='deverlop_model' AIRFLOW_CTX_TASK_ID='StartJob' AIRFLOW_CTX_EXECUTION_DATE='2024-01-01T00:10:00+00:00' AIRFLOW_CTX_TRY_NUMBER='1' AIRFLOW_CTX_DAG_RUN_ID='scheduled__2024-01-01T00:10:00+00:00'
[2024-02-14T03:55:59.223+0000] {subprocess.py:63} INFO - Tmp dir root location: /tmp
[2024-02-14T03:55:59.227+0000] {subprocess.py:75} INFO - Running command: ['/usr/bin/bash', '-c', "\n            echo StartJob && \n            if [ ! -e '/opt/***/dags/data/2024-02-14' ]; then\n                mkdir /opt/***/dags/data/2024-02-14 \n            fi && \n            if [ ! -e '/opt/***/dags/data/2024-02-14/data' ]; then\n                mkdir /opt/***/dags/data/2024-02-14/data\n            fi && \n            if [ ! -e '/opt/***/dags/data/2024-02-14/model' ]; then\n                mkdir /opt/***/dags/data/2024-02-14/model\n            fi\n        "]
[2024-02-14T03:55:59.264+0000] {subprocess.py:86} INFO - Output:
[2024-02-14T03:55:59.268+0000] {subprocess.py:93} INFO - StartJob
[2024-02-14T03:55:59.290+0000] {subprocess.py:97} INFO - Command exited with return code 0
[2024-02-14T03:55:59.386+0000] {taskinstance.py:1138} INFO - Marking task as SUCCESS. dag_id=deverlop_model, task_id=StartJob, execution_date=20240101T001000, start_date=20240214T035558, end_date=20240214T035559
[2024-02-14T03:55:59.438+0000] {local_task_job_runner.py:234} INFO - Task exited with return code 0
[2024-02-14T03:55:59.652+0000] {taskinstance.py:3280} INFO - 0 downstream tasks scheduled from follow-on schedule check
[2024-02-14T04:00:38.900+0000] {taskinstance.py:1956} INFO - Dependencies all met for dep_context=non-requeueable deps ti=<TaskInstance: deverlop_model.StartJob scheduled__2024-01-01T00:10:00+00:00 [queued]>
[2024-02-14T04:00:38.913+0000] {taskinstance.py:1956} INFO - Dependencies all met for dep_context=requeueable deps ti=<TaskInstance: deverlop_model.StartJob scheduled__2024-01-01T00:10:00+00:00 [queued]>
[2024-02-14T04:00:38.914+0000] {taskinstance.py:2170} INFO - Starting attempt 1 of 1
[2024-02-14T04:00:38.936+0000] {taskinstance.py:2191} INFO - Executing <Task(BashOperator): StartJob> on 2024-01-01 00:10:00+00:00
[2024-02-14T04:00:38.949+0000] {standard_task_runner.py:60} INFO - Started process 3813 to run task
[2024-02-14T04:00:38.954+0000] {standard_task_runner.py:87} INFO - Running: ['***', 'tasks', 'run', 'deverlop_model', 'StartJob', 'scheduled__2024-01-01T00:10:00+00:00', '--job-id', '511', '--raw', '--subdir', 'DAGS_FOLDER/task.py', '--cfg-path', '/tmp/tmp5lj7a8ko']
[2024-02-14T04:00:38.959+0000] {standard_task_runner.py:88} INFO - Job 511: Subtask StartJob
[2024-02-14T04:00:39.042+0000] {task_command.py:423} INFO - Running <TaskInstance: deverlop_model.StartJob scheduled__2024-01-01T00:10:00+00:00 [running]> on host 6e2ff7d2ffd0
[2024-02-14T04:00:39.174+0000] {taskinstance.py:2480} INFO - Exporting env vars: AIRFLOW_CTX_DAG_OWNER='***' AIRFLOW_CTX_DAG_ID='deverlop_model' AIRFLOW_CTX_TASK_ID='StartJob' AIRFLOW_CTX_EXECUTION_DATE='2024-01-01T00:10:00+00:00' AIRFLOW_CTX_TRY_NUMBER='1' AIRFLOW_CTX_DAG_RUN_ID='scheduled__2024-01-01T00:10:00+00:00'
[2024-02-14T04:00:39.179+0000] {subprocess.py:63} INFO - Tmp dir root location: /tmp
[2024-02-14T04:00:39.183+0000] {subprocess.py:75} INFO - Running command: ['/usr/bin/bash', '-c', "\n            echo StartJob && \n            if [ ! -e '/opt/***/dags/data/2024-02-14' ]; then\n                mkdir /opt/***/dags/data/2024-02-14 \n            fi && \n            if [ ! -e '/opt/***/dags/data/2024-02-14/data' ]; then\n                mkdir /opt/***/dags/data/2024-02-14/data\n            fi && \n            if [ ! -e '/opt/***/dags/data/2024-02-14/model' ]; then\n                mkdir /opt/***/dags/data/2024-02-14/model\n            fi\n        "]
[2024-02-14T04:00:39.208+0000] {subprocess.py:86} INFO - Output:
[2024-02-14T04:00:39.211+0000] {subprocess.py:93} INFO - StartJob
[2024-02-14T04:00:39.219+0000] {subprocess.py:97} INFO - Command exited with return code 0
[2024-02-14T04:00:39.255+0000] {taskinstance.py:1138} INFO - Marking task as SUCCESS. dag_id=deverlop_model, task_id=StartJob, execution_date=20240101T001000, start_date=20240214T040038, end_date=20240214T040039
[2024-02-14T04:00:39.292+0000] {local_task_job_runner.py:234} INFO - Task exited with return code 0
[2024-02-14T04:00:39.326+0000] {taskinstance.py:3280} INFO - 1 downstream tasks scheduled from follow-on schedule check
