[2024-02-14T03:32:55.365+0000] {taskinstance.py:1956} INFO - Dependencies all met for dep_context=non-requeueable deps ti=<TaskInstance: deverlop_model.StartJob scheduled__2024-02-01T01:15:00+00:00 [queued]>
[2024-02-14T03:32:55.387+0000] {taskinstance.py:1956} INFO - Dependencies all met for dep_context=requeueable deps ti=<TaskInstance: deverlop_model.StartJob scheduled__2024-02-01T01:15:00+00:00 [queued]>
[2024-02-14T03:32:55.389+0000] {taskinstance.py:2170} INFO - Starting attempt 1 of 1
[2024-02-14T03:32:55.431+0000] {taskinstance.py:2191} INFO - Executing <Task(BashOperator): StartJob> on 2024-02-01 01:15:00+00:00
[2024-02-14T03:32:55.453+0000] {standard_task_runner.py:60} INFO - Started process 2360 to run task
[2024-02-14T03:32:55.458+0000] {standard_task_runner.py:87} INFO - Running: ['***', 'tasks', 'run', 'deverlop_model', 'StartJob', 'scheduled__2024-02-01T01:15:00+00:00', '--job-id', '216', '--raw', '--subdir', 'DAGS_FOLDER/task.py', '--cfg-path', '/tmp/tmp4_tzm1lu']
[2024-02-14T03:32:55.466+0000] {standard_task_runner.py:88} INFO - Job 216: Subtask StartJob
[2024-02-14T03:32:55.607+0000] {task_command.py:423} INFO - Running <TaskInstance: deverlop_model.StartJob scheduled__2024-02-01T01:15:00+00:00 [running]> on host 6e2ff7d2ffd0
[2024-02-14T03:32:55.765+0000] {taskinstance.py:2480} INFO - Exporting env vars: AIRFLOW_CTX_DAG_OWNER='rtn' AIRFLOW_CTX_DAG_ID='deverlop_model' AIRFLOW_CTX_TASK_ID='StartJob' AIRFLOW_CTX_EXECUTION_DATE='2024-02-01T01:15:00+00:00' AIRFLOW_CTX_TRY_NUMBER='1' AIRFLOW_CTX_DAG_RUN_ID='scheduled__2024-02-01T01:15:00+00:00'
[2024-02-14T03:32:55.769+0000] {subprocess.py:63} INFO - Tmp dir root location: /tmp
[2024-02-14T03:32:55.773+0000] {subprocess.py:75} INFO - Running command: ['/usr/bin/bash', '-c', "\n            echo StartJob && \n            if [ ! -e '/opt/***/dags/data/2024-02-14' ]; then\n                mkdir /opt/***/dags/data/2024-02-14 \n            fi && \n            if [ ! -e '/opt/***/dags/data/2024-02-14/data' ]; then\n                mkdir /opt/***/dags/data/2024-02-14/data\n            fi && \n            if [ ! -e '/opt/***/dags/data/2024-02-14/model' ]; then\n                mkdir /opt/***/dags/data/2024-02-14/model\n            fi\n        "]
[2024-02-14T03:32:55.805+0000] {subprocess.py:86} INFO - Output:
[2024-02-14T03:32:55.808+0000] {subprocess.py:93} INFO - StartJob
[2024-02-14T03:32:55.811+0000] {subprocess.py:97} INFO - Command exited with return code 0
[2024-02-14T03:32:55.865+0000] {taskinstance.py:1138} INFO - Marking task as SUCCESS. dag_id=deverlop_model, task_id=StartJob, execution_date=20240201T011500, start_date=20240214T033255, end_date=20240214T033255
[2024-02-14T03:32:55.915+0000] {local_task_job_runner.py:234} INFO - Task exited with return code 0
[2024-02-14T03:32:55.963+0000] {taskinstance.py:3280} INFO - 1 downstream tasks scheduled from follow-on schedule check
[2024-02-14T03:34:28.267+0000] {taskinstance.py:1956} INFO - Dependencies all met for dep_context=non-requeueable deps ti=<TaskInstance: deverlop_model.StartJob scheduled__2024-02-01T01:15:00+00:00 [queued]>
[2024-02-14T03:34:28.288+0000] {taskinstance.py:1956} INFO - Dependencies all met for dep_context=requeueable deps ti=<TaskInstance: deverlop_model.StartJob scheduled__2024-02-01T01:15:00+00:00 [queued]>
[2024-02-14T03:34:28.289+0000] {taskinstance.py:2170} INFO - Starting attempt 1 of 1
[2024-02-14T03:34:28.335+0000] {taskinstance.py:2191} INFO - Executing <Task(BashOperator): StartJob> on 2024-02-01 01:15:00+00:00
[2024-02-14T03:34:28.368+0000] {standard_task_runner.py:60} INFO - Started process 2495 to run task
[2024-02-14T03:34:28.373+0000] {standard_task_runner.py:87} INFO - Running: ['***', 'tasks', 'run', 'deverlop_model', 'StartJob', 'scheduled__2024-02-01T01:15:00+00:00', '--job-id', '248', '--raw', '--subdir', 'DAGS_FOLDER/task.py', '--cfg-path', '/tmp/tmpx9pkc6cj']
[2024-02-14T03:34:28.414+0000] {standard_task_runner.py:88} INFO - Job 248: Subtask StartJob
[2024-02-14T03:34:28.556+0000] {task_command.py:423} INFO - Running <TaskInstance: deverlop_model.StartJob scheduled__2024-02-01T01:15:00+00:00 [running]> on host 6e2ff7d2ffd0
[2024-02-14T03:34:28.745+0000] {taskinstance.py:2480} INFO - Exporting env vars: AIRFLOW_CTX_DAG_OWNER='rtn' AIRFLOW_CTX_DAG_ID='deverlop_model' AIRFLOW_CTX_TASK_ID='StartJob' AIRFLOW_CTX_EXECUTION_DATE='2024-02-01T01:15:00+00:00' AIRFLOW_CTX_TRY_NUMBER='1' AIRFLOW_CTX_DAG_RUN_ID='scheduled__2024-02-01T01:15:00+00:00'
[2024-02-14T03:34:28.749+0000] {subprocess.py:63} INFO - Tmp dir root location: /tmp
[2024-02-14T03:34:28.756+0000] {subprocess.py:75} INFO - Running command: ['/usr/bin/bash', '-c', "\n            echo StartJob && \n            if [ ! -e '/opt/***/dags/data/2024-02-14' ]; then\n                mkdir /opt/***/dags/data/2024-02-14 \n            fi && \n            if [ ! -e '/opt/***/dags/data/2024-02-14/data' ]; then\n                mkdir /opt/***/dags/data/2024-02-14/data\n            fi && \n            if [ ! -e '/opt/***/dags/data/2024-02-14/model' ]; then\n                mkdir /opt/***/dags/data/2024-02-14/model\n            fi\n        "]
[2024-02-14T03:34:28.797+0000] {subprocess.py:86} INFO - Output:
[2024-02-14T03:34:28.799+0000] {subprocess.py:93} INFO - StartJob
[2024-02-14T03:34:28.803+0000] {subprocess.py:97} INFO - Command exited with return code 0
[2024-02-14T03:34:28.846+0000] {taskinstance.py:1138} INFO - Marking task as SUCCESS. dag_id=deverlop_model, task_id=StartJob, execution_date=20240201T011500, start_date=20240214T033428, end_date=20240214T033428
[2024-02-14T03:34:28.917+0000] {local_task_job_runner.py:234} INFO - Task exited with return code 0
[2024-02-14T03:34:28.946+0000] {taskinstance.py:3280} INFO - 1 downstream tasks scheduled from follow-on schedule check
[2024-02-14T03:38:03.915+0000] {taskinstance.py:1956} INFO - Dependencies all met for dep_context=non-requeueable deps ti=<TaskInstance: deverlop_model.StartJob scheduled__2024-02-01T01:15:00+00:00 [queued]>
[2024-02-14T03:38:03.956+0000] {taskinstance.py:1956} INFO - Dependencies all met for dep_context=requeueable deps ti=<TaskInstance: deverlop_model.StartJob scheduled__2024-02-01T01:15:00+00:00 [queued]>
[2024-02-14T03:38:03.963+0000] {taskinstance.py:2170} INFO - Starting attempt 1 of 1
[2024-02-14T03:38:04.070+0000] {taskinstance.py:2191} INFO - Executing <Task(BashOperator): StartJob> on 2024-02-01 01:15:00+00:00
[2024-02-14T03:38:04.085+0000] {standard_task_runner.py:60} INFO - Started process 2820 to run task
[2024-02-14T03:38:04.092+0000] {standard_task_runner.py:87} INFO - Running: ['***', 'tasks', 'run', 'deverlop_model', 'StartJob', 'scheduled__2024-02-01T01:15:00+00:00', '--job-id', '325', '--raw', '--subdir', 'DAGS_FOLDER/task.py', '--cfg-path', '/tmp/tmp8g2uo5t9']
[2024-02-14T03:38:04.104+0000] {standard_task_runner.py:88} INFO - Job 325: Subtask StartJob
[2024-02-14T03:38:04.279+0000] {task_command.py:423} INFO - Running <TaskInstance: deverlop_model.StartJob scheduled__2024-02-01T01:15:00+00:00 [running]> on host 6e2ff7d2ffd0
[2024-02-14T03:38:04.478+0000] {taskinstance.py:2480} INFO - Exporting env vars: AIRFLOW_CTX_DAG_OWNER='rtn' AIRFLOW_CTX_DAG_ID='deverlop_model' AIRFLOW_CTX_TASK_ID='StartJob' AIRFLOW_CTX_EXECUTION_DATE='2024-02-01T01:15:00+00:00' AIRFLOW_CTX_TRY_NUMBER='1' AIRFLOW_CTX_DAG_RUN_ID='scheduled__2024-02-01T01:15:00+00:00'
[2024-02-14T03:38:04.482+0000] {subprocess.py:63} INFO - Tmp dir root location: /tmp
[2024-02-14T03:38:04.487+0000] {subprocess.py:75} INFO - Running command: ['/usr/bin/bash', '-c', "\n            echo StartJob && \n            if [ ! -e '/opt/***/dags/data/2024-02-14' ]; then\n                mkdir /opt/***/dags/data/2024-02-14 \n            fi && \n            if [ ! -e '/opt/***/dags/data/2024-02-14/data' ]; then\n                mkdir /opt/***/dags/data/2024-02-14/data\n            fi && \n            if [ ! -e '/opt/***/dags/data/2024-02-14/model' ]; then\n                mkdir /opt/***/dags/data/2024-02-14/model\n            fi\n        "]
[2024-02-14T03:38:04.516+0000] {subprocess.py:86} INFO - Output:
[2024-02-14T03:38:04.517+0000] {subprocess.py:93} INFO - StartJob
[2024-02-14T03:38:04.521+0000] {subprocess.py:97} INFO - Command exited with return code 0
[2024-02-14T03:38:04.572+0000] {taskinstance.py:1138} INFO - Marking task as SUCCESS. dag_id=deverlop_model, task_id=StartJob, execution_date=20240201T011500, start_date=20240214T033803, end_date=20240214T033804
[2024-02-14T03:38:04.651+0000] {local_task_job_runner.py:234} INFO - Task exited with return code 0
[2024-02-14T03:38:04.694+0000] {taskinstance.py:3280} INFO - 1 downstream tasks scheduled from follow-on schedule check
[2024-02-14T03:39:29.795+0000] {taskinstance.py:1956} INFO - Dependencies all met for dep_context=non-requeueable deps ti=<TaskInstance: deverlop_model.StartJob scheduled__2024-02-01T01:15:00+00:00 [queued]>
[2024-02-14T03:39:29.807+0000] {taskinstance.py:1956} INFO - Dependencies all met for dep_context=requeueable deps ti=<TaskInstance: deverlop_model.StartJob scheduled__2024-02-01T01:15:00+00:00 [queued]>
[2024-02-14T03:39:29.808+0000] {taskinstance.py:2170} INFO - Starting attempt 1 of 1
[2024-02-14T03:39:29.830+0000] {taskinstance.py:2191} INFO - Executing <Task(BashOperator): StartJob> on 2024-02-01 01:15:00+00:00
[2024-02-14T03:39:29.843+0000] {standard_task_runner.py:60} INFO - Started process 3028 to run task
[2024-02-14T03:39:29.850+0000] {standard_task_runner.py:87} INFO - Running: ['***', 'tasks', 'run', 'deverlop_model', 'StartJob', 'scheduled__2024-02-01T01:15:00+00:00', '--job-id', '381', '--raw', '--subdir', 'DAGS_FOLDER/task.py', '--cfg-path', '/tmp/tmpzye55r1l']
[2024-02-14T03:39:29.854+0000] {standard_task_runner.py:88} INFO - Job 381: Subtask StartJob
[2024-02-14T03:39:29.915+0000] {task_command.py:423} INFO - Running <TaskInstance: deverlop_model.StartJob scheduled__2024-02-01T01:15:00+00:00 [running]> on host 6e2ff7d2ffd0
[2024-02-14T03:39:30.019+0000] {taskinstance.py:2480} INFO - Exporting env vars: AIRFLOW_CTX_DAG_OWNER='rtn' AIRFLOW_CTX_DAG_ID='deverlop_model' AIRFLOW_CTX_TASK_ID='StartJob' AIRFLOW_CTX_EXECUTION_DATE='2024-02-01T01:15:00+00:00' AIRFLOW_CTX_TRY_NUMBER='1' AIRFLOW_CTX_DAG_RUN_ID='scheduled__2024-02-01T01:15:00+00:00'
[2024-02-14T03:39:30.022+0000] {subprocess.py:63} INFO - Tmp dir root location: /tmp
[2024-02-14T03:39:30.024+0000] {subprocess.py:75} INFO - Running command: ['/usr/bin/bash', '-c', "\n            echo StartJob && \n            if [ ! -e '/opt/***/dags/data/2024-02-14' ]; then\n                mkdir /opt/***/dags/data/2024-02-14 \n            fi && \n            if [ ! -e '/opt/***/dags/data/2024-02-14/data' ]; then\n                mkdir /opt/***/dags/data/2024-02-14/data\n            fi && \n            if [ ! -e '/opt/***/dags/data/2024-02-14/model' ]; then\n                mkdir /opt/***/dags/data/2024-02-14/model\n            fi\n        "]
[2024-02-14T03:39:30.046+0000] {subprocess.py:86} INFO - Output:
[2024-02-14T03:39:30.048+0000] {subprocess.py:93} INFO - StartJob
[2024-02-14T03:39:30.050+0000] {subprocess.py:97} INFO - Command exited with return code 0
[2024-02-14T03:39:30.081+0000] {taskinstance.py:1138} INFO - Marking task as SUCCESS. dag_id=deverlop_model, task_id=StartJob, execution_date=20240201T011500, start_date=20240214T033929, end_date=20240214T033930
[2024-02-14T03:39:30.107+0000] {local_task_job_runner.py:234} INFO - Task exited with return code 0
[2024-02-14T03:39:30.160+0000] {taskinstance.py:3280} INFO - 1 downstream tasks scheduled from follow-on schedule check
