[2024-02-13T06:30:39.657+0000] {taskinstance.py:1956} INFO - Dependencies all met for dep_context=non-requeueable deps ti=<TaskInstance: deverlop_model.data_sets manual__2024-02-13T06:30:36.351627+00:00 [queued]>
[2024-02-13T06:30:39.666+0000] {taskinstance.py:1956} INFO - Dependencies all met for dep_context=requeueable deps ti=<TaskInstance: deverlop_model.data_sets manual__2024-02-13T06:30:36.351627+00:00 [queued]>
[2024-02-13T06:30:39.667+0000] {taskinstance.py:2170} INFO - Starting attempt 1 of 1
[2024-02-13T06:30:39.678+0000] {taskinstance.py:2191} INFO - Executing <Task(DockerOperator): data_sets> on 2024-02-13 06:30:36.351627+00:00
[2024-02-13T06:30:39.687+0000] {standard_task_runner.py:60} INFO - Started process 74 to run task
[2024-02-13T06:30:39.690+0000] {standard_task_runner.py:87} INFO - Running: ['***', 'tasks', 'run', 'deverlop_model', 'data_sets', 'manual__2024-02-13T06:30:36.351627+00:00', '--job-id', '3', '--raw', '--subdir', 'DAGS_FOLDER/task.py', '--cfg-path', '/tmp/tmpchl1if4m']
[2024-02-13T06:30:39.694+0000] {standard_task_runner.py:88} INFO - Job 3: Subtask data_sets
[2024-02-13T06:30:39.755+0000] {task_command.py:423} INFO - Running <TaskInstance: deverlop_model.data_sets manual__2024-02-13T06:30:36.351627+00:00 [running]> on host c77919780a82
[2024-02-13T06:30:39.854+0000] {taskinstance.py:2480} INFO - Exporting env vars: AIRFLOW_CTX_DAG_OWNER='rtn' AIRFLOW_CTX_DAG_ID='deverlop_model' AIRFLOW_CTX_TASK_ID='data_sets' AIRFLOW_CTX_EXECUTION_DATE='2024-02-13T06:30:36.351627+00:00' AIRFLOW_CTX_TRY_NUMBER='1' AIRFLOW_CTX_DAG_RUN_ID='manual__2024-02-13T06:30:36.351627+00:00'
[2024-02-13T06:30:39.882+0000] {docker.py:486} INFO - Pulling docker image python:3.8
[2024-02-13T06:30:43.467+0000] {docker.py:500} INFO - 3.8: Pulling from library/python
[2024-02-13T06:30:44.272+0000] {docker.py:500} INFO - 6a299ae9cfd9: Pulling fs layer
[2024-02-13T06:30:44.273+0000] {docker.py:500} INFO - e08e8703b2fb: Pulling fs layer
[2024-02-13T06:30:44.274+0000] {docker.py:500} INFO - 68e92d11b04e: Pulling fs layer
[2024-02-13T06:30:44.275+0000] {docker.py:500} INFO - 5b9fe7fef9be: Pulling fs layer
[2024-02-13T06:30:44.275+0000] {docker.py:500} INFO - 09864a904dd0: Pulling fs layer
[2024-02-13T06:30:44.277+0000] {docker.py:500} INFO - a1422769d5be: Pulling fs layer
[2024-02-13T06:30:44.278+0000] {docker.py:500} INFO - fad1ae7101cd: Pulling fs layer
[2024-02-13T06:30:44.278+0000] {docker.py:500} INFO - 96467e04897d: Pulling fs layer
[2024-02-13T06:30:44.279+0000] {docker.py:500} INFO - 5b9fe7fef9be: Waiting
[2024-02-13T06:30:44.279+0000] {docker.py:500} INFO - 09864a904dd0: Waiting
[2024-02-13T06:30:44.280+0000] {docker.py:500} INFO - a1422769d5be: Waiting
[2024-02-13T06:30:44.280+0000] {docker.py:500} INFO - fad1ae7101cd: Waiting
[2024-02-13T06:30:44.281+0000] {docker.py:500} INFO - 96467e04897d: Waiting
[2024-02-13T06:30:45.150+0000] {docker.py:500} INFO - e08e8703b2fb: Downloading
[2024-02-13T06:30:45.480+0000] {docker.py:500} INFO - 6a299ae9cfd9: Downloading
[2024-02-13T06:30:45.488+0000] {docker.py:500} INFO - 68e92d11b04e: Downloading
[2024-02-13T06:30:46.238+0000] {docker.py:500} INFO - e08e8703b2fb: Verifying Checksum
[2024-02-13T06:30:46.239+0000] {docker.py:500} INFO - e08e8703b2fb: Download complete
[2024-02-13T06:30:47.618+0000] {docker.py:500} INFO - 5b9fe7fef9be: Downloading
[2024-02-13T06:30:50.167+0000] {docker.py:500} INFO - 68e92d11b04e: Verifying Checksum
[2024-02-13T06:30:50.168+0000] {docker.py:500} INFO - 68e92d11b04e: Download complete
[2024-02-13T06:30:51.213+0000] {docker.py:500} INFO - 09864a904dd0: Downloading
[2024-02-13T06:30:51.247+0000] {docker.py:500} INFO - 6a299ae9cfd9: Verifying Checksum
[2024-02-13T06:30:51.248+0000] {docker.py:500} INFO - 6a299ae9cfd9: Download complete
[2024-02-13T06:30:51.322+0000] {docker.py:500} INFO - 6a299ae9cfd9: Extracting
[2024-02-13T06:30:51.535+0000] {docker.py:500} INFO - 09864a904dd0: Verifying Checksum
[2024-02-13T06:30:51.536+0000] {docker.py:500} INFO - 09864a904dd0: Download complete
[2024-02-13T06:30:52.386+0000] {docker.py:500} INFO - a1422769d5be: Downloading
[2024-02-13T06:30:52.615+0000] {docker.py:500} INFO - fad1ae7101cd: Downloading
[2024-02-13T06:30:52.617+0000] {docker.py:500} INFO - fad1ae7101cd: Download complete
[2024-02-13T06:30:53.682+0000] {docker.py:500} INFO - a1422769d5be: Verifying Checksum
[2024-02-13T06:30:53.684+0000] {docker.py:500} INFO - a1422769d5be: Download complete
[2024-02-13T06:30:53.870+0000] {docker.py:500} INFO - 96467e04897d: Downloading
[2024-02-13T06:30:54.391+0000] {docker.py:500} INFO - 6a299ae9cfd9: Pull complete
[2024-02-13T06:30:54.458+0000] {docker.py:500} INFO - e08e8703b2fb: Extracting
[2024-02-13T06:30:54.493+0000] {docker.py:500} INFO - 96467e04897d: Verifying Checksum
[2024-02-13T06:30:54.494+0000] {docker.py:500} INFO - 96467e04897d: Download complete
[2024-02-13T06:30:55.357+0000] {docker.py:500} INFO - e08e8703b2fb: Pull complete
[2024-02-13T06:30:55.389+0000] {docker.py:500} INFO - 68e92d11b04e: Extracting
[2024-02-13T06:30:58.107+0000] {docker.py:500} INFO - 5b9fe7fef9be: Verifying Checksum
[2024-02-13T06:30:58.108+0000] {docker.py:500} INFO - 5b9fe7fef9be: Download complete
[2024-02-13T06:30:59.334+0000] {docker.py:500} INFO - 68e92d11b04e: Pull complete
[2024-02-13T06:30:59.422+0000] {docker.py:500} INFO - 5b9fe7fef9be: Extracting
[2024-02-13T06:31:07.313+0000] {docker.py:500} INFO - 5b9fe7fef9be: Pull complete
[2024-02-13T06:31:07.319+0000] {docker.py:500} INFO - 09864a904dd0: Extracting
[2024-02-13T06:31:07.650+0000] {docker.py:500} INFO - 09864a904dd0: Pull complete
[2024-02-13T06:31:07.666+0000] {docker.py:500} INFO - a1422769d5be: Extracting
[2024-02-13T06:31:08.218+0000] {docker.py:500} INFO - a1422769d5be: Pull complete
[2024-02-13T06:31:08.224+0000] {docker.py:500} INFO - fad1ae7101cd: Extracting
[2024-02-13T06:31:08.246+0000] {docker.py:500} INFO - fad1ae7101cd: Pull complete
[2024-02-13T06:31:08.252+0000] {docker.py:500} INFO - 96467e04897d: Extracting
[2024-02-13T06:31:08.521+0000] {docker.py:500} INFO - 96467e04897d: Pull complete
[2024-02-13T06:31:08.536+0000] {docker.py:495} INFO - Digest: sha256:afc3b723caef31e03dfa343e8bcdeee8ad4fd11e2672eb3365e5fd59fafa3c09
[2024-02-13T06:31:08.540+0000] {docker.py:495} INFO - Status: Downloaded newer image for python:3.8
[2024-02-13T06:31:08.543+0000] {docker.py:359} INFO - Starting docker container from image python:3.8
[2024-02-13T06:31:10.992+0000] {docker.py:429} INFO - WARNING: Running pip as the 'root' user can result in broken permissions and conflicting behaviour with the system package manager. It is recommended to use a virtual environment instead: https://pip.pypa.io/warnings/venv
[2024-02-13T06:31:11.242+0000] {docker.py:429} INFO - [notice] A new release of pip is available: 23.0.1 -> 24.0
[notice] To update, run: pip install --upgrade pip
[2024-02-13T06:31:16.347+0000] {docker.py:429} INFO - READ DATA :  HELLO WORLD  timestamp :  2024-02-13 06:31:16.343917
[2024-02-13T06:31:16.743+0000] {taskinstance.py:1138} INFO - Marking task as SUCCESS. dag_id=deverlop_model, task_id=data_sets, execution_date=20240213T063036, start_date=20240213T063039, end_date=20240213T063116
[2024-02-13T06:31:16.763+0000] {local_task_job_runner.py:234} INFO - Task exited with return code 0
[2024-02-13T06:31:16.780+0000] {taskinstance.py:3280} INFO - 1 downstream tasks scheduled from follow-on schedule check
